50
1 11 2 11
2 11 3 11
3 11 3 10
5 13 6 13
6 13 7 13
7 13 8 13
8 13 9 13
9 13 10 13
6 14 7 14
7 14 8 14
8 14 8 13
7 10 6 10
6 10 5 10
5 10 4 10
4 10 4 9
7 11 8 11
8 11 9 11
9 11 9 12
8 7 8 6
8 6 8 5
8 5 8 4
8 4 8 3
8 3 8 2
8 8 8 7
8 7 8 6
8 6 8 5
8 5 8 4
9 16 9 15
9 15 9 14
10 3 9 3
11 3 10 3
9 3 8 3
8 3 7 3
10 3 9 3
14 20 15 20
15 20 16 20
16 20 17 20
17 20 18 20
18 20 19 20
19 20 19 19
19 19 19 18
18 13 19 13
19 13 19 14
19 14 19 15
19 15 19 16
18 16 18 17
20 13 20 14
20 14 20 15
20 15 20 16
20 16 20 17
