27
12 46 177 296 46 229 296 282 229 27 282 56 27 159 56 102 159 121 102 131 121 1 131 177 1
12 263 291 210 263 164 210 93 164 253 93 75 253 163 75 4 163 140 4 187 140 1 187 291 1
12 57 112 147 57 178 147 122 178 84 122 65 84 47 65 292 47 79 292 103 79 1 103 112 1
12 104 141 240 104 225 240 230 225 281 230 293 281 239 293 168 239 22 168 76 22 1 76 141 1
12 58 116 182 58 191 182 161 191 286 161 234 286 66 234 37 66 188 37 215 188 1 215 116 1
12 231 148 6 231 157 6 67 157 250 67 142 250 118 142 158 118 117 158 38 117 1 38 148 1
12 59 265 132 59 80 132 111 80 196 111 39 196 264 39 211 264 23 211 206 23 2 206 265 2
12 176 236 244 176 60 244 48 60 150 48 297 150 189 297 74 189 68 74 249 68 2 249 236 2
12 183 28 106 183 123 106 45 123 41 45 49 41 105 49 216 105 40 216 51 40 2 51 28 2
12 110 18 198 110 70 198 94 70 107 94 82 107 9 82 81 9 69 81 143 69 2 143 18 2
12 212 186 126 212 43 126 61 43 205 61 167 205 115 167 42 115 73 42 151 73 2 151 186 2
12 280 85 156 280 95 156 192 95 255 192 232 255 127 232 254 127 175 254 19 175 2 19 85 2
12 30 241 109 30 10 109 193 10 29 193 108 29 144 108 217 144 279 217 199 279 2 199 241 2
12 257 162 226 257 72 226 86 72 256 86 266 256 181 266 285 181 114 285 78 114 2 78 162 2
12 120 101 194 120 52 194 24 52 17 24 294 17 92 294 62 92 200 62 128 200 2 128 101 2
12 155 245 173 155 258 173 134 258 174 134 228 174 133 228 16 133 145 16 213 145 2 213 245 2
12 224 11 91 224 87 91 218 87 100 218 7 100 36 7 201 36 278 201 64 278 2 64 11 2
12 15 223 227 15 88 227 277 88 259 277 209 259 251 209 288 251 146 288 214 146 2 214 223 2
12 129 284 99 129 180 99 149 180 35 149 31 35 89 31 298 89 237 298 172 237 2 172 284 2
12 139 268 12 139 14 12 222 14 267 222 260 267 8 260 53 8 113 53 299 113 2 299 268 2
12 83 77 32 83 119 32 25 119 300 25 185 300 130 185 5 130 204 5 90 204 2 90 77 2
12 261 295 137 261 13 137 208 13 138 208 290 138 184 290 269 184 26 269 171 26 2 171 295 2
12 179 34 154 179 283 154 98 283 50 98 262 50 270 262 233 270 21 233 170 21 2 170 34 2
12 166 242 190 166 33 190 276 33 246 276 97 246 136 97 195 136 63 195 207 63 2 207 242 2
12 44 221 96 44 289 96 271 289 202 271 165 202 219 165 55 219 275 55 247 275 3 247 221 3
12 135 124 125 135 273 125 20 273 248 20 54 248 287 54 220 287 71 220 153 71 3 153 124 3
5 203 152 243 203 169 243 3 169 152 3
