19
27 156 15 204 156 77 204 266 77 148 266 31 148 445 31 407 445 453 407 93 453 46 93 398 46 62 398 38 62 273 38 406 273 203 406 242 203 202 242 470 202 359 470 469 359 296 469 69 296 265 69 1 265 15 1
27 9 219 253 9 297 253 132 297 319 132 252 319 376 252 400 376 281 400 375 281 277 375 251 277 343 251 360 343 422 360 171 422 205 171 250 205 408 250 218 408 8 218 485 8 186 485 399 186 140 399 1 140 219 1
27 471 94 390 471 313 390 206 313 312 206 409 312 133 409 282 133 109 282 10 109 367 10 269 367 327 269 71 327 268 71 446 268 149 446 267 149 16 267 78 16 254 78 298 254 424 298 70 424 423 70 1 423 94 1
27 330 255 283 330 411 283 19 411 320 19 329 320 410 329 220 410 18 220 125 18 63 125 328 63 150 328 378 150 438 378 425 438 299 425 486 299 30 486 79 30 234 79 134 234 377 134 447 377 401 447 1 401 255 1
27 284 321 427 284 127 427 39 127 235 39 439 235 152 439 126 152 151 126 141 151 226 141 60 226 379 60 194 379 412 194 61 412 402 61 346 402 96 346 345 96 135 345 461 135 344 461 256 344 426 256 1 426 321 1
27 136 403 301 136 158 301 29 158 285 29 195 285 72 195 172 72 80 172 454 80 472 454 217 472 97 217 117 97 128 117 142 128 428 142 440 428 335 440 110 335 380 110 300 380 347 300 331 347 157 331 1 157 403 1
27 41 397 258 41 111 258 228 111 159 228 314 159 323 314 227 323 68 227 473 68 274 473 487 274 257 487 349 257 391 349 174 391 40 174 381 40 173 381 98 173 348 98 322 348 118 322 332 118 429 332 1 429 397 1
27 392 361 20 392 81 20 197 81 108 197 450 108 196 450 350 196 185 350 449 185 99 449 153 99 270 153 11 270 493 11 302 493 58 302 368 58 207 368 448 207 28 448 59 28 216 59 47 216 437 47 1 437 361 1
27 436 474 57 436 160 57 121 160 82 121 324 82 462 324 382 462 362 382 305 362 494 305 198 494 120 198 21 120 333 21 243 333 304 243 119 304 184 119 67 184 303 67 259 303 393 259 421 393 286 421 1 286 474 1
27 336 6 341 336 451 341 435 451 475 435 419 475 83 419 182 83 388 182 48 388 26 48 369 26 27 369 183 27 394 183 92 394 14 92 420 14 495 420 295 495 342 295 413 342 488 413 116 488 161 116 1 161 6 1
27 129 496 37 129 260 37 24 260 199 24 89 199 315 89 25 315 209 25 374 209 162 374 318 162 396 318 90 396 275 90 49 275 358 49 370 358 91 370 107 91 208 107 387 208 181 387 340 181 13 340 1 13 496 1
27 463 482 179 463 317 179 244 317 143 244 56 143 338 56 36 338 175 36 200 175 455 200 294 455 154 294 434 154 483 434 444 483 372 444 84 372 452 84 373 452 215 373 339 215 484 339 4 484 308 4 1 308 482 1
27 164 54 287 164 241 287 170 241 130 170 237 130 88 237 418 88 263 418 236 263 106 236 456 106 144 456 316 144 307 316 464 307 371 464 264 371 66 264 163 66 271 163 45 271 55 45 278 55 50 278 1 50 54 1
27 262 460 12 262 310 12 102 310 124 102 357 124 103 357 23 103 229 23 386 229 214 386 104 214 87 104 465 87 35 465 165 35 193 165 497 193 65 497 249 65 337 249 240 337 288 240 311 288 105 311 1 105 460 1
27 238 499 443 238 481 443 137 481 292 137 334 292 416 334 405 416 385 405 248 385 457 248 356 457 366 356 293 366 498 293 192 498 417 192 166 417 225 166 476 225 414 476 213 414 34 213 145 34 433 145 1 433 499 1
27 138 384 261 138 178 261 224 178 490 224 86 490 442 86 491 442 306 491 276 306 279 276 210 279 155 210 459 155 355 459 147 355 492 147 53 492 500 53 64 500 480 64 101 480 44 101 3 44 33 3 1 33 384 1
27 431 75 458 431 211 458 239 211 222 239 191 222 2 191 76 2 146 76 212 146 232 212 468 232 326 468 100 326 43 100 247 43 395 247 223 395 479 223 123 479 441 123 233 441 365 233 477 365 432 477 1 432 75 1
27 466 113 73 466 190 73 168 190 353 168 290 353 230 290 430 230 289 430 52 289 177 52 201 177 272 201 404 272 246 404 363 246 74 363 309 74 221 309 364 221 291 364 115 291 131 115 354 131 122 354 1 122 113 1
17 167 383 489 167 415 489 280 415 112 280 351 112 478 351 188 478 32 188 325 32 176 325 42 176 1 42 383 1 139 51 22 139 51 22
