49
10 802 1123 16630 802 16401 16630 1085 16401 801 1085 9459 801 16886 9459 751 16886 401 751 1123 401
10 9601 10001 19829 9601 17968 19829 1140 17968 1319 1140 7990 1319 7601 7990 11943 7601 401 11943 10001 401
10 14736 5701 18256 14736 18001 18256 19428 18001 19600 19428 11003 19600 10722 11003 10401 10722 401 10401 5701 401
10 3849 12529 13471 3849 13201 13471 11387 13201 5131 11387 2630 5131 11950 2630 15663 11950 401 15663 12529 401
10 10402 10801 10002 10402 9602 10002 19449 9602 19599 19449 16712 19599 16402 16712 3127 16402 401 3127 10801 401
10 12239 7049 12001 12239 11601 12001 11202 11601 8680 11202 13583 8680 11597 13583 11201 11597 401 11201 7049 401
10 17106 6241 5143 17106 4801 5143 4401 4801 12329 4401 5743 12329 8159 5743 8001 8159 401 8001 6241 401
10 5352 1918 5201 5352 4802 5201 12635 4802 12401 12635 1428 12401 1201 1428 803 1201 402 803 1918 402
10 12402 12801 12002 12402 11602 12002 16739 11602 16403 16739 12783 16403 15018 12783 15476 15018 402 15476 12801 402
10 17601 18002 7449 17601 1455 7449 1202 1455 804 1202 13857 804 13601 13857 13202 13601 402 13202 18002 402
10 15601 15909 15201 15601 18991 15201 17148 18991 16801 17148 9071 16801 5468 9071 18259 5468 402 18259 15909 402
10 12802 13203 12403 12802 12003 12403 11603 12003 11203 11603 10802 11203 10403 10802 10003 10403 402 10003 13203 402
10 19598 19540 1562 19598 1203 1562 805 1203 1540 805 1926 1540 13883 1926 13602 13883 402 13602 19540 402
10 16802 17197 1979 16802 1601 1979 1205 1601 7230 1205 1580 7230 1204 1580 806 1204 402 806 17197 402
10 9603 10004 13982 9603 13603 13982 13204 13603 12803 13204 12404 12803 12004 12404 11604 12004 402 11604 10004 402
10 13205 13604 12804 13205 12405 12804 12005 12405 11605 12005 11204 11605 10803 11204 10404 10803 402 10404 13604 402
10 14002 14401 13605 14002 13206 13605 15976 13206 15602 15976 15202 15602 14400 15202 14001 14400 402 14001 14401 402
10 17602 18003 17201 17602 16803 17201 16404 16803 16001 16404 15603 16001 15203 15603 14801 15203 402 14801 18003 402
10 14003 14402 13606 14003 13207 13606 12805 13207 12406 12805 6611 12406 6800 6611 18314 6800 402 18314 14402 402
10 17603 18004 17202 17603 16804 17202 16405 16804 16002 16405 15604 16002 15204 15604 14802 15204 402 14802 18004 402
10 18005 18401 17604 18005 17203 17604 16805 17203 16406 16805 16003 16406 15605 16003 18381 15605 402 18381 18401 402
10 15205 15606 14803 15205 14403 14803 14004 14403 2194 14004 2001 2194 1602 2001 18776 1602 402 18776 15606 402
10 18677 16408 18402 18677 18006 18402 17605 18006 17204 17605 16806 17204 16407 16806 16004 16407 402 16004 16408 402
10 5202 5493 4803 5202 5486 4803 9971 5486 18656 9971 18403 18656 18007 18403 16509 18007 402 16509 5493 402
10 14005 14404 13607 14005 13208 13607 12806 13208 12407 12806 12006 12407 11606 12006 11205 11606 402 11205 14404 402
10 8176 3601 8002 8176 16456 8002 16409 16456 16005 16409 15607 16005 15206 15607 14804 15206 402 14804 3601 402
10 3191 19597 18622 3191 18405 18622 18008 18405 7215 18008 18626 7215 18404 18626 3922 18404 402 3922 19597 402
10 13209 13608 4973 13209 4804 4973 16235 4804 16006 16235 15608 16006 15207 15608 19260 15207 402 19260 13608 402
10 10804 11206 16165 10804 16007 16165 15609 16007 15208 15609 14805 15208 14405 14805 14006 14405 402 14006 11206 402
10 14406 14806 14007 14406 13609 14007 13210 13609 12807 13210 12408 12807 12007 12408 11607 12007 402 11607 14806 402
10 3946 18009 3602 3946 3201 3602 2732 3201 16157 2732 16008 16157 15610 16008 15209 15610 402 15209 18009 402
10 14407 14807 14008 14407 13610 14008 13211 13610 12808 13211 9819 12808 9604 9819 18034 9604 402 18034 14807 402
10 10405 10805 4510 10405 4402 4510 17749 4402 18909 17749 19200 18909 19596 19200 14897 19596 402 14897 10805 402
10 14009 14408 13611 14009 13212 13611 12809 13212 12409 12809 12008 12409 11608 12008 11207 11608 402 11207 14408 402
10 4001 4403 3603 4001 3202 3603 2801 3202 2401 2801 2002 2401 1603 2002 14563 1603 402 14563 4403 402
10 6799 6618 10870 6799 17481 10870 871 17481 807 871 4340 807 4002 4340 4499 4002 402 4499 6618 402
10 4330 9201 4003 4330 3604 4003 3203 3604 2802 3203 2402 2802 2003 2402 4912 2003 402 4912 9201 402
10 16009 16149 3035 16009 2803 3035 2403 2803 2004 2403 1604 2004 9809 1604 9605 9809 402 9605 16149 402
10 14409 14554 14010 14409 13612 14010 8200 13612 8003 8200 5780 8003 6788 5780 18906 6788 402 18906 14554 402
10 6544 11609 16085 6544 16010 16085 15611 16010 4883 15611 8270 4883 8004 8270 18025 8004 402 18025 11609 402
10 14462 9295 14410 14462 14011 14410 13613 14011 13213 13613 12810 13213 12410 12810 12009 12410 402 12009 9295 402
10 808 858 6174 808 14085 6174 2891 14085 2804 2891 10499 2804 10406 10499 14830 10406 402 14830 858 402
10 4154 4459 4004 4154 9224 4004 9202 9224 10858 9202 2876 10858 2805 2876 5220 2805 402 5220 4459 402
10 19595 19199 11620 19595 11610 11620 2853 11610 2806 2853 2404 2806 2005 2404 1605 2005 402 1605 19199 402
10 10458 4458 8866 10458 4026 8866 13736 4026 13614 13736 13214 13614 18490 13214 18800 18490 402 18800 4458 402
10 12871 5975 18438 12871 18799 18438 19198 18799 8348 19198 16036 8348 16011 16036 15612 16011 402 15612 5975 402
10 2405 2807 2006 2405 13666 2006 13615 13666 10299 13615 533 10299 403 533 8597 403 402 8597 2807 402
10 4843 3690 3268 4843 2829 3268 402 2829 3690 402 17696 12485 2110 17696 2007 2110 1606 2007 12485 1606
9 2027 13352 2008 2027 1607 2008 13352 1607 6400 6000 5989 6400 6000 5989 15294 17647 17647 15294
