83 640
1057 100
2871 100
3066 100
3223 100
3304 100
5525 100
5586 100
5794 100
6614 100
6659 100
6697 100
7034 100
7526 100
7782 100
7878 100
8555 100
9289 100
2726 99
2782 99
3211 99
3670 99
3836 99
3998 99
4503 99
4536 99
4755 99
4928 99
4978 99
5016 99
5194 99
5341 99
5549 99
5604 99
6275 99
6404 99
6926 99
6971 99
7823 99
7977 99
8162 99
8193 99
8930 99
8957 99
9020 99
9114 99
9880 99
1072 98
1887 98
2232 98
2326 98
2418 98
2978 98
3284 98
3625 98
3799 98
4454 98
4562 98
5564 98
5631 98
5696 98
5814 98
6737 98
7134 98
7323 98
7403 98
7411 98
7727 98
7742 98
8159 98
8239 98
9062 98
9073 98
9409 98
9416 98
9448 98
1347 97
1532 97
1543 97
1590 97
1687 97
1814 97
1825 97
2369 97
2487 97
4154 97
4786 97
5092 97
5271 97
5565 97
6307 97
6803 97
6840 97
7441 97
7540 97
8163 97
8175 97
8264 97
8595 97
8999 97
9013 97
9021 97
9096 97
9140 97
9565 97
9644 97
9978 97
1136 96
1591 96
1830 96
2036 96
2191 96
2206 96
2228 96
2312 96
2621 96
2770 96
2883 96
3218 96
3838 96
4132 96
5044 96
7059 96
7635 96
7658 96
8298 96
8524 96
8527 96
8745 96
8755 96
8818 96
9552 96
9653 96
9767 96
9864 96
9926 96
1129 95
1204 95
1362 95
1705 95
1934 95
2092 95
2620 95
2809 95
2834 95
3089 95
3548 95
3730 95
3923 95
4143 95
4684 95
5219 95
6638 95
7393 95
7543 95
8014 95
9227 95
9633 95
9735 95
9736 95
2453 94
3277 94
3378 94
3867 94
3888 94
4844 94
5083 94
6409 94
6488 94
6963 94
7578 94
7628 94
7915 94
8360 94
8793 94
9467 94
9753 94
1361 93
1672 93
1727 93
2198 93
2448 93
3096 93
3791 93
3987 93
4000 93
4006 93
4441 93
4749 93
5251 93
5285 93
6560 93
7036 93
7400 93
7477 93
7579 93
7715 93
7754 93
7937 93
7998 93
9123 93
9725 93
1708 92
2126 92
2205 92
2477 92
2557 92
2668 92
3073 92
3131 92
3396 92
4069 92
4233 92
4269 92
4413 92
4915 92
5357 92
6565 92
8097 92
8274 92
9104 92
9233 92
9534 92
1153 91
1328 91
1599 91
1700 91
1865 91
1957 91
2043 91
2215 91
2333 91
3455 91
3624 91
4558 91
5077 91
5237 91
5395 91
5959 91
6157 91
6500 91
6729 91
6847 91
7218 91
7272 91
7345 91
7539 91
7758 91
8139 91
8368 91
9055 91
9527 91
9566 91
9733 91
9859 91
1048 90
1197 90
1418 90
1424 90
1728 90
2183 90
2300 90
2622 90
2886 90
3001 90
4144 90
4402 90
4547 90
5018 90
5487 90
5635 90
5702 90
5883 90
6654 90
7508 90
8650 90
8988 90
9207 90
9932 90
1014 89
1032 89
1345 89
1503 89
1692 89
2019 89
2592 89
2593 89
2734 89
2773 89
3023 89
3061 89
3428 89
3577 89
3591 89
4790 89
5112 89
5648 89
5733 89
5952 89
6159 89
6479 89
6530 89
6566 89
6735 89
6990 89
7224 89
7753 89
7785 89
8213 89
8314 89
8411 89
8544 89
8632 89
8641 89
8690 89
8716 89
8727 89
8828 89
8987 89
9174 89
9176 89
9203 89
9837 89
9954 89
9984 89
1263 88
1333 88
1403 88
1546 88
1637 88
1638 88
1791 88
1877 88
1911 88
1981 88
1992 88
2003 88
2139 88
2315 88
2365 88
2444 88
2484 88
2550 88
2959 88
3026 88
3105 88
3487 88
3692 88
3742 88
3837 88
4016 88
4394 88
4856 88
4890 88
5563 88
5904 88
6326 88
6354 88
6439 88
6783 88
6907 88
6948 88
7146 88
7252 88
7436 88
7466 88
7834 88
7847 88
8176 88
8623 88
8698 88
8705 88
9126 88
9189 88
9300 88
9560 88
9893 88
1081 87
1133 87
1225 87
1536 87
1758 87
1963 87
1984 87
2221 87
2384 87
2638 87
2765 87
3171 87
3285 87
3623 87
3720 87
3830 87
4442 87
4481 87
4495 87
4595 87
4641 87
4885 87
5320 87
5591 87
5666 87
5820 87
5888 87
6061 87
6219 87
6237 87
6374 87
6625 87
6632 87
6679 87
6705 87
6765 87
6780 87
6809 87
6979 87
7017 87
7133 87
7371 87
7965 87
8024 87
8048 87
8463 87
8606 87
8672 87
8912 87
8995 87
9058 87
9170 87
9212 87
9488 87
9563 87
9703 87
9841 87
1021 86
1075 86
1084 86
1113 86
1465 86
1722 86
1736 86
2240 86
2590 86
2675 86
2820 86
3237 86
3380 86
3600 86
3973 86
4070 86
4334 86
4630 86
4940 86
5129 86
5204 86
5378 86
5404 86
5762 86
6049 86
6148 86
6253 86
6322 86
6674 86
6722 86
6794 86
6795 86
6860 86
7009 86
7171 86
7268 86
7422 86
8011 86
8117 86
8151 86
8197 86
8466 86
8546 86
9112 86
9131 86
9285 86
9462 86
9508 86
9578 86
9805 86
9963 86
9999 86
1448 85
1706 85
1734 85
1806 85
2166 85
2605 85
2705 85
2841 85
2852 85
2937 85
3244 85
3313 85
3356 85
3611 85
3746 85
3864 85
4078 85
4114 85
4139 85
4264 85
4315 85
4421 85
4474 85
4505 85
4612 85
4762 85
4989 85
5345 85
5385 85
5462 85
5528 85
5540 85
5700 85
5956 85
6287 85
6368 85
6497 85
6649 85
6877 85
6953 85
6981 85
7166 85
7194 85
7299 85
8422 85
8494 85
8702 85
8765 85
8931 85
9254 85
9539 85
9815 85
9858 85
1207 84
1216 84
1290 84
1439 84
1452 84
1738 84
2084 84
2100 84
2269 84
2311 84
2514 84
3049 84
3125 84
3149 84
3392 84
3700 84
3704 84
4451 84
4561 84
4640 84
4643 84
4649 84
4674 84
4711 84
4806 84
5519 84
5993 84
6146 84
6190 84
6223 84
7366 84
7481 84
7532 84
7581 84
7595 84
7602 84
8056 84
8126 84
8203 84
8515 84
8576 84
8613 84
8732 84
8811 84
8922 84
9245 84
9377 84
9532 84
9545 84
9640 84
9806 84
9824 84
1268 83
1394 83
1455 83
1905 83
2027 83
2304 83
2755 83
2803 83
2843 83
2943 83
2948 83
3100 83
3150 83
3172 83
3214 83
3242 83
3371 83
3627 83
4152 83
4178 83
4773 83
4849 83
5048 83
5281 83
5322 83
5364 83
5410 83
5628 83
5655 83
5725 83
5830 83
5920 83
6042 83
6277 83
6362 83
6373 83
6477 83
7143 83
7327 83
7989 83
8132 83
8328 83
8407 83
8410 83
8674 83
9019 83
9365 83
9479 83
9714 83
9882 83
