78 503
1281 100
1387 100
3234 100
3414 100
5002 100
5894 100
6340 100
6915 100
7711 100
7770 100
7855 100
9738 100
1365 99
1480 99
4724 99
7123 99
7509 99
7909 99
8299 99
8561 99
9429 99
2018 98
2279 98
3719 98
4086 98
4171 98
7679 98
8030 98
8227 98
8938 98
4465 97
4537 97
5317 97
5436 97
7562 97
7802 97
8125 97
1388 96
1499 96
2076 96
2109 96
2484 96
6663 96
9277 96
1022 95
1557 95
2126 95
2278 95
3659 95
5270 95
6292 95
8079 95
8120 95
8338 95
9212 95
1282 94
1317 94
1351 94
4326 94
4813 94
5207 94
7275 94
8015 94
8054 94
8758 94
2971 93
2988 93
3645 93
4176 93
4317 93
4551 93
5835 93
6501 93
6596 93
6803 93
6946 93
7696 93
8445 93
1857 92
2542 92
2819 92
3527 92
3889 92
4382 92
5451 92
6114 92
6848 92
7168 92
8943 92
9430 92
9466 92
9660 92
2738 91
2904 91
3877 91
4107 91
4401 91
6164 91
6612 91
8027 91
9180 91
1105 90
3173 90
3241 90
4409 90
5319 90
6485 90
7671 90
9060 90
9417 90
1411 89
1664 89
1746 89
1767 89
2403 89
2556 89
2631 89
3394 89
3395 89
3483 89
3597 89
3627 89
3882 89
3986 89
4162 89
4168 89
4428 89
4525 89
4882 89
4890 89
5194 89
5224 89
5459 89
5509 89
5657 89
5883 89
6089 89
6508 89
6510 89
6898 89
6998 89
7157 89
7288 89
7597 89
7611 89
7801 89
7905 89
9058 89
9168 89
1259 88
1922 88
2194 88
2562 88
3053 88
3415 88
4644 88
4770 88
5118 88
5967 88
6154 88
6460 88
6572 88
6581 88
7470 88
7518 88
7549 88
7605 88
7798 88
8012 88
8385 88
8407 88
8425 88
9355 88
9462 88
1154 87
1436 87
1583 87
1949 87
2792 87
2873 87
2920 87
3401 87
3452 87
4115 87
4164 87
4692 87
4752 87
4854 87
5084 87
5415 87
5443 87
5724 87
5899 87
5918 87
6542 87
6626 87
6786 87
6930 87
6931 87
6977 87
6978 87
6984 87
7014 87
7498 87
7739 87
8358 87
8377 87
9065 87
9532 87
9767 87
1106 86
1183 86
1186 86
1268 86
1752 86
1945 86
2392 86
2485 86
2573 86
3006 86
3387 86
4000 86
4038 86
4097 86
4203 86
4697 86
4903 86
5036 86
5386 86
6135 86
6389 86
6725 86
6839 86
6895 86
6927 86
7124 86
7171 86
7483 86
8157 86
8517 86
8518 86
8750 86
8984 86
9406 86
9578 86
9662 86
9711 86
9937 86
1165 85
1271 85
1483 85
1815 85
2108 85
2453 85
2503 85
2606 85
2842 85
2903 85
2907 85
3363 85
3490 85
3622 85
4027 85
4290 85
4686 85
4831 85
5041 85
5259 85
6766 85
7372 85
7487 85
8111 85
8238 85
8856 85
9218 85
9443 85
9454 85
9921 85
1573 84
2737 84
3320 84
3346 84
3642 84
4260 84
4562 84
5000 84
5422 84
5622 84
5644 84
6168 84
6305 84
6851 84
6894 84
6999 84
7062 84
7142 84
7734 84
8085 84
8116 84
8167 84
8864 84
8875 84
9159 84
9362 84
9483 84
9620 84
9641 84
9776 84
1245 83
1634 83
1897 83
1981 83
2152 83
2452 83
2633 83
3314 83
3598 83
3644 83
4122 83
4487 83
4550 83
4693 83
4777 83
4916 83
5262 83
5272 83
5626 83
6209 83
6324 83
6652 83
6694 83
6943 83
7370 83
7795 83
7827 83
8272 83
8707 83
8992 83
9219 83
9301 83
9694 83
9780 83
9962 83
1052 82
1184 82
1306 82
1581 82
2062 82
2540 82
2544 82
3370 82
3734 82
4132 82
4362 82
4363 82
4418 82
4583 82
4604 82
4928 82
4946 82
5003 82
5438 82
5575 82
5818 82
5983 82
5998 82
6086 82
6821 82
7270 82
7336 82
7505 82
7840 82
7969 82
8470 82
9343 82
9509 82
9706 82
9879 82
9889 82
9913 82
1114 81
1157 81
1429 81
1803 81
1936 81
2342 81
2383 81
2796 81
2946 81
3294 81
3434 81
3710 81
4268 81
4345 81
4404 81
5066 81
5241 81
5427 81
5544 81
5612 81
5730 81
6173 81
6333 81
6334 81
6496 81
6558 81
6568 81
7444 81
7503 81
7648 81
8420 81
8587 81
8824 81
9615 81
9653 81
9724 81
9751 81
9869 81
9916 81
9972 81
1092 80
1329 80
1706 80
2004 80
2101 80
2532 80
2555 80
3150 80
3561 80
3580 80
3582 80
3893 80
4283 80
4637 80
4887 80
5833 80
5882 80
6507 80
6753 80
6761 80
7110 80
7166 80
8052 80
8250 80
8315 80
8846 80
8970 80
9321 80
1655 79
2066 79
2694 79
2777 79
3263 79
3740 79
3927 79
3928 79
4012 79
4024 79
5293 79
5728 79
6094 79
6344 79
6870 79
7203 79
7255 79
7298 79
7474 79
7475 79
7604 79
7879 79
8905 79
9249 79
9482 79
9560 79
9717 79
9861 79
1748 78
1842 78
2171 78
2346 78
2370 78
2625 78
3657 78
3760 78
3878 78
4558 78
5136 78
5311 78
5521 78
5737 78
6374 78
6490 78
6618 78
6990 78
7082 78
7085 78
7101 78
7651 78
8714 78
8799 78
8835 78
8948 78
9949 78
