9248
47 98
1 372
2 203
38 198
124 198
123 278
122 199
10 197
82 197
136 197
137 269
138 225
139 251
140 286
141 204
41 196
40 255
39 229
135 196
136 232
137 228
138 239
139 262
140 233
134 216
135 224
136 226
137 233
138 248
139 241
133 199
134 211
135 219
136 226
137 237
138 239
171 195
170 213
80 194
81 280
79 274
80 277
78 274
79 276
95 192
96 192
97 244
98 200
99 211
107 192
108 237
109 308
110 324
111 297
112 223
113 279
16 191
15 262
14 309
13 265
12 222
11 228
173 190
172 265
171 239
54 188
55 258
53 193
54 226
100 188
101 261
102 215
36 187
37 281
38 255
152 187
153 239
154 299
155 320
85 186
84 277
83 305
82 293
81 285
80 280
179 186
180 356
147 184
148 208
149 262
150 217
151 202
152 220
153 260
154 290
146 187
147 198
148 230
149 224
150 213
151 217
152 239
153 264
178 180
179 268
180 268
177 216
178 242
179 255
180 255
156 179
157 241
155 234
154 249
156 237
155 243
158 201
157 219
156 231
164 179
3 178
176 178
177 210
178 232
179 243
180 243
175 191
174 222
173 244
172 241
176 200
177 216
178 230
179 237
175 211
174 227
173 234
176 214
177 222
178 229
175 221
174 228
176 221
177 225
175 224
176 225
180 237
179 233
178 229
177 227
180 233
179 231
178 229
180 231
179 230
180 230
167 177
166 209
165 258
142 176
141 204
140 223
139 231
35 174
36 228
37 241
34 208
35 218
36 229
71 173
72 217
73 220
70 175
69 221
71 196
70 209
72 208
71 208
77 172
78 224
79 252
76 198
77 211
78 232
125 172
126 258
124 225
125 241
127 224
126 232
123 212
124 227
125 230
145 172
146 185
147 207
148 215
149 214
150 215
151 227
152 245
153 247
154 245
155 238
26 171
25 205
24 192
23 264
22 284
21 257
20 283
19 189
18 238
17 278
16 270
15 290
14 278
13 250
12 239
52 170
53 198
93 170
94 193
95 193
96 218
97 209
98 210
99 199
100 230
101 223
92 179
91 248
90 289
89 191
88 242
93 186
92 217
91 253
90 222
89 232
94 190
95 204
96 207
97 209
98 204
99 217
100 220
93 203
92 228
91 225
90 228
94 203
93 216
92 221
91 224
95 205
94 211
93 216
92 220
96 207
95 209
94 212
93 216
97 205
98 211
99 216
96 207
95 209
94 213
97 209
98 213
96 209
95 211
97 211
96 211
1 203
2 191
6 167
5 220
4 237
3 214
7 201
6 210
5 224
4 219
9 167
8 199
7 204
6 214
5 216
10 198
11 219
9 199
10 209
8 202
7 208
6 212
9 205
8 206
7 209
109 162
108 235
107 236
106 266
105 238
110 229
109 232
108 234
107 250
106 244
111 226
112 252
110 229
111 241
109 232
108 241
107 243
110 237
109 239
108 241
104 198
105 221
106 232
107 236
103 220
102 221
104 221
105 227
106 231
103 221
104 224
105 227
101 220
102 221
103 222
104 224
100 218
101 220
102 221
103 223
99 215
100 217
101 219
102 221
98 213
99 215
100 217
101 219
97 212
98 213
99 215
100 217
57 160
56 229
55 227
54 212
59 160
58 174
57 201
56 214
55 213
1 191
2 202
3 211
4 214
5 213
6 211
1 202
2 207
3 210
4 211
5 211
1 207
2 208
3 210
4 211
1 208
2 209
3 210
1 209
2 210
1 210
49 158
50 225
49 113
48 202
50 57
49 109
51 245
50 163
52 222
51 176
53 217
52 170
54 215
53 151
55 108
54 120
56 160
57 187
56 94
55 184
58 194
59 184
60 183
33 154
34 186
35 208
116 154
84 152
83 222
82 253
81 266
80 259
79 245
85 215
86 233
87 241
88 236
89 232
90 228
91 224
92 220
84 219
83 236
82 251
81 255
80 250
85 226
86 233
87 235
88 234
84 231
83 241
82 248
81 249
85 232
84 236
83 242
82 246
86 234
85 235
84 239
83 243
87 234
86 234
85 236
84 239
89 231
88 232
87 233
86 235
85 237
90 228
89 230
88 232
87 233
86 235
91 224
90 227
89 230
88 231
87 233
93 216
92 220
91 224
90 227
89 229
88 231
94 213
93 217
92 220
91 223
90 226
89 228
95 212
94 215
93 217
92 220
91 223
90 225
96 212
95 214
94 215
93 218
92 221
91 223
97 213
98 214
99 216
96 213
95 214
94 216
93 218
92 220
97 213
98 215
96 214
95 215
94 217
93 219
97 215
96 215
95 216
94 217
16 145
15 211
14 230
13 235
12 227
11 218
10 211
9 209
8 209
7 210
6 211
5 211
4 210
3 210
2 210
17 207
18 242
19 240
20 214
21 249
22 253
23 269
24 267
25 230
26 217
27 244
28 262
16 209
17 226
18 233
19 223
20 236
21 244
22 257
23 262
24 246
25 231
26 238
27 250
15 220
14 228
13 227
16 223
17 228
18 226
19 231
20 238
21 248
22 255
23 250
24 240
25 239
26 244
15 225
14 226
16 226
15 226
17 226
18 228
19 233
20 240
21 247
22 248
23 244
24 242
25 243
16 226
17 227
18 230
19 235
20 241
21 245
22 245
23 244
24 243
12 222
13 224
14 225
15 226
16 227
17 228
18 232
19 237
20 241
21 243
22 243
23 243
11 216
12 220
13 223
14 224
15 225
16 226
17 229
18 233
19 237
20 240
21 241
22 242
10 213
11 217
12 220
13 222
14 224
15 225
16 227
17 230
18 233
19 236
20 239
21 241
9 211
10 214
11 217
12 220
13 222
14 223
15 225
16 228
17 231
18 234
19 237
20 239
8 211
9 212
10 214
11 217
12 219
13 221
14 223
15 226
16 228
17 231
18 234
19 236
7 211
6 211
5 211
4 211
8 211
9 213
10 215
11 217
12 219
13 221
14 224
15 226
16 229
17 231
18 233
7 211
8 212
9 213
10 215
11 217
12 219
13 221
14 223
15 226
16 228
17 231
6 211
7 212
8 213
9 214
10 216
11 217
12 219
13 221
14 224
15 226
16 229
5 211
6 211
7 212
8 213
9 215
10 216
11 218
12 220
13 222
14 224
15 226
3 210
4 210
5 210
6 211
7 212
8 213
9 214
10 216
11 218
12 220
13 222
14 224
29 182
28 216
27 230
26 237
25 240
24 242
23 242
22 242
21 240
20 238
19 236
18 234
17 231
16 228
15 226
1 210
2 210
3 210
4 210
5 211
6 212
7 212
8 213
9 215
10 216
11 218
12 220
13 222
14 224
1 210
2 210
3 210
4 211
5 211
6 211
7 212
8 214
9 215
10 217
11 218
12 220
13 222
1 210
2 210
3 211
4 211
5 211
6 212
7 213
8 214
9 215
10 216
11 218
12 220
1 210
2 210
3 210
4 210
5 211
6 212
7 213
8 214
9 215
10 217
11 219
1 210
2 210
3 210
4 211
5 212
6 212
7 213
8 214
9 216
10 217
1 210
2 210
3 211
4 211
5 211
6 212
7 213
8 214
9 215
1 210
2 211
3 211
4 211
5 212
6 213
7 214
8 215
1 211
2 211
3 211
4 212
5 212
6 213
7 214
1 211
2 211
3 211
4 211
5 212
6 213
1 211
2 211
3 211
4 212
5 213
1 211
2 211
3 212
4 212
1 211
2 211
3 211
1 211
2 211
1 211
162 145
163 184
164 221
161 160
162 172
163 196
57 144
58 164
57 82
56 198
59 174
114 143
115 207
113 198
112 220
111 228
110 233
109 237
108 237
107 234
106 231
105 228
104 226
103 223
102 221
101 219
100 218
99 216
98 215
97 215
96 215
95 216
114 203
113 211
112 219
111 226
110 232
109 234
108 234
107 233
106 230
105 228
104 225
103 223
102 221
101 219
100 217
99 216
98 216
97 215
96 216
159 141
158 180
157 206
156 222
160 153
159 167
158 187
157 204
161 163
162 180
160 165
159 176
158 190
161 172
160 174
159 182
61 138
60 156
75 137
74 199
73 203
72 205
76 174
77 203
78 224
79 237
80 243
81 245
82 244
83 241
84 239
85 237
86 235
87 233
88 231
89 228
90 226
91 223
92 221
93 219
94 218
95 217
75 187
74 195
73 200
76 195
77 210
78 223
79 233
80 239
81 241
82 241
83 240
84 239
85 237
86 235
87 233
88 230
89 228
90 225
91 223
92 221
93 219
94 218
75 195
76 203
77 213
78 223
79 231
80 236
81 239
82 239
83 239
84 238
85 237
86 235
87 233
88 231
89 228
90 226
91 224
92 222
93 220
74 197
75 200
76 206
77 214
78 223
79 230
80 235
81 237
82 238
83 238
84 237
85 236
86 234
87 232
88 230
89 228
90 226
91 224
92 222
66 135
65 193
64 194
67 153
68 202
69 206
70 207
71 206
72 203
73 200
74 200
75 203
76 209
77 216
78 223
79 229
80 233
81 235
82 237
83 237
84 237
85 235
86 234
87 232
88 230
89 228
90 226
91 224
66 173
67 187
68 196
69 201
70 203
71 203
72 202
73 201
74 202
75 205
76 210
77 217
78 223
79 228
80 231
81 234
82 235
83 236
84 235
85 235
86 233
87 232
88 230
89 228
90 226
65 184
66 186
67 191
68 196
69 200
70 202
71 202
72 201
73 202
74 204
75 207
76 212
77 217
78 222
79 226
80 230
81 233
82 235
83 235
84 235
85 234
86 233
87 231
88 229
89 228
63 151
64 168
65 177
66 184
67 190
68 195
69 198
70 200
71 201
72 202
73 203
74 205
75 209
76 213
77 218
78 222
79 226
80 230
81 232
82 233
83 234
84 234
85 233
86 232
87 231
88 230
62 149
63 158
64 167
65 175
66 182
67 189
68 194
69 197
70 199
71 200
72 201
73 203
74 206
75 209
76 214
77 218
78 222
79 226
80 229
81 231
82 233
83 234
84 234
85 233
86 232
87 231
61 153
62 155
63 161
64 168
65 175
66 182
67 188
68 192
69 196
70 198
71 200
72 202
73 204
74 206
75 210
76 214
77 218
78 222
79 226
80 228
81 231
82 232
83 233
84 233
85 233
86 232
128 133
127 182
126 206
166 129
165 175
164 186
163 183
162 177
161 176
160 179
167 169
168 207
169 221
170 230
171 236
172 235
173 231
174 227
175 226
176 226
177 228
178 229
179 229
180 229
166 172
167 189
168 205
169 218
170 227
171 231
172 231
173 229
174 228
175 227
176 228
177 228
178 229
179 229
180 229
165 179
166 184
167 195
168 207
169 217
170 224
171 227
172 228
173 228
174 227
175 228
176 228
177 229
178 229
179 229
180 229
164 181
165 182
166 188
167 197
168 207
169 215
170 221
171 225
172 227
173 227
174 228
175 228
176 228
177 228
178 228
179 229
180 229
163 179
164 180
165 184
166 191
167 199
168 207
169 214
170 220
171 223
172 225
173 227
174 227
175 227
176 228
177 228
178 229
179 229
180 229
162 178
163 179
164 182
165 187
166 193
167 200
168 207
169 214
170 218
171 222
172 224
173 225
174 226
175 227
176 227
177 228
178 228
179 228
180 228
161 178
162 178
163 180
164 183
165 188
166 194
167 201
168 207
169 212
170 217
171 220
172 223
173 225
174 226
175 227
176 228
177 228
178 228
179 228
180 228
39 128
38 185
37 207
36 208
40 179
41 217
42 229
39 182
40 199
41 214
38 194
37 201
39 196
40 205
38 199
39 202
43 162
44 188
45 77
42 188
41 197
40 200
43 188
42 192
43 96
44 168
41 196
42 146
43 157
42 79
43 21
58 128
57 163
58 82
57 27
59 183
60 168
61 161
62 161
63 165
64 170
65 176
66 182
67 187
68 192
69 195
70 197
71 199
72 201
73 203
74 207
75 211
76 214
77 218
78 222
79 225
80 228
81 230
82 232
83 232
84 232
85 232
121 128
122 170
123 198
124 214
125 210
120 148
119 175
121 159
122 178
123 196
124 203
120 167
121 172
122 184
123 194
118 151
117 189
116 198
115 201
114 206
113 213
112 220
111 226
110 230
109 232
108 232
107 231
106 230
105 227
104 225
103 223
102 221
101 219
100 218
99 217
98 216
97 216
96 216
95 217
94 218
93 220
92 222
91 224
90 226
89 228
88 229
87 230
86 231
119 159
118 174
117 186
116 194
115 200
114 206
113 213
112 219
111 225
110 228
109 230
108 231
107 230
106 228
105 227
104 225
103 223
102 221
101 220
100 218
99 217
98 216
97 216
96 217
95 217
94 219
93 221
92 222
91 224
90 226
89 227
88 229
87 230
120 166
121 175
122 185
119 170
118 178
117 186
116 193
115 199
114 206
113 212
112 219
111 223
110 227
109 229
108 229
107 229
106 228
105 226
104 225
103 223
102 221
101 219
100 218
99 217
98 217
97 217
96 217
95 218
94 219
93 220
92 222
91 224
90 225
89 227
88 228
120 172
121 179
119 175
118 180
117 187
116 193
115 200
114 206
113 213
112 218
111 223
110 226
109 228
108 229
107 228
106 227
105 226
104 224
103 223
102 221
101 220
100 219
99 218
98 217
97 217
96 217
95 218
94 219
93 221
92 223
91 224
90 226
89 227
120 177
119 179
118 183
117 188
116 194
115 200
114 207
113 212
112 217
111 221
110 224
109 226
108 227
107 227
106 227
105 226
104 225
103 223
102 222
101 220
100 219
99 218
98 218
97 218
96 218
95 219
94 220
93 221
92 222
91 224
90 225
152 124
153 185
154 212
155 217
156 211
157 201
158 191
159 185
151 184
150 206
149 210
148 212
147 214
146 210
145 198
144 214
143 230
142 217
141 220
140 225
152 184
153 198
154 207
155 209
156 205
157 198
151 195
150 202
149 207
148 211
147 210
146 204
145 209
144 220
143 219
142 220
141 223
152 197
153 202
154 206
155 206
156 202
151 200
150 204
149 208
148 209
147 207
146 208
145 214
144 216
143 218
142 220
152 201
153 203
154 204
155 203
151 202
150 205
149 207
148 207
147 207
146 211
145 213
144 216
143 218
152 202
151 204
150 205
149 206
148 206
147 209
146 211
145 214
144 216
153 203
152 204
151 204
150 205
149 205
148 207
147 209
146 211
145 213
154 203
153 204
152 204
151 205
150 205
149 206
148 208
147 209
146 211
158 192
157 197
156 200
155 201
154 203
153 203
152 204
151 204
150 205
149 207
148 208
147 210
160 182
159 187
158 192
157 196
156 198
155 201
154 202
153 203
152 203
151 204
150 206
149 207
148 208
161 180
160 183
159 187
158 191
157 194
156 198
155 200
154 201
153 202
152 203
151 205
150 206
149 207
162 180
161 182
160 185
159 188
158 191
157 195
156 197
155 199
154 201
153 202
152 204
151 205
150 206
163 182
164 185
165 189
166 195
167 201
168 207
169 212
170 216
171 220
172 222
173 224
174 226
175 227
176 227
177 228
178 228
179 228
180 228
162 182
161 183
160 185
159 188
158 192
157 194
156 197
155 199
154 200
153 202
152 203
151 204
163 183
164 186
165 191
166 196
167 201
168 206
169 211
170 216
171 219
172 222
173 224
174 225
175 226
176 227
177 227
178 228
179 228
180 228
162 183
163 185
164 188
165 192
166 196
167 201
168 206
169 211
170 215
171 218
172 221
173 223
174 225
175 226
176 227
177 228
178 228
179 228
180 228
161 184
160 186
159 189
158 191
157 194
156 196
155 198
154 200
153 202
152 203
162 185
161 186
160 188
159 190
158 192
157 194
156 196
155 198
154 200
153 201
163 186
164 189
165 192
166 197
167 202
168 207
169 211
170 214
171 218
172 220
173 222
174 224
175 225
176 226
177 227
178 227
179 228
180 228
162 186
163 188
164 190
165 194
166 198
167 202
168 206
169 210
170 214
171 217
172 220
173 222
174 223
175 225
176 226
177 226
178 227
179 227
180 227
161 187
160 188
159 190
158 192
157 194
156 196
155 198
154 200
162 187
163 188
164 191
165 194
166 198
167 202
168 206
169 210
170 214
171 217
172 219
173 221
174 223
175 224
176 225
177 226
178 227
179 227
180 227
161 187
160 189
159 190
158 192
157 194
156 196
155 198
162 188
163 190
164 192
165 195
166 198
167 202
168 206
169 210
170 213
171 216
172 219
173 221
174 223
175 224
176 225
177 226
178 226
179 227
161 189
160 189
159 191
158 193
157 195
156 197
162 189
163 190
164 193
165 196
166 199
167 203
168 207
169 210
170 213
171 216
172 218
173 221
174 222
175 224
176 225
177 226
178 227
161 189
160 190
159 191
158 193
157 195
162 190
163 192
164 194
165 196
166 200
167 203
168 206
169 210
170 213
171 215
172 218
173 220
174 222
175 223
176 225
177 226
161 190
160 191
159 192
158 193
162 191
163 192
164 194
165 197
166 200
167 203
168 207
169 210
170 213
171 216
172 218
173 220
174 222
175 224
176 225
161 191
160 191
159 192
162 191
163 193
164 195
165 198
166 200
167 204
168 207
169 210
170 213
171 215
172 218
173 220
174 222
175 223
161 191
160 192
162 192
163 193
164 195
165 197
166 201
167 204
168 207
169 210
170 212
171 215
172 217
173 219
174 221
161 192
162 193
163 194
164 196
165 199
166 201
167 204
168 207
169 209
170 212
171 215
172 217
173 219
180 227
179 227
178 226
177 225
176 224
175 223
174 221
180 227
179 226
178 226
177 225
176 224
175 222
180 226
179 226
178 225
177 225
176 223
180 226
179 226
178 226
177 224
180 226
179 226
178 225
180 226
179 225
180 225
30 123
29 170
28 200
27 218
26 229
25 236
24 239
23 240
22 240
21 239
20 237
19 235
18 233
17 231
16 229
15 227
14 224
13 222
12 220
11 218
10 217
9 216
8 215
7 214
6 213
5 212
4 212
3 212
2 212
1 212
23 120
24 180
25 209
26 222
27 226
28 222
29 211
30 191
31 201
32 219
33 203
34 206
35 207
36 204
37 202
38 202
39 201
40 198
41 211
22 179
21 208
20 222
19 228
18 229
17 229
16 228
15 226
14 224
13 222
12 220
11 219
10 217
9 216
8 215
7 214
6 213
5 213
4 212
3 212
2 212
23 180
22 194
21 208
20 218
19 223
18 226
17 227
16 226
15 225
14 224
13 222
12 221
11 219
10 218
9 217
8 215
7 214
6 214
5 213
4 213
3 212
24 194
25 208
26 217
27 219
28 215
29 203
30 202
31 210
32 207
33 206
34 206
35 205
36 203
37 202
38 201
39 200
40 206
41 103
42 167
23 194
22 201
21 210
20 216
19 221
18 224
17 225
16 225
15 224
14 223
13 222
12 220
11 219
10 218
9 216
8 215
7 214
6 213
5 213
4 212
24 201
25 209
26 214
27 215
28 209
29 205
30 207
31 207
32 206
33 206
34 206
35 204
36 203
37 202
23 201
22 206
21 211
20 216
19 220
18 223
17 224
16 224
15 224
14 223
13 222
12 221
11 219
10 217
9 216
8 215
7 214
6 214
5 213
24 205
25 210
26 213
27 211
28 208
29 208
30 208
31 207
32 207
33 207
23 205
22 208
21 212
20 216
19 220
18 222
17 223
16 224
15 223
14 222
13 221
12 220
11 219
10 218
9 217
8 216
7 215
6 214
24 208
25 210
26 210
27 209
28 209
23 208
22 210
21 213
20 217
19 219
18 221
17 222
16 222
15 222
14 222
13 221
12 220
11 219
10 218
9 217
8 216
7 215
24 209
23 210
22 211
21 214
20 216
19 219
18 220
17 221
16 222
15 222
14 221
13 221
12 220
11 219
10 218
9 217
8 216
25 210
24 210
23 210
22 212
21 214
20 217
19 218
18 220
17 221
16 221
15 221
14 221
13 220
12 219
11 218
10 217
9 216
26 210
25 210
24 210
23 211
22 213
21 215
20 216
19 218
18 219
17 220
16 221
15 221
14 221
13 220
12 219
11 218
10 217
27 209
26 209
25 209
24 210
23 212
22 213
21 214
20 216
19 218
18 219
17 220
16 220
15 221
14 220
13 220
12 219
11 218
29 208
28 208
27 209
26 209
25 210
24 211
23 212
22 213
21 215
20 217
19 218
18 219
17 220
16 221
15 220
14 220
13 219
12 219
30 207
29 208
28 209
27 209
26 210
25 210
24 211
23 212
22 214
21 215
20 216
19 217
18 219
17 220
16 220
15 220
14 220
13 220
31 207
30 208
29 208
28 208
27 209
26 209
25 210
24 211
23 212
22 213
21 215
20 216
19 218
18 219
17 219
16 219
15 220
14 220
32 207
31 208
30 208
29 208
28 209
27 209
26 210
25 211
24 211
23 212
22 214
21 215
20 217
19 218
18 218
17 219
16 220
15 220
34 205
33 206
32 207
31 207
30 207
29 208
28 208
27 209
26 210
25 210
24 211
23 213
22 214
21 215
20 216
19 217
18 218
17 219
16 219
35 204
34 205
33 206
32 206
31 207
30 208
29 208
28 209
27 209
26 209
25 210
24 212
23 213
22 214
21 215
20 216
19 217
18 218
17 218
36 203
35 204
34 205
33 205
32 206
31 207
30 207
29 208
28 208
27 209
26 210
25 211
24 212
23 213
22 214
21 215
20 216
19 217
18 218
38 201
39 203
37 202
36 203
35 204
34 205
33 206
32 207
31 207
30 208
29 208
28 209
27 209
26 210
25 211
24 212
23 213
22 214
21 215
20 216
19 217
38 203
37 203
36 204
35 205
34 205
33 206
32 206
31 207
30 207
29 208
28 208
27 209
26 210
25 211
24 212
23 213
22 214
21 215
20 216
1 212
2 212
3 212
4 213
5 213
6 214
7 215
8 215
9 216
10 217
11 218
12 219
13 219
14 219
15 219
16 219
17 219
18 218
19 217
1 212
2 212
3 213
4 213
5 214
6 214
7 215
8 216
9 217
10 218
11 219
12 219
13 219
14 219
15 219
16 219
17 218
18 217
1 212
2 212
3 212
4 213
5 213
6 214
7 215
8 216
9 217
10 218
11 218
12 218
13 219
14 219
15 219
16 218
17 218
1 212
2 212
3 213
4 213
5 214
6 215
7 215
8 216
9 217
10 217
11 218
12 219
13 219
14 219
15 218
16 218
1 212
2 213
3 213
4 213
5 214
6 214
7 215
8 216
9 216
10 217
11 218
12 218
13 218
14 218
15 218
1 213
2 213
3 213
4 214
5 214
6 215
7 216
8 216
9 217
10 218
11 218
12 218
13 218
14 218
1 213
2 213
3 213
4 213
5 214
6 215
7 215
8 216
9 217
10 217
11 217
12 218
13 218
1 213
2 213
3 213
4 214
5 214
6 214
7 215
8 216
9 216
10 217
11 218
12 218
1 213
2 213
3 214
4 214
5 214
6 215
7 216
8 216
9 217
10 217
11 217
1 213
2 213
3 213
4 213
5 214
6 215
7 215
8 216
9 216
10 217
1 213
2 213
3 213
4 214
5 215
6 215
7 216
8 216
9 217
1 213
2 213
3 214
4 214
5 214
6 215
7 215
8 216
1 213
2 214
3 214
4 214
5 215
6 215
7 216
1 214
2 214
3 214
4 215
5 215
6 215
1 214
2 214
3 214
4 214
5 214
1 214
2 214
3 214
4 214
1 214
2 214
3 214
1 214
2 214
1 214
40 153
39 178
40 89
41 203
38 190
37 197
36 201
35 203
34 205
33 205
32 206
31 206
30 207
29 208
28 209
27 210
26 210
25 211
24 212
23 213
22 214
21 215
20 216
19 216
18 217
17 217
16 218
15 218
14 218
13 218
12 217
11 217
10 217
9 216
8 216
7 215
6 215
5 215
4 215
3 215
2 214
1 214
39 140
40 171
39 85
40 29
38 211
37 206
36 204
35 204
34 204
33 205
32 206
31 207
30 208
29 208
28 209
27 209
26 210
25 211
24 212
23 213
22 214
21 215
20 216
19 217
18 217
17 218
16 218
15 218
14 218
13 218
12 218
11 218
10 217
9 217
8 216
7 216
6 215
5 215
4 215
3 214
2 214
1 214
39 120
38 163
39 56
37 184
36 194
37 97
38 152
35 199
34 202
33 204
32 205
31 206
30 207
29 208
28 208
27 209
26 210
25 211
24 212
23 213
22 214
21 215
20 216
19 216
18 217
17 217
16 217
15 218
14 218
13 218
12 218
11 217
10 217
9 216
8 216
7 215
6 215
5 215
4 214
3 214
2 214
1 214
36 148
35 175
36 88
37 170
34 190
33 198
32 202
31 205
30 206
29 207
28 208
27 209
26 210
25 211
24 212
23 213
22 214
21 215
20 215
19 216
18 217
17 217
16 218
15 218
14 218
13 218
12 217
11 217
10 216
9 216
8 215
7 215
6 215
5 214
4 214
3 214
2 214
1 161
35 139
34 168
35 84
36 156
33 185
34 135
35 123
32 195
31 200
30 204
29 206
28 208
27 209
26 210
25 211
24 212
23 213
22 214
21 215
20 216
19 217
18 217
17 218
16 218
15 218
14 218
13 217
12 217
11 217
10 217
9 216
8 216
7 216
6 215
5 215
4 215
3 215
2 151
4 107
3 129
33 165
32 183
33 91
34 158
31 194
32 142
33 141
30 200
29 204
28 206
27 208
26 210
25 211
24 212
23 213
22 214
21 215
20 216
19 216
18 217
17 217
16 217
15 217
14 217
13 217
12 217
11 217
10 216
9 216
8 216
7 215
6 215
5 268
4 199
5 100
4 5
6 184
7 200
6 100
5 114
8 207
9 212
10 214
11 215
12 216
13 217
14 217
15 217
16 217
17 217
18 217
19 217
20 216
21 216
22 215
23 214
24 213
25 213
26 212
27 211
28 210
29 208
30 206
31 274
32 185
30 137
31 158
29 172
28 190
29 95
30 198
27 200
26 205
25 208
24 211
23 212
22 213
21 214
20 215
19 216
18 216
17 217
16 217
15 217
14 217
13 217
12 217
11 216
10 216
9 215
8 214
7 260
6 143
8 130
7 115
9 172
10 193
9 96
8 160
11 205
10 151
9 141
12 211
13 214
14 216
15 217
16 217
17 217
18 217
19 216
20 216
21 215
22 215
23 214
24 213
25 212
26 210
27 208
28 251
29 175
27 125
28 105
26 167
27 113
25 189
24 200
25 100
26 157
23 207
24 154
25 116
22 210
23 182
24 125
21 213
22 198
23 156
20 214
19 215
18 216
17 216
16 217
15 217
14 217
13 216
12 215
11 288
10 174
12 144
11 123
13 180
12 131
14 198
13 163
15 207
16 212
15 106
14 201
17 215
16 160
15 130
17 80
16 102
18 255
19 236
18 118
17 197
19 59
18 123
20 255
21 333
22 193
19 189
20 212
19 4
21 101
136 119
137 179
138 205
139 215
140 219
141 219
142 219
143 217
144 215
145 213
146 212
147 210
148 209
149 207
150 205
151 204
152 203
153 202
154 200
155 198
156 196
157 194
158 193
159 193
160 192
161 192
162 193
163 195
164 197
165 199
166 202
167 204
168 206
169 209
170 212
171 214
172 217
173 219
174 220
175 222
176 223
177 224
178 224
179 225
180 225
135 172
134 196
133 204
132 220
131 214
136 175
137 190
138 202
139 210
140 215
141 217
142 217
143 216
144 214
145 213
146 211
147 210
148 208
149 207
150 206
151 205
152 203
153 201
154 199
155 198
156 196
157 195
158 194
159 193
160 193
161 193
162 194
163 195
164 197
165 199
166 201
167 204
168 207
169 210
170 212
171 215
172 217
173 219
174 221
175 222
176 223
177 224
178 225
179 225
180 225
135 186
134 195
133 207
132 210
136 188
137 195
138 203
139 209
140 213
141 215
142 215
143 215
144 214
145 213
146 212
147 210
148 209
149 207
150 206
151 204
152 203
153 201
154 200
155 198
156 197
157 195
158 194
159 193
160 193
161 194
162 194
163 196
164 197
165 199
166 202
167 204
168 207
169 209
170 212
171 214
172 216
173 218
174 220
175 221
176 223
177 224
178 224
179 224
135 191
134 199
133 205
136 193
137 198
138 203
139 208
140 211
141 213
142 214
143 214
144 214
145 213
146 211
147 210
148 208
149 207
150 205
151 204
152 202
153 201
154 199
155 198
135 196
134 200
136 197
137 200
138 204
139 208
140 211
141 213
142 214
143 214
144 213
145 212
146 211
147 209
148 208
149 207
150 206
151 204
152 203
153 201
154 200
135 199
136 200
137 202
138 205
139 208
140 210
141 212
142 213
143 213
144 213
145 212
146 211
147 210
148 209
149 207
150 205
151 204
152 202
153 201
156 196
155 198
154 199
157 195
156 197
155 198
158 194
157 196
156 197
159 194
158 195
157 196
160 194
159 194
158 195
161 194
162 195
163 196
164 198
165 200
166 202
167 205
168 207
169 210
170 212
171 214
172 216
173 218
174 219
175 221
176 222
177 223
178 224
160 194
159 195
161 194
162 195
163 196
164 198
165 200
166 202
167 204
168 207
169 209
170 212
171 214
172 216
173 218
174 220
175 221
176 222
177 223
160 194
161 195
162 196
163 197
164 198
165 200
166 202
167 205
168 207
169 210
170 212
171 214
172 216
173 218
174 219
175 221
176 222
180 224
179 224
178 223
177 222
180 224
179 224
178 223
180 224
179 223
180 223
129 117
130 172
131 191
132 198
133 199
134 199
135 199
136 200
137 202
138 205
139 207
140 210
141 211
142 212
143 212
144 212
145 211
146 210
147 209
148 208
149 207
150 206
151 204
152 203
153 201
154 200
155 198
156 197
157 196
158 196
159 195
160 195
161 195
162 196
163 197
164 199
165 201
166 203
167 205
168 207
169 209
170 211
171 214
172 216
173 217
174 219
175 220
176 221
177 222
178 223
179 223
180 223
128 150
127 178
126 194
125 198
124 196
123 190
122 184
121 180
120 180
119 181
118 185
117 189
116 194
115 200
114 206
113 212
112 217
111 221
110 224
109 226
108 226
107 227
106 226
105 225
104 224
103 223
102 221
101 220
100 219
99 219
98 218
97 218
96 219
95 219
94 220
93 221
92 223
91 224
129 161
130 176
131 187
132 193
133 196
134 198
135 199
136 201
137 203
138 205
139 208
140 209
141 211
142 211
143 212
144 211
145 211
146 210
147 209
148 208
149 207
150 205
151 204
152 202
153 201
154 199
155 198
156 197
157 196
158 195
159 195
160 195
161 196
162 196
163 198
164 199
165 201
166 203
167 205
168 207
169 209
170 212
171 214
172 216
173 218
174 219
175 220
176 221
177 222
178 222
179 223
180 223
128 169
127 182
126 190
125 193
124 191
123 188
122 184
121 182
120 181
119 183
118 186
117 190
116 195
115 201
114 206
113 211
112 216
111 220
110 223
109 224
108 226
107 226
106 226
105 225
104 224
103 222
102 221
101 220
100 219
99 218
98 218
97 218
96 218
95 219
94 220
93 222
92 223
129 172
130 179
131 186
132 191
133 194
134 196
135 199
136 201
137 203
138 206
139 207
140 209
141 210
142 211
143 211
144 211
145 210
146 210
147 209
148 208
149 206
150 205
151 204
152 203
153 201
154 200
155 199
156 197
157 196
158 196
159 195
160 196
161 196
162 197
163 198
164 200
165 201
166 203
167 205
168 207
169 210
170 212
171 214
172 216
173 217
174 219
175 220
176 221
177 222
178 223
179 223
180 223
128 177
127 183
126 188
125 190
124 189
123 186
122 184
121 183
120 183
119 185
118 187
117 191
116 196
115 201
114 206
113 211
112 215
111 219
110 221
109 224
108 225
107 225
106 225
105 225
104 223
103 222
102 221
101 220
100 219
99 219
98 219
97 219
96 219
95 220
94 221
93 222
129 178
130 182
131 187
132 191
133 194
134 197
135 199
136 201
137 204
138 205
139 207
140 209
141 210
142 211
143 211
144 211
145 211
146 210
147 209
148 207
149 206
150 205
151 204
152 202
153 201
154 200
155 198
156 197
157 197
158 196
159 196
160 196
161 196
162 197
163 198
164 199
165 201
166 203
167 205
168 208
169 210
170 212
171 214
172 215
173 217
174 218
175 220
176 221
177 222
178 222
179 222
180 222
128 181
127 185
126 188
125 188
124 187
123 186
122 185
121 184
120 185
119 186
118 189
117 193
116 197
115 201
114 206
113 211
112 215
111 218
110 221
109 223
108 224
107 225
106 225
105 224
104 223
103 222
102 221
101 220
100 220
99 219
98 219
97 219
96 220
95 220
94 221
129 182
130 185
131 188
132 191
133 194
134 196
135 198
136 201
137 203
138 205
139 207
140 208
141 209
142 210
143 210
144 210
145 210
146 209
147 208
148 207
149 206
150 205
151 203
152 202
153 201
154 199
155 198
156 198
157 197
158 196
159 196
160 196
161 197
162 198
163 199
164 200
165 202
166 204
167 206
168 208
169 210
170 212
171 213
172 215
173 217
174 219
175 220
176 221
177 221
178 222
179 222
180 222
128 183
127 185
126 186
125 187
124 187
123 186
122 185
121 185
120 185
119 187
118 190
117 193
116 197
115 202
114 207
113 211
112 215
111 218
110 221
109 222
108 223
107 224
106 224
105 223
104 223
103 222
102 221
101 221
100 220
99 220
98 219
97 219
96 219
95 220
129 184
130 186
131 188
132 191
133 193
134 196
135 199
136 201
137 203
138 205
139 207
140 208
141 209
142 209
143 210
144 210
145 209
146 209
147 208
148 207
149 206
150 205
151 204
152 203
153 201
154 200
155 199
156 198
157 197
158 197
159 197
160 197
161 197
162 198
163 199
164 201
165 202
166 204
167 206
168 208
169 210
170 211
171 213
172 215
173 217
174 218
175 219
176 220
177 221
178 221
179 222
128 185
127 186
126 187
125 187
124 186
123 185
122 185
121 185
120 186
119 188
118 190
117 194
116 198
115 202
114 206
113 210
112 214
111 217
110 219
109 221
108 223
107 223
106 223
105 223
104 222
103 222
102 222
101 221
100 220
99 219
98 219
97 219
96 220
129 185
130 186
131 189
132 191
133 194
134 196
135 198
136 200
137 202
138 205
139 206
140 208
141 209
142 210
143 210
144 210
145 210
146 209
147 208
148 207
149 206
150 205
151 204
152 202
153 201
154 200
155 199
156 198
157 197
158 197
159 197
160 197
161 198
162 198
163 199
164 200
165 202
166 204
167 206
168 208
169 209
170 211
171 213
172 215
173 216
174 218
175 219
176 220
177 221
178 222
128 185
127 186
126 186
125 186
124 186
123 186
129 186
130 188
131 189
132 191
133 193
134 196
135 198
136 200
137 203
138 204
139 206
140 207
141 208
142 209
143 209
144 209
145 209
146 208
147 208
148 207
149 206
150 205
151 203
152 202
153 201
154 200
155 199
156 198
157 198
158 197
159 197
160 197
161 197
162 198
163 199
164 201
165 203
166 204
167 206
168 207
169 209
170 211
171 213
172 215
173 217
174 218
175 219
176 220
177 221
128 186
129 187
130 188
131 190
132 192
133 194
134 196
135 198
136 201
137 202
138 204
139 206
140 207
141 208
142 208
143 209
144 209
145 208
146 208
147 207
148 207
149 206
150 204
151 203
152 202
153 201
154 200
155 199
156 198
157 197
158 197
159 197
160 197
161 198
162 199
163 200
164 201
165 202
166 204
167 205
168 207
169 209
170 211
171 213
172 215
173 216
174 217
175 219
176 220
127 186
128 187
129 187
130 188
131 190
132 192
133 194
134 196
135 199
136 200
137 202
138 204
139 205
140 207
141 208
142 209
143 209
144 209
145 209
146 208
147 208
148 207
149 206
150 205
151 204
152 203
153 202
154 200
155 199
156 198
157 198
158 198
159 197
160 198
161 198
162 199
163 200
164 201
165 203
166 204
167 206
168 208
169 210
170 212
171 214
172 215
173 216
174 218
175 219
126 186
125 186
124 186
127 186
126 186
125 186
128 186
129 187
130 189
131 190
132 192
133 194
134 196
135 198
136 200
137 202
138 204
139 206
140 207
141 208
142 208
143 208
144 208
145 208
146 208
147 207
148 206
149 205
150 204
151 203
152 202
153 201
154 200
155 199
156 199
157 198
158 197
159 198
160 198
161 199
162 199
163 200
164 202
165 203
166 205
167 206
168 208
169 210
170 212
171 213
172 214
173 216
174 217
127 186
128 187
129 188
130 189
131 191
132 192
133 194
134 196
135 198
136 200
137 202
138 204
139 205
140 206
141 207
142 208
143 208
144 208
145 208
146 208
147 207
148 206
149 205
150 204
151 203
152 202
153 201
154 200
155 200
156 199
157 198
158 198
159 198
160 198
161 198
162 199
163 201
164 202
165 203
166 204
167 206
168 208
169 210
170 211
171 213
172 215
173 216
126 186
127 187
128 187
129 188
130 189
131 190
132 192
133 194
134 196
135 198
136 200
137 202
138 203
139 205
140 206
141 207
142 207
143 208
144 208
145 208
146 207
147 207
148 206
149 205
150 204
151 203
152 202
153 201
154 201
155 200
156 199
157 199
158 199
159 198
160 198
161 199
162 200
163 201
164 202
165 203
166 205
167 207
168 208
169 209
170 211
171 213
172 214
122 185
121 185
120 187
119 188
118 191
117 194
116 198
115 202
114 206
113 210
112 213
111 216
110 219
109 221
108 222
107 223
106 223
105 223
104 223
103 222
102 221
101 220
100 220
99 220
98 220
97 220
123 185
122 185
121 186
120 187
119 189
118 192
117 195
116 199
115 203
114 207
113 210
112 213
111 216
110 218
109 220
108 221
107 222
106 222
105 222
104 222
103 222
102 221
101 221
100 220
99 220
98 220
124 185
123 185
122 186
121 187
120 188
119 190
118 192
117 196
116 199
115 203
114 206
113 210
112 213
111 216
110 218
109 220
108 221
107 221
106 222
105 222
104 222
103 221
102 221
101 220
100 220
99 220
125 185
126 186
127 186
128 187
129 188
130 189
131 191
132 193
133 195
134 197
135 198
136 200
137 202
138 204
139 205
140 206
141 206
142 207
143 207
144 208
145 207
146 207
147 206
148 206
149 205
150 204
151 203
152 202
153 201
154 200
155 199
156 199
157 199
158 198
159 198
160 199
161 199
162 200
163 201
164 202
165 204
166 205
167 206
168 208
169 210
170 212
171 213
124 185
123 186
122 186
121 187
120 188
119 190
118 193
117 196
116 200
115 203
114 207
113 210
112 213
111 215
110 218
109 219
108 220
107 221
106 221
105 222
104 221
103 221
102 221
101 221
100 221
125 186
124 186
123 186
122 187
121 187
120 189
119 191
118 194
117 197
116 200
115 203
114 206
113 209
112 212
111 215
110 217
109 219
108 220
107 221
106 222
105 221
104 221
103 221
102 221
101 221
126 186
127 187
128 188
129 189
130 190
131 191
132 193
133 195
134 196
135 198
136 200
137 202
138 203
139 204
140 205
141 206
142 207
143 208
144 207
145 207
146 207
147 207
148 206
149 205
150 204
151 203
152 202
153 201
154 200
155 200
156 199
157 198
158 198
159 199
160 199
161 200
162 201
163 201
164 202
165 203
166 205
167 207
168 208
169 210
170 211
125 186
126 187
127 187
128 188
129 189
130 190
131 192
132 193
133 194
134 196
135 198
136 200
137 201
138 203
139 204
140 205
141 206
142 207
143 207
144 207
145 207
146 207
147 206
148 205
149 205
150 204
151 203
152 202
153 201
154 201
155 200
156 199
157 199
158 199
159 199
160 199
161 200
162 200
163 201
164 202
165 204
166 205
167 206
168 208
169 209
124 186
123 186
122 186
121 188
120 189
119 192
118 194
117 197
116 200
115 203
114 206
113 209
112 212
111 215
110 217
109 218
108 220
107 221
106 221
105 221
104 221
103 221
102 221
125 186
124 186
123 186
122 187
121 188
120 190
119 192
118 195
117 197
116 200
115 203
114 206
113 209
112 212
111 214
110 216
109 218
108 219
107 220
106 220
105 221
104 221
103 221
126 186
127 187
128 188
129 189
130 191
131 192
132 193
133 195
134 197
135 199
136 200
137 202
138 203
139 204
140 205
141 206
142 206
143 206
144 207
145 207
146 206
147 206
148 206
149 205
150 204
151 203
152 202
153 202
154 201
155 200
156 200
157 199
158 199
159 199
160 200
161 200
162 201
163 202
164 203
165 204
166 205
167 207
168 208
125 186
126 187
127 188
128 188
129 189
130 190
131 191
132 193
133 195
134 197
135 198
136 200
137 201
138 202
139 204
140 205
141 206
142 206
143 207
144 207
145 207
146 207
147 206
148 205
149 204
150 204
151 203
152 203
153 202
154 201
155 200
156 199
157 199
158 199
159 199
160 199
161 200
162 201
163 202
164 203
165 204
166 206
167 207
124 186
123 187
122 188
121 189
120 191
119 193
118 195
117 198
116 200
115 203
114 206
113 209
112 212
111 214
110 216
109 218
108 219
107 219
106 220
105 220
104 221
125 187
124 187
123 187
122 188
121 189
120 191
119 193
118 195
117 197
116 200
115 203
114 206
113 209
112 211
111 214
110 216
109 217
108 218
107 219
106 220
105 221
126 187
125 187
124 187
123 188
122 188
121 190
120 191
119 193
118 195
117 198
116 201
115 204
114 207
113 209
112 212
111 214
110 215
109 217
108 218
107 219
106 220
127 187
128 188
129 189
130 190
131 192
132 194
133 195
134 196
135 198
136 200
137 201
138 203
139 204
140 205
141 205
142 206
143 206
144 206
145 206
146 206
147 206
148 205
149 205
150 204
151 204
152 203
153 202
154 201
155 200
156 200
157 200
158 200
159 200
160 200
161 200
162 201
163 202
164 203
165 204
166 205
126 187
127 188
128 189
129 190
130 191
131 192
132 193
133 195
134 197
135 199
136 200
137 202
138 203
139 204
140 205
141 206
142 206
143 206
144 206
145 206
146 206
147 205
148 205
149 204
150 204
151 203
152 202
153 201
154 200
155 200
156 200
157 200
158 200
159 200
160 200
161 201
162 201
163 202
164 203
165 204
125 187
124 188
123 188
122 189
121 190
120 192
119 193
118 196
117 198
116 201
115 204
114 206
113 209
112 211
111 213
110 215
109 216
108 218
107 219
126 188
125 188
124 188
123 188
122 189
121 190
120 191
119 194
118 196
117 199
116 201
115 203
114 206
113 209
112 211
111 213
110 215
109 217
108 218
127 188
128 189
129 190
130 191
131 192
132 194
133 195
134 197
135 198
136 200
137 201
138 202
139 203
140 204
141 205
142 206
143 206
144 206
145 206
146 205
147 205
148 205
149 205
150 204
151 203
152 202
153 201
154 201
155 201
156 200
157 200
158 200
159 200
160 201
161 201
162 202
163 202
164 203
126 188
127 189
128 189
129 190
130 191
131 193
132 194
133 196
134 197
135 199
136 200
137 201
138 202
139 203
140 204
141 205
142 205
143 206
144 206
145 206
146 206
147 206
148 205
149 204
150 203
151 203
152 202
153 202
154 201
155 200
156 200
157 200
158 200
159 200
160 200
161 201
162 201
163 202
125 188
124 188
123 189
122 190
121 191
120 193
119 194
118 196
117 198
116 201
115 204
114 207
113 209
112 211
111 213
110 215
109 216
126 188
125 188
124 188
123 189
122 190
121 191
120 192
119 194
118 196
117 199
116 201
115 204
114 206
113 208
112 211
111 213
110 214
127 188
128 189
129 190
130 192
131 193
132 194
133 195
134 197
135 198
136 199
137 201
138 202
139 203
140 204
141 204
142 205
143 205
144 206
145 206
146 206
147 205
148 205
149 204
150 204
151 203
152 203
153 202
154 201
155 201
156 201
157 200
158 200
159 200
160 201
161 201
162 202
126 188
127 189
128 190
129 191
130 192
131 193
132 194
133 196
134 197
135 198
136 200
137 201
138 202
139 203
140 204
141 205
142 205
143 206
144 206
145 206
146 205
147 205
148 204
149 204
150 203
151 203
152 202
153 201
154 201
155 201
156 200
157 200
158 200
159 201
160 201
161 201
125 188
124 189
123 189
122 190
121 191
120 193
119 195
118 197
117 199
116 202
115 204
114 206
113 209
112 211
111 212
126 189
125 189
124 189
123 190
122 190
121 192
120 193
119 195
118 197
117 199
116 201
115 203
114 206
113 208
112 210
127 189
128 190
129 191
130 192
131 193
132 195
133 196
134 197
135 199
136 200
137 201
138 202
139 203
140 204
141 204
142 205
143 205
144 205
145 205
146 205
147 205
148 205
149 204
150 204
151 203
152 202
153 202
154 202
155 201
156 201
157 201
158 201
159 201
160 201
126 189
127 190
128 190
129 191
130 192
131 193
132 194
133 195
134 197
135 198
136 199
137 200
138 202
139 203
140 203
141 204
142 205
143 205
144 205
145 205
146 205
147 205
148 204
149 204
150 203
151 202
152 202
153 202
154 201
155 201
156 201
157 201
158 201
159 201
125 189
124 189
123 189
122 191
121 192
120 194
119 195
118 197
117 199
116 201
115 204
114 206
113 208
126 189
125 189
124 189
123 190
122 191
121 192
120 193
119 195
118 197
117 199
116 202
115 204
114 206
127 189
128 190
129 191
130 192
131 193
132 194
133 196
134 197
135 198
136 199
137 201
138 202
139 203
140 204
141 205
142 205
143 205
144 205
145 205
146 205
147 204
148 204
149 204
150 203
151 203
152 203
153 202
154 202
155 201
156 201
157 201
158 201
126 189
127 190
128 191
129 191
130 192
131 193
132 195
133 196
134 197
135 198
136 200
137 201
138 202
139 203
140 204
141 204
142 204
143 205
144 205
145 205
146 205
147 205
148 205
149 204
150 204
151 203
152 202
153 202
154 201
155 201
156 201
157 201
125 189
124 190
123 191
122 191
121 192
120 194
119 196
118 198
117 200
116 202
115 204
126 190
125 190
124 190
123 190
122 191
121 193
120 194
119 196
118 198
117 200
116 202
127 190
126 190
125 190
124 190
123 191
122 192
121 193
120 195
119 196
118 198
117 200
128 190
129 191
130 192
131 194
132 195
133 196
134 197
135 199
136 200
137 201
138 202
139 203
140 203
141 204
142 205
143 205
144 205
145 205
146 205
147 205
148 204
149 204
150 203
151 203
152 203
153 202
154 202
155 202
156 201
127 190
128 191
129 192
130 193
131 194
132 195
133 196
134 197
135 198
136 199
137 200
138 201
139 202
140 203
141 204
142 204
143 204
144 205
145 205
146 205
147 204
148 204
149 203
150 203
151 203
152 202
153 202
154 202
155 201
126 190
127 191
128 191
129 192
130 193
131 194
132 195
133 196
134 197
135 198
136 199
137 200
138 201
139 202
140 203
141 203
142 204
143 205
144 205
145 205
146 204
147 204
148 204
149 204
150 204
151 203
152 203
153 202
154 201
125 190
124 191
123 191
122 192
121 193
120 194
119 196
118 198
126 190
125 190
124 190
123 191
122 192
121 193
120 195
119 197
127 190
128 191
129 192
130 193
131 194
132 195
133 196
134 197
135 198
136 199
137 200
138 201
139 202
140 203
141 204
142 204
143 204
144 204
145 204
146 204
147 204
148 204
149 204
150 203
151 203
152 202
153 202
126 190
127 191
128 192
129 192
130 193
131 194
132 195
133 196
134 197
135 198
136 199
137 200
138 201
139 202
140 203
141 203
142 204
143 204
144 204
145 204
146 204
147 204
148 204
149 203
150 203
151 202
152 202
125 190
124 191
123 192
122 193
121 194
120 195
126 191
125 191
124 191
123 192
122 193
121 194
127 191
126 191
125 191
124 192
123 192
122 193
128 191
129 192
130 193
131 194
132 195
133 196
134 197
135 198
136 199
137 200
138 201
139 202
140 202
141 203
142 203
143 204
144 204
145 204
146 204
147 204
148 203
149 203
150 203
151 203
127 191
128 192
129 193
130 193
131 194
132 195
133 196
134 197
135 198
136 199
137 200
138 201
139 201
140 202
141 203
142 204
143 204
144 204
145 204
146 204
147 204
148 204
149 204
150 203
126 191
125 192
124 192
123 193
127 192
126 192
125 192
124 192
128 192
127 192
126 192
125 192
129 192
130 193
131 194
132 195
133 196
134 197
135 198
136 199
137 200
138 201
139 202
140 203
141 203
142 203
143 203
144 204
145 204
146 204
147 204
148 204
149 203
128 192
129 193
130 194
131 194
132 195
133 196
134 197
135 198
136 199
137 200
138 201
139 202
140 202
141 203
142 203
143 204
144 204
145 204
146 204
147 204
148 203
127 192
128 193
129 193
130 193
131 194
132 195
133 196
134 197
135 198
136 199
137 200
138 201
139 201
140 202
141 202
142 203
143 203
144 203
145 203
146 204
147 203
126 192
127 192
128 192
129 193
130 194
131 195
132 195
133 196
134 197
135 198
136 199
137 200
138 200
139 201
140 202
141 203
142 203
143 203
144 203
145 204
146 203
180 222
179 222
178 221
177 220
176 220
175 218
174 217
173 216
172 215
171 213
170 211
169 210
168 209
167 207
166 206
165 205
164 204
163 203
162 202
161 202
160 201
159 201
158 201
157 201
156 201
155 201
154 202
153 202
152 203
151 203
150 203
149 203
148 203
147 203
180 222
179 221
178 221
177 221
176 219
175 218
174 217
173 216
172 214
171 212
170 211
169 210
168 208
167 207
166 206
165 205
164 204
163 203
162 202
161 201
160 201
159 201
158 201
157 201
156 201
155 202
154 202
153 202
152 202
151 202
150 203
149 203
148 203
180 221
179 221
178 221
177 220
176 219
175 218
174 217
173 215
172 214
171 213
170 212
169 210
168 209
167 207
166 206
165 205
164 204
163 203
162 202
161 202
160 202
159 201
158 201
157 201
156 202
155 202
154 202
153 202
152 202
151 203
150 203
149 203
180 221
179 221
178 220
177 219
176 219
175 218
174 217
173 216
172 214
171 213
170 211
169 210
168 208
167 207
166 206
165 205
164 204
163 203
162 203
161 202
160 201
159 201
158 201
157 201
156 201
155 201
154 201
153 202
152 203
151 203
150 203
180 221
179 221
178 220
177 220
176 219
175 218
174 217
173 215
172 214
171 212
170 211
169 209
168 208
167 207
166 206
165 205
164 204
163 204
162 203
161 202
160 202
159 202
158 201
157 201
156 201
155 201
154 202
153 202
152 202
151 202
180 221
179 220
178 220
177 219
176 218
175 218
174 216
173 215
172 214
171 213
170 211
169 210
168 209
167 208
166 206
165 205
164 204
163 203
162 202
161 202
160 202
159 201
158 201
157 201
156 201
155 202
154 202
153 202
152 202
180 220
179 220
178 220
177 219
176 219
175 217
174 216
173 215
172 214
171 212
170 211
169 210
168 209
167 207
166 206
165 205
164 204
163 203
162 203
161 203
160 202
159 202
158 202
157 202
156 202
155 202
154 202
153 202
180 220
179 220
178 219
177 219
176 218
175 217
174 216
173 215
172 213
171 212
170 211
169 210
168 208
167 207
166 206
165 205
164 204
163 204
162 203
161 202
160 202
159 202
158 202
157 202
156 202
155 202
154 202
180 220
179 220
178 220
177 219
176 218
175 217
174 216
173 215
172 214
171 213
170 212
169 210
168 209
167 208
166 207
165 205
164 205
163 204
162 203
161 203
160 202
159 202
158 202
157 202
156 202
155 202
180 220
179 220
178 219
177 219
176 218
175 217
174 216
173 215
172 214
171 213
170 211
169 210
168 209
167 208
166 206
165 206
164 205
163 204
162 204
161 203
160 203
159 202
158 202
157 202
156 202
180 220
179 219
178 219
177 218
176 217
175 217
174 216
173 215
172 214
171 212
170 211
169 210
168 209
167 207
166 207
165 206
164 205
163 204
162 203
161 203
160 202
159 202
158 202
157 202
180 219
179 219
178 219
177 218
176 218
175 217
174 216
173 215
172 213
171 212
170 211
169 210
168 208
167 208
166 207
165 206
164 205
163 204
162 204
161 203
160 203
159 203
158 202
180 219
179 219
178 218
177 218
176 217
175 216
174 216
173 214
172 213
171 212
170 211
169 209
168 209
167 208
166 207
165 206
164 205
163 205
162 204
161 203
160 203
159 202
180 219
179 219
178 219
177 218
176 217
175 217
174 215
173 214
172 213
171 212
170 211
169 210
168 209
167 208
166 207
165 206
164 205
163 204
162 203
161 203
160 202
180 219
179 219
178 218
177 218
176 218
175 216
174 215
173 214
172 213
171 212
170 211
169 210
168 209
167 208
166 207
165 206
164 205
163 204
162 204
161 203
180 219
179 218
178 218
177 218
176 217
175 216
174 215
173 214
172 213
171 212
170 211
169 210
168 209
167 208
166 207
165 206
164 205
163 205
162 204
180 218
179 218
178 218
177 217
176 216
175 216
174 215
173 214
172 213
171 212
170 211
169 210
168 209
167 208
166 207
165 206
164 206
163 205
180 218
179 218
178 218
177 217
176 217
175 216
174 215
173 214
172 213
171 212
170 211
169 210
168 209
167 208
166 207
165 206
164 205
180 218
179 218
178 217
177 217
176 216
175 215
174 215
173 214
172 213
171 212
170 211
169 210
168 209
167 208
166 207
165 206
180 218
179 218
178 218
177 217
176 216
175 216
174 215
173 214
172 213
171 212
170 211
169 210
168 209
167 208
166 207
180 218
179 218
178 217
177 217
176 217
175 216
174 215
173 214
172 213
171 212
170 211
169 210
168 209
167 208
180 218
179 217
178 217
177 217
176 216
175 215
174 214
173 214
172 213
171 212
170 211
169 210
168 209
180 217
179 217
178 217
177 216
176 216
175 215
174 215
173 214
172 213
171 212
170 211
169 210
180 217
179 217
178 217
177 217
176 216
175 216
174 215
173 214
172 213
171 212
170 211
180 217
179 217
178 217
177 216
176 216
175 215
174 214
173 213
172 213
171 212
180 217
179 217
178 216
177 216
176 215
175 215
174 214
173 214
172 213
180 217
179 217
178 217
177 216
176 216
175 215
174 215
173 214
180 217
179 217
178 216
177 216
176 215
175 215
174 214
180 217
179 216
178 216
177 216
176 216
175 215
180 216
179 216
178 216
177 216
176 215
180 216
179 216
178 216
177 215
180 216
179 216
178 216
180 216
179 216
180 216
81 116
82 174
83 203
84 218
85 224
86 227
87 228
88 228
89 227
90 226
91 224
92 223
93 222
94 221
95 221
96 220
97 220
98 220
99 220
100 220
101 220
102 220
103 221
104 221
105 220
106 219
107 219
108 217
109 216
110 214
111 212
112 210
113 208
114 206
115 204
116 202
117 200
118 198
119 196
120 195
121 194
122 193
123 192
124 192
125 192
126 192
127 192
128 193
129 193
130 194
131 194
132 195
133 196
134 197
135 198
136 199
137 200
138 201
139 202
140 202
141 202
142 203
143 203
144 204
145 203
146 203
147 203
148 203
149 203
150 202
151 202
152 202
153 202
154 202
155 202
156 202
157 202
158 202
159 202
160 203
161 204
162 204
163 204
164 205
165 206
166 207
167 208
168 209
169 210
170 211
171 212
172 213
173 213
174 214
175 214
176 215
177 216
178 216
179 216
180 110
178 108
179 98
80 173
79 200
78 213
77 217
76 218
75 216
74 213
73 210
72 207
71 204
70 202
69 199
68 197
67 194
66 191
65 187
64 182
63 176
81 173
82 188
83 203
84 213
85 220
86 224
87 226
88 226
89 226
90 225
91 224
92 223
93 222
94 222
95 221
96 221
97 221
98 220
99 220
100 220
101 220
102 221
103 221
104 220
105 220
106 220
107 218
108 217
109 215
110 214
111 212
112 210
113 208
114 206
115 204
116 202
117 200
118 198
119 197
120 196
121 195
122 194
123 193
124 193
125 192
126 192
127 193
128 193
129 194
130 194
131 195
132 196
133 196
134 197
135 198
136 199
137 200
138 201
139 201
140 202
141 203
142 203
143 204
144 203
145 203
146 203
147 203
148 203
149 203
150 203
151 203
152 203
153 203
154 202
155 202
156 202
157 202
158 202
159 203
160 203
161 203
162 204
163 205
164 206
165 207
166 207
167 208
168 209
169 210
170 211
171 212
172 212
173 213
174 214
175 215
176 215
177 269
178 181
80 187
79 200
78 208
77 213
76 214
75 213
74 212
73 210
72 207
71 205
70 202
69 200
68 197
67 194
66 190
81 188
82 195
83 204
84 212
85 218
86 222
87 224
88 225
89 225
90 224
91 224
92 223
93 222
94 221
95 221
96 221
97 220
98 220
99 220
100 220
101 221
102 221
103 220
104 220
105 220
106 219
107 218
108 217
109 216
110 214
111 212
112 210
113 208
114 206
115 204
116 202
117 200
118 199
119 197
120 196
121 195
80 194
79 201
78 207
77 211
76 212
75 212
74 211
73 209
72 207
71 204
70 202
69 199
68 196
81 194
82 199
83 206
84 212
85 217
86 221
87 223
88 224
89 224
90 224
91 223
92 222
93 222
94 222
95 221
96 220
97 220
98 220
99 220
100 221
101 221
102 220
103 220
104 220
105 219
106 218
107 218
108 217
109 215
110 213
111 212
112 210
113 208
114 206
115 204
116 202
117 201
118 199
119 198
80 197
79 202
78 207
77 209
76 211
75 211
74 210
73 208
72 206
71 204
70 201
69 199
81 198
82 202
83 207
84 212
85 217
86 220
87 222
88 223
89 223
90 223
91 223
92 223
93 222
94 221
95 221
96 221
97 221
98 221
99 221
100 221
101 220
102 220
103 220
104 220
105 219
106 219
107 218
108 216
109 215
110 214
111 212
112 210
113 208
114 206
115 204
116 202
80 200
79 204
78 206
77 209
76 210
75 210
74 209
73 208
72 206
71 204
70 202
81 201
82 204
83 208
84 213
85 216
86 219
87 221
88 222
89 223
90 223
91 223
92 222
93 222
94 222
95 221
96 221
97 221
98 221
99 221
100 220
101 220
102 220
103 220
104 219
105 219
106 218
107 217
108 216
109 215
110 213
111 211
112 209
113 208
114 206
115 204
80 203
79 204
78 207
77 208
76 209
75 209
74 208
73 207
72 205
81 204
82 206
83 209
84 212
85 216
86 218
87 220
88 222
89 222
90 223
91 222
92 222
93 222
94 221
95 221
96 221
97 221
98 221
99 221
100 221
101 221
102 221
103 220
104 220
105 219
106 218
107 217
108 216
109 214
110 213
111 211
112 210
113 208
114 206
80 204
79 206
78 207
77 208
76 208
75 208
74 208
73 206
81 205
82 207
83 210
84 213
85 215
86 218
87 220
88 221
89 222
90 222
91 222
92 222
93 221
94 221
95 221
96 221
97 221
98 221
99 221
100 221
101 221
102 220
103 220
104 219
105 219
106 218
107 217
108 216
109 215
110 213
111 212
112 210
113 208
80 205
79 206
78 207
77 208
76 208
75 208
74 207
81 206
82 208
83 210
84 213
85 216
86 218
87 219
88 220
89 221
90 221
91 222
92 222
93 222
94 222
95 222
96 221
97 221
98 221
99 221
100 221
101 220
102 220
103 220
104 220
105 219
106 218
107 217
108 216
109 214
110 213
111 211
112 209
80 206
81 207
82 209
83 211
84 213
85 215
86 217
87 219
88 220
89 221
90 222
91 222
92 222
93 222
94 222
95 221
96 221
97 221
98 221
99 221
100 220
101 220
102 220
103 220
104 219
105 218
106 218
107 217
108 215
109 214
110 212
111 211
79 206
78 207
77 207
76 208
75 208
80 207
81 208
82 209
83 211
84 213
85 215
86 217
87 218
88 220
89 221
90 221
91 221
92 221
93 221
94 221
95 221
96 221
97 221
98 221
99 220
100 220
101 220
102 220
103 219
104 219
105 219
106 218
107 216
108 215
109 214
110 213
79 207
78 207
77 208
76 208
80 207
81 208
82 210
83 212
84 214
85 216
86 217
87 219
88 220
89 220
90 221
91 221
92 221
93 221
94 221
95 221
96 221
97 221
98 220
99 220
100 220
101 220
102 220
103 220
104 219
105 218
106 217
107 216
108 215
109 214
79 207
80 208
81 209
82 210
83 212
84 214
85 215
86 217
87 218
88 219
89 220
90 220
91 221
92 221
93 221
94 221
95 221
96 221
97 220
98 220
99 220
100 220
101 220
102 220
103 219
104 219
105 218
106 217
107 216
108 215
78 207
79 208
80 208
81 209
82 211
83 212
84 213
85 215
86 216
87 218
88 219
89 220
90 221
91 221
92 221
93 221
94 221
95 221
96 221
97 221
98 221
99 221
100 221
101 221
102 220
103 220
104 219
105 218
106 217
107 216
77 207
78 208
79 208
80 209
81 210
82 211
83 212
84 214
85 215
86 217
87 218
88 219
89 220
90 220
91 220
92 221
93 221
94 221
95 221
96 221
97 221
98 221
99 221
100 221
101 220
102 220
103 219
104 218
105 218
106 217
71 203
72 205
73 206
74 207
75 207
76 207
77 208
78 208
79 208
80 209
81 210
82 211
83 213
84 214
85 216
86 217
87 218
88 219
89 219
90 220
91 221
92 221
93 221
94 221
95 221
96 221
97 221
98 221
99 221
100 220
101 220
102 219
103 219
104 219
105 218
117 200
116 202
115 204
114 206
113 207
112 209
111 211
110 212
109 213
108 215
107 216
106 217
118 199
117 201
116 203
115 204
114 206
113 208
112 210
111 211
110 212
109 214
108 215
107 216
120 196
119 197
118 199
117 201
116 202
115 204
114 206
113 208
112 209
111 210
110 212
109 213
108 214
122 194
121 195
120 196
119 198
118 199
117 200
116 202
115 204
114 206
113 207
112 209
111 211
110 212
109 213
123 194
122 194
121 195
120 197
119 198
118 199
117 201
116 203
115 205
114 206
113 208
112 209
111 210
110 212
67 193
68 196
69 199
70 201
71 203
72 204
73 206
74 206
75 207
76 207
77 207
78 207
79 208
80 209
81 210
82 211
83 212
84 214
85 215
86 216
87 217
88 218
89 219
90 220
91 220
92 220
93 221
94 221
95 221
96 221
97 221
98 221
99 220
100 220
101 220
102 220
103 219
104 218
105 217
106 216
107 215
108 214
109 213
124 193
123 193
122 194
121 195
120 196
119 197
118 199
117 201
116 203
115 204
114 206
113 207
112 209
111 211
110 212
125 193
124 193
123 194
122 195
121 196
120 197
119 198
118 200
117 201
116 202
115 204
114 205
113 207
112 209
111 210
126 193
125 193
124 193
123 194
122 195
121 196
120 197
119 199
118 200
117 201
116 203
115 204
114 206
113 208
112 209
127 193
126 193
125 193
124 194
123 194
122 195
121 196
120 197
119 198
118 199
117 201
116 202
115 204
114 206
113 207
128 193
127 193
126 193
125 193
124 193
123 194
122 195
121 196
120 197
119 198
118 200
117 201
116 203
115 205
114 206
129 193
130 194
131 195
132 195
133 196
134 197
135 198
136 199
137 200
138 200
139 201
140 202
141 202
142 203
143 203
144 203
145 203
146 203
147 203
148 203
149 203
150 203
151 203
152 203
153 202
154 202
155 202
156 202
157 202
158 203
159 203
160 203
161 204
162 204
163 205
164 206
165 206
166 207
167 208
168 209
169 210
170 211
171 212
172 213
173 214
174 214
175 214
176 242
177 199
128 193
129 194
130 194
131 194
132 195
133 196
134 197
135 198
136 199
137 199
138 200
139 201
140 201
141 202
142 202
143 202
144 203
145 203
146 203
147 203
148 203
149 203
150 203
151 203
152 202
153 202
154 202
155 202
156 202
157 202
158 202
159 202
160 203
161 203
162 204
163 205
164 205
165 206
166 207
167 208
168 209
169 210
170 211
171 212
172 213
173 213
174 214
175 228
176 178
174 114
175 133
127 193
128 194
129 194
130 194
131 195
132 196
133 197
134 198
135 199
136 199
137 200
138 201
139 201
140 202
141 202
142 202
143 203
144 203
145 203
146 203
147 203
148 203
149 203
150 203
151 202
152 202
153 202
154 202
155 202
156 202
157 202
158 202
159 203
160 203
161 204
162 205
163 205
164 206
165 207
166 208
167 208
168 209
169 210
170 211
171 212
172 212
173 270
174 177
172 135
173 155
126 193
125 193
124 194
123 195
122 195
121 196
120 197
119 199
118 200
117 202
116 203
115 204
127 193
126 193
125 194
124 194
123 194
122 195
121 196
120 198
119 199
118 200
117 201
116 203
128 193
127 193
126 193
125 193
124 194
123 195
122 196
121 197
120 198
119 199
118 200
117 202
129 193
130 194
131 195
132 196
133 197
134 198
135 198
136 199
137 200
138 200
139 201
140 201
141 202
142 203
143 203
144 203
145 203
146 203
147 203
148 203
149 203
150 202
151 202
152 202
153 202
154 202
155 202
156 202
157 202
158 203
159 203
160 204
161 204
162 204
163 205
164 206
165 207
166 207
167 208
168 209
169 210
170 211
171 279
172 201
128 193
129 194
130 195
131 195
132 196
133 197
134 197
135 198
136 199
137 199
138 200
139 201
140 202
141 202
142 202
143 202
144 202
145 203
146 203
147 203
148 203
149 202
150 202
151 202
152 202
153 202
154 202
155 202
156 202
157 203
158 203
159 203
160 203
161 204
162 205
163 205
164 206
165 206
166 207
167 208
168 209
169 210
170 244
171 171
169 122
170 101
168 166
169 112
127 193
128 194
129 194
130 194
131 195
132 196
133 196
134 197
135 198
136 199
137 200
138 201
139 201
140 201
141 202
142 202
143 202
144 203
145 203
146 203
147 203
148 203
149 203
150 203
151 203
152 203
153 203
154 203
155 202
156 203
157 203
158 203
159 203
160 204
161 204
162 204
163 205
164 205
165 206
166 207
167 291
168 160
166 146
167 121
165 177
166 139
126 193
125 194
124 194
123 195
122 196
121 197
120 198
119 199
118 201
127 194
126 194
125 194
124 195
123 195
122 196
121 197
120 198
119 199
128 194
127 194
126 194
125 194
124 194
123 195
122 196
121 197
120 198
129 194
130 195
131 196
132 196
133 197
134 198
135 199
136 199
137 200
138 200
139 201
140 202
141 202
142 202
143 203
144 203
145 203
146 203
147 203
148 203
149 203
150 203
151 203
152 203
153 203
154 202
155 203
156 203
157 203
158 203
159 204
160 204
161 204
162 205
163 205
164 294
165 184
163 147
164 139
162 176
163 150
128 194
129 195
130 195
131 195
132 196
133 197
134 198
135 198
136 199
137 199
138 200
139 201
140 201
141 201
142 202
143 202
144 202
145 202
146 203
147 203
148 203
149 203
150 203
151 203
152 203
153 202
154 203
155 203
156 203
157 203
158 203
159 203
160 203
161 292
162 188
160 146
161 138
159 175
160 145
127 194
126 194
125 194
124 195
123 196
122 196
121 197
128 194
127 194
126 194
125 195
124 195
123 195
122 196
129 194
130 195
131 196
132 196
133 197
134 197
135 198
136 199
137 200
138 201
139 201
140 201
141 202
142 202
143 202
144 202
145 203
146 203
147 203
148 203
149 203
150 203
151 203
152 202
153 203
154 203
155 203
156 203
157 203
158 291
159 180
157 145
158 128
156 174
157 135
128 194
129 195
130 195
131 195
132 196
133 196
134 197
135 198
136 199
137 200
138 200
139 200
140 201
141 201
142 202
143 202
144 203
145 203
146 203
147 203
148 203
149 203
150 203
151 202
152 203
153 203
154 203
155 290
156 171
154 145
155 121
153 174
154 130
127 194
126 195
125 195
124 195
123 196
128 195
127 195
126 195
125 195
124 196
129 195
128 195
127 195
126 195
125 195
130 195
131 196
132 196
133 197
134 198
135 199
136 199
137 199
138 200
139 201
140 201
141 202
142 202
143 203
144 203
145 203
146 203
147 203
148 203
149 203
150 202
151 203
152 290
153 169
151 145
152 122
150 174
151 134
129 195
130 196
131 196
132 197
133 197
134 198
135 198
136 199
137 200
138 200
139 200
140 201
141 201
142 202
143 202
144 202
145 202
146 202
147 203
148 203
149 289
150 176
148 144
149 132
147 173
148 147
128 195
127 195
126 195
129 195
128 195
127 195
130 195
131 196
132 196
133 197
134 197
135 198
136 199
137 199
138 200
139 201
140 201
141 202
142 202
143 202
144 202
145 202
146 289
147 192
145 145
146 151
129 195
130 196
131 196
132 197
133 197
134 198
135 199
136 199
137 200
138 200
139 200
140 201
141 201
142 201
143 202
144 275
145 168
143 137
144 114
142 170
143 127
128 195
129 196
130 196
131 196
132 196
133 197
134 198
135 198
136 199
137 199
138 200
139 201
140 201
141 286
142 173
140 143
141 137
65 186
66 190
67 193
68 196
69 198
70 200
71 202
72 204
73 205
74 206
75 206
76 207
77 207
78 208
79 209
80 209
81 210
82 211
83 213
84 214
85 215
86 216
87 217
88 218
89 219
90 219
91 220
92 221
93 221
94 221
95 221
96 221
97 221
98 220
99 220
100 220
101 220
102 219
103 219
104 218
105 217
106 216
107 215
108 214
109 213
110 211
111 210
112 208
113 207
114 205
115 204
116 203
117 202
118 200
119 199
120 198
121 197
122 197
123 196
124 195
125 195
126 195
127 195
128 195
129 195
130 195
131 196
132 197
133 198
134 198
135 199
136 199
137 200
138 200
139 272
140 161
138 136
139 116
137 168
138 139
136 184
135 191
136 95
137 197
134 195
133 196
132 197
131 197
130 197
129 196
128 196
127 195
126 195
125 195
124 195
123 195
122 195
121 196
120 196
119 197
118 198
117 199
116 200
115 202
114 203
113 204
112 206
111 207
110 209
109 210
108 212
107 213
106 214
105 215
104 216
103 217
102 218
101 218
100 219
99 220
98 220
97 220
96 220
95 221
94 221
93 221
92 221
91 221
90 221
89 220
88 219
87 219
86 218
85 217
84 216
83 215
82 214
81 212
80 211
79 210
78 209
77 209
76 208
75 208
74 207
73 206
72 206
71 205
70 204
69 202
68 200
67 198
66 195
65 192
64 277
62 171
63 224
61 166
62 195
60 164
59 166
58 175
61 180
60 173
59 174
60 87
59 4
135 145
136 171
135 86
136 9
134 213
133 205
134 103
135 135
132 201
131 199
130 197
129 197
128 196
127 196
126 195
125 195
124 195
123 195
122 196
121 196
120 197
119 198
118 199
117 199
116 201
115 202
114 203
113 205
112 206
111 208
110 209
109 211
108 212
107 213
106 214
105 215
104 216
103 217
102 218
101 219
100 220
99 220
98 220
97 220
96 221
95 221
94 221
93 221
92 221
91 221
90 220
89 220
88 220
87 219
86 218
85 217
84 216
83 215
82 214
81 213
80 212
79 210
78 210
77 209
76 208
75 207
74 207
73 207
72 206
71 205
70 203
69 202
68 200
67 198
66 195
65 236
64 230
63 212
62 196
61 228
133 152
132 175
133 88
134 149
131 186
132 137
133 127
130 192
129 194
128 195
127 195
126 195
125 195
124 195
123 196
122 196
121 196
120 197
119 198
118 198
117 200
116 201
115 202
114 204
113 205
112 206
111 207
110 209
109 210
108 211
107 213
106 214
105 215
104 216
103 217
102 218
101 219
100 219
99 219
98 220
97 220
96 220
95 220
94 220
93 220
92 220
91 220
90 220
89 220
88 219
87 218
86 218
85 217
84 216
83 215
82 214
81 213
80 211
79 211
78 210
77 209
76 208
75 208
74 207
73 206
72 205
71 204
70 203
69 201
68 200
67 197
66 217
65 224
64 218
63 207
62 217
61 108
60 125
131 164
130 179
131 90
132 172
129 187
128 191
127 193
126 194
125 195
124 196
123 196
122 196
121 197
120 197
119 197
118 199
117 200
116 201
115 202
114 203
113 204
112 206
111 208
110 209
109 210
108 212
107 213
106 214
105 215
104 216
103 217
102 218
101 218
100 219
99 220
98 220
97 220
96 220
95 220
94 220
93 220
92 220
91 220
90 220
89 219
88 219
87 219
86 218
85 217
84 216
83 215
82 214
81 212
80 212
79 211
78 210
77 209
76 209
75 208
74 207
73 206
72 205
71 204
70 203
69 202
68 199
67 208
66 216
65 217
64 212
63 215
62 162
61 114
130 138
129 164
130 82
131 166
128 178
129 130
130 144
127 186
126 191
125 193
124 194
123 195
122 196
121 196
120 197
119 198
118 199
117 200
116 201
115 202
114 203
113 205
112 206
111 207
110 208
109 210
108 211
107 212
106 214
105 215
104 216
103 217
102 217
101 218
100 219
99 219
98 219
97 220
96 220
95 220
94 220
93 220
92 220
91 220
90 220
89 220
88 219
87 218
86 217
85 217
84 216
83 215
82 213
81 213
80 212
79 211
78 210
77 209
76 208
75 207
74 207
73 206
72 205
71 204
70 203
69 201
68 205
67 211
66 214
65 213
64 214
63 188
62 144
128 158
127 174
128 87
129 195
126 183
125 189
124 192
123 194
122 195
121 196
120 197
119 198
118 199
117 200
116 201
115 202
114 204
113 205
112 206
111 207
110 209
109 210
108 211
107 213
106 214
105 215
104 216
103 216
102 217
101 218
100 218
99 219
98 220
97 220
96 220
95 220
94 220
93 220
92 220
91 220
90 220
89 219
88 219
87 218
86 218
85 217
84 216
83 214
82 214
81 213
80 212
79 211
78 210
77 209
76 208
75 208
74 207
73 206
72 205
71 204
70 202
69 203
68 207
67 210
66 211
65 212
64 200
63 172
64 86
63 18
65 143
66 178
67 195
68 202
69 205
70 204
71 203
72 204
73 205
74 205
75 206
76 207
77 208
78 208
79 209
80 210
81 211
82 212
83 213
84 213
85 214
86 215
87 217
88 217
89 218
90 218
91 219
92 220
93 220
94 220
95 220
96 220
97 220
98 220
99 220
100 220
101 219
102 219
103 218
104 217
105 217
106 216
107 215
108 214
109 213
110 211
111 210
112 209
113 207
114 206
115 205
116 203
117 202
118 201
119 200
120 199
121 198
122 197
123 196
124 195
125 193
126 191
127 231
128 204
126 116
127 160
126 80
127 25
125 194
124 194
123 194
122 195
121 196
120 197
119 198
118 199
117 200
116 201
115 202
114 203
113 205
112 206
111 208
110 209
109 210
108 212
107 213
106 214
105 215
104 216
103 217
102 217
101 218
100 218
99 219
98 219
97 219
96 220
95 220
94 220
93 220
92 220
91 220
90 220
89 219
88 219
87 218
86 218
85 217
84 216
83 215
82 214
81 213
80 212
79 211
78 210
77 209
76 209
75 208
74 207
73 206
72 205
71 205
70 204
69 204
68 205
67 203
66 199
65 189
64 154
89 110
88 164
87 191
86 204
85 210
84 212
83 213
82 213
81 212
80 211
79 210
78 210
77 209
76 208
75 207
74 207
73 206
72 206
71 205
70 205
69 205
68 204
67 202
66 195
65 162
90 164
91 192
92 206
93 213
94 217
95 219
96 219
97 220
98 220
99 219
100 219
101 219
102 219
103 218
104 218
105 217
106 216
107 215
108 214
109 213
110 212
111 210
112 209
113 207
114 206
115 205
116 204
117 202
118 201
119 200
120 199
121 198
122 197
123 196
124 195
125 194
126 174
89 164
90 178
91 192
92 202
93 210
94 214
95 216
96 218
97 219
98 219
99 219
100 219
101 219
102 218
103 218
104 217
105 216
106 215
107 214
108 213
109 212
110 211
111 210
112 208
113 207
114 206
115 205
116 203
117 202
118 201
119 200
120 199
121 198
122 197
123 196
124 195
125 139
123 98
124 112
88 177
87 190
86 200
85 206
84 210
83 211
82 211
81 211
80 211
79 211
78 210
77 209
76 208
75 208
74 207
73 206
72 205
71 205
70 205
69 204
68 203
67 199
66 179
89 177
90 185
91 193
92 202
93 208
94 212
95 215
96 217
97 218
98 218
99 219
100 219
101 218
102 218
103 217
104 217
105 216
106 215
107 214
108 213
109 212
110 211
111 210
112 209
113 208
114 207
115 205
116 204
117 203
118 201
119 200
120 199
121 198
122 246
88 184
87 192
86 199
85 204
84 207
83 209
82 210
81 211
80 211
79 210
78 209
77 209
76 209
75 208
74 207
73 206
72 206
71 205
70 204
69 204
68 201
67 190
68 95
67 10
89 185
90 189
91 196
92 202
93 207
94 211
95 214
96 216
97 217
98 218
99 218
100 218
101 218
102 218
103 218
104 217
105 216
106 215
107 214
108 213
109 212
110 211
111 210
112 209
113 208
114 206
115 205
116 204
117 202
118 201
119 200
120 199
121 223
122 111
123 191
121 55
122 117
88 188
87 194
86 199
85 203
84 206
83 208
82 210
81 210
80 210
79 210
78 210
77 209
76 208
75 207
74 206
73 206
72 205
71 205
70 205
69 250
68 129
89 188
90 192
91 197
92 202
93 206
94 210
95 213
96 215
97 216
98 217
99 218
100 218
101 218
102 218
103 217
104 216
105 216
106 215
107 214
108 213
109 212
110 211
111 210
112 209
113 207
114 206
115 205
116 203
117 202
118 201
119 200
120 239
88 191
87 195
86 199
85 203
84 206
83 208
82 209
81 210
80 210
79 210
78 209
77 209
76 208
75 207
74 207
73 206
72 206
71 205
70 227
89 192
88 194
87 196
86 199
85 202
84 205
83 207
82 208
81 209
80 209
79 209
78 209
77 208
76 208
75 208
74 207
73 207
72 206
71 217
70 109
69 201
90 194
91 198
92 202
93 206
94 210
95 213
96 215
97 216
98 217
99 217
100 218
101 218
102 217
103 217
104 217
105 216
106 215
107 214
108 213
109 212
110 211
111 210
112 208
113 207
114 206
115 204
116 203
117 202
118 201
119 220
120 110
121 191
119 55
120 119
89 194
90 196
91 199
92 202
93 206
94 209
95 212
96 214
97 216
98 217
99 218
100 218
101 218
102 218
103 217
104 216
105 215
106 215
107 214
108 213
109 212
110 211
111 209
112 208
113 207
114 206
115 205
116 204
117 203
118 239
88 195
87 197
86 200
85 203
84 205
83 207
82 208
81 208
80 209
79 209
78 209
77 209
76 208
75 207
74 207
73 206
72 211
71 160
70 140
89 195
90 197
91 199
92 203
93 206
94 209
95 211
96 213
97 215
98 216
99 217
100 217
101 217
102 217
103 217
104 216
105 216
106 215
107 214
108 213
109 212
110 210
111 209
112 208
113 207
114 206
115 205
116 204
117 221
118 111
119 196
117 56
118 126
88 196
87 198
86 200
85 202
84 204
83 206
82 207
81 208
80 208
79 208
78 208
77 208
76 208
75 208
74 207
73 209
72 185
71 123
89 197
90 198
91 201
92 203
93 206
94 209
95 211
96 213
97 214
98 216
99 216
100 217
101 217
102 217
103 216
104 216
105 215
106 214
107 214
108 213
109 212
110 211
111 210
112 209
113 208
114 206
115 205
116 241
88 197
87 199
86 201
85 203
84 205
83 206
82 207
81 208
80 208
79 208
78 208
77 208
76 208
75 207
74 208
73 197
72 125
89 197
90 199
91 201
92 204
93 207
94 209
95 211
96 213
97 215
98 215
99 216
100 216
101 217
102 216
103 216
104 216
105 215
106 215
107 214
108 213
109 212
110 211
111 210
112 209
113 207
114 206
115 223
116 111
117 204
88 198
87 199
86 201
85 203
84 204
83 205
82 207
81 207
80 208
79 208
78 208
77 208
76 207
75 208
74 202
73 134
89 199
90 200
91 202
92 204
93 206
94 208
95 211
96 213
97 214
98 215
99 216
100 217
101 216
102 216
103 216
104 215
105 215
106 214
107 213
108 213
109 212
110 211
111 210
112 208
113 207
114 215
115 163
116 134
114 82
115 104
88 199
87 200
86 201
85 202
84 204
83 206
82 206
81 207
80 207
79 208
78 208
77 207
76 208
75 205
74 145
89 199
90 201
91 202
92 204
93 206
94 209
95 211
96 212
97 213
98 215
99 216
100 216
101 216
102 216
103 216
104 216
105 215
106 214
107 214
108 213
109 212
110 211
111 209
112 208
113 253
88 200
87 201
86 202
85 203
84 204
83 205
82 206
81 207
80 208
79 208
78 208
77 208
76 206
75 154
89 201
88 201
87 201
86 202
85 203
84 204
83 205
82 206
81 207
80 207
79 207
78 207
77 207
76 161
90 201
91 203
92 205
93 207
94 209
95 210
96 212
97 214
98 215
99 215
100 215
101 216
102 216
103 216
104 215
105 215
106 215
107 214
108 213
109 212
110 210
111 209
112 231
113 115
114 195
112 58
113 122
89 201
90 202
91 203
92 205
93 207
94 208
95 210
96 212
97 213
98 214
99 215
100 216
101 216
102 216
103 215
104 215
105 215
106 214
107 213
108 212
109 211
110 210
111 250
88 201
87 202
86 202
85 203
84 204
83 205
82 206
81 206
80 207
79 207
78 207
77 164
89 201
90 202
91 204
92 205
93 207
94 209
95 211
96 212
97 213
98 214
99 215
100 215
101 215
102 215
103 215
104 215
105 214
106 214
107 213
108 212
109 211
110 231
111 115
112 194
110 57
111 105
88 201
89 202
90 203
91 204
92 206
93 207
94 209
95 210
96 211
97 213
98 214
99 214
100 215
101 215
102 215
103 215
104 215
105 215
106 214
107 213
108 212
109 250
110 162
87 201
86 202
85 203
84 204
83 205
82 206
81 207
80 207
79 207
78 164
88 202
87 202
86 203
85 204
84 205
83 205
82 206
81 206
80 206
79 160
89 202
90 203
91 204
92 205
93 207
94 208
95 210
96 212
97 213
98 213
99 214
100 214
101 215
102 215
103 215
104 215
105 214
106 213
107 213
108 232
109 172
88 202
87 203
86 203
85 204
84 204
83 205
82 205
81 206
80 153
89 203
90 204
91 205
92 206
93 207
94 209
95 210
96 211
97 212
98 213
99 214
100 215
101 215
102 215
103 215
104 214
105 214
106 214
107 223
108 154
106 111
107 117
88 203
87 203
86 204
85 204
84 205
83 205
82 206
81 143
89 203
90 204
91 205
92 206
93 208
94 209
95 210
96 211
97 212
98 213
99 214
100 214
101 214
102 215
103 215
104 215
105 270
106 173
88 203
89 204
90 204
91 205
92 207
93 208
94 209
95 210
96 211
97 212
98 213
99 213
100 214
101 215
102 215
103 215
104 242
105 162
103 121
104 113
87 203
86 203
85 204
84 204
83 205
82 131
88 203
87 203
86 204
85 204
84 205
83 118
85 102
84 103
89 203
90 204
91 205
92 206
93 207
94 208
95 210
96 211
97 212
98 213
99 214
100 214
101 214
102 275
103 146
101 138
102 108
100 176
101 136
88 203
87 204
86 255
89 204
90 205
91 206
92 207
93 208
94 209
95 210
96 211
97 212
98 213
99 301
100 192
98 150
99 150
97 181
98 161
88 204
87 229
86 114
85 190
87 57
86 111
89 204
88 245
87 178
90 205
89 225
91 206
90 215
88 202
89 206
88 1
92 207
91 211
90 197
93 208
92 209
91 180
94 209
93 209
92 158
94 105
93 130
95 262
96 328
97 194
94 196
95 214
94 5
96 102
