6474
16 335
15 160
17 384
16 215
18 400
17 269
19 386
18 306
20 431
19 340
21 536
20 327
21 161
22 378
23 254
82 386
47 376
48 557
46 556
47 557
49 455
48 506
45 430
46 493
47 499
50 390
49 448
48 474
51 403
50 426
49 450
99 376
98 548
97 447
96 406
142 376
143 549
141 438
142 493
144 421
143 457
140 408
139 520
138 599
141 450
140 485
139 542
142 454
141 470
140 506
39 374
137 374
138 458
139 482
6 366
5 525
4 485
3 469
2 591
1 809
2 405
3 498
4 484
5 485
6 505
7 465
8 444
61 353
60 439
136 353
137 405
138 443
135 382
134 445
136 394
135 419
137 419
136 419
133 372
132 466
131 585
130 591
134 396
133 431
132 508
131 549
135 408
134 419
133 464
132 506
59 345
1 405
2 451
3 467
4 476
5 490
6 478
7 461
1 451
2 459
3 468
4 479
5 479
6 470
1 459
2 464
3 471
4 475
5 472
1 464
2 467
3 471
4 471
1 467
2 469
3 470
1 469
2 470
1 470
67 335
68 360
69 431
70 525
71 537
72 545
10 334
9 394
8 428
7 449
6 460
5 466
4 468
3 469
2 469
1 469
11 337
12 377
10 366
9 397
8 423
7 442
6 454
5 461
4 465
3 467
2 468
1 468
11 371
12 186
13 209
10 384
11 285
12 209
9 404
8 423
7 438
6 450
5 457
4 462
3 465
2 467
1 467
2 233
1 113
3 350
4 408
3 204
2 264
5 435
4 319
3 244
6 446
5 383
4 288
7 448
6 415
5 332
8 443
7 429
6 345
9 433
10 561
11 308
8 431
7 312
9 496
8 231
9 38
10 229
87 330
86 371
85 466
84 548
83 475
66 328
67 344
68 388
69 456
70 497
71 521
73 327
72 424
74 328
75 481
76 448
73 376
74 429
75 439
77 357
78 473
79 413
80 516
81 508
82 491
76 398
77 435
78 424
79 470
80 489
81 490
128 327
127 486
129 468
130 509
131 508
128 477
129 493
130 500
104 325
103 464
102 483
101 512
100 469
99 508
98 477
97 442
147 325
148 482
91 312
92 407
110 310
149 309
150 615
149 308
148 308
147 395
146 410
145 460
144 459
143 457
142 463
141 484
140 483
139 463
138 441
137 430
136 419
135 419
134 442
133 474
132 491
131 495
52 299
53 407
54 498
55 447
51 363
50 406
52 385
53 441
54 444
51 395
52 418
53 431
89 297
88 363
87 367
86 417
85 483
84 479
83 485
82 488
90 361
91 384
89 362
90 373
88 364
87 390
86 436
85 457
84 471
83 479
89 369
88 380
87 408
86 433
85 452
84 466
113 296
112 320
111 375
27 292
26 419
25 366
24 342
26 183
25 247
27 301
28 408
27 204
26 353
29 298
30 411
31 487
32 480
33 459
34 366
126 292
127 384
128 438
129 469
130 482
125 299
126 341
127 390
128 430
129 456
43 290
44 400
45 447
46 473
47 474
48 462
49 434
50 415
51 417
52 424
42 289
43 345
44 396
45 434
46 454
47 458
48 446
49 430
50 423
51 423
124 289
125 315
126 353
127 391
128 423
65 281
64 313
66 312
67 350
68 403
69 450
70 485
71 454
72 415
73 422
74 430
75 414
76 424
77 424
78 447
79 468
80 479
81 484
82 481
83 474
65 313
66 332
67 368
68 409
69 447
70 451
71 433
72 427
73 429
74 422
75 423
76 424
77 436
78 452
79 466
80 475
81 478
82 476
38 277
117 274
116 315
109 269
110 322
108 284
109 303
107 275
106 357
105 357
104 411
103 447
102 479
101 474
100 491
99 484
98 463
108 289
107 323
106 340
105 375
104 411
103 445
102 460
101 475
100 479
99 471
40 268
41 304
42 325
43 360
44 397
45 426
46 442
47 444
48 437
49 430
50 427
39 273
40 288
41 306
42 333
43 365
44 396
45 419
46 432
47 434
48 432
49 430
93 268
92 326
91 350
90 359
89 369
88 388
87 411
86 431
85 449
84 461
83 468
58 263
57 299
56 387
55 416
54 424
53 424
52 423
51 425
50 427
150 308
149 308
148 352
147 381
146 420
145 439
144 448
143 455
142 470
141 477
140 470
139 455
138 443
137 431
136 425
135 433
134 453
133 472
132 484
131 483
130 470
129 447
150 308
149 330
148 355
147 387
146 413
145 431
144 443
143 457
142 467
141 468
140 461
139 452
138 441
137 433
136 433
135 443
134 458
133 471
132 477
131 474
130 460
150 330
149 342
148 365
147 389
146 410
145 426
144 441
143 454
142 461
141 461
140 457
139 449
138 441
137 437
136 440
135 449
134 460
133 468
132 471
131 465
150 342
149 354
148 371
147 391
146 409
145 425
144 440
143 450
142 455
141 456
140 452
139 447
138 442
137 441
136 445
135 453
134 460
133 466
132 465
150 354
149 362
148 377
147 393
146 409
145 425
144 437
143 446
142 451
141 452
140 450
139 446
138 444
137 444
136 448
135 454
134 460
133 462
150 362
149 370
148 381
147 395
146 410
145 423
144 435
143 443
142 448
141 449
140 447
139 445
138 444
137 446
136 450
135 455
134 459
150 370
149 375
148 385
147 397
146 410
145 423
144 433
143 441
142 445
141 446
140 446
139 445
138 446
137 448
136 452
135 455
150 375
149 380
148 389
147 400
146 411
145 422
144 431
143 438
142 442
141 444
140 444
139 445
138 446
137 449
136 452
150 380
149 385
148 392
147 401
146 412
145 421
144 430
143 436
142 440
141 442
140 444
139 445
138 447
137 450
150 385
149 388
148 395
147 404
146 412
145 421
144 428
143 434
142 438
141 441
140 443
139 445
138 448
150 388
149 392
148 398
147 405
146 413
145 421
144 428
143 433
142 437
141 440
140 442
139 445
150 392
149 395
148 400
147 406
146 414
145 421
144 427
143 432
142 436
141 439
140 442
150 395
149 397
148 401
147 408
146 414
145 420
144 426
143 431
142 435
141 438
150 397
149 399
148 404
147 409
146 415
145 421
144 426
143 430
142 434
150 399
149 402
148 405
147 410
146 415
145 420
144 425
143 430
150 402
149 403
148 407
147 411
146 416
145 421
144 425
150 403
149 405
148 408
147 412
146 416
145 420
150 405
149 407
148 409
147 412
146 416
150 407
149 408
148 410
147 413
150 408
149 409
148 411
150 409
149 410
150 410
63 256
62 313
61 376
60 361
59 312
58 306
57 347
56 382
55 403
54 413
53 418
52 422
51 425
64 285
65 308
66 338
67 373
68 410
69 431
70 432
71 430
72 430
73 426
74 424
75 424
76 430
77 441
78 453
79 464
80 471
81 473
82 471
63 299
62 337
61 349
60 330
59 318
58 332
57 357
56 380
55 396
54 407
53 415
52 420
64 303
65 321
66 347
67 379
68 405
69 418
70 424
71 427
72 426
73 425
74 425
75 427
76 434
77 443
78 454
79 462
80 468
81 470
63 320
62 335
61 333
60 326
59 329
58 343
57 361
56 378
55 393
54 404
53 412
64 321
65 334
66 356
67 380
68 399
69 412
70 419
71 422
72 424
73 424
74 425
75 430
76 436
77 445
78 453
79 461
80 465
63 328
64 331
65 343
66 362
67 381
68 396
69 407
70 415
71 420
72 422
73 424
74 427
75 431
76 438
77 446
78 454
79 459
62 330
63 331
64 337
65 350
66 365
67 380
68 394
69 405
70 412
71 417
72 420
73 423
74 427
75 433
76 440
77 447
78 453
61 328
62 330
63 333
64 341
65 353
66 367
67 381
68 393
69 402
70 410
71 415
72 419
73 423
74 428
75 434
76 440
77 446
60 328
59 336
58 349
57 364
56 379
55 391
54 402
61 329
60 333
59 341
58 352
57 365
56 378
55 390
62 331
63 336
64 345
65 356
66 368
67 380
68 391
69 401
70 408
71 413
72 418
73 423
74 429
75 434
76 440
61 332
60 336
59 344
58 355
57 367
56 378
62 334
63 340
64 348
65 358
66 369
67 380
68 390
69 399
70 406
71 412
72 418
73 424
74 429
75 435
61 335
60 340
59 347
58 357
57 367
62 337
63 342
64 350
65 359
66 370
67 380
68 390
69 398
70 405
71 412
72 418
73 423
74 429
61 338
60 342
59 350
58 358
62 340
63 345
64 352
65 361
66 370
67 380
68 389
69 397
70 404
71 411
72 417
73 423
61 341
60 346
59 352
62 343
63 348
64 354
65 362
66 371
67 380
68 388
69 396
70 404
71 410
72 416
61 345
60 348
62 347
63 350
64 356
65 364
66 372
67 380
68 388
69 396
70 403
71 410
61 347
62 348
63 352
64 358
65 365
66 373
67 381
68 389
69 396
70 403
28 251
29 331
28 165
27 338
30 409
29 287
28 291
31 445
32 452
33 409
30 366
31 409
30 204
29 340
31 102
30 202
32 460
31 331
32 166
31 14
33 313
34 361
33 181
32 246
35 423
36 373
37 400
38 337
39 312
40 309
41 321
42 343
43 370
44 394
45 413
46 423
47 428
48 429
49 428
50 427
51 423
52 417
53 409
54 399
55 389
56 378
57 368
58 360
59 354
60 351
61 350
62 351
63 355
64 360
65 366
66 373
67 381
68 388
69 395
34 302
35 338
36 369
37 353
38 332
39 321
40 321
41 332
42 351
43 372
44 393
45 408
46 418
47 423
48 425
49 426
50 424
51 421
52 415
53 407
54 398
55 388
56 378
57 369
58 362
59 356
60 353
61 352
62 354
63 357
64 362
65 368
66 375
67 381
68 388
33 274
34 306
33 94
35 337
36 345
35 173
34 266
37 339
38 330
39 325
40 329
41 340
42 356
43 375
44 391
45 404
46 414
47 420
48 423
49 423
50 422
51 418
52 413
53 406
54 397
55 387
56 378
57 370
58 363
59 358
60 355
61 354
62 355
63 358
64 363
65 369
66 375
67 382
36 256
37 293
36 147
35 312
38 309
39 319
40 329
41 343
42 359
43 375
44 390
45 402
46 411
47 417
48 420
49 421
50 420
51 417
52 411
53 404
54 396
55 387
56 379
57 371
58 364
59 360
60 357
61 356
62 357
63 360
64 364
65 369
66 375
115 245
114 338
113 329
112 352
111 337
110 320
109 305
108 314
107 327
106 351
105 381
104 413
103 437
102 456
101 468
100 470
83 236
82 353
81 409
80 434
79 444
78 445
77 443
76 439
75 434
74 428
73 422
72 416
71 409
70 402
69 395
68 389
67 382
84 352
85 406
86 428
87 429
88 420
89 404
90 387
91 373
92 362
83 352
82 380
81 407
80 426
79 435
78 439
77 439
76 437
75 432
74 427
73 422
72 416
71 409
70 402
69 396
68 389
84 379
85 404
86 416
87 418
88 411
89 399
90 386
83 380
82 394
81 410
80 422
79 431
78 435
77 436
76 434
75 431
74 427
73 421
72 415
71 409
70 402
69 395
84 392
85 404
86 411
87 411
88 405
89 396
83 393
82 401
81 411
80 421
79 428
78 432
77 433
76 432
75 429
74 425
73 420
72 414
71 408
70 402
84 399
85 405
86 408
87 407
88 402
83 400
82 406
81 414
80 421
79 426
78 429
77 430
76 429
75 427
74 423
73 419
72 414
71 408
84 402
85 405
86 406
83 404
82 409
81 415
80 421
79 425
78 428
77 429
76 428
75 426
74 423
73 418
72 413
84 405
83 407
82 411
81 416
80 420
79 424
78 426
77 427
76 427
75 425
74 421
73 417
85 405
84 406
83 408
82 412
81 416
80 420
79 423
78 425
77 426
76 425
75 423
74 420
87 404
86 405
85 406
84 407
83 410
82 413
81 416
80 420
79 423
78 425
77 425
76 424
75 422
91 374
90 385
89 393
88 398
87 401
86 403
85 405
84 407
83 410
82 413
81 417
80 420
79 422
78 423
77 423
76 423
93 344
92 359
91 372
90 382
89 390
88 396
87 400
86 403
85 405
84 408
83 410
82 413
81 416
80 419
79 421
78 422
77 423
94 318
95 386
96 414
97 438
98 455
99 463
93 339
94 363
95 389
96 413
97 434
98 448
92 355
91 368
90 379
89 388
88 394
87 398
86 401
85 404
84 407
83 410
82 413
81 416
80 418
79 420
78 422
93 359
94 374
95 393
96 414
97 431
92 364
91 372
90 380
89 387
88 392
87 397
86 401
85 404
84 407
83 410
82 413
81 416
80 418
79 420
93 369
94 381
95 398
96 414
92 370
91 375
90 381
89 386
88 392
87 396
86 400
85 404
84 407
83 410
82 413
81 415
80 418
93 375
94 386
95 400
92 375
93 381
94 391
91 378
90 382
89 387
88 391
87 396
86 400
85 403
84 406
83 410
82 413
81 416
92 380
93 385
91 381
90 384
89 388
88 392
87 396
86 399
85 403
84 407
83 410
82 413
92 383
91 383
90 386
89 389
88 393
87 396
86 400
85 403
84 406
83 409
101 235
102 351
103 403
104 420
105 417
106 399
107 375
108 351
100 349
99 398
98 415
97 415
96 408
95 399
94 392
93 388
92 385
91 386
90 387
89 390
88 393
87 396
86 399
85 403
84 406
101 350
102 377
103 399
104 408
105 403
106 389
100 374
99 395
98 405
97 406
96 402
95 397
94 392
93 388
92 387
91 387
90 389
89 391
88 393
87 396
86 400
85 403
101 375
102 387
103 397
104 400
105 395
100 385
99 395
98 400
97 401
96 399
95 396
94 392
93 390
92 389
91 389
90 390
89 391
88 394
87 397
86 400
101 386
102 391
103 396
104 395
100 390
99 395
98 398
97 399
96 398
95 395
94 393
93 391
101 391
102 394
103 394
100 393
99 395
98 397
97 397
96 396
95 394
101 393
100 394
99 396
98 397
97 397
96 395
102 393
101 394
100 395
99 396
98 396
97 395
94 392
95 394
96 395
92 390
93 391
94 393
95 394
91 390
90 390
89 392
88 394
87 397
92 390
93 391
94 392
91 390
90 391
89 393
88 395
92 391
93 392
91 391
90 392
89 393
92 391
91 391
90 392
107 370
106 383
105 389
104 392
103 393
102 394
101 394
100 395
99 395
98 395
97 395
96 394
95 393
94 393
93 392
92 392
91 392
109 332
108 351
107 367
106 378
105 385
104 389
103 391
102 392
101 394
100 395
99 395
98 395
97 395
96 394
95 393
94 392
93 392
92 392
110 319
109 335
108 351
107 364
106 374
105 381
104 386
103 389
102 392
101 393
100 394
99 395
98 395
97 394
96 394
95 393
94 393
93 392
111 319
112 328
113 340
114 335
115 337
110 327
109 339
108 351
107 363
106 372
105 379
104 384
103 388
102 390
101 392
100 393
99 394
98 394
97 394
96 393
95 393
94 392
111 328
112 334
113 335
114 336
110 333
109 342
108 353
107 362
106 371
105 378
104 383
103 387
102 390
101 392
100 393
99 393
98 394
97 394
96 394
95 393
111 333
110 338
109 346
108 354
107 363
106 370
105 376
104 381
103 385
102 388
101 390
100 392
99 393
98 393
97 393
96 393
112 334
111 336
110 341
109 347
108 355
107 362
106 369
105 375
104 380
103 384
102 387
101 390
100 391
99 392
98 393
97 393
113 335
112 336
111 339
110 343
109 349
108 355
107 362
106 369
105 375
104 380
103 384
102 387
101 389
100 391
99 392
98 392
116 291
115 313
114 324
113 330
112 334
111 338
110 343
109 349
108 356
107 363
106 369
105 374
104 379
103 383
102 386
101 388
100 390
99 391
117 303
116 308
115 316
114 323
113 328
112 333
111 338
110 344
109 350
108 356
107 362
106 368
105 374
104 378
103 382
102 385
101 388
100 389
118 306
119 380
120 362
117 307
118 344
119 353
116 311
117 328
118 340
115 317
116 323
117 331
114 322
113 328
112 333
111 339
110 344
109 350
108 356
107 362
106 368
105 373
104 378
103 381
102 385
101 387
115 323
116 327
114 326
113 329
112 334
111 339
110 345
109 351
108 357
107 363
106 368
105 373
104 377
103 381
102 384
115 326
114 327
113 331
112 335
111 340
110 345
109 351
108 357
107 362
106 367
105 372
104 376
103 380
121 256
120 305
119 323
118 327
117 327
116 326
115 327
114 329
113 332
112 336
111 340
110 346
109 351
108 356
107 362
106 367
105 371
104 376
122 268
123 302
124 309
125 331
126 361
127 392
128 420
129 440
130 453
131 459
132 461
133 460
134 457
135 455
136 452
137 450
138 447
139 445
140 442
141 438
142 434
143 429
144 425
145 421
146 417
147 414
148 412
149 411
150 411
121 286
120 304
119 315
118 321
117 324
116 326
115 327
114 330
113 333
112 337
111 342
110 346
109 351
108 357
107 362
106 367
105 372
122 294
123 302
124 316
125 338
126 365
127 393
128 416
129 434
130 446
131 454
132 457
133 457
134 456
135 454
136 452
137 449
138 447
139 444
140 441
141 438
142 433
143 429
144 425
145 421
146 418
147 415
148 413
149 412
150 412
121 299
120 307
119 314
118 319
117 322
116 324
115 327
114 330
113 333
112 337
111 341
110 346
109 352
108 357
107 362
106 367
122 300
123 308
124 323
125 344
126 368
127 392
128 413
129 430
130 442
131 449
132 453
133 455
134 455
135 453
136 451
137 449
138 447
139 444
140 441
141 437
142 433
143 429
144 425
145 421
146 418
147 416
148 414
149 413
150 413
121 304
120 309
119 314
118 318
117 321
116 324
115 327
114 330
113 334
112 338
111 342
110 347
109 352
108 357
107 362
122 306
123 314
124 329
125 349
126 371
127 392
128 411
129 426
130 438
131 446
132 450
133 452
134 452
135 452
136 451
137 449
138 446
139 444
140 440
141 436
142 433
143 429
144 425
145 422
146 419
147 416
148 415
149 414
150 414
121 307
120 311
119 315
118 318
117 321
116 324
115 327
114 330
113 334
112 338
111 343
110 348
109 352
108 357
122 311
123 320
124 335
125 353
126 372
127 391
128 409
129 424
130 435
131 442
132 447
133 450
134 451
135 451
136 450
137 448
138 446
139 443
140 440
141 437
142 433
143 429
144 425
145 422
146 419
147 417
148 415
149 414
150 414
121 311
122 315
123 325
124 339
125 355
126 373
127 391
128 407
129 421
130 431
131 439
132 445
133 448
134 450
135 450
136 449
137 448
138 446
139 443
140 440
141 436
142 432
143 429
144 426
145 422
146 419
147 417
148 416
149 415
150 415
120 313
119 315
118 318
117 321
116 324
115 327
114 331
113 334
112 338
111 343
110 347
109 352
121 314
122 320
123 330
124 342
125 358
126 375
127 391
128 406
129 418
130 429
131 437
132 442
133 446
134 448
135 448
136 448
137 447
138 445
139 442
140 439
141 436
142 433
143 429
144 425
145 422
146 420
147 418
148 416
149 416
150 416
120 314
121 317
122 323
123 332
124 345
125 360
126 375
127 391
128 405
129 417
130 427
131 435
132 441
133 444
134 446
135 447
136 447
137 446
138 444
139 442
140 439
141 436
142 432
143 429
144 426
145 423
146 420
147 418
148 417
149 416
150 416
119 316
118 319
117 322
116 325
115 328
114 331
113 335
112 339
111 343
110 348
120 317
121 320
122 326
123 336
124 348
125 361
126 376
127 390
128 403
129 415
130 425
131 433
132 438
133 442
134 444
135 446
136 446
137 445
138 443
139 441
140 438
141 435
142 432
143 429
144 426
145 423
146 421
147 419
148 418
149 417
150 417
119 318
118 320
117 322
116 325
115 328
114 331
113 335
112 339
111 343
120 319
121 323
122 330
123 339
124 350
125 363
126 377
127 390
128 403
129 414
130 423
131 430
132 436
133 440
134 443
135 444
136 444
137 443
138 442
139 440
140 438
141 435
142 432
143 429
144 426
145 424
146 421
147 420
148 418
149 418
150 418
119 320
118 321
117 323
116 325
115 328
114 332
113 335
112 339
120 321
121 325
122 332
123 341
124 352
125 365
126 377
127 390
128 402
129 413
130 422
131 429
132 435
133 439
134 442
135 443
136 443
137 443
138 442
139 440
140 437
141 434
142 432
143 429
144 426
145 423
146 422
147 420
148 419
149 418
150 418
119 321
120 323
121 328
122 334
123 343
124 354
125 365
126 378
127 390
128 401
129 411
130 420
131 428
132 433
133 438
134 440
135 442
136 443
137 442
138 441
139 439
140 437
141 435
142 432
143 429
144 426
145 424
146 422
147 420
148 419
149 419
150 419
118 322
117 324
116 326
115 329
114 332
113 336
119 322
120 325
121 329
122 336
123 345
124 355
125 367
126 378
127 390
128 401
129 411
130 419
131 426
132 432
133 436
134 439
135 441
136 441
137 441
138 440
139 438
140 436
141 434
142 431
143 428
144 426
145 424
146 422
147 421
148 420
149 419
150 419
118 323
117 324
116 327
115 330
114 333
119 324
120 327
121 332
122 339
123 347
124 357
125 367
126 379
127 390
128 400
129 409
130 418
131 425
132 431
133 435
134 438
135 439
136 440
137 440
138 439
139 438
140 436
141 433
142 431
143 429
144 427
145 425
146 423
147 421
148 420
149 420
150 420
118 324
117 326
116 328
115 330
119 326
120 329
121 334
122 340
123 348
124 358
125 369
126 379
127 389
128 399
129 409
130 417
131 424
132 429
133 433
134 436
135 438
136 439
137 439
138 438
139 437
140 435
141 433
142 431
143 429
144 427
145 425
146 423
147 422
148 421
149 420
150 420
118 326
117 327
116 328
119 327
120 330
121 335
122 342
123 350
124 359
125 369
126 379
127 389
128 399
129 408
130 416
131 422
132 428
133 432
134 435
135 437
136 438
137 438
138 438
139 436
140 435
141 433
142 431
143 429
144 427
145 425
146 423
147 422
148 421
149 421
150 421
118 327
119 329
120 332
121 337
122 343
123 351
124 360
125 369
126 379
127 389
128 399
129 407
130 414
131 421
132 426
133 431
134 434
135 436
136 437
137 438
138 437
139 436
140 434
141 433
142 431
143 429
144 427
145 425
146 424
147 422
148 422
149 421
150 421
117 327
118 328
119 330
120 334
121 338
122 345
123 353
124 361
125 370
126 380
127 390
128 398
129 406
130 414
131 420
132 426
133 430
134 433
135 435
136 437
137 437
138 436
139 435
140 434
141 432
142 430
143 428
144 426
145 425
146 423
147 423
148 422
149 422
150 422
37 228
38 274
39 302
40 323
41 341
42 358
43 374
44 388
45 400
46 408
47 414
48 418
49 419
50 418
51 414
52 409
53 402
54 394
55 387
56 379
57 372
58 366
59 361
60 358
61 358
62 359
63 362
64 366
65 371
66 377
67 383
68 389
69 396
70 402
71 407
72 412
73 416
74 419
75 421
76 422
77 422
78 421
79 420
80 418
81 415
82 412
83 409
84 406
85 403
86 400
87 398
88 396
89 394
90 393
91 393
92 392
93 392
94 393
95 393
96 393
97 393
98 392
99 391
100 389
101 386
102 383
103 380
104 376
105 371
106 366
107 361
108 356
109 352
110 347
111 343
112 340
113 336
114 333
115 331
116 329
117 329
118 329
119 331
120 334
121 340
122 346
123 353
124 362
125 371
126 380
127 389
128 398
129 406
130 413
131 420
132 425
133 429
134 432
135 435
136 436
137 436
138 436
139 435
140 434
141 432
142 430
143 428
144 427
145 425
146 424
147 423
148 422
149 422
150 422
36 270
37 272
36 69
38 287
39 305
38 152
37 250
40 323
41 340
42 357
43 372
44 386
45 397
46 406
47 412
48 415
49 417
50 415
51 412
52 407
53 401
54 394
55 386
56 379
57 372
58 367
59 363
60 361
61 360
62 361
63 363
64 367
65 372
66 377
67 383
68 389
69 395
70 401
71 407
72 411
73 415
74 418
75 420
76 421
77 421
78 420
79 419
80 417
81 415
82 412
83 409
84 406
85 403
86 400
87 398
88 396
89 395
90 394
91 393
92 393
93 393
94 393
95 393
96 393
97 392
98 392
99 390
100 388
101 386
102 383
103 379
104 375
105 371
106 366
107 361
108 357
109 352
110 348
111 344
112 340
113 337
114 334
115 331
116 330
117 329
118 330
119 332
120 336
121 341
122 347
123 355
124 363
125 372
126 381
127 389
128 397
129 405
130 412
131 418
132 423
133 427
134 431
135 433
136 434
137 435
138 435
139 435
140 433
141 432
142 430
143 429
144 427
145 425
146 424
147 423
148 423
149 422
150 422
39 237
40 288
41 323
42 347
43 367
44 382
45 394
46 403
47 409
48 413
49 414
50 413
51 410
52 406
53 400
54 393
55 386
56 379
57 373
58 368
59 364
60 362
61 361
62 362
63 365
64 368
65 372
66 378
67 383
68 389
69 395
70 401
71 406
72 411
73 415
74 418
75 419
76 420
77 420
78 420
79 418
80 416
81 414
82 411
83 409
84 406
85 403
86 401
87 398
88 396
89 395
90 394
91 393
92 393
93 393
94 393
95 393
96 392
97 392
98 391
99 390
100 388
101 385
102 382
103 379
104 375
105 370
106 366
107 362
108 357
109 353
110 348
111 344
112 340
113 337
114 334
115 332
116 331
117 331
118 332
119 334
120 338
121 342
122 349
123 356
124 364
125 372
126 380
127 389
128 397
129 405
130 412
131 418
132 423
133 427
134 430
135 432
136 434
137 434
138 434
139 433
140 433
141 431
142 430
143 428
144 426
145 425
146 424
147 423
148 422
149 422
150 422
38 244
39 266
38 132
40 295
41 321
42 344
43 363
44 378
45 390
46 399
47 406
48 410
49 411
50 411
51 409
52 404
53 398
54 392
55 386
56 379
57 374
58 369
59 366
60 363
61 363
62 364
63 366
64 369
65 374
66 378
67 384
68 390
69 396
70 401
71 406
72 410
73 414
74 416
75 418
76 419
77 419
78 418
79 417
80 416
81 413
82 411
83 408
84 406
85 403
86 400
87 398
88 397
89 395
90 394
91 394
92 393
93 393
94 393
95 393
96 393
97 392
98 391
99 389
100 387
101 385
102 382
103 378
104 374
105 370
106 366
107 361
108 357
109 352
110 348
111 344
112 341
113 337
114 334
115 333
116 332
117 332
118 333
119 336
120 339
121 344
122 350
123 357
124 364
125 372
126 381
127 389
128 397
129 404
130 411
131 417
132 422
133 426
134 429
135 432
136 433
137 434
138 434
139 434
140 432
141 431
142 430
143 428
144 427
145 426
146 425
147 424
148 423
149 423
150 423
136 217
135 325
134 379
133 404
132 415
131 418
130 417
129 414
128 409
127 403
126 396
125 389
124 381
123 372
122 364
121 357
120 350
119 344
118 340
117 336
116 334
115 333
114 333
113 334
112 335
111 338
110 341
109 345
108 348
107 353
106 357
105 362
104 366
103 370
102 374
101 378
100 382
99 385
98 387
97 389
96 390
95 391
94 392
93 393
92 393
91 393
90 394
89 394
88 394
87 396
86 397
85 399
84 401
83 404
82 406
81 409
80 411
79 414
78 416
77 417
76 418
75 419
74 419
73 417
72 416
71 413
70 409
69 405
68 400
67 395
66 390
65 384
64 379
63 374
62 370
61 367
60 365
59 364
58 365
57 367
56 371
55 375
54 381
53 387
52 393
51 398
50 403
49 407
48 409
47 409
46 408
45 404
44 397
43 387
42 375
41 359
40 340
39 382
137 325
138 379
139 405
140 418
141 424
142 426
143 427
144 426
145 425
146 424
147 423
148 423
149 423
150 423
136 325
135 352
134 378
133 397
132 407
131 412
130 413
129 411
128 407
127 401
126 395
125 388
124 380
123 372
122 365
121 358
137 352
138 379
139 399
140 412
141 419
142 423
143 424
144 425
145 425
146 424
147 424
148 424
149 423
150 423
136 352
137 366
138 382
139 397
140 408
141 416
142 420
143 423
144 424
145 424
146 424
147 424
148 423
149 423
135 365
134 381
133 394
132 403
131 408
130 410
129 409
128 405
127 400
126 394
125 387
124 379
123 372
122 365
136 365
135 373
134 383
133 393
132 401
131 406
130 407
129 406
128 403
127 399
126 393
125 386
124 379
137 373
138 385
139 396
140 406
141 413
142 418
143 421
144 422
145 423
146 424
147 423
148 423
136 373
137 379
138 388
139 397
140 405
141 411
142 416
143 419
144 421
145 422
146 422
147 423
135 378
134 386
133 393
132 399
131 403
130 405
129 404
128 402
127 397
126 391
125 385
136 379
137 384
138 390
139 398
140 404
141 410
142 414
143 417
144 420
145 421
146 422
135 382
134 387
133 393
132 398
131 401
130 402
129 402
128 399
127 395
126 390
136 383
137 386
138 392
139 398
140 404
141 409
142 413
143 417
144 419
145 421
135 385
134 389
133 394
132 398
131 400
130 401
129 400
128 398
127 394
136 385
137 389
138 394
139 399
140 404
141 409
142 413
143 416
144 418
135 387
134 391
133 394
132 397
131 399
130 400
129 399
128 396
136 388
137 391
138 395
139 399
140 404
141 408
142 412
143 415
135 390
134 392
133 395
132 397
131 399
130 399
129 397
136 391
137 393
138 396
139 400
140 404
141 408
142 412
135 391
134 393
133 395
132 397
131 398
130 397
136 392
137 394
138 397
139 401
140 405
141 409
135 393
134 394
133 395
132 396
131 396
136 393
137 395
138 398
139 401
140 405
135 393
134 394
133 395
132 396
136 394
137 396
138 398
139 402
135 394
136 395
137 396
138 399
134 394
133 395
135 395
136 396
137 398
134 395
135 395
136 396
123 372
124 379
125 384
126 389
127 393
128 395
129 396
130 396
131 396
132 395
133 395
134 395
135 396
150 423
149 423
148 423
147 422
146 422
145 420
144 418
143 415
142 412
141 408
140 405
139 402
138 400
137 398
136 397
150 423
149 423
148 423
147 423
146 421
145 419
144 417
143 414
142 411
141 408
140 405
139 402
138 400
137 398
150 423
149 423
148 423
147 422
146 421
145 419
144 416
143 414
142 411
141 408
140 405
139 403
138 401
150 423
149 423
148 422
147 421
146 420
145 418
144 416
143 413
142 410
141 408
140 405
139 403
150 423
149 423
148 422
147 421
146 419
145 418
144 416
143 413
142 411
141 408
140 406
150 423
149 422
148 422
147 421
146 420
145 418
144 415
143 413
142 410
141 408
150 422
149 422
148 421
147 420
146 419
145 417
144 415
143 413
142 411
150 422
149 422
148 421
147 420
146 418
145 416
144 415
143 413
150 422
149 421
148 421
147 420
146 418
145 417
144 415
120 351
121 358
122 365
123 372
124 378
125 384
126 389
127 392
128 394
129 395
130 396
131 396
132 396
133 396
134 396
135 396
136 397
137 399
138 401
139 403
140 405
141 408
142 410
143 412
150 421
149 421
148 420
147 419
146 418
145 416
144 414
150 421
149 421
148 420
147 419
146 418
145 416
150 421
149 420
148 420
147 419
146 417
150 420
149 420
148 419
147 418
150 420
149 420
148 419
150 420
149 419
150 419
119 346
120 352
121 358
122 365
123 372
124 378
125 383
126 387
127 390
128 393
129 395
130 395
131 395
132 395
133 395
134 396
135 397
136 398
137 400
138 401
139 403
140 406
141 408
142 410
143 412
144 414
145 416
146 417
147 418
148 419
149 419
150 419
118 341
119 346
120 352
121 359
122 365
123 371
124 377
125 382
126 386
127 390
128 392
129 393
130 394
131 395
132 395
133 396
134 396
135 397
136 399
137 400
138 402
139 404
140 406
141 408
142 410
143 412
144 414
145 415
146 417
147 418
148 418
149 419
150 419
117 338
118 342
119 347
120 353
121 359
122 365
123 371
124 376
125 381
126 386
127 389
128 391
129 393
130 394
131 394
132 395
133 395
134 396
135 397
136 398
137 400
138 402
139 404
140 406
141 408
142 410
143 412
144 413
145 415
146 416
147 417
148 418
149 418
150 418
116 335
117 338
118 342
119 348
120 354
121 359
122 365
123 371
124 376
125 381
126 385
127 388
128 391
129 392
130 393
131 394
132 395
133 396
134 397
135 398
136 399
137 400
138 402
139 404
140 406
141 408
142 410
143 412
144 414
145 415
146 416
147 417
148 418
149 418
150 418
115 334
116 336
117 339
118 344
119 349
120 354
121 360
122 366
123 371
124 376
125 381
126 384
127 387
128 389
129 391
130 393
131 394
132 395
133 396
134 397
135 398
136 399
137 401
138 402
139 404
140 406
141 408
142 410
143 412
144 413
145 415
146 416
147 417
148 417
149 418
150 418
114 334
115 335
116 337
117 341
118 345
119 349
120 354
121 360
122 365
123 370
124 376
125 380
126 384
127 387
128 389
129 391
130 392
131 394
132 395
133 396
134 397
135 398
136 400
137 401
138 403
139 405
140 406
141 408
142 410
143 411
144 413
145 414
146 416
147 416
148 417
149 417
150 417
113 334
112 336
111 339
110 342
109 345
108 349
107 353
106 357
105 361
104 365
103 370
102 374
101 378
100 381
99 384
98 386
97 388
96 390
95 391
94 392
93 392
92 393
91 393
90 393
89 394
88 395
87 396
86 398
85 399
84 401
83 403
82 406
81 408
80 411
79 413
78 415
77 417
76 418
75 418
74 417
73 417
72 415
71 412
70 409
69 404
68 400
67 395
66 389
65 384
64 379
63 374
62 371
61 368
60 366
59 365
58 366
57 368
56 371
55 376
54 381
53 387
52 392
51 398
50 403
49 406
48 408
47 408
46 406
45 401
44 394
43 385
42 372
41 356
40 369
41 185
40 11
114 335
113 336
112 338
111 340
110 343
109 346
108 350
107 353
106 357
105 361
104 366
103 370
102 374
101 377
100 381
99 383
98 386
97 388
96 389
95 391
94 391
93 392
92 392
91 393
90 394
89 394
88 395
87 396
86 397
85 399
84 401
83 404
82 406
81 409
80 411
79 413
78 415
77 416
76 417
75 417
74 417
73 416
72 414
71 411
70 407
69 404
68 399
67 394
66 389
65 384
64 379
63 375
62 371
61 368
60 367
59 367
58 367
57 369
56 373
55 377
54 382
53 387
52 393
51 398
50 402
49 405
48 406
47 406
46 403
45 399
44 392
43 382
42 462
41 221
115 336
116 339
117 342
118 345
119 350
120 355
121 360
122 365
123 371
124 375
125 379
126 383
127 386
128 389
129 391
130 393
131 394
132 395
133 396
134 397
135 398
136 399
137 401
138 403
139 404
140 406
141 408
142 410
143 412
144 413
145 415
146 415
147 416
148 417
149 417
150 417
114 336
113 337
112 338
111 340
110 343
109 346
108 349
107 353
106 357
105 362
104 366
103 370
102 373
101 377
100 380
99 383
98 385
97 387
96 389
95 390
94 391
93 392
92 393
91 393
90 393
89 394
88 395
87 396
86 398
85 400
84 402
83 404
82 407
81 409
80 411
79 413
78 414
77 416
76 416
75 417
74 417
73 415
72 413
71 410
70 407
69 403
68 399
67 394
66 389
65 384
64 380
63 376
62 372
61 370
60 368
59 367
58 368
57 371
56 374
55 378
54 383
53 388
52 393
51 397
50 401
49 404
48 405
47 404
46 402
45 397
44 390
43 426
115 337
116 339
117 342
118 346
119 350
120 355
121 360
122 366
123 370
124 375
125 379
126 382
127 385
128 388
129 390
130 392
131 393
132 394
133 395
134 396
135 398
136 400
137 401
138 402
139 404
140 406
141 408
142 410
143 411
144 413
145 414
146 415
147 416
148 416
149 417
150 417
114 337
115 338
116 340
117 343
118 347
119 351
120 356
121 361
122 365
123 370
124 374
125 378
126 382
127 385
128 387
129 390
130 391
131 393
132 394
133 395
134 397
135 398
136 399
137 401
138 403
139 405
140 407
141 408
142 409
143 411
144 413
145 414
146 415
147 416
148 417
149 417
150 417
113 337
112 339
111 341
110 343
109 346
108 350
107 354
106 358
105 362
104 366
103 369
102 373
101 377
100 380
99 383
98 385
97 387
96 389
95 390
94 391
93 392
92 392
91 393
90 394
89 395
88 396
87 397
86 398
85 400
84 402
83 404
82 406
81 408
80 410
79 412
78 414
77 415
76 416
75 416
74 415
73 414
72 412
71 410
70 407
69 403
68 398
67 393
66 389
65 384
64 380
63 376
62 373
61 370
60 369
59 369
58 370
57 372
56 375
55 379
54 383
53 388
52 392
51 397
50 400
49 402
48 403
47 403
46 400
45 395
44 410
43 205
42 353
114 337
115 339
116 341
117 344
118 347
119 352
120 356
121 360
122 365
123 370
124 374
125 378
126 381
127 384
128 387
129 389
130 391
131 392
132 394
133 396
134 397
135 398
136 400
137 401
138 403
139 405
140 406
141 408
142 410
143 412
144 413
145 414
146 415
147 416
148 416
149 416
150 416
113 338
112 339
111 341
110 344
109 347
108 350
107 354
106 358
105 362
104 365
103 369
102 373
101 376
100 379
99 382
98 385
97 387
96 388
95 389
94 391
93 391
92 392
91 393
90 394
89 395
88 396
87 397
86 399
85 400
84 402
83 404
82 406
81 408
80 410
79 412
78 414
77 415
76 416
75 416
74 415
73 414
72 412
71 409
70 406
69 402
68 398
67 394
66 389
65 385
64 380
63 376
62 373
61 371
60 370
59 370
58 371
57 373
56 376
55 379
54 384
53 388
52 393
51 396
50 399
49 401
48 402
47 401
46 398
45 404
44 305
43 238
114 339
115 340
116 342
117 344
118 348
119 352
120 356
121 361
122 366
123 370
124 374
125 378
126 381
127 384
128 387
129 389
130 391
131 393
132 394
133 395
134 396
135 398
136 399
137 401
138 403
139 404
140 406
141 408
142 410
143 411
144 412
145 413
146 415
147 415
148 416
149 416
150 416
113 339
112 340
111 342
110 344
109 347
108 351
107 354
106 358
105 361
104 365
103 369
102 373
101 376
100 379
99 382
98 384
97 386
96 388
95 390
94 390
93 391
92 392
91 393
90 394
89 395
88 396
87 398
86 399
85 401
84 403
83 405
82 407
81 409
80 411
79 413
78 414
77 415
76 415
75 415
74 415
73 413
72 411
71 409
70 405
69 401
68 397
67 393
66 389
65 384
64 380
63 377
62 374
61 372
60 371
59 371
58 372
57 374
56 376
55 380
54 384
53 388
52 392
51 396
50 399
49 401
48 401
47 399
46 401
45 353
44 202
114 339
113 340
112 341
111 343
110 345
109 348
108 351
107 355
106 358
105 362
104 366
103 370
102 373
101 376
100 379
99 381
98 384
97 386
96 388
95 389
94 390
93 391
92 392
91 393
90 394
89 395
88 396
87 397
86 399
85 401
84 403
83 405
82 407
81 409
80 411
79 412
78 413
77 414
76 415
75 415
74 414
73 413
72 411
71 408
70 405
69 401
68 397
67 393
66 388
65 384
64 381
63 377
62 375
61 373
60 372
59 372
58 373
57 374
56 377
55 381
54 384
53 388
52 392
51 395
50 398
49 399
48 399
47 400
46 377
45 197
115 340
116 342
117 345
118 349
119 352
120 357
121 361
122 365
123 369
124 374
125 377
126 381
127 384
128 386
129 388
130 390
131 392
132 394
133 395
134 397
135 398
136 400
137 402
138 403
139 405
140 407
141 408
142 409
143 411
144 412
145 414
146 414
147 415
148 415
149 416
150 416
114 340
115 341
116 343
117 346
118 349
119 353
120 357
121 361
122 365
123 370
124 373
125 377
126 380
127 383
128 386
129 388
130 390
131 392
132 393
133 395
134 396
135 398
136 400
137 401
138 403
139 405
140 406
141 408
142 410
143 411
144 413
145 413
146 414
147 415
148 416
149 416
150 416
113 340
112 342
111 343
110 346
109 349
108 352
107 355
106 359
105 362
104 366
103 369
102 372
101 376
100 379
99 382
98 384
97 386
96 387
95 388
94 390
93 391
92 392
91 393
90 394
89 395
88 396
87 398
86 399
85 401
84 403
83 405
82 407
81 409
80 410
79 412
78 413
77 414
76 414
75 414
74 413
73 412
72 410
71 407
70 404
69 401
68 397
67 392
66 388
65 385
64 381
63 378
62 375
61 374
60 373
59 373
58 374
57 376
56 379
55 381
54 385
53 389
52 392
51 395
50 397
49 398
48 399
47 388
46 199
48 194
47 197
114 341
113 342
112 342
111 344
110 346
109 349
108 352
107 355
106 358
105 362
104 365
103 369
102 373
101 376
100 379
99 381
98 383
97 385
96 387
95 389
94 390
93 391
92 392
91 393
90 394
89 395
88 397
87 398
86 400
85 401
84 403
83 405
82 407
81 408
80 410
79 411
78 413
77 413
76 414
75 413
74 413
73 411
72 409
71 407
70 404
69 400
68 396
67 392
66 389
65 385
64 381
63 378
62 376
61 374
60 373
59 373
58 374
57 376
56 378
55 382
54 385
53 388
52 391
51 394
50 396
49 495
48 346
49 173
48 38
115 342
116 344
117 347
118 350
119 354
120 357
121 361
122 366
123 369
124 373
125 377
126 380
127 383
128 385
129 388
130 390
131 391
132 393
133 395
134 397
135 399
136 400
137 402
138 403
139 404
140 406
141 408
142 409
143 411
144 412
145 413
146 414
147 415
148 415
149 415
150 415
114 342
115 343
116 345
117 347
118 350
119 353
120 357
121 362
122 365
123 369
124 373
125 376
126 380
127 383
128 386
129 388
130 390
131 392
132 394
133 395
134 397
135 398
136 400
137 401
138 403
139 405
140 407
141 408
142 410
143 411
144 412
145 413
146 414
147 414
148 415
149 415
150 415
113 342
112 343
111 345
110 347
109 349
108 352
107 355
106 359
105 362
104 366
103 369
102 372
101 375
100 378
99 381
98 383
97 385
96 387
95 388
94 389
93 391
92 392
91 393
90 394
89 395
88 396
87 398
86 399
85 401
84 403
83 405
82 406
81 408
80 410
79 412
78 412
77 413
76 413
75 413
74 412
73 411
72 409
71 406
70 403
69 400
68 396
67 393
66 389
65 385
64 382
63 379
62 377
61 375
60 374
59 374
58 375
57 377
56 380
55 382
54 385
53 388
52 391
51 394
50 531
114 342
115 344
116 346
117 348
118 351
119 354
120 358
121 361
122 365
123 369
124 373
125 377
126 380
127 383
128 385
129 387
130 389
131 391
132 393
133 395
134 396
135 398
136 399
137 401
138 403
139 405
140 406
141 408
142 409
143 410
144 411
145 413
146 414
147 415
148 415
149 415
150 415
113 342
112 344
111 345
110 347
109 350
108 352
107 356
106 359
105 363
104 366
103 369
102 372
101 375
100 378
99 380
98 383
97 385
96 386
95 388
94 390
93 391
92 392
91 393
90 394
89 395
88 397
87 398
86 400
85 402
84 403
83 404
82 406
81 408
80 410
79 411
78 412
77 413
76 413
75 413
74 412
73 410
72 408
71 406
70 403
69 399
68 396
67 392
66 388
65 385
64 382
63 380
62 377
61 376
60 375
59 375
58 376
57 378
56 380
55 383
54 386
53 389
52 392
51 461
50 230
49 286
51 115
50 157
114 343
113 344
112 344
111 346
110 348
109 350
108 353
107 356
106 359
105 362
104 365
103 369
102 372
101 375
100 377
99 380
98 382
97 384
96 386
95 388
94 389
93 390
92 392
91 393
90 394
89 396
88 397
87 398
86 400
85 401
84 403
83 405
82 407
81 409
80 410
79 411
78 412
77 412
76 412
75 412
74 411
73 410
72 408
71 405
70 402
69 399
68 396
67 392
66 389
65 385
64 382
63 379
62 378
61 376
60 376
59 376
58 377
57 378
56 380
55 383
54 386
53 389
52 482
51 296
115 344
116 346
117 349
118 351
119 355
120 358
121 362
122 366
123 370
124 373
125 376
126 379
127 382
128 385
129 387
130 389
131 391
132 393
133 395
134 397
135 398
136 400
137 402
138 403
139 404
140 406
141 407
142 409
143 410
144 412
145 413
146 414
147 414
148 414
149 415
150 415
114 344
115 345
116 347
117 349
118 352
119 355
120 359
121 362
122 366
123 369
124 373
125 376
126 379
127 382
128 384
129 387
130 389
131 391
132 393
133 395
134 396
135 398
136 400
137 401
138 403
139 405
140 406
141 408
142 409
143 411
144 412
145 413
146 413
147 414
148 415
149 415
150 415
113 344
112 345
111 346
110 348
109 350
108 353
107 356
106 359
105 362
104 366
103 369
102 372
101 375
100 378
99 380
98 382
97 384
96 386
95 387
94 389
93 391
92 392
91 393
90 394
89 395
88 396
87 398
86 399
85 401
84 403
83 405
82 407
81 408
80 409
79 410
78 411
77 412
76 412
75 411
74 410
73 409
72 407
71 405
70 402
69 399
68 395
67 392
66 388
65 385
64 382
63 380
62 378
61 377
60 376
59 377
58 378
57 379
56 381
55 383
54 386
53 434
52 336
114 345
115 346
116 347
117 349
118 352
119 355
120 358
121 362
122 365
123 369
124 372
125 376
126 379
127 381
128 384
129 386
130 389
131 391
132 393
133 394
134 396
135 398
136 399
137 401
138 403
139 404
140 406
141 407
142 409
143 410
144 411
145 412
146 413
147 414
148 414
149 414
113 345
112 346
111 347
110 349
109 351
108 354
107 356
106 359
105 363
104 366
103 369
102 372
101 375
100 377
99 380
98 382
97 384
96 386
95 388
94 389
93 390
92 391
91 392
90 394
89 395
88 397
87 398
86 400
85 402
84 403
83 405
82 406
81 408
80 409
79 410
78 411
77 411
76 411
75 411
74 410
73 408
72 406
71 404
70 401
69 398
68 395
67 392
66 389
65 386
64 383
63 381
62 379
61 378
60 378
59 378
58 378
57 380
56 382
55 384
54 409
53 325
114 345
115 346
116 348
117 350
118 353
119 356
120 359
121 362
122 366
123 369
124 373
125 376
126 379
127 382
128 384
129 387
130 389
131 391
132 392
133 394
134 396
135 398
136 400
137 402
138 403
139 405
140 406
141 408
142 409
143 410
144 411
145 412
146 413
147 413
148 414
113 345
112 346
111 348
110 349
109 352
108 354
107 357
106 360
105 363
104 366
103 369
102 372
101 374
100 377
99 379
98 382
97 384
96 386
95 387
94 389
93 390
92 391
91 393
90 394
89 396
88 397
87 399
86 400
85 401
84 403
83 404
82 406
81 407
80 409
79 410
78 411
77 411
76 411
75 410
74 409
73 408
72 406
71 403
70 401
69 398
68 395
67 392
66 389
65 386
64 384
63 381
62 379
61 378
60 378
59 378
58 379
57 380
56 382
55 396
54 289
56 198
55 241
114 346
115 347
116 348
117 351
118 353
119 356
120 359
121 363
122 366
123 370
124 373
125 376
126 379
127 381
128 384
129 386
130 388
131 390
132 392
133 394
134 396
135 398
136 400
137 401
138 403
139 404
140 406
141 407
142 408
143 410
144 411
145 412
146 413
147 414
113 346
112 347
111 348
110 350
109 352
108 354
107 357
106 360
105 363
104 366
103 369
102 372
101 375
100 377
99 380
98 382
97 384
96 385
95 387
94 388
93 390
92 392
91 393
90 394
89 395
88 397
87 398
86 400
85 402
84 403
83 405
82 406
81 408
80 409
79 410
78 410
77 411
76 411
75 410
74 409
73 407
72 405
71 403
70 400
69 398
68 395
67 392
66 389
65 386
64 383
63 381
62 380
61 379
60 378
59 378
58 379
57 480
56 360
57 180
56 19
114 346
113 347
112 347
111 348
110 350
109 352
108 355
107 357
106 360
105 363
104 366
103 369
102 372
101 374
100 377
99 379
98 381
97 383
96 385
95 387
94 389
93 390
92 391
91 392
90 394
89 396
88 397
87 399
86 400
85 401
84 403
83 404
82 406
81 407
80 408
79 409
78 410
77 410
76 410
75 410
74 409
73 407
72 405
71 403
70 401
69 398
68 395
67 392
66 389
65 386
64 384
63 382
62 380
61 379
60 379
59 379
58 520
57 241
115 347
116 349
117 351
118 354
119 356
120 360
121 363
122 366
123 369
124 372
125 375
126 378
127 381
128 384
129 386
130 388
131 390
132 392
133 394
134 396
135 398
136 399
137 401
138 402
139 404
140 406
141 407
142 409
143 410
144 411
145 412
146 413
114 347
115 348
116 350
117 352
118 354
119 357
120 360
121 363
122 366
123 369
124 372
125 375
126 378
127 381
128 383
129 386
130 388
131 390
132 392
133 394
134 396
135 397
136 399
137 401
138 403
139 405
140 406
141 408
142 409
143 410
144 411
145 412
113 347
112 348
111 349
110 351
109 353
108 355
107 358
106 361
105 363
104 366
103 369
102 371
101 374
100 377
99 379
98 381
97 383
96 385
95 387
94 388
93 390
92 391
91 393
90 394
89 395
88 397
87 398
86 400
85 402
84 403
83 405
82 406
81 407
80 408
79 409
78 410
77 410
76 410
75 409
74 408
73 407
72 405
71 403
70 400
69 397
68 395
67 392
66 389
65 387
64 384
63 382
62 381
61 380
60 379
59 450
58 327
114 348
115 349
116 350
117 352
118 354
119 357
120 360
121 363
122 366
123 369
124 372
125 375
126 378
127 381
128 384
129 386
130 388
131 390
132 392
133 394
134 396
135 398
136 400
137 401
138 403
139 404
140 406
141 407
142 408
143 409
144 411
113 348
112 348
111 350
110 351
109 353
108 355
107 358
106 360
105 363
104 366
103 368
102 371
101 374
100 376
99 379
98 381
97 383
96 385
95 386
94 388
93 389
92 391
91 392
90 394
89 396
88 397
87 399
86 400
85 401
84 403
83 404
82 406
81 407
80 408
79 409
78 409
77 410
76 409
75 409
74 408
73 406
72 405
71 402
70 400
69 398
68 395
67 392
66 389
65 386
64 384
63 383
62 381
61 380
60 415
59 347
114 348
115 349
116 351
117 352
118 355
119 358
120 360
121 363
122 366
123 369
124 372
125 375
126 378
127 381
128 383
129 385
130 388
131 390
132 392
133 394
134 396
135 398
136 399
137 401
138 402
139 404
140 405
141 407
142 408
143 410
113 348
112 349
111 350
110 352
109 353
108 356
107 358
106 361
105 364
104 366
103 369
102 372
101 374
100 377
99 379
98 381
97 383
96 385
95 387
94 388
93 390
92 391
91 393
90 394
89 395
88 397
87 398
86 400
85 402
84 403
83 405
82 406
81 407
80 408
79 409
78 410
77 409
76 409
75 408
74 407
73 406
72 404
71 402
70 400
69 397
68 394
67 391
66 389
65 387
64 385
63 383
62 382
61 399
60 336
114 349
115 350
116 351
117 353
118 355
119 357
120 360
121 363
122 366
123 369
124 372
125 375
126 378
127 380
128 383
129 386
130 388
131 390
132 392
133 394
134 396
135 397
136 399
137 401
138 403
139 404
140 406
141 407
142 409
113 349
112 350
111 351
110 352
109 354
108 356
107 358
106 361
105 363
104 366
103 369
102 371
101 374
100 376
99 378
98 381
97 383
96 385
95 386
94 388
93 389
92 391
91 392
90 394
89 396
88 397
87 399
86 400
85 401
84 403
83 404
82 405
81 407
80 408
79 409
78 409
77 409
76 409
75 408
74 407
73 406
72 404
71 402
70 399
69 397
68 394
67 392
66 389
65 387
64 385
63 383
62 391
61 309
114 349
115 350
116 351
117 353
118 355
119 358
120 361
121 363
122 366
123 369
124 372
125 375
126 377
127 380
128 383
129 385
130 387
131 390
132 392
133 394
134 395
135 397
136 399
137 401
138 402
139 404
140 405
141 407
113 349
112 350
111 351
110 352
109 354
108 356
107 359
106 361
105 364
104 366
103 368
102 371
101 374
100 376
99 379
98 381
97 383
96 384
95 386
94 388
93 390
92 391
91 393
90 394
89 395
88 397
87 398
86 400
85 402
84 403
83 404
82 406
81 407
80 408
79 408
78 408
77 409
76 408
75 408
74 407
73 405
72 403
71 401
70 399
69 396
68 394
67 391
66 389
65 387
64 385
63 388
62 275
114 350
115 351
116 352
117 354
118 356
119 358
120 360
121 363
122 366
123 369
124 372
125 375
126 378
127 381
128 383
129 385
130 388
131 390
132 392
133 394
134 396
135 398
136 400
137 401
138 403
139 404
140 406
113 350
112 350
111 351
110 353
109 355
108 357
107 359
106 361
105 363
104 366
103 369
102 372
101 374
100 377
99 379
98 381
97 383
96 385
95 387
94 388
93 389
92 391
91 392
90 394
89 396
88 397
87 399
86 400
85 401
84 403
83 405
82 406
81 407
80 408
79 408
78 409
77 408
76 408
75 407
74 406
73 405
72 403
71 401
70 399
69 397
68 394
67 392
66 390
65 387
64 388
63 237
65 194
64 194
114 350
115 351
116 353
117 354
118 356
119 358
120 361
121 364
122 367
123 370
124 373
125 375
126 378
127 380
128 382
129 385
130 387
131 389
132 392
133 394
134 396
135 398
136 399
137 401
138 402
139 404
113 350
112 351
111 352
110 353
109 355
108 357
107 359
106 361
105 364
104 366
103 369
102 371
101 374
100 376
99 378
98 380
97 382
96 384
95 386
94 388
93 390
92 391
91 393
90 394
89 395
88 397
87 398
86 400
85 402
84 403
83 404
82 405
81 406
80 407
79 408
78 408
77 408
76 408
75 407
74 406
73 404
72 403
71 401
70 399
69 396
68 394
67 392
66 486
114 351
115 352
116 353
117 355
118 357
119 359
120 361
121 364
122 367
123 370
124 372
125 375
126 377
127 380
128 383
129 385
130 387
131 390
132 392
133 394
134 396
135 397
136 399
137 400
138 402
113 351
112 351
111 352
110 354
109 355
108 357
107 359
106 362
105 364
104 367
103 369
102 372
101 374
100 376
99 378
98 380
97 382
96 384
95 386
94 388
93 389
92 391
91 392
90 394
89 396
88 397
87 399
86 400
85 401
84 403
83 404
82 405
81 406
80 407
79 408
78 408
77 408
76 407
75 407
74 405
73 404
72 402
71 401
70 398
69 396
68 394
67 440
65 340
66 385
65 1
114 351
115 352
116 353
117 355
118 357
119 359
120 362
121 364
122 367
123 369
124 372
125 375
126 378
127 380
128 382
129 385
130 388
131 390
132 392
133 394
134 395
135 397
136 399
137 401
113 351
112 352
111 353
110 354
109 356
108 357
107 359
106 361
105 364
104 366
103 369
102 371
101 373
100 376
99 378
98 380
97 382
96 384
95 386
94 387
93 389
92 391
91 393
90 394
89 395
88 397
87 398
86 400
85 402
84 403
83 404
82 405
81 406
80 407
79 407
78 407
77 407
76 407
75 406
74 405
73 404
72 403
71 400
70 398
69 396
68 418
67 372
114 352
113 352
112 352
111 353
110 354
109 355
108 357
107 359
106 362
105 364
104 367
103 369
102 371
101 374
100 376
99 378
98 380
97 382
96 384
95 385
94 387
93 389
92 391
91 392
90 394
89 396
88 397
87 399
86 400
85 401
84 402
83 404
82 405
81 406
80 406
79 407
78 407
77 407
76 407
75 406
74 405
73 404
72 402
71 400
70 398
69 408
68 325
70 204
69 253
115 352
116 354
117 355
118 357
119 360
120 362
119 164
118 237
121 365
120 113
122 367
121 81
123 370
122 66
124 373
123 65
125 375
124 75
126 377
125 94
127 380
126 119
128 383
127 147
129 385
128 176
130 387
129 204
131 389
130 228
132 391
131 246
133 393
132 256
134 395
133 256
135 397
134 245
136 399
135 220
137 199
136 179
116 177
117 334
115 266
116 280
114 485
115 343
113 419
114 305
112 386
113 232
111 370
112 157
110 363
111 95
109 360
110 54
108 360
109 37
107 361
108 43
106 362
107 72
105 364
106 122
104 366
105 191
103 368
104 277
102 371
101 373
102 187
103 378
100 375
101 281
102 304
99 378
98 380
97 382
96 384
95 386
94 388
93 390
92 391
91 393
90 394
89 395
88 397
87 398
86 400
85 401
84 403
83 404
82 405
81 406
80 407
79 407
78 407
77 407
76 406
75 405
74 405
73 403
72 401
71 502
70 360
150 414
149 414
148 414
147 413
146 412
145 411
144 410
143 409
142 408
141 407
140 405
139 404
138 502
137 323
150 414
149 414
148 413
147 413
146 412
145 411
144 410
143 409
142 408
141 406
140 405
139 453
138 348
150 414
149 414
148 414
147 413
146 412
145 411
144 410
143 409
142 407
141 406
140 430
139 303
141 215
140 211
150 414
149 414
148 413
147 412
146 412
145 411
144 410
143 409
142 515
141 288
143 257
142 233
150 414
149 413
148 413
147 413
146 412
145 411
144 539
143 304
145 270
144 219
146 340
145 248
147 376
148 394
147 197
146 321
148 99
147 204
149 453
150 866
149 433
148 372
149 38
150 87
100 330
99 355
100 177
101 333
98 369
99 273
100 238
97 377
98 325
99 253
96 381
95 384
94 387
93 389
92 391
91 392
90 394
89 396
88 397
87 399
86 400
85 402
84 403
83 404
82 405
81 406
80 406
79 406
78 407
77 407
76 406
75 406
74 404
73 403
72 453
71 348
73 226
72 267
97 353
96 369
97 184
98 327
95 378
96 281
97 248
94 383
95 332
96 271
93 387
92 389
91 392
90 394
89 395
88 397
87 398
86 400
85 401
84 402
83 403
82 405
81 405
80 406
79 407
78 407
77 406
76 406
75 405
74 517
73 344
75 258
74 287
94 360
93 374
94 187
95 346
92 383
93 285
94 257
91 388
92 337
93 267
90 391
89 394
88 396
87 398
86 399
85 401
84 402
83 404
82 404
81 405
80 406
79 406
78 406
77 406
76 535
75 355
77 268
76 271
78 337
77 303
79 372
80 389
79 194
78 382
81 398
80 296
79 279
82 402
81 349
80 263
83 403
82 376
81 282
84 404
83 390
82 309
85 403
84 396
83 330
86 402
85 399
84 339
87 401
86 400
85 332
88 399
87 399
86 309
89 398
88 399
87 270
89 199
88 215
90 496
89 345
91 612
90 362
91 151
92 323
