8685
104 92
105 115
108 320
107 221
175 520
174 510
175 510
173 372
172 521
171 493
174 441
173 481
172 487
170 378
171 432
175 441
174 461
173 474
172 453
175 461
174 467
173 460
175 467
174 464
175 464
157 348
158 457
22 338
44 338
43 483
61 336
60 489
59 504
137 335
138 348
142 335
141 472
132 334
131 363
130 373
133 361
134 501
132 362
133 432
131 368
132 400
135 350
136 438
137 393
134 391
135 415
136 404
133 395
134 405
135 404
117 333
12 332
13 443
11 409
10 526
9 540
12 426
11 476
10 508
8 345
9 427
40 332
98 332
52 326
53 460
54 435
55 431
56 445
57 350
58 437
62 326
61 407
60 456
59 446
30 325
31 411
32 367
29 356
30 384
31 375
81 323
80 459
82 357
83 453
84 497
81 408
82 431
83 464
128 322
129 463
130 415
131 407
132 401
133 403
134 404
113 320
114 354
115 451
116 414
164 320
165 392
166 395
35 316
51 316
50 466
49 462
52 388
51 427
50 445
53 411
54 421
55 433
52 419
51 432
53 420
54 427
52 426
53 427
56 392
57 414
58 430
55 410
54 418
56 412
57 421
55 415
56 418
6 315
5 457
7 452
6 455
8 439
7 447
4 383
5 419
6 433
3 381
4 400
5 417
76 315
75 396
74 446
73 469
72 485
71 526
70 499
69 439
68 521
67 379
48 308
49 376
50 404
51 415
52 421
53 419
54 417
55 417
2 305
1 631
3 353
2 492
1 492
4 385
3 438
2 465
1 465
85 300
84 382
147 297
146 440
145 399
144 474
143 422
142 447
148 382
147 411
146 405
145 440
144 431
143 439
63 296
62 351
61 404
60 425
59 428
58 424
57 421
56 419
151 296
152 302
153 304
154 368
155 344
156 438
157 448
150 298
149 357
148 384
147 395
146 417
145 424
144 432
151 300
150 328
149 356
148 376
147 396
146 410
145 421
152 302
153 335
154 339
155 389
156 418
151 315
150 336
149 356
148 376
147 393
146 407
152 325
153 332
154 361
155 389
151 331
150 343
149 359
148 376
147 392
152 331
153 346
154 367
151 337
150 348
149 362
148 377
152 342
153 355
151 345
150 354
149 366
152 350
151 352
150 359
159 293
158 371
157 394
156 392
155 380
154 368
153 359
152 355
151 357
66 289
65 391
64 421
63 386
62 395
61 410
60 419
59 421
58 421
57 420
86 289
85 336
87 296
88 327
86 316
87 321
89 313
88 317
125 288
94 284
93 361
95 355
94 358
92 316
93 337
91 309
90 372
89 344
92 323
91 347
90 345
96 294
97 347
95 326
96 336
94 331
95 333
93 327
92 337
91 341
94 330
93 334
92 337
127 284
126 418
128 374
127 396
129 394
130 401
131 401
132 402
133 403
128 395
129 398
130 399
131 401
132 402
25 283
26 413
24 378
23 410
25 395
24 403
27 352
28 383
29 384
30 379
26 373
25 388
27 378
26 383
28 381
27 382
29 380
28 381
39 282
14 280
13 353
12 414
11 461
10 444
9 441
8 444
7 439
6 428
5 406
4 422
3 444
2 455
1 455
15 346
14 349
13 382
12 422
11 433
10 437
9 441
8 440
7 434
6 420
5 421
4 433
3 444
2 449
1 449
16 309
15 329
14 356
13 389
12 411
11 424
10 432
9 436
8 435
7 427
6 424
5 429
4 436
3 442
2 446
1 446
47 279
48 328
49 366
50 390
51 405
52 412
53 415
54 416
55 418
56 419
46 310
45 392
44 438
47 319
46 355
45 397
48 342
49 366
50 386
51 399
52 407
53 411
54 415
55 417
47 349
46 373
48 358
49 372
50 385
51 396
52 404
53 410
54 413
47 365
48 368
49 377
50 387
51 396
52 403
53 408
33 274
34 383
32 324
33 354
31 352
30 366
29 373
32 353
31 359
30 366
79 272
80 340
81 386
82 425
83 404
84 370
85 343
86 332
87 325
88 335
89 340
90 341
91 339
123 269
124 285
125 351
126 374
127 384
128 391
129 395
130 398
131 400
111 268
112 296
113 325
114 388
115 401
21 266
22 338
23 370
24 379
25 381
26 382
27 382
28 377
29 372
72 263
71 381
70 410
69 465
68 422
73 374
74 422
75 434
76 415
77 434
72 377
73 399
74 416
75 416
76 425
71 394
70 429
69 426
72 397
71 413
70 420
73 407
74 412
75 418
72 410
71 415
73 411
74 414
72 413
73 413
78 367
77 396
76 407
75 411
74 412
67 356
68 391
69 405
70 410
71 411
72 412
73 412
66 373
65 397
64 391
63 393
62 402
61 410
60 415
59 418
58 419
57 419
56 418
55 415
54 412
67 382
68 393
69 402
70 406
71 409
72 410
66 390
65 391
64 392
63 397
62 403
61 409
60 414
59 417
58 418
57 418
56 416
55 414
67 391
68 397
69 401
70 405
71 408
66 391
67 394
68 397
69 401
70 405
65 391
64 394
63 398
62 404
61 409
60 413
59 415
58 417
57 417
56 416
66 392
67 395
68 398
69 402
65 393
64 396
63 400
62 404
61 409
60 412
59 415
58 416
57 416
66 394
67 396
68 399
65 395
64 397
63 401
62 405
61 408
60 411
59 413
58 414
66 396
65 397
64 399
63 402
62 405
61 408
60 411
59 413
67 397
66 397
65 398
64 400
63 402
62 405
61 408
60 410
79 354
78 375
77 391
76 401
75 406
74 409
73 410
72 409
71 407
70 404
69 401
68 399
67 398
66 398
65 399
64 401
63 403
62 406
61 408
80 370
81 397
82 400
83 385
79 372
80 385
81 393
82 389
78 382
77 391
76 398
75 404
74 407
73 408
72 408
71 406
70 404
69 402
68 400
67 399
66 399
65 400
64 401
63 404
62 406
79 384
80 388
81 388
78 387
77 393
76 399
75 403
74 406
73 407
72 406
71 405
70 403
69 401
68 400
67 400
66 400
65 400
64 402
63 404
79 387
78 390
77 394
76 398
75 402
74 404
73 405
72 405
71 404
70 403
69 402
68 401
67 400
66 400
65 401
64 403
80 388
79 389
78 392
77 395
76 399
75 401
74 403
73 404
72 404
71 403
70 402
69 401
68 401
67 401
66 401
65 402
84 364
83 376
82 382
81 385
80 387
79 390
78 392
77 396
76 398
75 401
74 403
73 403
72 403
71 403
70 402
69 402
68 401
67 401
66 401
85 348
84 362
83 372
82 379
81 383
80 386
79 389
78 393
77 395
76 398
75 400
74 401
73 402
72 403
71 402
70 402
69 401
68 401
67 401
86 336
85 349
84 361
83 370
82 376
81 381
80 385
79 389
78 392
77 395
76 398
75 400
74 401
73 402
72 402
71 402
70 402
69 402
68 402
87 335
86 342
85 351
84 360
83 368
82 375
81 380
80 385
79 388
78 391
77 395
76 397
75 399
74 401
73 402
72 402
71 402
70 402
69 402
88 337
87 340
86 346
85 353
84 361
83 368
82 374
81 380
80 384
79 388
78 392
77 394
76 397
75 399
74 400
73 401
72 401
71 402
70 402
89 339
88 340
87 343
86 348
85 355
84 361
83 368
82 374
81 379
80 383
79 387
78 390
77 394
76 396
75 398
74 400
73 400
72 401
71 401
90 339
89 340
88 341
87 344
86 349
85 355
84 362
83 368
82 373
81 378
80 383
79 387
78 391
77 393
76 396
75 398
74 399
73 400
72 401
167 263
168 349
169 393
170 413
171 433
172 446
173 455
174 459
175 459
160 261
159 316
158 355
157 374
156 377
155 372
154 365
153 360
152 359
162 261
163 389
164 390
165 393
161 386
162 387
163 389
164 391
160 351
161 369
162 379
163 385
159 353
158 363
157 370
156 371
155 368
154 364
153 361
160 361
161 370
162 378
159 362
158 366
157 368
156 368
155 366
160 366
161 372
159 366
160 369
158 367
157 368
159 368
158 368
156 367
157 367
154 364
155 366
156 366
166 328
165 359
164 372
163 375
162 373
161 371
160 369
159 368
158 368
157 367
167 339
168 366
169 390
170 411
171 429
172 442
173 451
174 455
175 455
166 349
165 361
164 368
163 370
162 371
161 370
160 369
159 369
158 368
167 357
168 374
169 392
170 411
171 426
172 439
173 447
174 451
175 451
166 359
167 367
168 379
169 395
170 410
171 425
172 436
173 443
174 447
175 447
165 363
164 367
163 369
162 369
161 369
160 369
159 368
166 365
167 372
168 384
169 397
170 411
171 423
172 433
173 440
174 444
175 444
165 366
166 369
167 376
168 386
169 399
170 411
171 422
172 431
173 438
174 441
175 441
164 367
163 368
162 369
161 369
160 369
165 368
166 372
167 379
168 389
169 400
170 411
171 421
172 429
173 435
174 438
164 368
165 370
166 374
167 382
168 391
169 401
170 411
171 420
172 428
173 433
163 369
164 370
165 372
166 377
167 384
168 393
169 402
170 411
171 420
172 426
162 369
161 369
163 369
164 370
165 374
166 379
167 386
168 394
169 402
170 411
171 418
162 369
163 370
164 372
165 375
166 381
167 387
168 394
169 403
170 411
175 438
174 435
173 430
172 424
171 418
175 435
174 433
173 429
172 424
175 433
174 431
173 427
175 431
174 429
175 429
110 257
109 317
111 277
112 301
113 344
114 372
110 297
109 149
108 325
111 299
112 322
113 347
42 251
41 352
43 344
44 370
45 371
46 368
47 368
48 373
49 380
50 388
51 395
52 401
53 406
54 410
55 413
56 414
57 414
58 414
59 412
60 410
61 408
62 406
63 404
64 403
65 402
66 402
67 402
68 402
69 402
70 401
71 401
42 348
43 359
44 365
45 367
46 368
47 371
48 375
49 381
50 388
51 395
52 401
53 406
54 409
55 412
56 413
57 413
58 412
59 411
60 410
61 408
62 406
63 405
64 403
65 403
66 402
67 402
68 402
69 401
70 401
40 317
41 333
42 346
43 356
44 362
45 365
46 368
47 371
48 376
49 382
50 388
51 394
52 400
53 404
54 408
55 410
56 412
57 412
58 412
59 411
60 409
61 408
62 406
63 404
64 404
65 403
66 403
67 402
68 401
69 401
140 250
139 365
138 379
137 392
136 398
135 401
134 402
133 402
132 401
141 348
142 393
143 412
144 416
145 411
146 402
147 389
148 377
149 368
150 362
151 360
152 360
153 362
154 364
155 365
156 366
157 367
158 367
159 368
160 368
161 369
162 369
163 370
164 373
165 377
166 382
167 388
168 396
169 403
170 410
171 417
172 422
173 426
174 427
140 357
141 375
142 394
143 405
144 408
145 405
146 397
147 387
148 378
149 370
139 368
138 380
137 389
136 395
135 399
134 400
133 401
140 371
141 383
142 394
143 401
144 403
145 400
146 393
147 386
148 378
139 375
138 382
137 388
136 393
135 396
134 399
140 379
141 386
142 393
143 398
144 399
145 396
146 391
147 384
139 381
138 384
137 389
136 393
135 396
140 384
141 389
142 394
143 397
144 397
145 394
146 389
139 384
138 387
137 390
136 393
140 386
141 390
142 393
143 395
144 394
145 392
139 386
138 388
137 390
140 388
141 390
142 393
143 393
144 393
139 388
138 389
140 389
141 391
142 392
143 393
139 389
140 390
141 391
142 392
150 365
149 371
148 377
147 383
146 388
145 390
144 391
143 391
151 363
150 367
149 372
148 378
147 383
146 386
145 389
144 390
152 363
151 365
150 369
149 374
148 378
147 382
146 386
145 388
153 364
152 364
151 366
150 370
149 374
148 378
147 382
146 385
154 364
155 365
156 366
157 367
158 368
159 368
160 369
161 369
162 370
163 372
164 374
165 378
166 383
167 390
168 396
169 403
170 410
171 416
172 421
173 424
153 364
152 365
151 368
150 371
149 374
148 378
147 382
154 365
153 365
152 367
151 369
150 371
149 375
148 379
155 365
156 366
157 367
158 367
159 368
160 368
161 369
162 370
163 372
164 375
165 379
166 384
167 390
168 397
169 404
170 410
171 415
172 419
154 365
153 366
152 367
151 369
150 372
149 375
155 366
156 367
157 367
158 368
159 368
160 369
161 369
162 371
163 373
164 376
165 380
166 385
167 391
168 397
169 403
170 409
171 414
154 366
153 366
152 368
151 370
150 373
155 366
154 366
153 367
152 368
151 370
156 366
157 367
158 367
159 368
160 368
161 370
162 371
163 373
164 377
165 381
166 386
167 391
168 397
169 403
170 409
155 366
156 367
157 367
158 368
159 368
160 369
161 370
162 372
163 375
164 378
165 382
166 387
167 392
168 398
169 404
154 366
153 367
152 369
155 367
154 367
153 368
156 367
155 367
154 368
157 367
156 367
155 367
158 367
159 368
160 369
161 370
162 372
163 375
164 378
165 383
166 387
167 393
168 398
157 367
158 368
159 369
160 370
161 371
162 373
163 375
164 379
165 383
166 388
167 393
156 367
157 368
158 368
159 369
160 370
161 372
162 374
163 377
164 380
165 384
166 389
175 427
174 426
173 422
172 418
171 414
170 409
169 403
168 398
167 393
175 426
174 424
173 421
172 418
171 413
170 408
169 403
168 398
175 424
174 422
173 420
172 416
171 412
170 407
169 403
175 422
174 421
173 419
172 416
171 412
170 408
175 421
174 420
173 418
172 415
171 411
175 420
174 419
173 417
172 414
175 419
174 418
173 416
175 418
174 417
175 417
118 242
117 328
116 365
115 368
114 358
119 323
118 325
117 345
116 356
115 357
120 294
119 309
118 327
117 342
116 350
121 283
120 296
119 312
118 327
117 338
122 279
121 288
120 300
119 313
118 326
123 282
124 316
125 345
126 364
127 378
128 386
129 392
130 396
131 398
132 400
133 399
134 397
135 395
136 392
137 391
138 390
139 390
140 391
141 392
142 391
143 391
144 390
145 387
146 384
147 381
148 378
149 376
150 373
151 371
152 369
153 369
154 368
155 368
156 368
157 368
158 369
159 369
160 370
161 372
162 374
163 377
164 381
165 385
166 389
167 394
168 399
169 403
170 407
171 411
172 413
173 415
174 416
175 416
122 285
123 300
124 323
125 344
126 361
127 373
128 383
129 390
130 394
131 397
132 398
133 398
134 397
135 395
136 393
137 391
138 390
139 391
140 391
141 391
142 391
143 390
144 388
145 386
146 384
147 381
148 378
149 375
150 373
151 371
152 370
153 369
154 368
155 368
156 368
157 368
158 368
159 369
160 371
161 372
162 375
163 378
164 381
165 385
166 389
167 394
168 398
169 403
170 407
171 410
172 413
173 414
174 415
175 415
121 292
120 303
119 315
122 296
123 310
124 327
125 344
126 359
127 371
128 380
129 387
130 392
131 395
132 396
133 396
134 395
135 394
136 393
137 392
138 392
139 391
140 391
141 391
142 391
143 390
144 388
145 386
146 383
147 381
148 378
149 376
150 373
151 372
152 371
153 369
154 369
155 368
156 368
157 368
158 369
159 370
160 371
161 373
162 375
163 378
164 382
165 385
166 390
167 394
168 399
169 403
170 406
171 409
172 411
173 413
174 414
175 414
121 300
120 307
122 305
123 316
124 330
125 344
126 357
127 369
128 378
129 385
130 390
131 393
132 395
133 395
134 395
135 394
136 393
137 392
138 391
139 391
140 391
141 391
142 390
143 389
144 388
145 386
146 384
147 381
148 379
149 376
150 374
151 372
152 370
153 370
154 369
155 369
156 368
157 369
158 369
159 370
160 371
161 373
162 376
163 379
164 382
165 386
166 390
167 394
168 398
169 402
170 406
171 409
172 411
173 413
174 414
175 414
121 306
122 311
123 320
124 332
125 345
126 357
127 367
128 376
129 383
130 388
131 392
132 393
133 394
134 394
135 393
136 392
137 392
138 392
139 392
140 392
141 391
142 390
143 389
144 387
145 385
146 383
147 381
148 378
149 376
150 374
151 372
152 371
153 370
154 369
155 368
156 369
157 369
158 370
159 371
160 372
161 374
162 376
163 379
164 382
165 386
166 390
167 394
168 398
169 402
170 405
171 408
172 411
173 412
174 413
175 413
99 234
100 341
101 389
102 197
103 203
98 291
99 316
100 352
101 274
102 232
97 313
96 323
95 327
94 331
93 334
92 337
91 338
90 339
89 340
88 342
87 346
86 351
85 356
84 362
83 367
82 373
81 378
80 382
79 386
78 389
77 393
76 395
75 397
74 398
73 400
72 400
71 401
70 401
98 314
99 333
97 319
98 326
96 323
95 327
94 330
93 333
92 335
91 337
90 338
89 340
88 343
87 347
86 351
85 357
84 362
83 368
82 373
81 377
80 382
79 386
78 390
77 392
76 395
75 396
74 398
73 399
72 400
71 400
97 324
96 326
95 328
94 331
93 333
92 335
91 337
90 339
89 341
88 344
87 347
86 352
85 357
84 362
83 367
82 372
81 377
80 381
79 385
78 388
77 392
76 394
75 396
74 398
73 399
72 400
100 304
99 315
98 320
97 323
96 325
95 328
94 330
93 333
92 335
91 337
90 339
89 341
88 344
87 348
86 353
85 357
84 362
83 367
82 372
81 377
80 381
79 385
78 389
77 391
76 393
75 396
74 397
73 398
101 268
100 291
101 83
99 306
98 314
99 157
100 238
97 320
96 324
95 327
94 330
93 332
92 335
91 337
90 339
89 342
88 345
87 349
86 353
85 358
84 363
83 368
82 372
81 376
80 381
79 385
78 388
77 391
76 394
75 395
74 397
98 239
97 281
98 140
99 293
96 304
95 317
94 325
93 330
92 333
91 336
90 339
89 342
88 346
87 350
86 354
85 358
84 363
83 367
82 372
81 377
80 381
79 384
78 387
77 390
76 392
75 395
38 230
39 274
40 303
41 324
42 340
43 351
44 358
45 363
46 367
47 372
48 377
49 383
50 389
51 395
52 399
53 404
54 407
55 410
56 411
57 412
58 411
59 410
60 409
61 407
62 406
63 405
64 404
65 403
66 402
67 402
68 402
69 402
70 401
71 401
72 399
73 398
74 396
110 224
109 274
110 137
109 53
111 341
112 344
113 351
114 354
115 352
116 345
117 336
118 325
119 316
120 311
121 311
122 316
123 324
124 334
125 345
126 356
127 366
128 375
129 381
130 387
131 390
132 392
133 393
134 393
135 393
136 393
137 392
138 392
139 392
140 391
141 390
142 390
143 388
144 387
145 385
146 383
147 380
148 378
149 376
150 374
151 373
152 372
153 370
154 369
155 369
156 369
157 369
158 370
159 371
160 373
161 375
162 377
163 379
164 383
165 387
166 390
167 394
168 398
169 401
170 405
171 408
172 410
173 412
174 412
175 412
2 223
3 335
4 389
5 412
6 420
7 422
8 425
9 430
10 433
11 432
12 428
13 419
14 404
15 380
16 355
17 340
18 228
19 297
20 357
21 348
22 359
23 369
24 375
25 379
26 380
27 378
28 375
97 222
96 270
95 297
94 313
93 323
92 330
91 334
90 338
89 342
88 346
87 350
86 354
85 359
84 363
83 368
82 372
81 376
80 380
79 384
78 387
77 390
76 393
75 394
98 258
97 264
98 75
96 280
95 297
96 149
97 250
94 310
93 320
92 327
91 333
90 337
89 341
88 345
87 349
86 354
85 358
84 363
83 367
82 372
81 376
80 380
79 383
78 387
77 390
76 392
95 229
94 275
93 301
92 317
91 327
90 334
89 340
88 345
87 350
86 354
85 359
84 363
83 368
82 372
81 376
80 379
79 383
78 386
77 389
96 239
95 257
96 120
94 279
93 298
92 312
91 323
90 332
89 338
88 344
87 349
86 354
85 358
84 363
83 367
82 371
81 375
80 379
79 383
78 386
9 216
10 324
11 376
12 397
13 401
14 390
15 372
16 356
8 323
7 374
6 398
5 409
4 410
3 399
2 367
1 590
9 324
10 350
11 374
12 388
13 389
14 381
15 369
8 349
7 374
6 392
5 401
4 400
3 384
2 487
1 487
9 349
10 362
11 375
12 382
13 381
14 375
8 361
7 376
6 388
5 394
4 389
3 438
2 462
1 462
9 362
8 369
7 379
6 387
5 388
4 413
3 437
2 450
1 450
10 368
11 375
12 378
13 377
9 368
8 374
7 380
6 384
5 399
4 418
3 434
2 442
10 372
11 375
12 376
9 373
8 376
7 380
6 389
5 403
4 419
3 431
10 374
9 375
8 378
7 384
6 394
5 407
4 419
11 375
10 375
9 377
8 380
7 387
6 397
5 408
1 442
2 436
3 427
4 417
1 436
2 432
3 425
1 432
2 428
1 428
17 292
16 330
15 352
14 364
13 370
12 372
11 373
10 375
9 377
8 382
7 389
6 398
5 407
4 416
3 422
2 425
1 425
18 294
19 325
20 336
21 347
22 358
23 367
24 373
25 376
26 377
27 376
17 312
16 332
15 348
14 359
13 365
12 369
11 372
10 374
9 378
8 384
7 391
6 399
5 408
4 415
3 420
2 423
1 423
18 319
19 328
20 338
21 348
22 358
23 365
24 370
25 374
26 375
17 326
16 337
15 348
14 357
13 363
12 368
11 371
10 375
9 380
8 385
7 392
6 400
5 407
4 414
3 418
2 420
1 420
18 327
17 332
16 340
15 349
14 356
13 362
12 366
11 371
10 375
9 380
8 386
7 393
6 400
5 407
4 412
3 416
2 418
1 418
19 332
20 340
21 349
22 357
23 364
24 369
25 372
18 332
17 336
16 343
15 349
14 355
13 361
12 366
11 370
10 375
9 380
8 387
7 394
6 401
5 407
4 412
3 415
2 417
1 417
19 336
20 342
21 350
22 357
23 363
24 368
18 336
17 339
16 344
15 350
14 356
13 361
12 366
11 371
10 376
9 382
8 388
7 394
6 400
5 406
4 410
3 414
2 415
1 415
19 339
20 345
21 351
22 357
23 362
18 339
17 342
16 346
15 351
14 356
13 361
12 366
11 371
10 376
9 382
8 388
7 394
6 400
5 405
4 410
3 412
2 414
1 414
19 342
20 346
21 351
22 356
18 342
17 344
16 347
15 351
14 356
13 361
12 366
11 371
10 377
9 382
8 388
7 394
6 400
5 405
4 408
3 411
2 412
19 344
20 348
21 352
18 344
19 346
20 349
17 345
16 348
15 352
14 356
13 361
12 366
11 371
10 376
9 382
8 388
7 394
6 399
5 403
4 407
3 410
18 345
17 347
16 350
15 353
14 357
13 361
12 366
11 371
10 377
9 383
8 388
7 394
6 399
5 403
4 407
19 347
18 347
17 348
16 350
15 354
14 358
13 362
12 366
11 372
10 377
9 382
8 388
7 393
6 398
5 403
1 412
2 411
3 409
4 406
1 411
2 410
3 408
1 410
2 409
1 409
56 206
55 308
54 359
53 383
52 394
51 396
50 395
49 392
48 388
47 382
46 377
45 372
44 367
43 362
42 357
41 349
40 337
39 320
57 308
58 359
59 384
60 396
61 401
62 403
63 404
64 403
65 403
66 403
67 402
68 402
69 401
70 401
71 400
72 399
73 398
74 396
75 394
76 391
77 388
56 308
55 334
54 359
53 376
52 386
51 391
50 392
49 390
48 386
47 382
46 377
45 372
44 367
43 362
42 355
41 346
57 334
58 359
59 377
60 389
61 396
62 400
63 401
64 402
65 402
66 402
67 402
68 401
69 401
70 401
71 400
72 399
73 397
74 396
75 394
76 391
56 334
55 346
54 361
53 374
52 382
51 387
50 388
49 387
48 384
47 380
46 376
45 371
44 367
43 361
42 354
57 346
58 362
59 376
60 386
61 393
62 397
63 400
64 401
65 402
66 402
67 402
68 402
69 402
70 401
71 400
72 399
73 398
74 396
75 393
56 346
55 354
54 364
53 373
52 380
51 384
50 386
49 385
48 383
47 380
46 375
45 371
44 366
43 360
57 354
58 365
59 375
60 384
61 391
62 395
63 398
64 400
65 401
66 401
67 401
68 401
69 401
70 400
71 399
72 398
73 397
74 395
56 354
57 360
58 367
59 376
60 383
61 389
62 394
63 397
64 399
65 400
66 401
67 401
68 401
69 400
70 400
71 399
72 398
73 396
55 359
54 366
53 373
52 379
51 382
50 383
49 383
48 381
47 378
46 375
45 371
44 365
56 359
57 363
58 370
59 376
60 383
61 388
62 392
63 395
64 398
65 399
66 400
67 401
68 401
69 401
70 400
71 399
72 398
55 362
54 367
53 373
52 377
51 380
50 382
49 381
48 380
47 377
46 374
45 369
56 363
57 366
58 371
59 377
60 382
61 387
62 391
63 395
64 397
65 399
66 400
67 400
68 400
69 400
70 399
71 399
55 365
54 369
53 373
52 377
51 380
50 380
49 380
48 378
47 376
46 372
56 365
57 368
58 372
59 377
60 382
61 387
62 391
63 394
64 396
65 398
66 399
67 400
68 400
69 399
70 399
55 367
54 370
53 373
52 376
51 378
50 379
49 379
48 378
47 375
56 368
57 370
58 374
59 378
60 383
61 387
62 391
63 393
64 396
65 397
66 398
67 399
68 399
69 399
55 369
54 371
53 374
52 376
51 377
50 378
49 378
48 376
56 369
57 372
58 375
59 379
60 383
61 387
62 390
63 393
64 395
65 397
66 398
67 398
68 399
55 370
54 372
53 374
52 376
51 377
50 378
49 377
56 371
57 373
58 376
59 380
60 383
61 386
62 389
63 392
64 394
65 396
66 397
67 398
55 372
54 373
53 374
52 375
51 377
50 377
56 373
57 374
58 377
59 380
60 383
61 386
62 389
63 392
64 394
65 395
66 397
55 373
54 374
53 375
52 376
51 376
56 373
57 375
58 377
59 380
60 383
61 386
62 389
63 391
64 393
65 395
55 373
54 374
53 375
52 376
56 374
57 376
58 378
59 380
60 383
61 386
62 389
63 391
64 393
55 374
56 375
57 376
58 378
59 381
60 384
61 387
62 389
63 391
54 374
53 375
55 375
56 376
57 377
58 379
59 381
60 384
61 386
62 388
54 375
55 375
56 376
57 378
58 380
59 382
60 384
61 386
40 333
41 343
42 351
43 358
44 364
45 368
46 372
47 374
48 376
49 376
50 376
51 376
52 375
53 375
54 375
55 376
56 377
57 378
58 380
59 382
60 384
38 297
37 318
36 358
35 371
34 363
33 358
32 359
31 363
30 368
29 371
28 374
27 375
26 374
25 371
24 366
23 361
22 357
21 353
20 350
19 349
18 349
17 350
16 352
15 355
14 358
13 362
12 367
11 372
10 377
9 383
8 388
7 393
6 398
5 402
4 405
3 407
2 408
1 408
39 315
40 329
41 340
42 349
43 357
44 362
45 367
46 370
47 373
48 374
49 375
50 375
51 375
52 375
53 375
54 376
55 376
56 377
57 379
58 380
59 382
38 317
37 337
36 354
35 358
34 358
33 358
32 360
31 364
30 367
29 371
28 373
27 373
26 372
25 369
24 365
23 361
22 357
21 354
20 351
19 350
18 350
17 351
16 353
15 355
14 359
13 363
12 368
11 372
10 378
9 383
8 388
7 393
6 397
5 401
4 404
3 406
2 407
1 407
39 323
40 331
41 340
42 349
43 355
44 361
45 366
46 370
47 372
48 374
49 375
50 375
51 375
52 375
53 375
54 375
55 376
56 377
57 378
58 380
38 330
37 342
36 350
35 354
34 356
33 358
32 361
31 364
30 368
29 370
28 371
27 372
26 370
25 367
24 364
23 361
22 357
21 354
20 352
19 351
18 351
17 352
16 354
15 357
14 360
13 364
12 368
11 373
10 378
9 383
8 388
7 393
6 397
5 400
4 403
3 405
2 406
1 406
39 330
38 336
37 343
36 349
35 353
34 355
33 358
32 361
31 364
30 367
29 369
28 371
27 370
26 369
25 367
24 364
23 360
22 357
21 354
20 353
19 352
18 352
17 353
16 355
15 357
14 360
13 364
12 368
11 373
10 378
9 383
8 388
7 392
6 396
5 400
4 402
3 404
2 405
1 405
40 335
41 342
42 348
43 355
44 361
45 365
46 368
47 371
48 373
49 374
50 375
51 375
52 375
53 375
54 376
55 377
56 378
57 379
39 336
38 339
37 344
36 348
35 351
34 355
33 358
32 361
31 364
30 366
29 369
28 369
27 369
26 368
25 366
24 363
23 360
22 357
21 355
20 353
19 352
18 352
17 353
16 355
15 358
14 361
13 365
12 369
11 374
10 378
9 383
8 388
7 392
6 396
5 399
4 402
3 403
2 404
40 339
41 344
42 350
43 355
44 360
45 364
46 368
47 371
48 372
49 373
50 374
51 375
52 375
53 376
54 376
55 377
56 378
39 339
38 342
37 345
36 348
35 352
34 355
33 358
32 361
31 364
30 367
29 368
28 369
27 369
26 367
25 365
24 363
23 360
22 358
21 356
20 354
19 353
18 353
17 354
16 356
15 358
14 362
13 365
12 370
11 374
10 379
9 383
8 387
7 392
6 396
5 399
4 401
3 403
40 342
41 346
42 350
43 355
44 359
45 364
46 367
47 369
48 371
49 373
50 374
51 374
52 375
53 375
54 376
55 377
39 342
40 344
41 347
42 351
43 355
44 360
45 363
46 366
47 369
48 371
49 372
50 373
51 374
52 375
53 376
54 377
38 343
37 346
36 349
35 352
34 355
33 358
32 361
31 364
30 366
29 367
28 368
27 367
26 366
25 364
24 362
23 360
22 358
21 356
20 355
19 354
18 354
17 355
16 356
15 359
14 362
13 366
12 370
11 374
10 378
9 383
8 388
7 392
6 395
5 398
4 400
39 343
38 345
37 347
36 350
35 352
34 355
33 358
32 361
31 363
30 365
29 367
28 367
27 367
26 366
25 364
24 362
23 360
22 358
21 356
20 355
19 355
18 355
17 356
16 358
15 360
14 363
13 367
12 370
11 374
10 379
9 383
8 387
7 391
6 395
5 397
40 345
41 348
42 352
43 356
44 359
45 363
46 366
47 368
48 370
49 372
50 373
51 374
52 375
53 376
39 345
38 346
37 348
36 350
35 353
34 355
33 358
32 361
31 363
30 365
29 366
28 366
27 366
26 365
25 364
24 362
23 360
22 358
21 357
20 356
19 355
18 356
17 357
16 358
15 361
14 364
13 367
12 371
11 375
10 379
9 383
8 387
7 391
6 394
40 346
41 349
42 352
43 356
44 360
45 363
46 366
47 368
48 370
49 371
50 372
51 374
52 375
39 346
40 348
41 350
42 353
43 356
44 359
45 362
46 365
47 368
48 370
49 371
50 373
51 374
38 347
37 348
36 350
35 352
34 355
33 358
32 360
31 363
30 364
29 365
28 366
27 365
26 364
25 363
24 361
23 360
22 358
21 357
20 356
19 356
18 356
17 357
16 359
15 361
14 364
13 367
12 371
11 375
10 379
9 383
8 387
7 390
39 348
40 349
41 351
42 354
43 357
44 360
45 363
46 365
47 367
48 369
49 371
50 372
38 348
37 349
36 351
35 353
34 356
33 358
32 361
31 362
30 364
29 365
28 365
27 365
26 364
25 362
24 361
23 359
22 358
21 357
20 356
19 356
18 357
17 358
16 360
15 362
14 364
13 368
12 371
11 375
10 379
9 383
8 387
39 348
40 349
41 351
42 354
43 357
44 360
45 362
46 365
47 367
48 369
49 371
38 348
37 350
36 351
35 354
34 356
33 359
32 360
31 362
30 363
29 364
28 364
27 364
26 363
25 362
24 361
23 360
22 359
21 357
20 357
19 357
18 357
17 358
16 360
15 362
14 365
13 368
12 372
11 376
10 379
9 383
39 349
38 350
37 350
36 352
35 354
34 356
33 358
32 360
31 362
30 363
29 363
28 364
27 363
26 363
25 362
24 361
23 360
22 358
21 358
20 357
19 357
18 358
17 359
16 360
15 363
14 366
13 369
12 372
11 375
10 379
40 350
41 352
42 354
43 357
44 359
45 362
46 364
47 367
48 369
39 350
40 351
41 353
42 355
43 357
44 360
45 362
46 365
47 367
38 350
37 351
36 353
35 354
34 356
33 358
32 360
31 361
30 362
29 363
28 363
27 363
26 362
25 362
24 361
23 359
22 359
21 358
20 358
19 358
18 358
17 359
16 361
15 363
14 366
13 369
12 372
11 376
39 350
40 352
41 353
42 355
43 357
44 359
45 362
46 364
38 350
37 352
36 353
35 355
34 357
33 358
32 360
31 361
30 362
29 363
28 363
27 363
26 363
25 362
24 360
23 360
22 359
21 358
20 358
19 358
18 359
17 360
16 362
15 364
14 366
13 369
12 373
39 351
38 352
37 352
36 353
35 355
34 356
33 358
32 359
31 361
30 362
29 362
28 362
27 362
26 362
25 361
24 361
23 360
22 359
21 359
20 358
19 359
18 359
17 361
16 362
15 364
14 367
13 370
40 352
41 354
42 356
43 358
44 360
45 362
39 352
40 353
41 354
42 356
43 358
44 360
38 352
37 353
36 354
35 355
34 357
33 358
32 360
31 361
30 362
29 362
28 362
27 362
26 361
25 361
24 360
23 359
22 359
21 358
20 359
19 359
18 360
17 361
16 363
15 365
14 367
39 353
38 353
37 353
36 354
35 355
34 356
33 358
32 359
31 360
30 361
29 362
28 362
27 362
26 362
25 361
24 360
23 360
22 359
21 359
20 359
19 359
18 360
17 361
16 363
15 365
40 353
41 355
42 356
43 358
39 353
40 354
41 355
42 357
38 353
37 354
36 355
35 356
34 357
33 358
32 359
31 360
30 361
29 361
28 362
27 362
26 361
25 360
24 360
23 359
22 359
21 359
20 359
19 360
18 361
17 362
16 363
39 353
40 354
41 355
38 353
37 354
36 355
35 356
34 357
33 358
32 359
31 360
30 360
29 361
28 361
27 361
26 361
25 361
24 360
23 360
22 359
21 359
20 359
19 360
18 361
17 362
39 354
40 355
38 354
37 354
36 355
35 356
34 357
33 358
32 359
31 360
30 361
29 361
28 361
27 361
26 361
25 360
24 360
23 359
22 359
21 359
20 360
19 360
18 361
39 354
38 354
37 355
36 355
35 356
34 357
33 358
32 359
31 360
30 360
29 361
28 361
27 361
26 360
25 360
24 360
23 360
22 360
21 360
20 360
19 361
1 404
2 404
3 402
4 400
5 397
6 393
7 390
8 386
9 383
10 380
11 376
12 373
13 370
14 368
15 366
16 364
17 363
18 362
1 404
2 403
3 401
4 399
5 396
6 393
7 390
8 387
9 383
10 379
11 376
12 373
13 370
14 368
15 366
16 365
17 363
1 403
2 402
3 401
4 398
5 396
6 393
7 390
8 386
9 383
10 380
11 377
12 373
13 371
14 368
15 366
16 364
1 402
2 401
3 399
4 398
5 395
6 393
7 389
8 386
9 383
10 380
11 376
12 374
13 371
14 369
15 367
1 401
2 400
3 399
4 397
5 395
6 392
7 389
8 386
9 383
10 379
11 377
12 374
13 371
14 369
1 400
2 400
3 399
4 397
5 395
6 392
7 389
8 386
9 382
10 380
11 377
12 374
13 372
1 400
2 399
3 398
4 396
5 394
6 391
7 389
8 386
9 383
10 380
11 377
12 374
1 399
2 399
3 397
4 396
5 393
6 391
7 388
8 385
9 383
10 380
11 377
1 399
2 398
3 397
4 395
5 393
6 391
7 388
8 386
9 383
10 380
1 398
2 397
3 396
4 394
5 393
6 390
7 388
8 385
9 382
1 397
2 397
3 396
4 395
5 392
6 390
7 388
8 385
1 397
2 396
3 395
4 393
5 392
6 390
7 387
1 396
2 396
3 395
4 394
5 392
6 390
1 396
2 395
3 394
4 393
5 391
1 395
2 395
3 394
4 392
1 395
2 394
3 393
1 394
2 394
1 394
172 206
173 309
174 361
171 308
170 358
169 382
168 392
167 395
166 395
165 392
164 389
163 386
162 383
161 380
160 377
159 375
158 373
157 372
156 370
155 370
154 370
153 370
152 370
151 371
150 372
149 373
148 375
147 377
146 378
145 381
144 383
143 385
142 386
141 388
140 389
139 390
138 391
137 392
136 392
135 392
134 392
133 393
132 393
131 392
130 391
129 389
128 385
127 380
126 373
125 365
124 355
123 345
122 334
121 325
120 318
119 314
118 315
117 320
116 328
115 337
114 344
113 349
112 350
111 347
110 332
172 308
173 334
171 333
170 357
169 374
168 384
167 390
166 391
165 390
164 388
163 386
162 383
161 380
160 378
159 375
158 373
157 371
156 371
155 370
154 370
153 370
152 370
151 371
150 372
149 373
148 375
147 376
146 379
145 381
144 383
143 385
142 387
141 388
140 389
139 390
138 391
137 391
136 391
135 392
134 393
133 393
132 393
131 392
130 390
129 388
128 384
127 379
126 372
125 363
124 354
123 344
122 335
172 334
171 345
170 360
169 372
168 381
167 386
166 388
165 388
164 387
163 385
162 382
161 380
160 377
159 375
158 373
157 372
156 371
155 371
154 370
153 370
152 371
151 371
150 372
149 374
148 375
147 377
146 379
145 381
144 383
143 385
142 386
141 388
140 389
139 390
138 390
137 391
136 392
135 392
134 392
133 392
132 392
131 391
130 390
129 387
128 383
127 377
126 370
125 362
124 353
123 344
121 326
122 335
120 320
121 328
119 318
120 323
118 319
117 323
116 330
115 337
114 343
113 347
112 347
111 286
119 321
118 322
117 326
116 331
115 337
114 342
113 344
112 256
175 361
174 347
173 341
172 343
171 352
170 362
169 372
168 379
167 383
166 385
165 386
164 386
163 384
162 382
161 379
160 377
159 375
158 374
157 373
156 372
155 371
154 371
153 371
152 371
151 372
150 373
149 374
148 375
147 377
146 379
145 381
144 383
143 384
142 386
141 387
140 389
139 389
138 390
137 391
136 391
135 392
134 392
133 392
132 391
131 391
130 389
129 386
128 381
127 376
126 369
125 361
124 353
123 344
122 336
121 329
120 325
119 323
118 325
117 328
116 333
115 337
114 341
113 246
175 347
174 344
173 343
172 347
171 354
170 363
169 371
168 377
167 381
166 384
165 385
164 384
163 383
162 381
161 379
160 377
159 376
158 374
157 373
156 372
155 371
154 371
153 371
152 371
151 372
150 373
149 374
148 376
147 378
146 379
145 381
144 382
143 384
142 386
141 388
140 388
139 389
138 390
137 390
136 391
135 391
134 392
133 392
132 392
131 390
130 388
129 384
128 380
127 374
126 368
125 361
124 352
123 344
122 336
121 331
120 327
119 326
118 327
117 330
116 333
115 337
114 258
175 344
174 344
173 346
172 350
171 357
170 364
169 370
168 376
167 380
166 382
165 383
164 383
163 382
162 381
161 379
160 378
159 376
158 375
157 373
156 372
155 372
154 371
153 371
152 372
151 372
150 373
149 374
148 376
147 377
146 379
145 380
144 382
143 384
142 386
141 387
140 388
139 389
138 390
137 391
136 391
135 392
134 392
133 392
132 391
131 390
130 387
129 384
128 379
127 374
126 367
125 359
124 352
123 344
122 338
121 332
120 329
119 328
118 329
117 331
116 334
115 296
116 148
115 1
175 344
174 345
173 347
172 352
171 358
170 364
169 370
168 375
167 379
166 381
165 382
164 382
163 381
162 380
161 379
160 377
159 376
158 374
157 373
156 372
155 371
154 371
153 371
152 371
151 372
150 373
149 375
148 376
147 378
146 379
145 381
144 383
143 385
142 386
141 387
140 388
139 389
138 390
137 390
136 391
135 391
134 391
133 391
132 390
131 388
130 386
129 382
128 378
127 372
126 366
125 359
124 351
123 344
122 338
121 334
120 331
119 330
118 330
117 406
175 345
174 346
173 349
172 354
171 359
170 364
169 370
168 374
167 377
166 380
165 381
164 381
163 381
162 380
161 379
160 378
159 376
158 375
157 374
156 373
155 372
154 372
153 372
152 372
151 373
150 374
149 375
148 376
147 377
146 379
145 381
144 383
143 384
142 385
141 386
140 388
139 389
138 389
137 390
136 391
135 391
134 391
133 390
132 389
131 388
130 385
129 382
128 377
127 372
126 365
125 358
124 351
123 345
122 339
121 335
120 333
119 332
118 369
117 185
116 217
175 346
174 347
173 351
172 355
171 359
170 365
169 369
168 373
167 377
166 379
165 380
164 381
163 380
162 379
161 378
160 377
159 376
158 375
157 374
156 373
155 373
154 372
153 372
152 373
151 373
150 374
149 375
148 376
147 378
146 380
145 381
144 382
143 384
142 385
141 387
140 388
139 389
138 390
137 391
136 391
135 391
134 391
133 390
132 389
131 387
130 384
129 380
128 376
127 370
126 364
125 358
124 352
123 345
122 340
121 336
120 334
119 351
118 268
117 205
175 347
174 349
173 352
172 355
171 360
170 364
169 369
168 373
167 376
166 378
165 380
164 380
163 380
162 379
161 378
160 377
159 376
158 375
157 374
156 373
155 372
154 372
153 372
152 372
151 373
150 374
149 375
148 377
147 378
146 379
145 381
144 383
143 384
142 386
141 387
140 388
139 389
138 390
137 390
136 390
135 391
134 390
133 390
132 389
131 386
130 383
129 380
128 375
127 370
126 364
125 358
124 351
123 346
122 341
121 338
120 344
119 306
175 349
174 351
173 353
172 357
171 361
170 365
169 369
168 373
167 375
166 377
165 378
164 379
163 379
162 379
161 378
160 377
159 376
158 375
157 374
156 373
155 373
154 373
153 373
152 373
151 374
150 375
149 376
148 377
147 378
146 380
145 381
144 382
143 384
142 385
141 386
140 387
139 388
138 389
137 390
136 391
135 390
134 390
133 389
132 387
131 385
130 383
129 379
128 375
127 369
126 364
125 357
124 352
123 346
122 342
121 343
120 325
119 163
118 289
175 351
174 352
173 354
172 357
171 361
170 365
169 369
168 372
167 375
166 377
165 378
164 378
163 378
162 378
161 378
160 377
159 376
158 375
157 374
156 374
155 373
154 373
153 373
152 374
151 374
150 375
149 376
148 377
147 379
146 380
145 381
144 383
143 384
142 385
141 386
140 387
139 388
138 389
137 390
136 390
135 390
134 390
133 389
132 387
131 385
130 382
129 378
128 373
127 369
126 363
125 358
124 352
123 347
122 345
121 335
120 249
119 267
175 352
174 353
173 355
172 358
171 361
170 365
169 368
168 371
167 374
166 376
165 377
164 378
163 378
162 378
161 377
160 376
159 375
158 374
157 374
156 373
155 373
154 373
153 373
152 373
151 374
150 375
149 376
148 377
147 378
146 379
145 381
144 382
143 383
142 385
141 386
140 387
139 388
138 389
137 389
136 389
135 390
134 389
133 388
132 387
131 385
130 381
129 377
128 373
127 368
126 363
125 357
124 352
123 349
122 342
121 295
175 353
174 354
173 356
172 359
171 362
170 365
169 368
168 371
167 373
166 375
165 377
164 377
163 378
162 377
161 377
160 376
159 375
158 375
157 374
156 374
155 374
154 373
153 373
152 374
151 375
150 375
149 376
148 377
147 378
146 380
145 381
144 382
143 384
142 385
141 386
140 387
139 388
138 388
137 389
136 390
135 389
134 389
133 388
132 386
131 383
130 380
129 377
128 373
127 368
126 362
125 357
124 353
123 347
122 321
121 161
120 360
175 354
174 355
173 357
172 359
171 362
170 365
169 368
168 371
167 373
166 375
165 376
164 377
163 377
162 377
161 376
160 376
159 376
158 375
157 374
156 374
155 373
154 373
153 374
152 374
151 374
150 375
149 376
148 377
147 379
146 380
145 381
144 383
143 384
142 385
141 386
140 387
139 388
138 389
137 389
136 389
135 389
134 388
133 387
132 385
131 383
130 380
129 376
128 372
127 367
126 362
125 358
124 352
123 337
175 355
174 356
173 358
172 360
171 363
170 366
169 369
168 371
167 373
166 374
165 375
164 376
163 376
162 376
161 376
160 376
159 375
158 374
157 374
156 373
155 373
154 374
153 374
152 374
151 375
150 376
149 376
148 378
147 379
146 380
145 382
144 383
143 384
142 385
141 386
140 387
139 388
138 388
137 389
136 389
135 389
134 388
133 386
132 385
131 382
130 379
129 376
128 371
127 366
126 362
125 357
124 347
175 356
174 357
173 358
172 361
171 363
170 366
169 368
168 370
167 372
166 374
165 375
164 376
163 376
162 376
161 376
160 375
159 375
158 375
157 374
156 374
155 374
154 374
153 374
152 375
151 375
150 375
149 377
148 378
147 379
146 380
145 381
144 382
143 383
142 384
141 386
140 387
139 387
138 388
137 388
136 388
135 388
134 387
133 386
132 384
131 382
130 379
129 375
128 371
127 367
126 362
125 354
175 357
174 357
173 359
172 361
171 364
170 366
169 368
168 370
167 372
166 373
165 375
164 375
163 376
162 376
161 376
160 376
159 375
158 374
157 374
156 374
155 374
154 374
153 374
152 374
151 375
150 376
149 377
148 378
147 379
146 380
145 381
144 382
143 383
142 385
141 386
140 387
139 388
138 388
137 388
136 388
135 387
134 387
133 386
132 384
131 381
130 378
129 374
128 370
127 366
126 360
175 357
174 358
173 360
172 362
171 364
170 366
169 368
168 370
167 372
166 374
165 374
164 375
163 375
162 376
161 376
160 375
159 375
158 375
157 375
156 374
155 374
154 374
153 374
152 375
151 375
150 376
149 377
148 378
147 379
146 380
145 381
144 382
143 384
142 385
141 386
140 387
139 387
138 388
137 388
136 388
135 388
134 387
133 385
132 383
131 381
130 378
129 374
128 370
127 365
175 358
174 359
173 360
172 362
171 364
170 366
169 368
168 370
167 372
166 373
165 374
164 375
163 376
162 376
161 375
160 375
159 375
158 375
157 374
156 374
155 374
154 374
153 375
152 375
151 376
150 377
149 377
148 378
147 379
146 380
145 381
144 383
143 384
142 385
141 386
140 386
139 387
138 387
137 388
136 388
135 387
134 386
133 385
132 383
131 380
130 377
129 374
128 370
175 359
174 360
173 361
172 362
171 364
170 366
169 368
168 370
167 371
166 372
165 374
164 375
163 375
162 375
161 375
160 375
159 375
158 374
157 374
156 374
155 374
154 374
153 374
152 375
151 376
150 376
149 377
148 378
147 379
146 380
145 382
144 383
143 384
142 385
141 385
140 386
139 387
138 388
137 388
136 387
135 387
134 386
133 384
132 382
131 380
130 377
129 373
175 360
174 360
173 361
172 363
171 364
170 366
169 368
168 370
167 371
166 373
165 374
164 374
163 375
162 375
161 375
160 375
159 374
158 374
157 374
156 374
155 374
154 374
153 375
152 375
151 375
150 376
149 377
148 378
147 379
146 381
145 382
144 383
143 384
142 384
141 385
140 386
139 387
138 387
137 387
136 387
135 386
134 385
133 384
132 382
131 379
130 376
175 360
174 361
173 362
172 363
171 365
170 366
169 368
168 369
167 371
166 372
165 373
164 374
163 374
162 374
161 375
160 375
159 375
158 375
157 375
156 375
155 375
154 375
153 375
152 375
151 376
150 377
149 378
148 378
147 379
146 380
145 381
144 382
143 383
142 384
141 385
140 386
139 386
138 387
137 387
136 387
135 386
134 385
133 383
132 381
131 379
175 361
174 361
173 362
172 363
171 364
170 366
169 368
168 370
167 371
166 372
165 373
164 374
163 374
162 375
161 375
160 375
159 375
158 375
157 375
156 375
155 375
154 375
153 375
152 376
151 376
150 377
149 377
148 378
147 379
146 380
145 381
144 382
143 383
142 384
141 385
140 386
139 387
138 387
137 387
136 386
135 386
134 384
133 383
132 381
175 361
174 362
173 363
172 364
171 365
170 367
169 368
168 369
167 371
166 372
165 373
164 373
163 374
162 374
161 374
160 374
159 374
158 374
157 374
156 374
155 374
154 375
153 375
152 375
151 376
150 376
149 377
148 378
147 379
146 380
145 381
144 382
143 383
142 384
141 385
140 386
139 386
138 386
137 386
136 386
135 385
134 384
133 382
175 362
174 362
173 363
172 364
171 366
170 367
169 368
168 370
167 371
166 372
165 372
164 373
163 374
162 374
161 374
160 374
159 374
158 374
157 374
156 374
155 375
154 375
153 375
152 376
151 376
150 377
149 378
148 379
147 380
146 381
145 382
144 383
143 383
142 384
141 385
140 385
139 386
138 386
137 386
136 386
135 385
134 384
175 362
174 363
173 363
172 364
171 365
170 366
169 368
168 369
167 370
166 371
165 372
164 373
163 373
162 374
161 374
160 374
159 374
158 374
157 374
156 375
155 375
154 375
153 376
152 376
151 377
150 377
149 378
148 379
147 380
146 381
145 382
144 382
143 383
142 384
141 385
140 386
139 386
138 386
137 386
136 385
135 384
175 363
174 363
173 364
172 365
171 366
170 367
169 368
168 369
167 370
166 371
165 372
164 373
163 374
162 374
161 374
160 374
159 374
158 374
157 375
156 375
155 375
154 375
153 375
152 376
151 376
150 377
149 378
148 379
147 380
146 381
145 381
144 382
143 383
142 384
141 385
140 385
139 385
138 386
137 385
136 385
175 363
174 363
173 364
172 365
171 366
170 367
169 368
168 369
167 370
166 371
165 372
164 373
163 373
162 373
161 374
160 374
159 374
158 375
157 375
156 375
155 375
154 375
153 376
152 376
151 377
150 378
149 378
148 379
147 380
146 380
145 381
144 382
143 383
142 384
141 384
140 385
139 386
138 385
137 385
175 363
174 364
173 364
172 365
171 366
170 367
169 368
168 369
167 370
166 371
165 372
164 372
163 373
162 374
161 374
160 374
159 375
158 375
157 375
156 375
155 375
154 376
153 376
152 376
151 377
150 377
149 378
148 379
147 379
146 380
145 381
144 382
143 383
142 384
141 385
140 385
139 385
138 385
175 364
174 364
173 365
172 365
171 366
170 367
169 368
168 369
167 370
166 371
165 372
164 373
163 373
162 373
161 373
160 374
159 374
158 374
157 374
156 374
155 375
154 375
153 375
152 376
151 376
150 377
149 378
148 378
147 379
146 380
145 381
144 382
143 383
142 384
141 384
140 385
139 385
175 364
174 364
173 364
172 365
171 366
170 367
169 368
168 369
167 370
166 371
165 372
164 372
163 373
162 373
161 374
160 374
159 374
158 374
157 374
156 375
155 375
154 375
153 376
152 376
151 377
150 378
149 378
148 379
147 380
146 381
145 382
144 383
143 384
142 384
141 385
140 385
175 364
174 364
173 365
172 366
171 366
170 367
169 368
168 369
167 370
166 371
165 371
164 372
163 372
162 373
161 373
160 374
159 374
158 374
157 375
156 375
155 375
154 376
153 376
152 377
151 377
150 377
149 378
148 379
147 380
146 381
145 382
144 383
143 383
142 384
141 384
175 364
174 365
173 365
172 365
171 366
170 367
169 368
168 369
167 370
166 371
165 372
164 372
163 373
162 373
161 374
160 374
159 374
158 375
157 375
156 375
155 375
154 375
153 376
152 376
151 377
150 378
149 379
148 379
147 380
146 381
145 382
144 382
143 383
142 383
175 365
174 365
173 365
172 366
171 367
170 368
169 369
168 370
167 371
166 371
165 371
164 372
163 372
162 373
161 373
160 373
159 374
158 374
157 374
156 374
155 375
154 376
153 376
152 377
151 377
150 378
149 378
148 379
147 380
146 381
145 381
144 382
143 383
175 365
174 365
173 366
172 366
171 367
170 368
169 369
168 370
167 370
166 371
165 372
164 372
163 373
162 373
161 373
160 374
159 374
158 374
157 374
156 375
155 375
154 375
153 376
152 376
151 377
150 377
149 378
148 379
147 380
146 380
145 381
144 382
175 365
174 365
173 365
172 366
171 367
170 368
169 369
168 369
167 370
166 371
165 371
164 372
163 372
162 373
161 374
160 374
159 374
158 374
157 375
156 375
155 375
154 376
153 376
152 377
151 377
150 378
149 379
148 380
147 380
146 381
145 382
175 365
174 365
173 366
172 367
171 367
170 368
169 368
168 369
167 370
166 370
165 371
164 372
163 373
162 373
161 373
160 373
159 374
158 375
157 375
156 375
155 376
154 376
153 376
152 376
151 377
150 378
149 379
148 379
147 380
146 381
175 365
174 366
173 366
172 366
171 367
170 367
169 368
168 369
167 370
166 371
165 372
164 372
163 372
162 373
161 373
160 374
159 374
158 374
157 374
156 375
155 375
154 375
153 376
152 377
151 378
150 378
149 378
148 379
147 380
175 366
174 366
173 366
172 367
171 367
170 368
169 369
168 370
167 370
166 371
165 371
164 372
163 373
162 373
161 374
160 374
159 374
158 374
157 375
156 375
155 375
154 376
153 376
152 377
151 377
150 378
149 379
148 380
175 366
174 366
173 367
172 367
171 368
170 368
169 369
168 369
167 370
166 370
165 371
164 372
163 372
162 373
161 373
160 373
159 374
158 375
157 375
156 375
155 376
154 376
153 377
152 377
151 378
150 378
149 379
175 366
174 366
173 366
172 367
171 367
170 368
169 368
168 369
167 370
166 371
165 372
164 372
163 373
162 373
161 373
160 374
159 374
158 374
157 374
156 375
155 375
154 376
153 376
152 377
151 377
150 378
175 366
174 366
173 367
172 367
171 368
170 368
169 369
168 370
167 370
166 371
165 371
164 372
163 372
162 372
161 373
160 373
159 374
158 374
157 375
156 375
155 376
154 376
153 377
152 377
151 378
175 366
174 367
173 367
172 367
171 367
170 368
169 369
168 369
167 370
166 370
165 371
164 371
163 372
162 373
161 373
160 374
159 374
158 375
157 375
156 375
155 375
154 376
153 376
152 377
175 367
174 367
173 367
172 367
171 368
170 369
169 369
168 370
167 370
166 371
165 371
164 372
163 372
162 372
161 373
160 373
159 374
158 374
157 374
156 375
155 376
154 376
153 377
175 367
174 367
173 367
172 368
171 368
170 368
169 369
168 369
167 370
166 370
165 371
164 371
163 372
162 373
161 373
160 374
159 374
158 374
157 375
156 375
155 375
154 376
175 367
174 367
173 367
172 367
171 368
170 369
169 369
168 370
167 370
166 371
165 371
164 372
163 372
162 372
161 373
160 373
159 373
158 374
157 374
156 375
155 376
175 367
174 367
173 367
172 368
171 368
170 368
169 369
168 369
167 370
166 370
165 371
164 371
163 372
162 373
161 373
160 373
159 374
158 374
157 375
156 375
175 367
174 367
173 368
172 368
171 368
170 369
169 369
168 370
167 370
166 371
165 371
164 372
163 372
162 372
161 373
160 374
159 374
158 375
157 375
175 367
174 367
173 367
172 367
171 368
170 368
169 369
168 369
167 370
166 370
165 371
164 371
163 372
162 373
161 373
160 373
159 374
158 374
175 367
174 367
173 367
172 368
171 368
170 369
169 369
168 370
167 370
166 371
165 371
164 372
163 372
162 372
161 373
160 374
159 374
175 367
174 367
173 368
172 368
171 369
170 369
169 369
168 369
167 370
166 370
165 371
164 371
163 372
162 373
161 373
160 373
175 367
174 368
173 368
172 368
171 368
170 368
169 369
168 370
167 370
166 371
165 371
164 372
163 372
162 372
161 373
175 368
174 368
173 368
172 368
171 368
170 369
169 369
168 369
167 370
166 370
165 371
164 371
163 372
162 373
175 368
174 368
173 368
172 368
171 369
170 369
169 369
168 370
167 370
166 371
165 371
164 372
163 372
175 368
174 368
175 285
173 368
174 281
172 369
173 273
171 369
172 260
170 369
171 242
169 370
170 219
168 370
169 190
167 371
168 155
166 371
167 113
165 372
164 314
165 7
166 64
162 186
163 241
161 279
160 326
159 349
158 362
157 368
156 372
155 373
154 374
153 375
152 376
151 376
150 377
149 377
148 378
147 379
146 379
145 380
144 381
143 381
142 382
141 383
140 383
139 384
138 385
137 385
136 385
135 385
134 384
133 384
132 383
131 382
130 380
129 378
128 375
127 372
126 369
125 365
124 360
123 353
122 426
121 361
162 260
161 293
162 85
160 321
159 342
160 171
161 241
158 355
157 363
156 368
155 371
154 373
153 374
152 375
151 376
150 377
149 378
148 378
147 378
146 379
145 380
144 381
143 382
142 383
141 383
140 384
139 384
138 384
137 385
136 385
135 385
134 385
133 384
132 383
131 381
130 380
129 378
128 375
127 372
126 368
125 364
124 358
123 392
122 300
124 196
123 211
125 277
126 321
125 160
124 289
127 345
128 359
129 367
130 372
131 376
132 378
133 381
134 382
135 383
136 384
137 384
138 385
139 385
140 384
141 384
142 383
143 383
144 382
145 381
146 381
147 380
148 379
149 378
150 378
151 378
152 377
153 376
154 375
155 374
156 372
157 370
158 366
159 446
160 268
158 223
159 212
157 295
156 333
157 166
158 297
155 353
154 364
153 370
152 373
151 375
150 376
149 377
148 378
147 379
146 379
145 380
144 381
143 381
142 382
141 382
140 383
139 383
138 384
137 385
136 384
135 384
134 384
133 383
132 382
131 380
130 378
129 375
128 371
127 365
126 435
125 293
127 217
126 225
128 291
129 331
128 165
127 304
130 353
131 366
132 373
133 377
134 380
135 382
136 383
137 383
138 384
139 384
140 384
141 384
142 383
143 383
144 382
145 382
146 381
147 380
148 379
149 379
150 378
151 377
152 376
153 374
154 372
155 368
156 443
157 284
155 221
156 191
154 294
155 240
153 333
152 353
153 177
154 358
151 364
150 371
149 374
148 377
147 378
146 379
145 380
144 381
143 381
142 382
141 382
140 383
139 384
138 384
137 384
136 384
135 384
134 383
133 382
132 380
131 376
130 371
129 444
128 290
130 222
129 195
131 297
130 241
132 336
133 358
132 179
131 353
134 370
133 274
132 314
135 376
136 380
137 382
138 383
139 383
140 383
141 383
142 383
143 383
144 382
145 381
146 381
147 380
148 379
149 378
150 376
151 374
152 458
153 329
151 229
152 206
150 301
151 218
149 339
148 358
149 179
150 293
147 368
148 274
149 213
146 374
147 324
148 223
145 378
146 351
147 273
144 379
143 380
142 381
141 382
140 383
139 383
138 383
137 383
136 382
135 381
134 515
133 364
135 258
134 262
136 320
135 265
145 365
144 373
145 186
146 335
144 93
145 210
143 424
142 403
143 201
144 355
141 393
142 297
143 239
141 149
142 189
140 462
139 423
140 212
141 353
139 106
140 207
138 456
139 319
137 579
136 312
137 144
138 339
69 200
70 300
71 349
72 374
73 386
74 391
75 393
76 393
77 392
78 390
79 388
80 386
81 383
82 379
83 375
84 371
85 367
86 362
87 358
88 353
89 349
90 343
91 337
92 330
93 321
94 309
95 346
68 299
67 348
66 371
65 382
64 387
63 388
62 387
61 386
60 384
59 382
58 381
57 380
56 378
55 377
54 376
53 375
52 374
51 373
50 372
49 370
48 368
47 366
46 364
45 362
44 360
43 358
42 356
41 356
40 355
39 355
38 355
37 355
36 356
35 356
34 357
33 358
32 359
31 359
30 360
29 360
28 361
27 360
26 360
25 360
24 360
23 360
22 360
21 360
20 360
19 361
18 362
17 363
16 365
15 367
14 369
13 371
12 374
11 377
10 379
9 382
8 385
7 388
6 389
5 391
4 392
3 393
2 393
1 393
69 299
70 324
71 349
72 367
73 379
74 386
75 390
76 391
77 391
78 390
79 388
80 385
81 382
82 379
83 375
84 371
85 367
86 363
87 358
88 354
89 348
90 343
91 337
92 329
68 323
67 347
66 365
65 376
64 382
63 384
62 385
61 384
60 383
59 382
58 381
57 379
56 378
55 377
54 376
53 375
52 374
51 373
50 372
49 370
48 368
47 366
46 364
45 362
44 360
43 358
42 357
41 356
40 355
39 355
38 355
37 355
36 355
35 356
34 357
33 358
32 359
31 360
30 360
29 361
28 360
27 360
26 360
25 360
24 360
23 360
22 360
21 360
20 361
19 361
18 362
17 364
16 366
15 367
14 369
13 372
12 375
11 377
10 380
9 383
8 385
7 387
6 389
5 390
4 392
3 393
2 393
1 393
69 324
68 336
67 351
66 363
65 373
64 378
63 382
62 383
61 383
60 382
59 382
58 380
57 379
56 378
55 377
54 376
53 375
52 374
51 373
50 371
49 370
48 368
47 366
46 364
45 362
44 360
43 359
42 358
41 356
40 356
39 355
38 355
37 355
36 356
35 357
34 358
33 359
32 359
31 359
30 360
29 360
28 360
27 360
26 360
25 360
24 360
23 360
22 360
21 361
20 361
19 362
18 363
17 364
16 365
15 367
14 370
13 372
12 374
11 377
10 380
9 382
8 385
7 387
6 389
5 391
4 392
3 392
2 393
70 336
71 352
72 366
73 376
74 383
75 387
76 389
77 389
78 388
79 386
80 384
81 381
82 378
83 375
84 371
85 367
86 362
87 358
88 353
89 348
90 342
69 336
70 344
71 355
72 365
73 374
74 380
75 384
76 387
77 388
78 387
79 386
80 384
81 381
82 378
83 374
84 370
85 366
86 362
87 357
88 352
89 347
68 343
67 353
66 363
65 370
64 376
63 379
62 381
61 382
60 382
59 381
58 380
57 379
56 378
55 377
54 376
53 375
52 374
51 372
50 371
49 369
48 368
47 366
46 364
45 362
44 361
43 359
42 357
41 357
40 356
39 356
38 356
37 356
36 356
35 357
34 358
33 358
32 359
31 360
30 360
29 360
28 360
27 360
26 360
25 360
24 360
23 360
22 360
21 360
20 361
19 362
18 363
17 364
16 366
15 368
14 370
13 372
12 375
11 377
10 379
9 382
8 384
7 386
6 388
5 390
4 391
3 392
69 343
70 349
71 357
72 366
73 373
74 379
75 383
76 385
77 386
78 386
79 385
80 383
81 381
82 377
83 374
84 370
85 366
86 362
87 357
88 352
68 348
67 355
66 363
65 370
64 375
63 378
62 380
61 381
60 381
59 380
58 380
57 379
56 378
55 377
54 376
53 375
52 374
51 373
50 371
49 370
48 368
47 366
46 364
45 363
44 361
43 359
42 358
41 357
40 356
39 356
38 356
37 356
36 357
35 357
34 357
33 358
32 359
31 359
30 360
29 360
28 360
27 360
26 360
25 360
24 360
23 360
22 360
21 361
20 361
19 362
18 363
17 365
16 366
15 368
14 370
13 373
12 375
11 377
10 380
9 382
8 384
7 386
6 388
5 389
4 390
69 349
70 353
71 359
72 366
73 373
74 378
75 382
76 384
77 385
78 385
79 384
80 382
81 379
82 377
83 373
84 370
85 366
86 361
87 357
68 352
67 358
66 364
65 369
64 373
63 377
62 379
61 380
60 380
59 380
58 379
57 379
56 378
55 377
54 376
53 375
52 374
51 372
50 371
49 369
48 367
47 365
46 364
45 362
44 360
43 359
42 358
41 357
40 357
39 356
38 356
37 357
36 357
35 357
34 358
33 359
32 359
31 360
30 360
29 360
28 360
27 360
26 360
25 360
24 360
23 360
22 361
21 361
20 362
19 362
18 363
17 364
16 366
15 368
14 370
13 372
12 374
11 377
10 379
9 382
8 384
7 386
6 388
5 389
69 352
70 356
71 361
72 367
73 372
74 377
75 380
76 383
77 384
78 384
79 383
80 381
81 379
82 376
83 373
84 369
85 365
86 361
68 355
67 359
66 364
65 369
64 373
63 376
62 378
61 379
60 380
59 380
58 380
57 379
56 378
55 377
54 376
53 375
52 373
51 372
50 371
49 369
48 367
47 366
46 364
45 362
44 361
43 360
42 359
41 358
40 357
39 357
38 357
37 357
36 357
35 358
34 358
33 358
32 359
31 359
30 359
29 359
28 360
27 360
26 360
25 360
24 360
23 360
22 360
21 361
20 361
19 362
18 363
17 365
16 367
15 369
14 371
13 373
12 375
11 377
10 380
9 382
8 384
7 386
6 387
69 356
68 358
67 361
66 365
65 369
64 373
63 375
62 377
61 378
60 379
59 379
58 379
57 378
56 378
55 377
54 376
53 375
52 374
51 373
50 371
49 369
48 368
47 366
46 364
45 363
44 361
43 360
42 359
41 358
70 358
71 363
72 367
73 372
74 376
75 380
76 382
77 383
78 383
79 382
80 381
81 379
82 376
83 373
84 369
85 365
69 358
70 361
71 364
72 368
73 372
74 376
75 379
76 381
77 382
78 382
79 381
80 380
81 378
82 375
83 372
84 369
68 359
67 362
66 365
65 369
64 372
63 375
62 377
61 378
60 378
59 379
58 378
57 378
56 377
55 377
54 376
53 375
52 374
51 372
50 370
49 369
48 367
47 365
46 364
45 362
44 361
43 360
69 360
70 362
71 365
72 369
73 373
74 376
75 378
76 380
77 381
78 381
79 381
80 379
81 377
82 375
83 372
68 361
67 363
66 366
65 369
64 372
63 374
62 376
61 377
60 378
59 378
58 378
57 378
56 378
55 377
54 376
53 375
52 373
51 372
50 371
49 369
48 367
47 366
46 364
45 363
44 362
69 361
70 363
71 366
72 369
73 372
74 375
75 378
76 379
77 380
78 381
79 380
80 379
81 377
82 374
68 362
67 364
66 367
65 369
64 371
63 374
62 375
61 377
60 378
59 378
58 378
57 378
56 377
55 376
54 376
53 374
52 373
51 372
50 370
49 369
48 368
47 366
46 365
45 363
69 363
68 364
67 366
66 367
65 369
64 372
63 373
62 375
61 376
60 377
59 377
58 378
57 377
56 377
55 377
54 375
53 374
52 373
51 371
50 370
49 369
48 367
47 366
46 364
70 364
71 366
72 369
73 372
74 375
75 377
76 379
77 380
78 380
79 379
80 378
81 376
69 364
68 365
67 366
66 368
65 370
64 371
63 373
62 375
61 376
60 376
59 377
58 377
57 377
56 377
55 376
54 375
53 374
52 373
51 372
50 371
49 369
48 368
47 366
70 365
71 367
72 370
73 373
74 375
75 377
76 378
77 379
78 379
79 379
80 377
69 365
70 366
71 368
72 370
73 372
74 374
75 376
76 378
77 378
78 378
79 377
68 365
67 366
66 368
65 370
64 372
63 374
62 375
61 376
60 377
59 377
58 377
57 377
56 376
55 375
54 375
53 374
52 373
51 372
50 370
49 369
48 367
69 365
70 367
71 369
72 371
73 373
74 375
75 376
76 377
77 378
78 378
68 366
67 367
66 368
65 370
64 372
63 373
62 374
61 375
60 376
59 377
58 377
57 377
56 376
55 376
54 375
53 374
52 373
51 371
50 370
49 368
69 367
70 368
71 369
72 371
73 373
74 374
75 376
76 377
77 377
68 367
67 368
66 369
65 370
64 371
63 373
62 374
61 375
60 376
59 376
58 376
57 376
56 376
55 375
54 374
53 374
52 372
51 371
50 370
69 367
70 368
71 370
72 371
73 372
74 374
75 375
76 376
68 367
67 368
66 369
65 370
64 372
63 373
62 374
61 375
60 375
59 376
58 376
57 376
56 376
55 375
54 375
53 373
52 372
51 371
69 368
70 369
71 370
72 371
73 373
74 374
75 375
68 368
67 368
66 369
65 371
64 372
63 373
62 374
61 375
60 376
59 376
58 376
57 376
56 375
55 375
54 374
53 373
52 372
69 368
70 369
71 370
72 372
73 373
74 374
68 368
67 369
66 370
65 371
64 372
63 373
62 374
61 375
60 375
59 375
58 376
57 375
56 375
55 375
54 374
53 373
69 369
68 369
67 369
66 370
65 371
64 372
63 373
62 374
61 374
60 375
59 376
58 375
57 375
56 375
55 374
54 373
70 369
71 370
72 371
73 372
69 369
70 370
71 371
72 372
68 369
67 370
66 371
65 371
64 372
63 373
62 374
61 375
60 375
59 375
58 375
57 375
56 375
55 374
69 369
68 370
67 370
66 370
65 371
64 372
63 373
62 374
61 374
60 375
59 375
58 375
57 375
56 374
70 370
71 371
69 370
68 370
67 370
66 371
65 372
64 372
63 373
62 373
61 374
60 374
59 374
58 375
57 375
70 370
69 370
68 370
67 371
66 371
65 371
64 372
63 372
62 373
61 374
60 374
59 375
58 375
42 359
43 360
44 361
45 363
46 365
47 366
48 367
49 369
50 370
51 371
52 372
53 373
54 374
55 374
56 375
57 375
40 357
41 358
42 359
43 360
44 362
45 363
46 364
47 365
48 367
49 368
50 369
51 371
52 372
53 373
54 373
55 374
56 374
39 357
40 358
41 358
42 359
43 361
44 362
45 363
46 364
47 366
48 367
49 368
50 370
51 371
52 372
53 372
54 373
55 374
38 357
37 357
36 357
35 357
34 358
33 359
32 359
31 359
30 359
29 360
28 360
27 360
26 360
25 360
24 360
23 360
22 361
21 361
20 362
19 363
18 364
17 365
16 367
15 369
14 371
13 373
12 375
11 378
10 380
9 382
8 384
7 386
39 357
38 357
37 357
36 357
35 358
34 358
33 358
32 358
31 359
30 360
29 360
28 360
27 360
26 360
25 360
24 360
23 361
22 361
21 361
20 362
19 363
18 364
17 366
16 367
15 369
14 371
13 373
12 376
11 378
10 380
9 382
8 384
40 357
41 358
42 359
43 360
44 361
45 363
46 365
47 366
48 367
49 369
50 370
51 371
52 372
53 373
54 374
39 357
40 358
41 359
42 360
43 361
44 362
45 363
46 364
47 365
48 367
49 368
50 369
51 370
52 371
53 372
38 357
39 358
40 358
41 359
42 360
43 361
44 362
45 363
46 364
47 366
48 367
49 368
50 369
51 370
52 371
37 357
36 358
35 358
34 358
33 358
32 359
31 359
30 359
29 359
28 359
27 360
26 360
25 360
24 360
23 360
22 360
21 361
20 362
19 363
18 365
17 366
16 368
15 369
14 371
13 373
12 375
11 377
10 379
9 381
38 357
37 357
36 357
35 357
34 358
33 359
32 359
31 359
30 359
29 359
28 360
27 360
26 360
25 360
24 360
23 360
22 361
21 362
20 362
19 363
18 364
17 366
16 367
15 369
14 371
13 373
12 375
11 377
10 379
39 357
40 358
41 359
42 360
43 361
44 362
45 363
46 365
47 366
48 367
49 368
50 369
51 370
38 357
39 358
40 359
41 359
42 360
43 361
44 362
45 364
46 365
47 366
48 367
49 368
50 369
37 357
38 358
39 358
40 358
41 359
42 360
43 361
44 363
45 364
46 365
47 366
48 367
49 368
36 357
35 358
34 358
33 358
32 358
31 359
30 359
29 360
28 360
27 360
26 360
25 360
24 360
23 361
22 361
21 361
20 362
19 363
18 365
17 366
16 368
15 370
14 371
13 373
12 375
11 377
37 358
36 358
35 358
34 358
33 358
32 359
31 359
30 360
29 360
28 360
27 360
26 360
25 360
24 361
23 361
22 361
21 362
20 363
19 364
18 365
17 366
16 368
15 369
14 371
13 373
12 375
38 358
37 358
36 358
35 358
34 358
33 359
32 359
31 359
30 359
29 359
28 359
27 359
26 360
25 361
24 361
23 361
22 362
21 362
20 363
19 364
18 365
17 367
16 368
15 370
14 372
13 374
39 358
40 359
41 360
42 360
43 361
44 362
45 363
46 364
47 365
48 367
38 358
39 359
40 359
41 359
42 360
43 361
44 362
45 363
46 364
47 366
37 358
36 358
35 358
34 359
33 359
32 359
31 359
30 359
29 359
28 359
27 360
26 360
25 360
24 360
23 361
22 361
21 362
20 363
19 364
18 365
17 366
16 368
15 370
14 372
38 358
37 358
36 358
35 358
34 358
33 358
32 358
31 359
30 359
29 359
28 360
27 360
26 360
25 360
24 361
23 361
22 362
21 363
20 363
19 364
18 365
17 367
16 368
15 370
39 358
40 359
41 360
42 361
43 362
44 363
45 364
46 365
38 358
39 359
40 359
41 360
42 361
43 362
44 363
45 364
37 358
38 359
39 359
40 360
41 360
42 361
43 362
44 363
36 358
35 358
34 358
33 358
32 359
31 359
30 359
29 360
28 360
27 360
26 360
25 361
24 361
23 361
22 362
21 362
20 363
19 364
18 366
17 367
16 369
37 358
36 358
35 358
34 358
33 359
32 359
31 359
30 360
29 360
28 360
27 360
26 361
25 361
24 361
23 362
22 362
21 363
20 364
19 365
18 366
17 367
38 358
39 359
40 359
41 360
42 361
43 362
37 358
38 359
39 359
40 360
41 361
42 361
36 358
37 359
38 359
39 359
40 360
41 360
35 358
34 359
33 359
32 359
31 359
30 359
29 359
28 359
27 360
26 360
25 360
24 361
23 361
22 362
21 363
20 364
19 365
18 308
19 33
20 121
21 208
16 183
17 215
23 181
22 295
24 271
23 202
25 316
24 201
26 338
25 248
36 359
35 359
34 359
33 359
32 359
31 359
30 359
29 359
28 360
27 529
26 320
28 264
27 226
29 312
28 232
37 359
36 359
35 359
34 359
33 359
32 359
31 359
30 515
29 289
31 258
30 194
32 308
31 204
38 359
39 360
40 360
37 359
36 359
35 359
34 359
33 513
32 270
34 256
33 186
35 308
34 210
38 359
37 359
36 513
35 289
37 256
36 219
38 308
37 257
39 513
38 350
40 256
39 294
91 335
90 341
89 347
88 352
87 356
86 361
85 365
84 368
83 371
82 374
81 375
80 376
79 377
78 377
77 377
76 376
75 375
74 374
73 373
72 372
71 371
70 371
69 371
68 371
67 371
66 371
65 372
64 372
63 373
62 374
61 374
60 375
59 375
58 375
57 374
56 374
55 374
54 373
53 372
52 371
51 370
50 369
49 368
48 367
47 366
46 365
45 364
44 363
43 362
42 361
41 489
40 345
42 245
41 270
1 393
2 392
3 391
4 390
5 389
6 388
7 386
8 384
9 382
10 380
11 378
12 376
13 374
14 372
15 462
16 302
1 392
2 392
3 391
4 390
5 389
6 387
7 385
8 383
9 381
10 379
11 377
12 376
13 374
14 418
15 290
13 209
14 224
1 392
2 391
3 391
4 390
5 388
6 387
7 385
8 383
9 381
10 379
11 378
12 480
13 313
1 391
2 391
3 390
4 389
5 388
6 386
7 385
8 383
9 381
10 380
11 430
12 286
10 215
11 192
1 391
2 391
3 390
4 389
5 388
6 387
7 385
8 383
9 489
10 247
8 245
9 177
7 314
8 225
6 349
5 368
6 184
7 323
4 378
5 281
6 252
3 384
4 333
5 263
2 387
3 360
4 305
1 778
2 569
1 397
2 192
3 351
93 319
94 333
93 167
94 14
92 411
91 376
92 188
93 225
90 362
91 275
92 201
89 357
88 357
87 359
86 362
85 365
84 368
83 371
82 373
81 375
80 376
79 377
78 377
77 376
76 375
75 375
74 374
73 373
72 372
71 371
70 371
69 371
68 371
67 371
66 372
65 372
64 373
63 373
62 373
61 374
60 374
59 374
58 374
57 374
56 374
55 373
54 372
53 372
52 371
51 370
50 369
49 368
48 367
47 366
46 365
45 364
44 363
43 484
42 314
44 242
43 238
90 316
89 336
90 168
91 266
88 347
89 258
90 210
87 355
86 360
85 364
84 368
83 370
82 372
81 374
80 376
79 376
78 376
77 376
76 376
75 375
74 374
73 373
72 372
71 372
70 371
69 371
68 371
67 371
66 371
65 372
64 372
63 373
62 374
61 374
60 374
59 374
58 374
57 374
56 374
55 373
54 373
53 372
52 371
51 370
50 369
49 368
48 367
47 366
46 365
45 485
44 283
46 243
45 207
47 304
46 252
48 335
49 351
48 175
47 357
50 360
51 365
52 368
53 369
54 370
55 372
56 372
57 373
58 373
59 374
60 374
61 374
62 374
63 374
64 374
65 373
66 373
67 372
68 371
69 371
70 371
71 371
72 371
73 372
74 372
75 373
76 374
77 375
78 375
79 376
80 376
81 376
82 375
83 374
84 372
85 370
86 367
87 363
88 488
89 260
87 244
88 186
86 303
87 231
85 335
84 352
85 176
86 336
83 362
84 269
85 293
82 368
81 371
80 373
79 374
78 375
77 375
76 375
75 374
74 374
73 373
72 373
71 372
70 372
69 371
68 371
67 371
66 371
65 372
64 372
63 373
62 373
61 373
60 374
59 374
58 374
57 374
56 374
55 373
54 373
53 372
52 370
51 369
50 367
49 451
48 316
50 225
49 187
51 296
50 196
52 333
53 351
52 175
51 272
54 361
53 268
52 204
55 367
54 318
53 231
56 370
57 372
58 373
59 373
60 373
61 374
62 374
63 373
64 373
65 372
66 372
67 372
68 372
69 372
70 371
71 371
72 371
73 372
74 372
75 373
76 373
77 374
78 375
79 375
80 375
81 374
82 373
83 505
84 345
82 252
83 255
81 313
82 277
55 344
56 358
55 179
54 303
57 365
56 272
55 216
58 369
57 321
56 221
59 371
58 346
57 269
60 373
61 373
62 373
63 373
64 373
65 373
66 373
67 372
68 372
69 371
70 371
71 371
72 372
73 372
74 373
75 373
76 374
77 374
78 374
79 375
80 531
81 349
79 265
80 254
78 320
79 258
59 360
60 366
59 183
58 335
61 370
60 277
59 221
62 371
61 324
60 194
63 372
62 348
61 207
64 372
63 360
62 236
65 372
64 366
63 268
66 372
65 369
64 297
67 372
66 370
65 320
68 371
67 371
66 336
69 371
68 371
67 344
70 371
69 371
68 345
71 372
70 372
69 338
72 372
71 372
70 322
73 372
72 372
71 298
74 372
73 372
72 266
74 186
73 226
75 466
76 420
77 557
78 305
76 278
77 158
75 349
74 363
75 48
76 96
