9637
111 71
112 218
114 89
113 232
115 206
114 203
2 248
1 465
3 346
2 405
1 405
4 319
5 369
3 362
2 384
4 365
3 375
1 384
2 379
1 379
47 247
46 326
48 293
47 309
49 253
50 288
48 281
49 284
85 247
86 369
87 369
88 383
89 384
84 331
83 405
85 350
84 378
86 359
87 371
88 377
85 369
86 370
87 373
82 287
83 333
84 351
85 360
86 367
81 281
82 307
83 329
84 344
85 356
38 244
39 304
40 297
41 379
42 287
43 279
37 244
38 274
39 285
40 332
41 310
42 294
150 243
151 316
149 278
148 305
147 334
150 297
149 301
148 317
142 241
141 325
140 356
139 319
138 333
137 293
143 268
142 296
141 326
140 322
139 328
138 311
12 240
11 285
10 379
44 240
45 283
46 296
47 289
48 287
43 267
44 275
45 285
46 287
47 287
13 239
14 272
12 262
11 320
13 267
12 294
123 238
122 285
121 281
124 280
123 282
122 281
125 242
124 262
123 272
164 237
165 283
166 362
167 251
171 236
170 329
169 309
168 322
100 234
101 308
102 298
103 260
90 233
89 305
88 339
87 353
86 354
62 230
74 230
75 343
76 310
77 338
78 394
79 256
80 308
81 307
82 318
83 331
84 344
85 349
73 254
74 299
75 305
76 322
77 358
78 307
79 308
80 308
81 313
82 322
83 333
84 341
72 254
73 276
74 290
75 306
76 332
77 320
78 314
79 311
80 312
81 317
82 325
83 333
136 228
135 317
137 270
136 294
56 226
57 313
58 354
59 284
60 298
61 279
146 226
147 271
71 221
72 248
73 269
74 288
75 310
76 315
77 314
78 313
79 312
80 314
81 320
82 326
91 221
92 319
90 263
89 301
88 327
87 341
86 345
85 343
84 338
83 332
91 291
90 296
89 312
88 327
87 336
86 340
85 339
84 335
107 220
108 169
109 144
158 219
157 323
159 312
158 317
160 300
159 308
172 217
173 311
174 289
175 313
171 273
172 292
170 291
169 306
171 291
170 299
173 290
174 301
172 290
173 296
171 295
172 296
116 215
9 212
10 266
11 280
8 261
7 303
6 361
5 363
4 369
3 374
2 377
1 377
9 263
8 283
7 322
6 343
5 356
4 365
3 371
2 374
1 374
10 271
9 277
8 300
7 322
6 339
5 352
4 362
3 368
2 371
1 371
104 211
105 231
106 315
107 242
115 209
116 105
115 33
117 245
118 219
155 207
154 287
153 303
152 355
151 326
150 313
149 315
148 293
156 277
157 297
158 303
155 282
154 292
153 323
152 324
151 319
150 317
149 305
156 289
157 296
155 290
154 307
153 316
152 318
151 317
150 311
156 293
155 300
154 308
153 313
152 315
151 313
133 206
134 298
135 296
132 225
131 287
133 262
134 279
132 275
133 277
29 205
28 233
27 309
130 205
129 283
128 332
131 240
130 261
129 296
132 258
131 260
130 278
15 203
16 247
17 293
18 300
19 314
20 261
14 235
13 265
12 272
11 272
10 275
9 288
8 305
7 322
6 337
5 350
4 359
3 365
2 368
1 368
15 241
16 267
17 283
18 298
19 279
14 253
13 262
12 267
11 271
10 279
9 292
8 307
7 322
6 336
5 347
4 356
3 362
2 365
1 365
15 260
16 272
17 285
18 282
14 261
15 266
16 275
17 279
13 264
12 268
11 273
10 283
9 295
8 308
7 322
6 334
5 345
4 353
3 359
2 362
1 362
14 265
15 270
16 275
13 267
12 270
11 277
10 286
9 297
8 310
7 322
6 334
5 344
4 352
3 357
2 359
1 359
14 268
15 272
13 269
12 273
11 279
10 288
9 299
8 310
7 322
6 333
5 342
4 349
3 354
2 357
1 357
14 271
13 272
12 275
11 282
10 290
9 300
8 311
7 322
6 332
5 341
4 348
3 352
2 354
1 354
21 223
22 270
23 273
20 251
19 267
18 273
17 274
16 273
15 272
14 272
13 273
12 278
11 284
10 292
9 301
8 312
7 322
6 331
5 339
4 345
3 350
2 352
1 352
21 261
22 267
20 264
19 268
18 271
17 272
16 272
15 272
14 272
13 275
12 279
11 285
10 293
9 303
8 312
7 321
6 330
5 338
4 344
3 348
2 350
1 350
21 265
20 267
19 269
18 271
17 271
16 271
15 271
14 273
13 276
12 281
11 287
10 295
9 303
8 312
7 321
6 330
5 337
4 343
3 346
2 348
1 348
144 203
145 295
146 283
147 288
148 297
149 304
150 309
143 249
142 288
141 305
140 317
139 314
138 292
137 293
136 294
135 287
134 282
144 272
143 280
142 292
141 304
140 309
139 300
138 296
137 295
136 291
135 286
145 277
146 283
147 290
148 297
149 303
144 278
143 285
142 295
141 302
140 301
139 299
138 297
137 294
136 290
145 281
146 285
147 291
148 297
144 283
143 289
142 295
141 298
140 298
139 297
138 296
137 293
145 284
146 288
147 293
144 287
143 291
142 295
141 297
140 297
139 297
138 295
145 287
146 290
144 289
143 292
142 294
141 295
140 296
139 295
145 290
144 291
143 293
142 294
141 295
140 295
133 270
134 278
135 284
136 289
137 292
138 293
139 294
132 265
131 271
133 271
134 278
135 284
136 288
137 290
138 292
132 271
133 275
134 279
135 283
136 286
137 289
179 200
180 401
178 200
179 300
177 293
176 336
175 318
174 307
173 301
178 297
177 317
176 318
175 313
174 307
180 300
179 299
178 308
177 313
176 313
175 310
180 299
179 303
178 308
177 310
176 310
180 303
179 306
178 308
177 309
180 306
179 307
178 308
180 307
179 307
180 307
52 199
51 268
50 276
49 282
48 284
68 199
67 295
66 299
69 245
70 274
68 270
67 285
69 272
68 279
71 261
70 266
69 273
72 265
73 277
74 293
75 304
76 309
77 311
78 311
79 313
80 317
81 321
82 327
83 331
71 266
72 272
73 282
74 293
75 301
76 306
77 309
78 311
79 314
80 317
81 322
82 326
70 270
71 271
72 276
73 285
74 293
75 299
76 304
77 307
78 311
79 314
80 318
81 322
65 226
66 256
67 267
68 270
69 270
70 270
71 273
72 279
73 286
74 293
75 299
76 303
77 307
78 310
79 314
80 318
63 196
64 293
65 275
66 271
67 271
68 270
69 270
70 272
71 275
72 281
73 287
74 293
75 298
76 302
77 306
78 310
79 314
62 238
63 265
64 270
65 270
66 270
67 270
68 270
69 271
70 273
71 277
72 282
73 287
74 292
75 297
76 302
77 306
78 310
108 193
26 192
25 252
24 317
23 292
22 278
21 273
20 271
19 271
18 271
17 271
16 271
15 272
14 274
13 278
12 282
11 289
10 296
9 304
8 313
7 322
6 329
5 336
4 341
3 345
2 347
1 347
94 186
93 275
92 283
91 290
90 301
89 314
88 325
87 332
86 335
85 335
84 333
83 329
82 326
81 322
80 318
79 314
161 181
160 244
159 274
158 285
157 289
156 295
155 302
154 307
153 311
152 312
151 311
150 307
149 302
148 297
147 293
146 291
145 291
144 292
143 293
142 294
141 295
140 295
139 294
138 292
162 218
163 244
164 264
165 313
166 282
167 302
168 304
169 302
170 298
171 297
172 299
173 303
174 307
175 308
176 308
177 308
178 307
179 307
180 307
161 231
160 253
159 269
158 279
157 287
156 294
155 300
154 306
153 309
152 310
151 308
150 305
149 301
148 297
147 294
146 293
145 292
144 292
143 293
142 294
141 294
140 294
139 293
162 238
163 251
164 282
165 282
166 292
167 298
168 300
169 299
170 298
171 298
172 300
173 304
174 306
175 307
176 308
177 308
178 308
179 308
180 308
161 245
160 257
159 268
158 277
157 285
156 293
155 300
154 304
153 307
152 307
151 306
150 303
149 300
148 297
147 295
146 293
145 293
144 293
143 293
142 294
141 294
140 293
162 248
163 265
164 273
165 283
166 290
167 295
168 297
169 297
170 298
171 299
172 302
173 304
174 305
175 307
176 307
177 307
178 307
179 307
180 307
161 253
160 260
159 268
158 277
157 285
156 292
155 298
154 303
153 305
152 306
151 305
150 303
149 300
148 298
147 296
146 295
145 294
144 294
143 294
142 294
141 294
162 259
163 266
164 275
165 282
166 289
167 293
168 295
169 297
170 298
171 300
172 302
173 303
174 305
175 306
176 307
177 307
178 307
179 307
161 259
160 264
159 271
158 278
157 285
156 292
155 297
154 301
153 303
152 304
151 303
150 301
149 299
148 297
147 296
146 295
145 294
144 294
143 294
142 294
162 262
163 268
164 275
165 282
166 287
167 291
168 294
169 296
170 298
171 300
172 301
173 303
174 305
175 306
176 306
177 307
178 307
161 263
160 267
159 272
158 278
157 285
156 291
155 296
154 299
153 302
152 302
151 302
150 301
149 299
148 298
147 296
146 295
145 295
144 294
143 294
162 266
163 271
164 276
165 282
166 287
167 290
168 293
169 295
170 297
171 299
172 301
173 303
174 304
175 305
176 306
177 306
161 267
160 269
159 274
158 280
157 286
156 291
155 295
154 299
153 300
152 301
151 301
150 300
149 299
148 297
147 296
146 295
145 294
144 294
162 269
163 272
164 277
165 282
166 286
167 290
168 293
169 295
170 297
171 299
172 301
173 303
174 304
175 305
176 306
161 269
160 272
159 276
158 281
157 286
156 290
155 295
154 297
153 299
152 300
151 300
150 299
149 298
148 297
147 296
146 295
145 295
162 270
163 274
164 278
165 282
166 286
167 289
168 292
169 295
170 297
171 299
172 301
173 302
174 304
175 305
161 271
160 273
159 277
158 281
157 285
156 290
155 293
154 296
153 298
152 299
151 299
150 299
149 298
148 297
147 296
146 296
162 273
163 275
164 279
165 282
166 285
167 289
168 292
169 294
170 297
171 299
172 301
173 303
174 304
161 273
160 275
159 278
158 282
157 286
156 290
155 293
154 296
153 298
152 299
151 299
150 298
149 298
148 297
147 297
162 274
163 277
164 279
165 282
166 286
167 289
168 291
169 294
170 296
171 299
172 301
173 302
161 274
160 276
159 279
158 282
157 286
156 289
155 293
154 295
153 297
152 298
151 298
150 298
149 297
148 297
162 275
163 277
164 280
165 283
166 286
167 288
168 291
169 294
170 297
171 299
172 300
161 276
160 278
159 280
158 283
157 286
156 290
155 292
154 295
153 296
152 297
151 297
150 297
149 297
162 277
163 278
164 280
165 283
166 285
167 288
168 291
169 294
170 296
171 298
161 277
160 278
159 280
158 283
157 287
156 289
155 292
154 294
153 296
152 296
151 297
150 297
162 277
163 279
164 281
165 283
166 286
167 289
168 292
169 294
170 296
161 278
160 279
159 281
158 284
157 286
156 289
155 292
154 294
153 295
152 296
151 296
162 279
163 280
164 282
165 284
166 286
167 289
168 291
169 293
161 279
160 280
159 282
158 284
157 287
156 290
155 292
154 293
153 294
152 295
162 279
163 280
164 282
165 284
166 287
167 289
168 291
161 279
160 281
159 283
158 285
157 287
156 289
155 291
154 293
153 294
162 280
161 281
160 282
159 283
158 285
157 287
156 289
155 291
154 292
163 281
164 282
165 285
166 287
167 289
162 281
163 282
164 284
165 285
166 287
161 281
160 282
159 284
158 286
157 288
156 290
155 291
162 281
161 282
160 283
159 284
158 286
157 288
156 289
163 282
164 283
165 285
162 282
163 283
164 284
161 282
160 283
159 285
158 286
157 287
162 283
161 283
160 284
159 285
158 286
163 283
162 283
161 284
160 284
159 285
180 307
179 307
178 307
177 307
176 306
175 305
174 303
173 302
172 300
171 298
170 296
169 294
168 292
167 289
166 287
165 286
164 285
163 284
162 284
161 284
160 285
180 307
179 307
178 307
177 306
176 305
175 304
174 303
173 301
172 300
171 298
170 296
169 294
168 291
167 289
166 287
165 286
164 285
163 285
162 284
161 284
180 307
179 307
178 306
177 306
176 305
175 304
174 303
173 302
172 300
171 298
170 296
169 293
168 291
167 289
166 288
165 286
164 285
163 284
162 284
180 307
179 307
178 307
177 306
176 305
175 304
174 303
173 301
172 299
171 297
170 295
169 293
168 291
167 290
166 288
165 287
164 286
163 285
180 307
179 307
178 306
177 305
176 305
175 304
174 302
173 301
172 299
171 297
170 295
169 293
168 292
167 290
166 288
165 287
164 286
180 307
179 306
178 306
177 306
176 305
175 303
174 302
173 300
172 299
171 297
170 295
169 294
168 292
167 290
166 289
165 287
180 306
179 306
178 306
177 305
176 304
175 303
174 302
173 301
172 299
171 297
170 295
169 293
168 291
167 290
166 288
180 306
179 306
178 305
177 305
176 304
175 303
174 302
173 300
172 298
171 297
170 295
169 293
168 292
167 290
180 306
179 306
178 306
177 305
176 304
175 303
174 301
173 300
172 299
171 297
170 295
169 294
168 292
180 306
179 306
178 305
177 304
176 303
175 302
174 301
173 300
172 298
171 296
170 295
169 293
180 306
179 305
178 305
177 304
176 303
175 302
174 301
173 299
172 298
171 297
170 295
180 305
179 305
178 304
177 304
176 303
175 302
174 301
173 300
172 298
171 296
180 305
179 305
178 305
177 304
176 303
175 302
174 301
173 299
172 298
180 305
179 305
178 304
177 303
176 303
175 302
174 300
173 299
180 305
179 304
178 304
177 304
176 303
175 302
174 301
180 304
179 304
178 304
177 303
176 302
175 301
180 304
179 304
178 303
177 303
176 302
180 304
179 304
178 304
177 303
180 304
179 304
178 303
180 304
179 303
180 303
57 177
56 245
55 240
54 283
53 311
52 290
51 283
50 282
49 283
58 230
59 264
60 271
61 255
62 260
63 265
64 267
65 269
66 270
67 270
68 271
69 272
70 274
71 278
72 282
73 287
74 292
75 297
76 301
77 306
78 310
57 238
58 251
59 261
60 258
61 259
62 262
63 265
64 267
65 268
66 269
67 270
68 271
69 272
70 275
71 279
72 283
73 288
74 293
75 297
76 302
77 306
56 239
55 261
54 286
53 288
52 285
51 283
50 283
57 245
56 253
55 270
54 279
53 282
52 283
51 283
58 253
59 255
60 257
61 259
62 262
63 264
64 266
65 268
66 269
67 270
68 271
69 273
70 276
71 279
72 284
73 288
74 292
75 297
76 301
57 253
56 261
55 270
54 276
53 279
52 281
58 254
57 257
56 264
55 270
54 274
53 278
59 256
60 258
61 260
62 262
63 264
64 266
65 267
66 268
67 269
68 271
69 274
70 277
71 281
72 284
73 288
74 293
75 297
58 257
57 261
56 265
55 269
54 274
59 257
58 259
57 262
56 266
55 270
60 258
61 260
62 262
63 264
64 266
65 267
66 268
67 270
68 272
69 274
70 277
71 280
72 284
73 289
74 293
59 259
58 260
57 263
56 266
60 260
61 261
62 262
63 264
64 265
65 267
66 269
67 270
68 272
69 275
70 278
71 281
72 285
73 289
59 260
58 262
57 264
60 260
59 261
58 262
61 261
62 263
63 264
64 266
65 267
66 268
67 270
68 272
69 275
70 278
71 282
72 286
60 261
61 262
62 263
63 265
64 266
65 267
66 269
67 271
68 273
69 275
70 278
71 282
59 261
60 262
61 263
62 264
63 265
64 266
65 268
66 269
67 271
68 273
69 276
70 279
127 177
126 239
125 251
124 262
128 236
129 257
130 264
131 268
132 272
133 275
134 279
135 283
136 286
137 289
138 291
139 292
140 293
141 293
142 293
143 294
144 295
145 295
146 296
147 296
148 297
149 297
150 297
151 296
152 295
153 294
154 293
155 291
156 289
157 288
158 287
159 286
160 285
161 285
162 285
163 286
164 286
165 287
166 289
167 290
168 291
169 293
170 295
171 297
172 298
173 300
174 300
175 301
176 302
177 302
178 303
179 303
180 303
127 238
128 248
129 256
130 262
131 267
132 271
133 275
134 279
135 282
136 286
137 289
138 290
139 291
140 292
141 293
142 294
143 294
144 294
145 295
146 295
147 296
148 296
149 297
150 296
151 296
152 295
153 294
154 292
155 290
156 289
157 288
158 287
159 286
160 285
161 285
162 286
163 286
164 287
165 288
166 289
167 290
168 292
169 294
170 295
171 296
172 298
173 299
174 300
175 301
176 302
177 303
178 303
179 303
180 303
126 244
125 253
127 246
128 251
129 257
130 262
131 266
132 270
133 275
134 279
135 283
136 286
137 288
138 290
139 291
140 292
141 293
142 293
143 294
144 295
145 295
146 296
147 296
148 297
149 296
150 296
151 295
152 295
153 293
154 292
155 291
156 290
157 288
158 287
159 286
160 286
161 286
162 286
163 286
164 287
165 288
166 289
167 291
168 292
169 293
170 295
171 297
172 298
173 299
174 300
175 301
176 302
177 302
178 302
179 303
180 303
126 250
127 250
128 253
129 257
130 262
131 266
132 271
133 275
134 279
135 282
136 285
137 287
138 289
139 291
140 292
141 292
142 293
143 294
144 294
145 295
146 295
147 296
148 296
149 296
150 296
151 296
152 294
153 293
154 292
155 291
156 289
157 288
158 287
159 286
160 286
161 286
162 286
163 287
164 287
165 288
166 289
167 290
168 292
169 294
170 295
171 296
172 297
173 298
174 300
175 301
176 301
177 302
178 303
179 303
180 303
32 174
31 210
30 275
29 254
28 281
27 236
26 244
25 280
24 286
23 282
22 278
21 274
20 272
19 272
18 271
17 271
16 272
15 273
14 276
13 279
12 284
11 290
10 297
9 305
8 313
7 321
6 329
5 335
4 340
3 343
2 345
1 345
3 173
2 259
4 258
5 299
6 317
7 323
8 322
9 318
10 312
11 304
12 297
13 290
14 284
15 280
16 276
17 274
18 273
19 272
20 272
21 272
22 273
23 275
24 279
25 283
26 281
27 263
3 258
4 278
5 297
6 310
7 316
8 317
9 314
10 309
11 303
12 297
13 291
14 286
15 281
16 278
17 276
18 274
19 273
20 273
21 273
22 274
23 277
24 280
25 280
26 272
28 250
29 265
27 261
28 263
30 260
31 268
29 262
30 265
32 239
33 272
31 252
32 262
34 232
33 247
1 259
2 258
3 268
4 283
5 297
6 306
7 311
8 313
9 311
10 307
11 302
12 296
13 291
14 286
15 282
16 279
17 276
18 274
19 273
20 273
21 274
22 275
23 277
24 278
25 275
26 268
27 265
28 263
29 264
30 258
31 260
32 254
1 258
2 263
3 273
4 285
5 295
6 303
7 308
8 309
9 308
10 305
11 301
12 296
13 291
14 286
15 283
16 279
17 277
18 275
19 274
20 274
21 274
22 276
23 277
24 276
25 272
26 268
27 266
28 265
29 261
30 260
31 257
1 263
2 268
3 277
4 286
5 295
6 302
7 306
8 307
9 306
10 303
11 299
12 295
13 290
14 287
15 283
16 280
17 277
18 276
19 275
20 274
21 275
22 276
23 276
24 274
25 271
26 269
27 267
28 264
29 262
30 260
1 268
2 273
3 279
4 287
5 294
6 300
7 303
8 305
9 304
10 302
11 299
12 295
13 291
14 287
15 283
16 280
17 278
18 276
19 275
20 275
21 276
22 276
23 275
24 273
25 271
26 269
27 266
28 264
29 262
1 273
2 276
3 282
4 288
5 294
6 298
7 302
8 303
9 303
10 301
11 298
12 294
13 291
14 287
15 284
16 281
17 279
18 277
19 276
20 276
21 276
22 275
23 274
24 273
25 271
26 268
27 266
28 264
1 276
2 279
3 283
4 288
5 293
6 298
7 300
8 301
9 301
10 299
11 296
12 294
13 290
14 287
15 284
16 282
17 279
18 278
19 277
20 277
21 276
22 275
23 274
24 272
25 270
26 268
27 266
1 279
2 281
3 285
4 289
5 294
6 297
7 299
8 300
9 299
10 298
11 296
12 293
13 290
14 287
15 284
16 281
17 280
18 278
19 278
20 277
21 276
22 275
23 274
24 272
25 270
26 268
1 281
2 283
3 286
4 290
5 293
6 296
7 298
8 299
9 299
10 297
11 295
12 292
13 290
14 287
15 284
16 282
17 280
18 279
19 278
20 277
21 276
22 275
23 273
24 272
25 270
1 283
2 284
3 287
4 290
5 293
6 295
7 297
8 298
9 297
10 296
11 294
12 292
13 289
14 286
15 284
16 282
17 280
18 279
19 278
20 277
21 276
22 275
23 274
24 272
1 284
2 286
3 288
4 291
5 293
6 295
7 297
8 297
9 297
10 296
11 294
12 292
13 289
14 287
15 285
16 283
17 281
18 280
19 278
20 277
21 276
22 275
23 273
1 286
2 287
3 289
4 291
5 293
6 295
7 296
8 296
9 296
10 295
11 294
12 291
13 289
14 287
15 285
16 283
17 282
18 280
19 279
20 277
21 276
22 274
1 287
2 288
3 289
4 291
5 293
6 295
7 295
8 296
9 295
10 294
11 292
12 291
13 289
14 287
15 285
16 283
17 281
18 280
19 278
20 277
21 275
1 288
2 288
3 290
4 291
5 293
6 294
7 295
8 295
9 295
10 294
11 293
12 291
13 289
14 287
15 285
16 283
17 282
18 280
19 279
20 277
1 288
2 289
3 290
4 292
5 293
6 294
7 295
8 295
9 294
10 293
11 292
12 290
13 289
14 287
15 285
16 284
17 282
18 280
19 278
1 289
2 290
3 291
4 292
5 293
6 294
7 294
8 294
9 294
10 293
11 291
12 290
13 288
14 286
15 285
16 283
17 281
18 280
1 290
2 290
3 291
4 292
5 293
6 293
7 294
8 294
9 293
10 292
11 291
12 290
13 288
14 287
15 285
16 283
17 282
1 290
2 291
3 291
4 292
5 293
6 294
7 294
8 293
9 293
10 292
11 291
12 289
13 288
14 286
15 284
16 283
1 291
2 291
3 292
4 292
5 293
6 293
7 293
8 293
9 292
10 292
11 291
12 290
13 288
14 286
15 285
1 291
2 291
3 291
4 292
5 292
6 293
7 293
8 293
9 293
10 292
11 291
12 289
13 288
14 287
1 291
2 291
3 292
4 292
5 293
6 293
7 293
8 293
9 292
10 291
11 290
12 289
13 288
1 291
2 292
3 292
4 293
5 293
6 293
7 293
8 292
9 292
10 291
11 290
12 289
1 292
2 292
3 292
4 292
5 292
6 292
7 292
8 292
9 291
10 291
11 290
1 292
2 292
3 292
4 292
5 292
6 292
7 292
8 292
9 292
10 291
1 292
2 292
3 292
4 292
5 292
6 292
7 292
8 292
9 291
1 292
2 292
3 292
4 292
5 292
6 292
7 292
8 291
1 292
2 292
3 292
4 292
5 292
6 292
7 291
1 292
2 292
3 292
4 292
5 292
6 292
1 292
2 292
3 292
4 292
5 292
1 292
2 292
3 292
4 292
1 292
2 292
3 292
1 292
2 292
1 292
35 187
36 242
37 258
38 271
39 302
40 306
41 300
42 284
43 279
44 282
45 285
46 286
47 285
48 284
49 283
50 283
51 282
52 280
53 277
54 273
55 270
56 267
57 264
58 263
59 263
60 263
61 263
62 264
63 265
64 266
65 267
66 269
67 271
68 274
69 276
34 217
33 236
32 246
31 253
30 257
29 261
28 264
27 266
26 268
25 270
24 271
23 273
22 274
21 276
20 277
19 279
18 280
17 281
16 283
15 285
14 286
13 287
12 289
11 290
10 290
9 291
8 291
7 292
6 292
5 292
4 292
3 292
2 292
1 292
35 229
36 243
37 257
38 280
39 293
40 296
41 290
42 284
43 283
44 284
45 285
46 285
47 284
48 284
49 284
50 283
51 282
52 279
53 276
54 273
55 270
56 267
57 265
58 264
59 263
60 263
61 264
62 264
63 265
64 266
65 268
66 270
67 272
68 274
34 232
33 239
32 246
31 251
30 256
29 260
28 263
27 266
26 268
25 270
24 272
23 273
22 275
21 276
20 278
19 279
18 280
17 282
16 284
15 285
14 286
13 288
12 289
11 289
10 290
9 290
8 291
7 291
6 291
5 292
4 292
3 292
2 292
1 292
35 238
36 248
37 264
38 278
39 287
40 289
41 286
42 285
43 285
44 285
45 285
46 284
47 284
48 284
49 283
50 283
51 281
52 279
53 276
54 273
55 270
56 268
57 266
58 264
59 264
60 264
61 264
62 265
63 265
64 267
65 268
66 270
67 272
34 239
35 243
36 253
37 265
38 276
39 282
40 284
41 285
42 285
43 285
44 285
45 284
46 284
47 284
48 283
49 283
50 282
51 280
52 278
53 275
54 273
55 270
56 268
57 266
58 265
59 264
60 264
61 264
62 264
63 266
64 267
65 269
66 270
33 242
32 247
31 252
30 256
29 259
28 262
27 265
26 268
25 270
24 271
23 273
22 274
21 276
20 277
19 278
18 280
17 282
16 283
15 284
14 286
13 287
12 288
11 289
10 290
9 291
8 291
7 291
6 292
5 292
4 292
3 292
2 292
1 292
34 242
35 248
36 257
37 267
38 275
39 280
40 282
41 283
42 284
43 284
44 284
45 284
46 284
47 284
48 284
49 283
50 281
51 280
52 277
53 275
54 272
55 270
56 268
57 267
58 266
59 265
60 264
61 264
62 265
63 266
64 267
65 268
33 245
32 248
31 252
30 256
29 259
28 262
27 265
26 267
25 269
24 271
23 272
22 274
21 275
20 277
19 279
18 281
17 282
16 283
15 285
14 286
13 287
12 288
11 289
10 290
9 290
8 291
7 292
6 292
5 292
4 292
3 292
2 292
34 247
35 252
36 259
37 267
38 273
39 277
40 280
41 282
42 283
43 284
44 284
45 284
46 284
47 284
48 283
49 282
50 281
51 279
52 277
53 275
54 273
55 271
56 269
57 267
58 266
59 265
60 265
61 265
62 266
63 266
64 267
33 247
32 250
31 253
30 256
29 259
28 262
27 264
26 267
25 269
24 271
23 273
22 274
21 276
20 277
19 279
18 280
17 281
16 283
15 284
14 286
13 287
12 288
11 289
10 289
9 290
8 291
7 291
6 291
5 291
4 292
3 292
34 249
35 254
36 261
37 267
38 272
39 276
40 279
41 281
42 282
43 283
44 284
45 284
46 284
47 283
48 283
49 282
50 281
51 279
52 277
53 275
54 273
55 271
56 269
57 268
58 266
59 266
60 265
61 266
62 266
63 267
33 250
34 252
35 256
36 261
37 266
38 271
39 275
40 278
41 280
42 282
43 283
44 283
45 284
46 284
47 284
48 283
49 282
50 280
51 278
52 277
53 275
54 273
55 271
56 269
57 267
58 267
59 266
60 266
61 266
62 266
32 251
31 253
30 256
29 259
28 262
27 265
26 267
25 269
24 271
23 272
22 274
21 275
20 277
19 278
18 280
17 282
16 283
15 285
14 286
13 287
12 288
11 289
10 290
9 291
8 291
7 291
6 291
5 292
4 292
33 251
34 254
35 258
36 262
37 267
38 271
39 275
40 278
41 280
42 281
43 282
44 283
45 283
46 283
47 283
48 282
49 281
50 280
51 279
52 277
53 275
54 273
55 271
56 269
57 268
58 267
59 266
60 266
61 266
32 252
31 254
30 256
29 259
28 262
27 264
26 266
25 268
24 270
23 272
22 274
21 276
20 277
19 279
18 280
17 281
16 283
15 284
14 285
13 287
12 288
11 289
10 290
9 290
8 290
7 291
6 292
5 292
33 253
34 255
35 258
36 263
37 267
38 271
39 274
40 277
41 279
42 281
43 282
44 283
45 283
46 283
47 282
48 282
49 281
50 280
51 278
52 276
53 274
54 272
55 270
56 269
57 268
58 267
59 267
60 267
32 254
31 255
30 257
29 260
28 262
27 264
26 266
25 268
24 270
23 272
22 274
21 275
20 277
19 278
18 280
17 282
16 283
15 284
14 286
13 287
12 288
11 289
10 289
9 290
8 291
7 291
6 291
33 255
34 257
35 260
36 263
37 267
38 271
39 274
40 276
41 279
42 280
43 281
44 282
45 283
46 283
47 283
48 282
49 281
50 279
51 278
52 276
53 274
54 272
55 271
56 270
57 269
58 268
59 267
32 255
31 256
30 258
29 260
28 262
27 264
26 266
25 268
24 270
23 272
22 273
21 275
20 277
19 279
18 280
17 281
16 283
15 285
14 286
13 287
12 288
11 288
10 289
9 290
8 290
7 291
33 256
34 258
35 261
36 264
37 267
38 270
39 273
40 276
41 278
42 280
43 281
44 282
45 282
46 282
47 282
48 281
49 280
50 279
51 277
52 276
53 274
54 273
55 271
56 270
57 269
58 268
32 256
31 257
30 259
29 260
28 262
27 264
26 266
25 268
24 270
23 272
22 274
21 276
20 277
19 278
18 280
17 282
16 283
15 284
14 285
13 286
12 287
11 288
10 289
9 289
8 290
33 257
34 259
35 261
36 264
37 267
38 270
39 273
40 276
41 278
42 279
43 281
44 281
45 282
46 282
47 281
48 281
49 280
50 279
51 278
52 276
53 275
54 273
55 272
56 270
57 269
32 257
31 258
30 259
29 261
28 262
27 264
26 266
25 268
24 270
23 272
22 274
21 275
20 277
19 279
18 280
17 281
16 283
15 284
14 285
13 286
12 287
11 288
10 289
9 290
33 258
34 259
35 262
36 265
37 268
38 271
39 274
40 276
41 277
42 279
43 280
44 281
45 281
46 281
47 281
48 280
49 280
50 279
51 277
52 276
53 274
54 273
55 271
56 270
32 258
31 259
30 260
29 261
28 263
27 265
26 267
25 269
24 270
23 272
22 273
21 275
20 277
19 278
18 280
17 282
16 283
15 284
14 285
13 286
12 287
11 288
10 289
33 258
34 260
35 262
36 265
37 268
38 271
39 273
40 275
41 277
42 279
43 280
44 281
45 281
46 281
47 281
48 281
49 280
50 278
51 277
52 275
53 274
54 272
55 271
32 258
31 259
30 260
29 261
28 263
27 265
26 267
25 268
24 270
23 271
22 273
21 275
20 276
19 278
18 280
17 281
16 282
15 284
14 285
13 286
12 287
11 288
33 259
34 261
35 263
36 265
37 268
38 270
39 273
40 275
41 277
42 278
43 279
44 280
45 281
46 281
47 281
48 280
49 279
50 278
51 277
52 276
53 274
54 273
32 259
33 260
34 261
35 263
36 266
37 268
38 271
39 273
40 275
41 277
42 278
43 279
44 280
45 280
46 281
47 280
48 280
49 279
50 278
51 277
52 275
53 274
31 259
30 260
29 262
28 263
27 265
26 266
25 268
24 270
23 272
22 274
21 275
20 277
19 279
18 280
17 281
16 283
15 284
14 285
13 286
12 287
32 260
33 261
34 262
35 264
36 266
37 268
38 270
39 272
40 274
41 276
42 278
43 279
44 279
45 280
46 280
47 280
48 279
49 278
50 278
51 276
52 275
31 260
30 261
29 262
28 264
27 265
26 267
25 269
24 270
23 272
22 273
21 275
20 277
19 278
18 279
17 281
16 282
15 283
14 285
13 286
32 260
31 261
30 261
29 262
28 263
27 265
26 267
25 268
24 270
23 271
22 273
21 275
20 276
19 278
18 280
17 281
16 282
15 284
14 285
33 261
34 263
35 265
36 266
37 268
38 270
39 272
40 274
41 276
42 277
43 278
44 279
45 280
46 280
47 280
48 279
49 279
50 277
51 276
32 261
33 262
34 263
35 264
36 266
37 268
38 270
39 272
40 274
41 275
42 277
43 278
44 279
45 279
46 279
47 279
48 279
49 278
50 277
31 261
30 262
29 263
28 264
27 265
26 266
25 268
24 270
23 272
22 274
21 275
20 277
19 278
18 279
17 281
16 283
15 284
32 262
31 262
30 262
29 263
28 264
27 265
26 267
25 269
24 270
23 272
22 273
21 275
20 276
19 278
18 280
17 281
16 282
33 262
34 263
35 265
36 267
37 269
38 271
39 273
40 274
41 276
42 277
43 278
44 279
45 279
46 279
47 279
48 279
49 278
32 262
33 263
34 264
35 265
36 267
37 269
38 271
39 272
40 274
41 275
42 276
43 278
44 278
45 279
46 279
47 279
48 278
31 262
30 263
29 263
28 264
27 266
26 267
25 268
24 270
23 271
22 273
21 275
20 277
19 278
18 279
17 281
32 262
33 263
34 264
35 266
36 267
37 269
38 270
39 272
40 274
41 275
42 277
43 277
44 278
45 278
46 279
47 278
31 262
32 263
33 263
34 265
35 266
36 268
37 269
38 271
39 273
40 274
41 276
42 276
43 277
44 278
45 279
46 278
30 262
29 263
28 265
27 266
26 267
25 269
24 270
23 272
22 274
21 275
20 276
19 278
18 280
31 263
30 263
29 264
28 265
27 266
26 268
25 269
24 271
23 272
22 273
21 275
20 277
19 278
32 263
33 264
34 265
35 266
36 267
37 269
38 271
39 272
40 274
41 275
42 276
43 277
44 278
45 278
31 263
30 264
29 265
28 265
27 266
26 267
25 269
24 270
23 272
22 274
21 275
20 276
32 263
33 264
34 265
35 266
36 268
37 269
38 270
39 272
40 273
41 274
42 276
43 277
44 277
31 263
30 264
29 264
28 265
27 266
26 268
25 269
24 271
23 272
22 273
21 275
32 264
33 265
34 265
35 267
36 268
37 269
38 271
39 272
40 273
41 275
42 276
43 277
31 264
30 264
29 265
28 266
27 267
26 268
25 269
24 270
23 272
22 274
32 264
31 264
30 264
29 265
28 266
27 267
26 268
25 269
24 271
23 272
33 264
34 266
35 267
36 268
37 270
38 271
39 272
40 274
41 275
42 276
32 264
33 265
34 266
35 267
36 268
37 269
38 270
39 272
40 273
41 274
31 264
30 265
29 265
28 266
27 267
26 268
25 270
24 271
32 265
33 266
34 266
35 267
36 268
37 269
38 271
39 272
40 273
31 265
30 265
29 266
28 266
27 267
26 268
25 269
32 265
31 265
30 265
29 265
28 266
27 267
26 268
33 265
34 266
35 267
36 268
37 270
38 271
39 272
32 265
33 266
34 267
35 267
36 269
37 270
38 271
31 265
32 266
33 266
34 266
35 268
36 269
37 270
30 265
29 266
28 267
27 268
31 266
30 266
29 266
28 267
32 266
31 266
30 266
29 267
33 266
34 267
35 268
36 269
32 266
33 267
34 268
35 268
31 266
30 267
32 266
33 267
34 267
31 266
32 267
33 267
1 292
2 292
3 292
4 292
5 291
6 291
7 290
8 290
9 289
10 288
11 288
12 287
13 286
14 285
15 283
16 282
17 281
18 279
19 278
20 277
21 275
22 273
23 272
24 270
25 269
26 269
27 268
28 267
29 267
30 266
31 267
32 267
1 292
2 292
3 292
4 291
5 291
6 291
7 291
8 290
9 289
10 289
11 288
12 287
13 286
14 284
15 283
16 282
17 280
18 279
19 278
20 276
21 275
22 274
23 272
24 271
25 270
26 269
27 268
28 268
29 267
30 267
31 267
1 292
2 292
3 292
4 292
5 292
6 291
7 290
8 290
9 290
10 289
11 288
12 287
13 286
14 285
15 284
16 282
17 281
18 280
19 278
20 277
21 275
22 273
23 272
24 271
25 270
26 269
27 268
28 267
29 267
30 267
1 292
2 292
3 292
4 292
5 291
6 291
7 291
8 290
9 289
10 288
11 287
12 286
13 285
14 284
15 283
16 282
17 281
18 279
19 278
20 276
21 275
22 274
23 273
24 271
25 270
26 269
27 268
28 268
29 267
1 292
2 292
3 292
4 291
5 291
6 291
7 290
8 290
9 289
10 288
11 287
12 286
13 285
14 284
15 283
16 282
17 280
18 279
19 277
20 276
21 275
22 274
23 272
24 271
25 270
26 269
27 269
28 268
1 292
2 292
3 291
4 291
5 291
6 290
7 290
8 289
9 289
10 288
11 287
12 286
13 285
14 284
15 283
16 282
17 281
18 279
19 278
20 277
21 275
22 273
23 272
24 271
25 270
26 269
27 268
1 292
2 291
3 291
4 291
5 291
6 291
7 290
8 290
9 289
10 288
11 287
12 286
13 285
14 284
15 283
16 282
17 280
18 279
19 278
20 276
21 275
22 274
23 273
24 272
25 271
26 270
1 291
2 291
3 291
4 291
5 291
6 290
7 290
8 289
9 288
10 288
11 287
12 286
13 285
14 284
15 283
16 281
17 280
18 279
19 277
20 276
21 275
22 274
23 273
24 272
25 271
1 291
2 291
3 291
4 291
5 290
6 290
7 290
8 289
9 289
10 288
11 287
12 286
13 285
14 284
15 282
16 281
17 280
18 279
19 278
20 277
21 275
22 274
23 273
24 272
1 291
2 291
3 291
4 291
5 291
6 291
7 290
8 290
9 289
10 288
11 287
12 286
13 285
14 284
15 283
16 282
17 281
18 279
19 278
20 276
21 275
22 274
23 273
1 291
2 291
3 291
4 291
5 291
6 290
7 290
8 289
9 288
10 287
11 287
12 286
13 285
14 284
15 283
16 282
17 280
18 279
19 277
20 276
21 275
22 274
1 291
2 291
3 291
4 291
5 290
6 290
7 289
8 289
9 288
10 288
11 287
12 286
13 285
14 284
15 283
16 281
17 280
18 279
19 278
20 277
21 276
1 291
2 291
3 291
4 290
5 290
6 290
7 290
8 289
9 289
10 288
11 287
12 286
13 285
14 284
15 282
16 281
17 280
18 279
19 278
20 277
1 291
2 291
3 291
4 291
5 291
6 290
7 289
8 289
9 288
10 287
11 286
12 286
13 285
14 283
15 282
16 281
17 280
18 279
19 278
1 291
2 291
3 291
4 291
5 290
6 290
7 290
8 289
9 288
10 287
11 287
12 286
13 285
14 284
15 283
16 282
17 281
18 279
1 291
2 291
3 291
4 290
5 290
6 290
7 289
8 288
9 288
10 288
11 287
12 286
13 285
14 284
15 283
16 282
17 280
1 291
2 291
3 290
4 290
5 290
6 289
7 289
8 289
9 288
10 287
11 286
12 285
13 284
14 283
15 282
16 281
1 291
2 291
3 291
4 291
5 290
6 290
7 289
8 288
9 288
10 287
11 286
12 285
13 284
14 283
15 282
1 291
2 291
3 291
4 290
5 290
6 289
7 289
8 289
9 288
10 287
11 286
12 285
13 284
14 283
1 291
2 291
3 290
4 290
5 290
6 290
7 289
8 288
9 287
10 287
11 286
12 285
13 284
1 291
2 290
3 290
4 290
5 290
6 289
7 289
8 288
9 288
10 287
11 286
12 285
1 290
2 290
3 290
4 290
5 289
6 289
7 288
8 288
9 287
10 286
11 286
1 290
2 290
3 290
4 290
5 290
6 289
7 289
8 288
9 287
10 287
1 290
2 290
3 290
4 290
5 289
6 289
7 288
8 288
9 288
1 290
2 290
3 290
4 289
5 289
6 289
7 289
8 288
1 290
2 290
3 290
4 290
5 290
6 289
7 288
1 290
2 290
3 290
4 290
5 289
6 289
1 290
2 290
3 290
4 289
5 289
1 290
2 290
3 289
4 289
1 290
2 290
3 290
1 290
2 290
1 290
119 170
120 254
121 267
122 270
123 266
124 259
125 254
126 252
127 253
128 255
129 259
130 262
131 267
132 271
133 275
134 278
135 282
136 284
137 287
138 289
139 290
140 291
141 292
142 293
143 293
144 294
145 295
146 296
147 296
148 296
149 296
150 296
151 295
152 294
153 293
154 292
155 290
156 289
157 288
158 287
159 287
160 286
161 286
162 286
163 286
164 287
165 288
166 289
167 291
168 292
169 293
170 295
171 296
172 297
173 299
174 300
175 301
176 302
177 302
178 302
179 302
180 302
86 168
87 252
88 292
89 308
90 311
91 306
92 298
93 290
94 282
95 275
85 250
84 290
83 308
82 315
81 317
80 316
79 313
78 310
77 305
76 301
75 297
74 293
73 289
72 285
71 282
70 279
69 277
68 274
67 272
66 270
65 269
64 268
63 267
62 267
61 267
60 267
59 268
58 268
57 269
56 270
55 272
54 273
53 274
52 275
51 276
50 277
49 277
48 278
47 278
46 278
45 277
44 277
43 276
42 275
41 274
40 273
39 272
38 271
37 270
36 269
35 268
34 268
33 267
32 267
31 267
30 267
29 268
28 268
27 269
26 270
25 271
24 272
23 273
22 274
21 275
20 276
19 277
18 279
17 280
16 281
15 282
14 283
13 284
12 285
11 286
10 287
9 287
8 288
7 289
6 289
5 289
4 290
3 290
2 290
1 179
86 251
85 271
84 289
83 302
82 309
81 312
80 312
79 311
78 308
77 305
76 301
75 297
74 293
73 289
72 286
71 282
70 280
69 277
68 275
67 272
66 271
87 271
88 289
89 300
90 303
91 300
92 295
93 289
94 282
86 271
85 280
84 291
83 300
82 306
81 309
80 310
79 309
78 307
77 304
76 301
75 297
74 293
73 290
72 286
71 283
70 280
87 280
88 290
89 297
90 299
91 297
92 293
93 287
86 280
85 285
84 293
83 300
82 305
81 308
80 309
79 308
78 306
77 303
76 300
75 296
74 293
73 289
72 286
87 285
88 291
89 295
90 296
91 295
92 291
86 285
85 289
84 294
83 299
82 303
81 306
80 307
79 306
78 304
77 302
76 299
75 296
74 292
73 289
87 288
88 292
89 294
90 294
91 292
86 288
85 291
84 295
83 299
82 303
81 305
80 305
79 305
78 304
77 302
76 299
75 296
74 293
87 290
88 292
89 293
90 293
86 291
85 293
84 296
83 300
82 302
81 303
80 304
79 304
78 303
77 301
76 298
75 295
87 292
86 292
85 294
84 297
83 299
82 301
81 303
80 304
79 303
78 302
77 300
76 298
88 292
87 292
86 293
85 295
84 297
83 299
82 301
81 302
80 302
79 302
78 301
77 299
89 292
88 292
87 292
86 294
85 296
84 298
83 300
82 301
81 302
80 302
79 302
78 300
71 283
72 286
73 290
74 292
75 295
76 297
77 299
69 277
70 280
71 283
72 286
73 289
74 292
75 295
76 297
68 274
69 277
70 280
71 283
72 286
73 289
74 292
75 294
67 273
68 275
69 278
70 280
71 283
72 286
73 289
74 292
65 269
66 271
67 273
68 276
69 278
70 281
71 284
72 287
73 289
64 268
65 270
66 271
67 273
68 275
69 278
70 281
71 284
72 286
63 267
64 269
65 270
66 272
67 274
68 276
69 278
70 281
71 283
62 267
63 268
64 269
65 270
66 272
67 274
68 276
69 279
70 281
61 267
60 267
59 267
58 268
57 269
56 271
55 272
54 273
53 274
52 275
51 276
50 277
49 278
48 278
47 278
46 278
45 278
44 277
43 276
42 275
41 274
40 273
39 272
38 271
37 270
36 269
35 269
34 268
33 268
32 267
31 267
30 268
29 268
28 268
27 269
26 270
25 271
24 272
23 273
22 274
21 275
20 276
19 278
18 279
17 280
16 281
15 282
14 283
13 284
12 285
11 286
10 286
9 287
8 288
7 288
6 288
5 289
4 289
3 289
2 164
4 145
3 135
62 267
63 268
64 269
65 271
66 272
67 274
68 277
69 279
61 267
62 268
63 269
64 270
65 271
66 273
67 275
68 277
60 267
59 268
58 269
57 270
56 271
55 272
54 273
53 274
52 275
51 276
50 277
49 277
48 277
47 278
46 278
45 277
44 277
43 276
42 275
41 274
40 273
39 272
38 271
37 270
36 269
35 268
34 268
33 267
32 267
31 267
30 267
29 267
28 268
27 269
26 270
25 271
24 272
23 273
22 274
21 275
20 277
19 278
18 279
17 280
16 281
15 282
14 283
13 284
12 285
11 285
10 286
9 287
8 287
7 288
6 289
5 362
4 235
61 267
60 268
59 268
58 269
57 270
56 271
55 272
54 273
53 274
52 275
51 276
50 276
49 277
48 278
47 278
46 277
45 277
44 276
43 276
42 275
41 274
40 273
39 272
38 271
37 270
36 269
35 269
34 268
33 268
32 268
31 268
30 268
29 268
28 269
27 270
26 270
25 271
24 272
23 273
22 274
21 276
20 277
19 278
18 279
17 280
16 281
15 282
14 283
13 284
12 285
11 286
10 287
9 287
8 288
7 288
6 325
5 248
62 268
63 269
64 270
65 271
66 273
67 275
61 268
60 268
59 269
58 269
57 270
56 271
55 272
54 273
53 274
52 275
51 276
50 277
49 277
48 277
47 277
46 277
45 277
44 277
43 276
42 275
41 274
40 273
39 272
38 271
37 270
36 270
35 269
34 268
33 268
32 268
31 268
30 268
29 269
28 269
27 269
26 270
25 271
24 272
23 273
22 275
21 276
20 277
19 278
18 279
17 280
16 281
15 282
14 283
13 284
12 285
11 286
10 286
9 287
8 287
7 306
6 211
8 153
7 143
62 268
63 269
64 270
65 272
66 273
61 268
62 269
63 269
64 270
65 271
60 268
61 269
62 269
63 270
64 271
59 268
58 269
57 270
56 271
55 272
54 273
53 274
52 275
51 276
50 276
49 277
48 277
47 277
46 277
45 277
44 276
43 275
42 274
41 274
40 273
39 272
38 271
37 270
36 269
60 269
59 269
58 270
57 270
56 271
55 272
54 273
53 274
52 275
51 275
50 276
49 276
48 277
47 277
46 277
45 276
44 276
43 275
42 275
41 274
40 273
39 272
38 271
37 270
61 269
60 269
59 270
58 270
57 271
56 271
55 272
54 273
53 274
52 275
51 276
50 276
49 277
48 277
47 277
46 277
45 277
44 276
43 276
42 275
41 274
40 273
39 272
38 271
62 269
63 270
61 269
62 270
60 269
59 269
58 270
57 270
56 271
55 272
54 273
53 274
52 275
51 275
50 276
49 276
48 276
47 276
46 276
45 276
44 276
43 275
42 274
41 273
40 273
39 272
61 269
60 269
59 270
58 270
57 271
56 272
55 272
54 273
53 274
52 274
51 275
50 276
49 276
48 276
47 276
46 276
45 276
44 275
43 275
42 274
41 274
40 273
35 268
36 269
37 270
38 271
39 272
34 268
35 269
36 270
37 271
38 271
33 268
34 269
35 269
36 270
37 270
32 268
31 268
30 268
29 268
28 269
27 270
26 271
25 271
24 272
23 273
22 274
21 275
20 276
19 277
18 278
17 280
16 281
15 282
14 283
13 284
12 285
11 285
10 286
9 363
8 196
10 182
9 160
33 268
32 268
31 268
30 268
29 269
28 269
27 270
26 270
25 271
24 272
23 273
22 274
21 275
20 276
19 277
18 279
17 280
16 281
15 282
14 283
13 284
12 284
11 376
10 216
12 188
11 171
34 268
35 269
36 269
33 268
34 269
35 269
32 268
33 269
34 269
31 268
30 269
29 269
28 270
27 270
26 271
25 272
24 272
23 273
22 274
21 275
20 276
19 278
18 279
17 280
16 281
15 282
14 283
13 378
12 212
14 189
13 149
15 236
14 172
32 268
31 268
30 268
29 269
28 269
27 270
26 271
25 271
24 272
23 273
22 274
21 275
20 277
19 278
18 279
17 280
16 399
15 233
17 199
16 169
18 239
17 181
33 268
32 268
31 268
30 269
29 269
28 270
27 270
26 270
25 271
24 272
23 273
22 274
21 276
20 277
19 397
18 228
20 198
19 152
21 237
20 152
22 257
21 189
23 266
24 270
23 135
22 243
25 271
24 203
23 171
26 271
25 237
24 171
27 271
26 254
25 209
28 270
29 270
30 269
31 269
32 269
33 269
34 268
35 269
36 269
37 269
38 270
39 271
40 271
41 272
42 273
43 273
44 274
45 274
46 275
47 276
48 276
49 276
50 276
51 276
52 276
53 275
54 274
55 274
56 273
57 272
58 271
59 270
60 270
61 270
62 269
63 269
64 269
65 270
66 271
67 272
68 273
69 275
70 277
71 279
72 281
73 284
74 286
75 289
76 291
77 294
78 297
79 298
80 300
81 301
82 302
83 301
84 300
85 299
86 297
87 296
88 294
89 293
90 292
91 293
92 293
93 292
94 290
95 286
96 380
97 278
98 289
99 311
100 309
101 304
102 282
27 262
28 266
27 133
26 267
29 267
28 200
27 204
30 268
29 234
28 216
31 269
32 269
33 268
34 269
35 269
36 269
37 270
38 270
39 270
40 271
41 272
42 273
43 274
44 274
45 275
46 276
47 276
48 276
49 276
50 276
51 276
52 275
53 275
54 275
55 274
56 273
57 272
58 271
59 271
60 271
61 270
62 270
63 270
64 270
65 271
66 271
67 272
68 274
69 275
70 277
71 279
72 282
73 284
74 287
75 289
76 292
77 294
78 296
79 298
80 300
81 301
82 301
83 301
84 300
85 298
86 297
87 295
88 294
89 293
90 293
91 293
92 292
93 291
94 288
95 334
96 306
97 297
98 304
99 306
100 305
101 293
30 252
31 260
30 130
29 268
32 264
31 197
30 212
33 267
34 268
35 268
36 269
37 269
38 270
39 271
40 272
41 272
42 273
43 273
44 274
45 275
46 275
47 275
48 276
49 276
50 276
51 276
52 276
53 275
54 274
55 273
56 272
57 272
58 272
59 271
60 270
61 270
62 270
63 270
64 271
65 271
66 272
67 273
68 274
69 276
70 277
71 280
72 282
73 284
74 286
75 289
76 291
77 294
78 296
79 298
80 299
81 300
82 300
83 300
84 299
85 298
86 297
87 296
88 295
89 294
90 294
91 293
92 292
93 290
94 312
95 309
96 303
97 304
98 305
99 305
100 299
103 247
102 270
101 285
104 239
105 277
106 260
107 227
108 69
103 254
102 270
104 265
103 268
105 262
104 265
106 244
105 255
106 128
107 186
32 232
33 250
32 125
31 234
34 259
33 192
32 173
35 264
34 228
33 195
36 267
37 269
38 270
39 271
40 271
41 272
42 272
43 273
44 274
45 274
46 275
47 276
48 276
49 276
50 276
51 276
52 275
53 275
54 274
55 273
56 273
57 272
58 271
59 271
60 271
61 270
62 270
63 270
64 270
65 271
66 272
67 273
68 274
69 275
70 278
71 280
72 282
73 284
74 287
75 289
76 292
77 294
78 296
79 298
80 299
81 299
82 300
83 299
84 299
85 298
86 297
87 296
88 295
89 295
90 294
91 293
92 292
93 302
94 306
95 305
96 305
97 305
98 305
99 302
100 294
101 282
102 275
103 270
104 263
35 248
36 258
35 129
34 264
37 264
38 267
39 269
40 271
41 272
42 273
43 274
44 274
45 275
46 275
47 275
48 275
49 276
50 276
51 275
52 275
53 274
54 274
55 274
56 273
57 272
58 272
59 271
60 270
61 270
62 270
63 270
64 271
65 271
66 272
67 273
68 274
69 276
70 278
71 280
72 282
73 285
74 287
75 290
76 292
77 294
78 296
79 297
80 298
81 299
82 299
83 299
84 298
85 298
86 297
87 296
88 295
89 294
90 293
91 292
92 297
93 302
94 303
95 304
96 304
97 304
98 303
99 299
100 290
101 282
102 276
103 269
36 197
37 232
36 116
35 231
38 251
37 183
36 160
39 261
38 222
37 181
40 266
41 269
42 271
43 272
44 274
45 274
46 275
47 275
48 276
49 276
50 275
51 275
52 275
53 275
54 274
55 273
56 272
57 272
58 271
59 271
60 271
61 271
62 270
63 271
64 271
65 272
66 272
67 273
68 275
69 277
70 278
71 280
72 282
73 284
74 287
75 289
76 291
77 293
78 295
79 297
80 298
81 299
82 299
83 299
84 299
85 298
86 297
87 296
88 295
89 294
90 293
91 295
92 298
93 300
94 302
95 303
96 304
97 304
98 302
99 296
100 289
101 283
102 276
39 244
40 257
39 128
38 254
41 264
42 268
43 271
44 272
45 274
46 274
47 275
48 275
49 275
50 275
51 275
52 275
53 274
54 274
55 273
56 273
57 272
58 272
59 271
60 271
61 270
62 271
63 271
64 271
65 271
66 272
67 273
68 275
69 276
70 278
71 280
72 282
73 285
74 287
75 289
76 291
77 293
78 295
79 296
80 298
81 298
82 298
83 298
84 298
85 297
86 296
87 295
88 295
89 294
90 295
91 297
92 299
93 301
94 302
95 303
96 303
97 302
98 299
99 294
100 289
101 282
40 196
41 232
40 116
39 230
42 252
41 184
40 168
43 262
44 268
45 271
46 273
47 274
48 275
49 275
50 275
51 275
52 274
53 274
54 273
55 273
56 272
57 272
58 271
59 271
60 270
61 271
62 271
63 271
64 271
65 272
66 273
67 274
68 275
69 277
70 279
71 280
72 283
73 285
74 287
75 289
76 291
77 293
78 294
79 296
80 297
81 298
82 298
83 298
84 297
85 297
86 296
87 296
88 295
89 295
90 296
91 297
92 299
93 300
94 302
95 302
96 302
97 301
98 297
99 293
100 287
42 223
43 246
42 123
41 197
44 259
43 191
42 154
45 266
46 270
47 273
48 274
49 274
50 275
51 275
52 275
53 274
54 274
55 273
56 273
57 272
58 272
59 271
60 271
61 271
62 271
63 271
64 272
65 272
66 273
67 274
68 275
69 277
70 278
71 281
72 283
73 285
74 287
75 289
76 291
77 293
78 295
79 296
80 297
81 297
82 298
83 298
84 298
85 297
86 297
87 296
88 295
89 296
90 296
91 298
92 299
93 301
94 301
95 302
96 302
97 299
98 296
99 291
44 228
45 249
44 125
43 195
46 261
45 193
44 158
47 267
48 270
49 273
50 274
51 274
52 274
53 274
54 273
55 273
56 272
57 272
58 271
59 271
60 271
61 271
62 271
63 271
64 271
65 272
66 273
67 274
68 276
69 277
70 279
71 281
72 283
73 285
74 287
75 289
76 291
77 293
78 294
79 296
80 296
81 297
82 297
83 297
84 297
85 297
86 296
87 295
88 296
89 296
90 297
91 298
92 299
93 300
94 301
95 301
96 300
97 298
98 295
46 230
47 250
46 125
45 203
48 262
47 194
46 168
49 268
50 271
51 273
52 273
53 273
54 273
55 273
56 273
57 272
58 272
59 272
60 272
61 271
62 271
63 271
64 272
65 273
66 273
67 275
68 276
69 277
70 279
71 281
72 283
73 285
74 287
75 289
76 291
77 292
78 294
79 295
80 296
81 297
82 297
83 297
84 297
85 296
86 296
87 296
88 296
89 296
90 297
91 298
92 299
93 300
94 301
95 301
96 299
97 297
48 231
49 251
48 125
47 213
50 262
49 193
48 177
51 267
52 270
53 272
54 273
55 273
56 272
57 272
58 272
59 272
60 271
61 271
62 271
63 272
64 272
65 272
66 274
67 275
68 276
69 278
70 280
71 281
72 283
73 285
74 287
75 289
76 291
77 293
78 294
79 295
80 296
81 296
82 297
83 297
84 296
85 296
86 296
87 296
88 296
89 297
90 298
91 298
92 299
93 300
94 300
95 299
96 298
50 230
51 250
50 125
49 222
52 261
51 193
50 186
53 267
54 270
55 271
56 272
57 272
58 272
59 271
60 271
61 271
62 271
63 271
64 272
65 273
66 274
67 275
68 276
69 278
70 279
71 281
72 283
73 285
74 287
75 289
76 291
77 292
78 294
79 295
80 296
81 297
82 297
83 297
84 297
85 297
86 296
87 296
88 296
89 297
90 297
91 298
92 299
93 299
94 299
95 299
52 230
53 250
52 125
51 232
54 260
53 192
52 197
55 266
56 269
57 271
58 271
59 271
60 271
61 271
62 271
63 272
64 272
65 273
66 274
67 275
68 277
69 278
70 280
71 282
72 283
73 285
74 287
75 289
76 290
77 292
78 293
79 294
80 295
81 296
82 296
83 296
84 296
85 296
86 296
87 296
88 297
89 297
90 298
91 299
92 299
93 299
94 299
54 229
55 249
54 125
53 244
56 260
55 192
54 211
57 265
58 268
59 270
60 271
61 271
62 272
63 272
64 273
65 274
66 274
67 275
68 276
69 278
70 280
71 281
72 283
73 285
74 287
75 289
76 291
77 292
78 293
79 294
80 295
81 295
82 296
83 296
84 296
85 296
86 296
87 297
88 297
89 297
90 298
91 298
92 299
93 299
56 228
57 248
56 124
55 261
58 259
59 265
60 268
61 270
62 271
63 272
64 273
65 273
66 274
67 275
68 277
69 278
70 279
71 281
72 283
73 285
74 287
75 289
76 290
77 292
78 293
79 294
80 295
81 296
82 296
83 296
84 296
85 296
86 297
87 297
88 297
89 298
90 298
91 299
92 299
105 195
104 232
105 116
106 206
103 254
104 185
105 190
102 268
101 278
100 285
99 290
98 293
97 296
96 298
95 298
94 299
93 299
103 227
102 252
103 126
104 263
101 268
100 279
99 286
98 291
97 294
96 296
95 298
94 298
102 197
101 238
102 119
103 258
100 262
101 191
102 212
99 277
98 286
97 291
96 294
95 296
100 234
99 260
100 130
101 249
98 275
99 202
100 197
97 285
98 244
99 218
96 291
97 267
98 242
97 121
98 27
96 194
95 242
94 269
93 284
92 291
91 295
90 297
89 297
88 297
87 297
86 297
85 297
84 297
83 297
82 296
81 296
80 296
79 296
78 295
77 294
76 293
75 291
74 290
73 288
72 287
71 285
70 283
69 281
68 279
67 278
66 277
65 276
64 274
63 273
62 272
61 272
60 271
59 269
58 267
57 325
56 233
58 162
57 154
59 215
60 242
59 121
58 187
61 256
60 188
59 158
62 264
63 268
64 271
65 272
66 274
67 276
68 277
69 278
70 280
71 282
72 283
73 285
74 286
75 288
76 290
77 291
78 293
79 294
80 295
81 295
82 296
83 296
84 296
85 296
86 296
87 296
88 297
89 297
90 297
91 297
92 296
93 293
94 289
95 279
96 260
97 207
61 226
62 247
61 124
60 216
63 259
62 192
61 198
64 265
65 270
66 273
67 275
68 277
69 279
70 280
71 281
72 283
73 285
74 287
75 289
76 290
77 292
78 293
79 294
80 294
81 295
82 295
83 295
84 296
85 296
86 296
87 297
88 297
89 297
90 297
91 296
92 295
93 292
94 285
95 273
96 207
63 229
64 250
63 125
62 263
65 261
66 268
67 272
68 275
69 277
70 279
71 281
72 283
73 285
74 287
75 288
76 290
77 291
78 292
79 293
80 294
81 295
82 295
83 296
84 296
85 296
86 297
87 297
88 297
89 297
90 296
91 296
92 294
93 290
94 282
95 208
64 193
65 231
64 115
63 249
66 251
65 183
64 202
67 263
68 270
69 275
70 278
71 281
72 283
73 285
74 286
75 288
76 289
77 291
78 292
79 293
80 294
81 294
82 295
83 295
84 295
85 296
86 296
87 296
88 296
89 296
90 296
91 295
92 292
93 287
94 202
66 223
67 247
66 124
65 246
68 261
67 192
66 218
69 269
70 275
71 279
72 282
73 284
74 286
75 288
76 290
77 291
78 292
79 293
80 294
81 295
82 295
83 295
84 296
85 296
86 296
87 296
88 296
89 296
90 296
91 294
92 291
93 184
91 145
92 150
68 231
69 253
68 126
67 273
70 266
71 274
72 279
73 282
74 285
75 287
76 289
77 290
78 292
79 293
80 294
81 294
82 295
83 296
84 296
85 296
86 296
87 296
88 296
89 296
90 367
91 246
69 196
70 235
69 118
68 245
71 257
70 188
69 177
72 270
71 229
70 196
73 278
74 283
75 286
76 288
77 290
78 291
79 292
80 293
81 294
82 295
83 295
84 295
85 296
86 296
87 296
88 296
89 332
90 249
88 166
89 194
72 253
73 268
72 134
71 261
74 277
73 205
72 214
75 283
76 286
77 289
78 291
79 292
80 293
81 294
82 294
83 295
84 296
85 296
86 296
87 379
88 248
86 190
87 197
74 244
75 265
74 132
73 236
76 277
75 204
74 156
77 284
76 244
75 146
78 288
77 266
76 166
79 291
78 278
77 194
80 292
79 285
78 219
81 293
80 289
79 233
82 294
81 292
80 233
83 295
82 294
81 215
83 147
82 178
84 369
83 269
85 427
84 266
85 111
86 230
175 151
174 226
173 263
172 281
171 289
170 292
169 294
168 294
167 293
166 292
165 291
164 290
163 289
162 288
161 287
160 287
159 286
158 286
157 287
156 288
155 289
154 289
153 291
152 292
151 293
150 294
149 295
148 295
147 296
146 296
145 296
144 296
143 295
142 294
141 294
140 293
139 292
138 291
137 290
136 289
135 286
134 284
133 281
132 278
131 274
130 271
129 266
128 263
127 259
126 256
125 254
124 254
123 256
122 261
121 266
120 266
119 260
176 226
177 264
178 283
179 293
180 293
175 226
176 245
177 264
178 279
179 286
174 244
173 262
172 276
171 284
170 289
169 291
168 292
167 292
166 292
165 291
164 290
163 289
162 288
161 287
160 286
159 286
158 287
157 287
156 288
155 288
154 290
153 291
152 292
151 293
150 294
149 295
148 296
147 296
146 296
145 296
144 295
143 295
142 295
141 294
140 293
139 292
138 291
137 290
136 288
135 286
134 284
133 281
132 277
131 274
130 270
129 267
128 263
127 259
126 256
125 255
124 256
123 259
122 262
121 264
120 262
175 244
176 254
177 267
178 276
174 253
173 265
172 274
171 282
170 287
169 290
168 291
167 291
166 291
165 290
164 289
163 288
162 287
161 287
160 287
159 287
158 287
157 288
156 288
155 289
154 290
153 291
152 292
151 293
150 294
149 295
148 295
147 295
146 295
145 295
144 295
143 295
142 294
141 293
140 293
139 292
138 291
137 289
136 287
135 286
134 283
133 280
132 277
131 274
130 270
129 266
128 262
127 259
126 257
125 257
124 258
123 260
122 262
121 262
175 254
176 261
177 268
174 260
173 267
172 275
171 281
170 285
169 288
168 289
167 290
166 290
165 290
164 289
163 288
162 288
161 287
160 287
159 287
158 287
157 287
156 288
155 289
154 290
153 291
152 292
151 293
150 294
149 294
148 295
147 295
146 295
145 295
144 295
143 294
142 294
141 294
140 293
139 292
138 290
137 289
136 288
135 285
134 283
133 280
132 277
131 273
130 270
129 266
128 263
127 260
175 260
176 264
174 263
173 269
172 275
171 280
170 284
169 286
168 288
167 289
166 289
165 289
164 289
163 289
162 288
161 288
160 287
159 287
158 287
157 288
156 288
155 289
154 290
153 291
152 292
151 293
150 293
149 294
148 294
147 295
146 295
145 295
144 295
143 295
142 294
141 293
140 292
139 291
138 290
137 289
136 287
135 285
134 282
133 279
132 276
131 273
130 269
129 266
175 264
174 267
173 271
172 275
171 279
170 283
169 286
168 288
167 289
166 289
165 289
164 289
163 288
162 288
161 287
160 287
159 287
158 288
157 288
156 289
155 290
154 290
153 291
152 292
151 292
150 293
149 294
148 295
147 295
146 295
145 295
144 295
143 294
142 294
141 293
140 292
139 291
138 290
137 288
136 286
135 284
134 282
133 279
132 276
131 273
130 270
128 263
129 267
126 259
127 261
128 264
125 258
124 259
123 260
122 261
126 259
127 262
125 259
126 261
124 259
123 260
125 260
124 260
180 286
179 281
178 275
177 270
176 267
175 267
174 269
173 272
172 276
171 280
170 283
169 285
168 287
167 288
166 289
165 289
164 288
163 288
162 287
161 287
160 287
159 288
158 288
157 288
156 289
155 289
154 290
153 291
152 292
151 293
150 294
149 294
148 294
147 294
146 295
145 295
144 294
143 294
142 293
141 293
140 292
139 291
138 290
137 288
136 286
135 284
134 281
133 279
132 276
131 273
130 270
129 267
128 264
127 262
126 261
125 261
180 281
179 278
178 274
177 270
176 268
175 268
174 270
173 273
172 276
171 279
170 282
169 285
168 286
167 287
166 288
165 288
164 288
163 288
162 288
161 288
160 288
159 288
158 288
157 289
156 289
155 290
154 291
153 291
152 292
151 293
150 293
149 294
148 294
147 295
146 295
145 294
144 294
143 294
142 294
141 293
140 292
139 291
138 289
137 288
136 286
135 284
134 282
133 279
132 276
131 273
130 270
129 267
128 265
127 263
126 262
180 278
179 276
178 273
177 271
176 270
175 270
174 271
173 273
172 276
171 279
170 282
169 284
168 286
167 287
166 287
165 287
164 288
163 288
162 288
161 288
160 288
159 288
158 288
157 288
156 289
155 290
154 290
153 291
152 292
151 292
150 293
149 293
148 294
147 294
146 294
145 294
144 294
143 294
142 293
141 292
140 292
139 291
138 290
137 288
136 286
135 284
134 281
133 278
132 276
131 273
130 270
129 267
128 265
127 264
180 276
179 274
178 272
177 271
176 270
175 271
174 272
173 274
172 277
171 280
170 282
169 284
168 285
167 286
166 287
165 288
164 288
163 288
162 288
161 288
160 288
159 288
158 288
157 289
156 289
155 289
154 290
153 291
152 291
151 292
150 293
149 294
148 294
147 294
146 294
145 294
144 294
143 293
142 293
141 293
140 292
139 291
138 289
137 287
136 286
135 283
134 281
133 279
132 276
131 273
130 270
129 268
128 266
180 274
179 273
178 272
177 271
176 271
175 271
174 273
173 275
172 277
171 279
170 281
169 283
168 285
167 286
166 287
165 287
164 287
163 287
162 287
161 287
160 288
159 288
158 289
157 289
156 289
155 290
154 291
153 291
152 292
151 293
150 293
149 293
148 294
147 294
146 294
145 294
144 294
143 294
142 293
141 292
140 291
139 290
138 289
137 288
136 285
135 283
134 281
133 278
132 275
131 272
130 270
129 268
180 273
179 273
178 272
177 271
176 271
175 272
174 273
173 275
172 277
171 279
170 281
169 283
168 284
167 286
166 286
165 287
164 287
163 287
162 287
161 288
160 288
159 288
158 288
157 288
156 289
155 290
154 290
153 291
152 292
151 292
150 293
149 294
148 294
147 294
146 294
145 294
144 294
143 293
142 293
141 292
140 291
139 290
138 289
137 287
136 285
135 283
134 280
133 278
132 275
131 273
130 270
180 273
179 272
178 272
177 272
176 272
175 273
174 274
173 276
172 278
171 280
170 282
169 283
168 285
167 285
166 286
165 286
164 287
163 287
162 288
161 288
160 288
159 288
158 288
157 289
156 290
155 290
154 291
153 292
152 292
151 293
150 293
149 293
148 293
147 294
146 294
145 294
144 293
143 293
142 292
141 292
140 291
139 290
138 288
137 286
136 285
135 283
134 281
133 278
132 276
131 273
180 272
179 272
178 272
177 272
176 273
175 273
174 275
173 276
172 278
171 280
170 281
169 283
168 284
167 285
166 286
165 287
164 287
163 288
162 288
161 288
160 288
159 288
158 289
157 289
156 289
155 290
154 291
153 291
152 292
151 292
150 293
149 293
148 294
147 294
146 294
145 294
144 294
143 293
142 293
141 292
140 291
139 289
138 288
137 287
136 285
135 283
134 280
133 278
132 275
180 272
179 272
178 272
177 272
176 272
175 274
174 275
173 277
172 278
171 279
170 281
169 282
168 283
167 285
166 286
165 286
164 287
163 287
162 287
161 287
160 287
159 288
158 288
157 289
156 290
155 290
154 290
153 291
152 291
151 292
150 292
149 293
148 293
147 293
146 293
145 293
144 293
143 293
142 292
141 291
140 290
139 289
138 288
137 286
136 284
135 282
134 280
133 277
180 272
179 272
178 272
177 272
176 273
175 274
174 275
173 276
172 278
171 280
170 281
169 282
168 284
167 285
166 285
165 286
164 286
163 287
162 287
161 287
160 288
159 288
158 289
157 289
156 289
155 290
154 291
153 291
152 292
151 292
150 293
149 293
148 293
147 293
146 293
145 293
144 293
143 293
142 292
141 291
140 290
139 289
138 287
137 286
136 284
135 282
134 280
180 272
179 272
178 272
177 273
176 274
175 274
174 275
173 277
172 278
171 279
170 281
169 283
168 284
167 284
166 285
165 286
164 287
163 287
162 287
161 288
160 288
159 289
158 289
157 289
156 290
155 290
154 290
153 291
152 291
151 292
150 292
149 293
148 293
147 293
146 293
145 293
144 293
143 292
142 292
141 291
140 290
139 289
138 288
137 286
136 284
135 282
180 272
179 272
178 272
177 273
176 273
175 274
174 276
173 277
172 278
171 280
170 281
169 282
168 283
167 284
166 285
165 286
164 286
163 286
162 287
161 287
160 288
159 288
158 288
157 289
156 289
155 290
154 291
153 291
152 292
151 292
150 293
149 293
148 293
147 293
146 293
145 293
144 292
143 292
142 291
141 291
140 290
139 289
138 287
137 285
136 284
180 272
179 272
178 273
177 273
176 274
175 275
174 276
173 277
172 279
171 280
170 281
169 282
168 283
167 284
166 285
165 285
164 286
163 287
162 287
161 288
160 288
159 288
158 289
157 289
156 290
155 290
154 290
153 291
152 291
151 292
150 292
149 292
148 293
147 293
146 293
145 293
144 293
143 292
142 292
141 291
140 290
139 288
138 287
137 286
180 272
179 273
178 273
177 273
176 274
175 275
174 276
173 277
172 278
171 279
170 281
169 282
168 283
167 284
166 285
165 286
164 286
163 286
162 287
161 287
160 287
159 288
158 288
157 289
156 289
155 290
154 291
153 291
152 292
151 292
150 292
149 293
148 293
147 293
146 293
145 293
144 292
143 292
142 291
141 290
140 289
139 288
138 287
180 273
179 273
178 273
177 274
176 274
175 275
174 276
173 277
172 278
171 280
170 281
169 282
168 283
167 284
166 285
165 285
164 286
163 287
162 287
161 287
160 288
159 288
158 289
157 289
156 290
155 290
154 290
153 291
152 291
151 292
150 293
149 293
148 293
147 293
146 293
145 292
144 292
143 292
142 291
141 290
140 289
139 288
180 273
179 273
178 273
177 273
176 274
175 275
174 276
173 277
172 279
171 280
170 281
169 282
168 283
167 284
166 284
165 285
164 286
163 286
162 287
161 288
160 288
159 289
158 289
157 290
156 290
155 290
154 291
153 291
152 292
151 292
150 292
149 292
148 292
147 293
146 293
145 293
144 293
143 292
142 291
141 290
140 289
180 273
179 273
178 273
177 274
176 275
175 276
174 276
173 278
172 279
171 280
170 281
169 282
168 283
167 284
166 285
165 286
164 286
163 287
162 287
161 287
160 288
159 288
158 289
157 289
156 289
155 290
154 290
153 291
152 291
151 292
150 292
149 292
148 293
147 293
146 293
145 293
144 292
143 291
142 291
141 290
180 273
179 273
178 274
177 274
176 275
175 275
174 277
173 278
172 279
171 280
170 281
169 282
168 283
167 284
166 285
165 285
164 286
163 286
162 287
161 288
160 288
159 289
158 289
157 289
156 290
155 290
154 291
153 291
152 292
151 292
150 292
149 293
148 293
147 293
146 293
145 292
144 292
143 292
142 291
180 273
179 273
178 273
177 274
176 274
175 276
174 277
173 278
172 279
171 280
170 281
169 282
168 283
167 284
166 284
165 285
164 285
163 286
162 287
161 287
160 288
159 288
158 288
157 289
156 289
155 290
154 290
153 291
152 291
151 291
150 292
149 292
148 292
147 292
146 292
145 292
144 292
143 291
180 273
179 273
178 274
177 274
176 275
175 276
174 277
173 278
172 279
171 280
170 281
169 282
168 283
167 283
166 284
165 285
164 286
163 287
162 287
161 288
160 288
159 288
158 289
157 289
156 290
155 290
154 291
153 291
152 291
151 292
150 292
149 292
148 292
147 292
146 292
145 292
144 291
180 273
179 274
178 274
177 275
176 276
175 276
174 277
173 278
172 279
171 280
170 281
169 282
168 282
167 283
166 284
165 285
164 286
163 286
162 287
161 287
160 287
159 288
158 288
157 289
156 289
155 290
154 290
153 291
152 292
151 292
150 292
149 292
148 292
147 292
146 292
145 292
180 274
179 274
178 274
177 275
176 275
175 276
174 277
173 278
172 279
171 280
170 281
169 282
168 283
167 284
166 285
165 285
164 285
163 286
162 286
161 287
160 288
159 288
158 289
157 289
156 290
155 290
154 291
153 291
152 291
151 291
150 292
149 292
148 292
147 292
146 292
180 274
179 274
178 275
177 275
176 276
175 277
174 277
173 278
172 279
171 280
170 281
169 282
168 283
167 284
166 284
165 285
164 286
163 286
162 287
161 287
160 287
159 288
158 288
157 289
156 289
155 290
154 290
153 291
152 291
151 292
150 292
149 292
148 292
147 292
180 274
179 274
178 274
177 275
176 276
175 276
174 277
173 278
172 279
171 280
170 281
169 282
168 283
167 283
166 284
165 285
164 285
163 286
162 286
161 287
160 288
159 288
158 289
157 289
156 290
155 290
154 291
153 291
152 292
151 292
150 292
149 292
148 292
180 274
179 274
178 275
177 275
176 275
175 276
174 277
173 278
172 279
171 280
170 281
169 282
168 282
167 283
166 284
165 284
164 285
163 286
162 287
161 287
160 287
159 288
158 288
157 289
156 289
155 290
154 290
153 291
152 291
151 291
150 291
149 292
180 274
179 275
178 275
177 275
176 276
175 277
174 278
173 278
172 279
171 280
170 281
169 281
168 282
167 283
166 284
165 285
164 286
163 286
162 286
161 287
160 288
159 288
158 289
157 289
156 290
155 290
154 291
153 291
152 291
151 291
150 292
180 275
179 275
178 275
177 276
176 276
175 277
174 277
173 278
172 279
171 280
170 280
169 281
168 282
167 283
166 284
165 285
164 285
163 286
162 287
161 287
160 287
159 288
158 288
157 289
156 289
155 290
154 290
153 290
152 291
151 292
180 275
179 275
178 275
177 275
176 276
175 276
174 277
173 278
172 279
171 279
170 280
169 281
168 282
167 283
166 284
165 284
164 285
163 286
162 286
161 287
160 288
159 288
158 289
157 289
156 290
155 290
154 290
153 291
152 291
180 275
179 275
178 275
177 276
176 276
175 277
174 278
173 279
172 279
171 280
170 281
169 282
168 283
167 284
166 284
165 285
164 286
163 286
162 287
161 287
160 287
159 288
158 288
157 289
156 289
155 290
154 291
153 291
180 275
179 275
178 276
177 276
176 277
175 277
174 278
173 278
172 279
171 280
170 281
169 282
168 283
167 283
166 284
165 285
164 285
163 286
162 286
161 287
160 288
159 288
158 289
157 289
156 290
155 290
154 290
180 275
179 275
178 275
177 276
176 276
175 277
174 277
173 278
172 279
171 280
170 281
169 282
168 282
167 283
166 284
165 284
164 285
163 285
162 286
161 287
160 287
159 288
158 288
157 289
156 289
155 290
180 275
179 275
178 276
177 276
176 277
175 277
174 278
173 279
172 279
171 280
170 281
169 281
168 282
167 283
166 283
165 284
164 285
163 286
162 287
161 287
160 288
159 288
158 289
157 289
156 290
180 275
179 276
178 276
177 276
176 276
175 277
174 278
173 278
172 279
171 280
170 280
169 281
168 282
167 283
166 284
165 285
164 285
163 286
162 286
161 287
160 287
159 288
158 288
157 289
180 276
179 276
178 276
177 276
176 277
175 278
174 278
173 279
172 280
171 280
170 281
169 282
168 283
167 283
166 284
165 284
164 285
163 285
162 286
161 286
160 287
159 288
158 289
180 276
179 276
178 276
177 277
176 277
175 277
174 278
173 279
172 279
171 280
170 281
169 282
168 282
167 283
166 283
165 284
164 285
163 286
162 286
161 287
160 288
159 288
180 276
179 276
178 276
177 276
176 277
175 278
174 278
173 278
172 279
171 280
170 281
169 281
168 282
167 283
166 284
165 285
164 285
163 285
162 286
161 287
160 287
180 276
179 276
178 276
177 277
176 277
175 277
174 278
173 279
172 280
171 280
170 280
169 281
168 282
167 283
166 284
165 284
164 285
163 286
162 287
161 287
180 276
179 276
178 277
177 277
176 277
175 278
174 278
173 279
172 279
171 280
170 281
169 282
168 283
167 283
166 283
165 284
164 285
163 286
162 286
180 276
179 276
178 276
177 276
176 277
175 277
174 278
173 278
172 279
171 280
170 281
169 282
168 282
167 283
166 284
165 285
164 285
163 285
180 276
179 276
178 276
177 277
176 277
175 278
174 278
173 279
172 280
171 280
170 281
169 281
168 282
167 283
166 284
165 284
164 285
180 276
179 276
178 277
177 277
176 278
175 278
174 279
173 279
172 279
171 280
170 280
169 281
168 282
167 283
166 283
165 284
180 276
179 277
178 277
177 277
176 277
175 278
174 278
173 279
172 280
171 280
170 281
169 282
168 283
167 283
166 284
180 277
179 277
178 277
177 277
176 278
175 278
174 279
173 279
172 279
171 280
170 281
169 282
168 282
167 283
180 277
179 277
178 277
177 278
176 278
175 278
174 278
173 279
172 280
171 281
170 281
169 281
168 282
180 277
179 277
178 277
177 277
176 277
175 278
174 279
173 279
172 280
171 280
170 281
169 282
180 277
179 277
178 277
177 277
176 278
175 278
174 278
173 279
172 279
171 280
170 281
180 277
179 277
178 277
177 278
176 278
175 278
174 279
173 279
172 280
171 281
180 277
179 277
178 278
177 278
176 278
175 279
174 279
173 280
172 280
180 277
179 277
178 277
177 277
176 278
175 278
174 279
173 279
180 277
179 277
178 277
177 278
176 278
175 279
174 279
180 277
179 277
178 278
177 278
176 278
175 278
180 277
179 278
178 278
177 278
176 278
180 278
179 278
178 278
177 278
180 278
179 278
178 278
180 278
179 278
180 278
118 215
117 217
116 235
119 239
120 251
121 256
122 258
123 259
124 260
125 261
126 262
127 264
128 266
129 268
130 271
131 273
132 275
133 278
134 280
135 282
136 284
137 285
138 286
139 288
140 289
141 290
142 290
143 291
144 292
145 292
146 292
147 292
148 292
149 292
150 292
151 291
152 291
153 290
154 290
155 290
156 289
157 289
158 288
159 288
160 288
161 287
162 286
163 286
164 285
165 285
166 284
167 283
168 283
169 282
170 281
171 280
172 280
173 280
174 279
175 279
176 279
177 278
178 278
179 278
180 278
118 228
119 239
118 119
117 250
120 247
119 183
118 193
121 252
122 256
123 258
124 260
125 261
126 263
127 264
128 266
129 268
130 270
131 272
132 275
133 277
134 279
135 281
136 283
137 285
138 287
139 288
140 289
141 290
142 291
143 291
144 291
145 291
146 291
147 292
148 292
149 292
150 291
151 291
152 291
153 291
154 291
155 290
156 290
157 289
158 289
159 288
160 287
161 286
162 286
163 285
164 285
165 284
166 283
167 283
168 282
169 281
170 281
171 281
172 280
173 279
174 279
175 279
176 278
177 278
178 278
179 278
180 278
120 218
121 237
120 118
119 227
122 247
121 183
120 199
123 254
124 257
125 260
126 262
127 264
128 266
129 268
130 270
131 273
132 275
133 277
134 279
135 281
136 283
137 285
138 286
139 287
140 289
141 290
142 290
143 291
144 291
145 291
146 292
147 292
148 292
149 291
150 291
151 291
152 291
153 291
154 290
155 290
156 289
157 289
158 288
159 288
160 287
161 287
162 286
163 286
164 285
165 284
166 284
167 283
168 282
169 282
170 281
171 280
172 280
173 280
174 279
175 278
176 278
177 278
178 278
179 278
180 278
122 219
123 238
122 119
121 262
124 249
125 255
126 259
127 263
128 265
129 268
130 271
131 273
132 275
133 277
134 279
135 281
136 283
137 284
138 286
139 288
140 289
141 289
142 290
143 290
144 291
145 292
146 292
147 292
148 292
149 292
150 292
151 292
152 291
153 290
154 290
155 289
156 289
157 289
158 289
159 288
160 288
161 287
162 287
163 286
164 285
165 285
166 284
167 283
168 283
169 282
170 281
171 281
172 280
173 279
174 279
175 279
176 279
177 279
178 278
179 278
180 215
123 184
122 223
123 111
122 39
124 275
125 267
126 265
127 265
128 267
129 269
130 271
131 273
132 275
133 277
134 279
135 281
136 282
137 284
138 286
139 287
140 288
141 289
142 290
143 291
144 291
145 291
146 291
147 291
148 291
149 291
150 291
151 291
152 291
153 291
154 290
155 290
156 290
157 289
158 288
159 288
160 287
161 287
162 286
163 285
164 285
165 284
166 283
167 283
168 282
169 281
170 281
171 280
172 280
173 280
174 279
175 279
176 279
177 278
178 278
179 212
123 157
124 212
123 85
125 239
126 252
127 259
128 264
129 267
130 270
131 272
132 275
133 277
134 279
135 281
136 283
137 285
138 286
139 287
140 288
141 289
142 290
143 290
144 291
145 291
146 291
147 291
148 291
149 291
150 291
151 291
152 291
153 290
154 290
155 290
156 289
157 289
158 289
159 288
160 288
161 287
162 286
163 286
164 285
165 284
166 284
167 283
168 282
169 282
170 281
171 281
172 280
173 279
174 279
175 279
176 278
177 278
178 206
124 162
125 207
124 70
126 233
127 249
126 125
125 207
128 258
129 264
130 268
131 272
132 274
133 277
134 279
135 281
136 283
137 284
138 285
139 287
140 288
141 289
142 289
143 290
144 290
145 291
146 291
147 291
148 291
149 291
150 291
151 291
152 290
153 290
154 290
155 289
156 289
157 289
158 288
159 288
160 287
161 286
162 286
163 285
164 284
165 284
166 283
167 282
168 282
169 281
170 281
171 280
172 280
173 280
174 280
175 279
176 279
177 196
127 191
128 227
129 248
130 260
131 267
132 272
133 275
134 278
135 280
136 282
137 284
138 286
139 287
140 288
141 289
142 290
143 290
144 291
145 291
146 291
147 291
148 291
149 291
150 291
151 290
152 290
153 290
154 290
155 290
156 290
157 289
158 289
159 288
160 287
161 287
162 286
163 285
164 285
165 284
166 283
167 283
168 282
169 282
170 281
171 281
172 280
173 280
174 279
175 279
176 181
126 199
127 213
126 62
128 231
129 245
128 122
127 186
130 256
131 264
132 270
133 274
134 277
135 280
136 282
137 284
138 285
139 286
140 287
141 288
142 289
143 290
144 290
145 290
146 291
147 291
148 291
149 291
150 291
151 291
152 291
153 291
154 290
155 290
156 289
157 289
158 288
159 287
160 287
161 286
162 286
163 286
164 285
165 284
166 284
167 283
168 283
169 282
170 282
171 281
172 281
173 280
174 280
175 162
173 140
174 138
172 210
171 245
170 263
169 272
168 277
167 280
166 281
165 283
164 283
163 284
162 285
161 286
160 286
159 287
158 287
157 287
156 288
155 288
154 289
153 289
152 290
151 290
150 290
149 291
148 291
147 291
146 291
145 291
144 291
143 291
142 290
141 290
140 289
139 288
138 287
137 286
136 285
135 283
134 282
133 280
132 277
131 273
130 268
129 323
128 231
173 174
172 209
173 75
171 236
170 254
171 127
172 216
169 266
168 273
167 277
166 280
165 281
164 283
163 284
162 285
161 285
160 286
159 286
158 287
157 288
156 288
155 289
154 289
153 290
152 290
151 290
150 291
149 291
148 291
147 291
146 291
145 291
144 291
143 290
142 290
141 289
140 289
139 288
138 287
137 286
136 284
135 283
134 281
133 279
132 276
131 272
130 298
129 227
170 196
169 234
168 255
167 267
166 274
165 279
164 281
163 283
162 284
161 285
160 286
159 287
158 287
157 287
156 288
155 288
154 289
153 289
152 289
151 290
150 290
149 290
148 291
147 291
146 291
145 291
144 290
143 290
142 290
141 290
140 289
139 288
138 287
137 285
136 284
135 283
134 281
133 278
132 275
131 287
130 199
132 143
131 159
133 209
134 244
135 262
136 273
137 279
138 282
139 285
140 286
141 287
142 288
143 289
144 290
145 290
146 290
147 291
148 291
149 291
150 291
151 291
152 291
153 290
154 290
155 290
156 289
157 289
158 288
159 287
160 287
161 287
162 286
163 285
164 284
165 282
166 281
167 278
168 273
169 264
170 249
171 268
169 125
170 149
168 194
167 233
168 117
169 179
166 255
167 186
168 173
165 268
164 275
163 279
162 282
161 284
160 285
159 286
158 287
157 287
156 288
155 288
154 289
153 290
152 290
151 290
150 290
149 291
148 291
147 291
146 291
145 291
144 290
143 290
142 290
141 289
140 288
139 287
138 286
137 284
136 281
135 277
134 269
133 257
132 251
134 129
133 151
166 227
165 251
166 126
167 256
164 265
163 274
162 279
161 282
160 284
159 286
158 286
157 287
156 288
155 289
154 289
153 289
152 289
151 290
150 291
149 291
148 291
147 291
146 291
145 290
144 290
143 290
142 289
141 289
140 288
139 287
138 286
137 283
136 280
135 339
134 197
136 170
135 179
137 225
138 254
137 127
136 265
139 270
140 279
141 283
142 286
143 288
144 289
145 290
146 290
147 290
148 290
149 290
150 290
151 290
152 290
153 290
154 290
155 289
156 289
157 289
158 288
159 287
160 287
161 285
162 283
163 281
164 278
165 335
166 260
164 167
165 204
163 222
162 252
163 126
164 256
161 268
160 276
159 281
158 284
157 286
156 287
155 288
154 288
153 289
152 290
151 290
150 290
149 290
148 290
147 290
146 290
145 290
144 290
143 289
142 289
141 288
140 285
139 282
138 339
137 274
139 169
138 218
140 226
141 255
140 127
139 267
142 271
143 280
144 285
145 287
146 289
147 290
148 290
149 290
150 290
151 290
152 290
153 290
154 290
155 289
156 289
157 288
158 287
159 286
160 284
161 280
162 337
163 234
161 168
162 149
160 224
161 171
159 254
158 270
159 135
160 243
157 278
158 207
159 201
156 283
155 286
154 287
153 288
152 289
151 290
150 290
149 290
148 290
147 290
146 290
145 290
144 288
143 287
142 284
141 341
140 237
142 170
141 140
143 227
142 147
144 257
143 201
145 272
146 281
145 141
144 273
147 285
146 213
145 206
148 288
147 251
146 201
149 289
148 270
147 220
150 290
149 280
148 244
151 290
150 285
149 263
152 290
151 287
150 271
153 290
152 288
151 267
154 289
153 288
152 249
155 288
154 288
153 217
155 144
154 171
156 359
155 255
157 425
156 254
157 103
158 227
