1233
1 638
2 256
4 10
6 405
5 206
7 600
6 326
8 543
7 312
9 490
8 221
9 105
35 463
36 659
37 753
38 737
39 540
49 446
50 633
48 445
49 539
50 539
47 443
46 594
45 510
48 491
47 542
46 526
49 515
48 529
47 528
50 515
49 522
48 525
50 522
49 524
50 524
12 427
11 364
10 454
13 476
12 420
11 359
14 628
13 524
12 310
15 616
14 560
13 202
15 243
16 392
31 417
32 531
33 624
34 561
35 610
36 682
37 709
38 625
40 412
41 595
42 620
39 519
40 557
41 589
44 407
43 584
42 586
45 467
44 525
43 555
46 497
45 511
44 533
47 511
48 517
49 520
46 511
45 522
47 514
46 518
48 517
47 517
50 520
49 519
48 518
50 519
49 518
50 518
30 397
29 586
31 464
32 544
33 553
34 582
35 632
36 670
37 648
38 583
39 570
40 580
41 583
42 569
43 551
44 537
45 527
30 525
31 535
32 544
33 563
34 597
35 633
36 641
37 612
38 591
39 585
40 584
41 576
42 564
43 551
44 539
46 522
45 531
47 520
46 526
48 519
47 523
49 519
48 521
50 519
49 520
50 520
28 398
27 467
29 462
30 498
31 521
32 542
33 569
34 601
35 621
36 616
37 603
38 594
39 589
40 582
41 573
42 562
43 550
44 540
45 533
46 528
47 524
48 522
49 521
28 465
29 481
30 501
31 521
32 545
33 573
34 597
35 607
36 605
37 600
38 595
39 589
40 581
41 572
42 561
43 551
44 542
45 535
46 529
47 526
48 524
50 521
49 522
50 522
26 384
27 424
28 452
29 477
30 499
31 522
32 547
33 572
34 590
35 597
36 599
37 597
38 593
39 587
40 580
41 570
42 560
43 551
44 543
45 536
46 531
47 527
48 524
49 523
50 523
19 372
18 260
17 254
25 351
26 387
27 420
28 449
29 474
30 498
31 523
32 548
33 569
34 583
35 591
36 594
37 593
38 590
39 585
40 577
41 569
42 560
43 551
44 544
45 537
46 532
47 528
48 526
49 525
50 525
35 297
36 445
37 518
38 551
39 564
40 567
41 563
42 557
43 551
44 544
45 538
46 533
47 530
48 527
49 526
34 444
33 514
32 541
31 544
30 534
29 516
28 495
27 472
26 446
35 445
36 481
37 516
38 540
39 553
40 558
41 558
42 555
43 549
44 543
45 538
46 534
47 530
48 528
34 479
33 510
32 527
31 531
30 523
29 509
28 490
35 480
36 498
37 519
38 536
39 547
40 552
41 553
42 551
43 547
44 543
45 539
46 535
47 532
34 495
33 511
32 521
31 522
30 516
29 503
35 496
36 508
37 522
38 535
39 544
40 549
41 550
42 548
43 546
44 542
45 538
46 535
34 504
33 512
32 517
31 516
30 509
35 506
36 514
37 524
38 534
39 541
40 545
41 547
42 547
43 544
44 541
45 538
34 509
33 513
32 515
31 512
35 512
36 518
37 526
38 533
39 539
40 543
41 545
42 544
43 543
44 541
34 512
35 515
36 520
37 527
38 533
39 538
40 542
41 543
42 543
43 542
33 514
34 515
35 517
36 522
37 527
38 533
39 538
40 540
41 541
42 542
32 513
33 514
34 515
35 519
36 523
37 528
38 533
39 536
40 539
41 541
27 468
28 486
29 497
30 505
31 509
32 511
33 513
34 516
35 519
36 524
37 529
38 532
39 536
40 538
50 526
49 527
48 530
47 532
46 535
45 538
44 540
43 541
42 541
41 539
50 527
49 528
48 530
47 533
46 535
45 538
44 539
43 540
42 539
50 528
49 529
48 531
47 533
46 536
45 537
44 539
43 539
50 529
49 530
48 531
47 533
46 535
45 537
44 538
50 530
49 531
48 532
47 534
46 535
45 537
50 531
49 531
48 533
47 534
46 536
50 531
49 532
48 533
47 534
50 532
49 533
48 533
50 533
49 533
50 533
25 416
24 462
26 442
27 464
28 480
29 493
30 501
31 506
32 510
33 513
34 516
35 520
36 524
37 528
38 532
39 535
40 537
41 538
42 539
43 538
44 537
45 536
46 535
47 534
48 534
49 533
25 452
26 458
27 469
28 481
29 491
30 498
31 504
32 508
33 512
34 516
35 520
36 524
37 528
38 532
39 534
40 536
41 538
42 538
43 538
44 537
45 536
46 535
47 535
48 534
50 533
49 534
50 534
23 352
22 426
24 402
25 430
26 450
27 465
28 478
29 488
30 496
31 502
32 507
33 511
34 516
35 520
36 524
37 528
38 531
39 534
40 536
41 537
42 537
43 537
44 537
45 536
46 535
47 534
48 534
49 534
50 534
23 414
24 422
25 436
26 450
27 464
28 476
29 486
30 494
31 501
32 506
33 511
34 515
35 520
36 524
37 527
38 530
39 533
40 535
41 536
42 537
43 537
44 536
45 536
46 535
47 535
48 534
49 534
50 534
40 268
41 402
42 469
43 502
44 519
45 527
46 531
47 532
48 533
49 533
50 533
39 401
38 467
37 499
36 513
35 518
34 519
33 517
32 514
31 510
30 506
29 500
28 493
27 485
26 475
25 463
24 449
23 435
22 425
21 429
20 474
19 367
18 304
40 402
41 436
42 469
43 494
44 511
45 521
46 527
47 530
48 532
49 533
50 533
39 435
38 467
37 490
36 504
35 512
34 515
33 515
32 513
31 509
30 504
29 498
28 492
27 483
26 473
25 461
24 448
23 437
40 435
41 452
42 473
43 492
44 506
45 516
46 523
47 528
48 530
49 531
39 451
38 471
37 487
36 500
35 507
34 511
33 512
32 510
31 507
30 503
29 498
28 490
27 482
26 471
25 459
40 452
41 462
42 477
43 492
44 504
45 514
46 521
47 525
48 528
39 461
38 474
37 487
36 497
35 504
34 508
33 509
32 508
31 506
30 502
29 496
28 489
27 480
26 470
40 461
41 469
42 481
43 492
44 503
45 512
46 518
47 523
39 468
38 477
37 487
36 495
35 502
34 505
33 506
32 506
31 504
30 500
29 494
28 487
27 478
40 469
41 475
42 483
43 493
44 503
45 510
46 517
39 473
38 480
37 488
36 495
35 500
34 503
33 505
32 505
31 502
30 498
29 493
28 486
40 474
41 479
42 486
43 495
44 502
45 510
39 477
38 483
37 489
36 495
35 499
34 502
33 503
32 502
31 500
30 496
29 491
40 478
41 482
42 489
43 495
44 503
39 480
38 484
37 489
36 494
35 498
34 501
33 502
32 501
31 499
30 495
40 481
41 485
42 490
43 497
39 483
38 486
37 490
36 494
35 497
34 499
33 500
32 500
31 497
40 484
41 487
42 492
39 485
38 488
37 491
36 494
35 497
34 499
33 499
32 498
40 486
41 489
39 487
38 489
37 492
36 494
35 496
34 497
33 498
40 488
39 488
38 490
37 492
36 494
35 496
34 497
24 448
25 459
26 468
27 477
28 484
29 489
30 493
31 496
32 497
33 497
50 531
49 530
48 527
47 522
46 516
45 509
44 503
43 497
42 493
41 490
40 489
39 490
38 491
37 492
36 494
35 495
34 496
50 530
49 528
48 525
47 521
46 515
45 509
44 503
43 498
42 494
41 492
40 491
39 491
38 491
37 493
36 494
35 495
50 528
49 527
48 524
47 519
46 514
45 509
44 503
43 499
42 495
41 493
40 492
39 491
38 492
37 493
36 494
50 527
49 525
48 522
47 518
46 513
45 508
44 504
43 499
42 496
41 494
40 492
39 492
38 493
37 493
50 525
49 524
48 521
47 517
46 513
45 508
44 503
43 500
42 497
41 494
40 493
39 493
38 493
50 524
49 522
48 519
47 516
46 512
45 508
44 504
43 500
42 497
41 495
40 494
39 494
50 522
49 521
48 519
47 516
46 512
45 508
44 504
43 501
42 498
41 496
40 495
50 521
49 520
48 518
47 515
46 511
45 507
44 504
43 501
42 499
41 497
50 520
49 519
48 517
47 514
46 511
45 508
44 505
43 502
42 499
22 433
21 453
23 440
24 450
25 459
26 468
27 476
28 482
29 488
30 492
31 494
32 495
33 495
34 495
35 495
36 494
37 494
38 494
39 494
40 496
41 498
22 446
23 448
24 453
25 461
26 469
27 476
28 482
29 487
30 491
31 493
32 494
33 495
34 495
35 494
36 494
37 494
38 494
39 495
40 496
50 519
49 518
48 516
47 513
46 510
45 507
44 504
43 501
42 500
41 498
50 518
49 517
48 515
47 513
46 510
45 507
44 504
43 502
42 500
50 517
49 516
48 514
47 512
46 510
45 507
44 505
43 503
50 516
49 515
48 514
47 512
46 509
45 507
44 505
50 515
49 514
48 513
47 511
46 509
45 507
50 514
49 514
48 512
47 510
46 509
50 514
49 513
48 512
47 511
50 513
49 512
48 511
50 512
49 512
50 512
20 410
21 428
20 214
19 453
22 438
23 446
24 454
25 461
26 468
27 475
28 481
29 486
30 489
31 492
32 494
33 494
34 494
35 494
36 494
37 494
38 494
39 495
40 497
41 498
42 500
43 502
44 504
45 507
46 509
47 510
48 511
49 511
50 511
21 326
20 390
21 195
20 53
22 484
23 469
22 234
21 377
24 465
25 467
26 471
27 476
28 481
29 485
30 489
31 491
32 492
33 493
34 494
35 494
36 494
37 494
38 495
39 496
40 497
41 499
42 501
43 503
44 505
45 507
46 508
47 509
48 510
49 511
50 511
23 349
24 408
23 204
22 448
25 439
26 458
27 469
28 477
29 483
30 487
31 490
32 492
33 493
34 493
35 494
36 494
37 494
38 495
39 496
40 497
41 499
42 501
43 503
44 505
45 506
46 508
47 509
48 510
49 510
50 510
24 321
25 390
24 195
23 431
26 429
25 312
24 363
27 453
28 468
29 477
30 483
31 487
32 490
33 492
34 493
35 493
36 494
37 495
38 495
39 496
40 498
41 499
42 501
43 503
44 505
45 507
46 508
47 509
48 510
49 510
50 460
26 383
27 426
26 213
25 448
28 452
29 468
30 478
31 484
32 488
33 490
34 492
35 493
36 494
37 494
38 495
39 497
40 498
41 500
42 501
43 503
44 505
45 506
46 507
47 509
48 509
49 416
47 254
48 328
46 382
45 445
46 222
47 451
44 475
43 490
42 497
41 499
40 499
39 498
38 498
37 497
36 495
35 495
34 494
33 493
32 491
31 490
30 487
29 482
28 475
27 570
26 403
28 285
27 254
29 380
28 286
30 431
31 459
30 229
29 404
32 475
31 352
30 327
33 483
32 417
31 363
34 488
35 491
36 493
37 494
38 495
39 497
40 498
41 498
42 498
43 497
44 494
45 595
46 435
44 297
45 289
43 396
44 311
33 453
34 472
33 236
32 448
35 482
34 359
33 309
36 488
35 424
34 277
37 491
36 458
35 287
38 494
37 476
36 305
39 496
38 486
37 313
40 497
39 491
38 300
40 245
39 261
41 620
42 757
43 402
40 441
41 468
40 1
42 202
