3435
73 272
74 446
1 741
2 803
3 829
4 775
1 803
2 816
3 795
1 816
2 805
1 805
37 499
36 552
11 492
12 735
48 492
20 484
19 685
18 637
21 565
20 625
19 631
51 476
52 687
53 625
47 475
46 568
45 619
44 668
43 484
17 474
18 552
61 468
60 699
59 781
58 527
57 618
56 535
62 497
61 598
60 690
59 608
58 613
57 574
13 461
14 452
25 443
26 474
63 438
62 518
61 604
60 606
59 610
58 592
64 452
63 485
62 544
61 575
60 592
59 592
5 425
4 610
3 708
2 757
1 757
6 452
5 531
4 620
3 688
2 722
1 722
54 414
55 609
56 591
57 592
58 592
50 411
49 577
51 549
52 587
50 563
51 575
48 526
47 547
46 583
45 626
44 555
49 544
50 560
48 545
47 564
46 595
45 575
49 553
48 559
47 577
46 576
53 501
54 555
55 573
56 583
57 587
52 538
51 549
50 551
49 555
48 566
47 571
53 546
54 560
55 572
56 579
52 547
53 554
54 563
55 571
51 549
50 552
49 559
48 565
52 552
53 557
54 564
51 552
50 555
49 560
52 554
53 559
51 555
50 558
52 557
51 557
24 407
25 441
15 406
16 544
17 548
69 401
22 391
23 524
21 508
20 570
19 561
18 555
22 516
21 543
20 552
19 554
24 482
23 499
22 521
21 537
20 545
10 384
11 559
12 510
13 481
14 444
15 494
16 521
17 538
18 546
19 545
38 375
37 464
2 361
3 542
4 615
5 618
6 574
7 554
8 595
9 651
10 605
11 558
12 519
13 482
14 488
15 504
16 521
17 534
18 539
35 361
34 440
33 484
32 466
31 564
30 614
29 417
28 413
27 444
26 442
25 462
24 481
23 501
22 519
21 532
20 539
19 539
36 413
35 426
34 455
33 461
32 512
31 563
30 490
29 451
28 448
27 445
26 454
25 467
24 484
23 502
22 517
21 528
20 533
70 359
71 363
72 484
73 448
42 355
43 455
44 515
45 545
46 558
47 562
48 561
49 559
50 558
41 442
42 449
43 482
44 514
45 536
46 549
47 555
48 557
49 558
40 382
39 500
38 482
37 447
36 436
35 446
34 453
33 482
32 523
31 507
30 479
29 464
28 454
27 454
26 460
25 472
24 487
23 502
22 515
21 524
41 416
40 458
39 470
38 459
42 449
43 482
44 509
45 529
46 542
47 549
48 553
41 453
42 467
43 488
44 508
45 525
46 537
47 545
40 461
41 464
42 476
43 492
44 509
45 523
46 534
39 460
40 462
41 469
42 481
43 495
44 509
45 522
37 448
38 454
39 458
40 464
41 473
42 484
43 496
44 509
36 447
35 450
34 466
33 495
32 501
31 490
30 477
29 465
28 460
27 460
26 466
25 477
24 489
23 502
22 513
37 450
38 454
39 459
40 466
41 475
42 485
43 497
36 450
35 458
34 477
33 489
32 489
31 483
30 474
29 467
28 463
27 465
26 471
25 480
24 491
23 502
37 452
36 455
35 466
34 477
33 483
32 483
31 478
30 472
29 468
28 467
27 469
26 475
25 483
24 493
38 455
39 460
40 467
41 476
42 487
37 455
36 461
35 469
34 476
33 479
32 479
31 476
30 472
29 469
28 469
27 472
26 477
25 485
38 458
39 463
40 470
41 478
37 460
36 464
35 470
34 475
33 477
32 476
31 474
30 472
29 471
28 471
27 474
26 480
38 461
39 465
40 471
37 462
36 466
35 470
34 473
33 475
32 475
31 473
30 472
29 471
28 473
27 476
38 464
39 468
37 465
36 468
35 471
34 473
33 474
32 473
31 473
30 472
29 473
28 474
38 466
37 467
36 469
35 471
34 473
33 473
32 473
31 472
30 472
29 473
8 325
9 465
10 512
11 515
12 499
13 493
14 498
15 510
16 522
17 530
18 535
19 534
20 529
21 521
22 511
23 502
24 493
25 486
26 481
27 478
28 476
7 460
6 507
5 540
4 579
3 597
2 570
1 931
2 465
3 517
4 557
5 568
6 554
7 530
8 728
9 620
10 567
11 533
12 513
13 506
14 508
15 515
16 523
17 529
18 531
19 530
20 526
21 518
22 510
23 501
24 494
25 488
26 483
27 479
1 465
2 491
3 524
4 546
5 550
6 540
7 634
8 627
9 597
10 565
11 539
12 522
13 515
14 515
15 519
16 524
17 528
18 529
19 528
20 523
21 517
22 509
23 502
24 495
25 489
26 484
1 491
2 508
3 527
4 538
5 539
6 587
7 607
8 602
9 583
10 561
11 542
12 529
13 522
14 521
15 522
16 525
17 527
18 528
19 525
20 521
21 515
22 509
23 502
24 495
25 489
1 508
2 517
3 528
4 534
5 561
6 584
7 593
8 588
9 575
10 559
11 544
12 533
13 527
14 524
15 525
16 526
17 527
18 526
19 524
20 519
21 514
22 508
23 501
24 495
1 517
2 523
3 528
4 544
5 564
6 578
7 583
8 579
9 569
10 556
11 544
12 535
13 529
14 527
15 526
16 526
17 526
18 525
19 522
20 518
21 513
22 507
23 501
1 523
2 525
3 535
4 550
5 564
6 574
7 577
8 573
9 564
10 554
11 545
12 537
13 532
14 529
15 528
16 527
17 526
18 524
19 521
20 517
21 512
22 506
1 525
2 530
3 540
4 552
5 563
6 570
7 571
8 567
9 561
10 553
11 545
12 539
13 534
14 531
15 529
16 528
17 526
18 523
19 520
20 516
21 511
1 530
2 535
3 543
4 553
5 561
6 566
7 567
8 564
9 558
10 552
11 545
12 539
13 535
14 532
15 530
16 528
17 525
18 523
19 519
20 515
1 535
2 539
3 546
4 553
5 560
6 563
7 563
8 561
9 557
10 551
11 545
12 540
13 536
14 533
15 530
16 527
17 525
18 522
19 519
1 539
2 543
3 548
4 554
5 558
6 561
7 561
8 559
9 555
10 550
11 545
12 541
13 537
14 534
15 531
16 528
17 525
18 522
1 543
2 545
3 550
4 554
5 558
6 559
7 559
8 557
9 553
10 549
11 545
12 541
13 538
14 534
15 531
16 528
17 525
1 545
2 548
3 551
4 555
5 557
6 558
7 558
8 555
9 552
10 548
11 545
12 541
13 537
14 534
15 531
16 528
1 548
2 549
3 552
4 554
5 556
6 557
7 556
8 554
9 551
10 548
11 544
12 541
13 538
14 535
15 531
1 549
2 551
3 552
4 554
5 555
6 556
7 555
8 553
9 551
10 548
11 545
12 541
13 538
14 534
1 551
2 551
3 553
4 554
5 555
6 555
7 554
8 553
9 550
10 547
11 544
12 541
13 537
1 551
2 552
3 553
4 554
5 555
6 554
7 553
8 551
9 549
10 547
11 544
12 541
1 552
2 553
3 553
4 554
5 554
6 554
7 553
8 551
9 549
10 546
11 543
1 553
2 553
3 554
4 554
5 554
6 553
7 552
8 551
9 549
10 546
1 553
2 553
3 553
4 554
5 553
6 553
7 552
8 550
9 548
1 553
2 553
3 554
4 553
5 553
6 552
7 551
8 550
1 553
2 554
3 553
4 553
5 553
6 552
7 551
1 554
2 553
3 553
4 553
5 552
6 552
1 553
2 553
3 553
4 553
5 553
1 553
2 553
3 553
4 553
1 553
2 553
3 553
1 553
2 553
1 553
59 296
60 444
61 518
62 547
63 545
64 515
65 506
66 527
58 441
57 510
56 541
55 552
54 555
53 556
52 557
51 558
50 558
49 555
48 550
47 542
46 532
45 520
44 508
43 498
42 488
41 480
40 474
39 470
38 469
37 469
36 470
35 471
34 472
33 472
32 472
31 472
30 473
29 474
28 476
27 480
26 484
25 490
24 496
23 501
22 506
21 510
20 515
19 518
18 521
17 525
16 528
15 531
14 534
13 538
12 540
11 543
10 546
9 548
8 549
7 550
6 551
5 552
4 552
3 553
2 553
1 553
59 442
60 480
61 514
62 529
63 522
64 514
65 521
58 476
57 509
56 530
55 543
54 550
53 554
52 556
51 557
50 556
49 553
48 548
47 540
46 530
45 519
44 509
43 498
42 489
41 481
59 478
60 496
61 512
62 517
63 516
64 519
58 494
57 512
56 528
55 539
54 546
53 551
52 554
51 555
50 554
49 551
48 545
47 538
46 528
45 519
44 508
43 499
59 495
60 504
61 511
62 514
63 516
58 503
57 515
56 527
55 536
54 544
53 549
52 552
51 553
50 552
49 549
48 544
47 536
46 528
45 518
44 509
59 504
58 510
57 519
56 527
55 536
54 542
53 547
52 550
51 551
50 550
49 547
48 541
47 534
46 526
45 517
60 507
61 510
62 513
59 508
58 513
57 520
56 528
55 535
54 541
53 545
52 548
51 549
50 548
49 544
48 539
47 533
46 525
60 509
59 511
58 516
57 522
56 529
55 535
54 540
53 544
52 546
51 547
50 545
49 542
48 538
47 531
61 511
60 511
59 514
58 518
57 523
56 529
55 534
54 539
53 543
52 545
51 545
50 544
49 541
48 536
42 490
43 499
44 508
45 517
46 524
47 530
40 476
41 483
42 491
43 500
44 508
45 516
46 523
39 472
40 477
41 484
42 492
43 500
44 508
45 515
38 470
39 474
40 479
41 486
42 493
43 500
44 508
37 470
38 472
39 475
40 481
41 487
42 493
43 501
36 470
35 471
34 471
33 472
32 472
31 473
30 473
29 475
28 478
27 481
26 486
25 491
24 496
23 501
22 506
21 511
20 514
19 518
18 522
17 525
16 528
15 531
14 535
13 537
12 540
11 543
10 545
9 547
8 549
7 550
6 551
5 551
4 552
3 552
2 553
37 471
38 473
39 477
40 482
41 487
42 494
36 471
37 472
38 475
39 479
40 483
41 489
35 471
34 472
33 472
32 473
31 473
30 474
29 476
28 478
27 482
26 486
25 491
24 496
23 501
22 506
21 510
20 514
19 518
18 521
17 524
16 528
15 532
14 534
13 537
12 540
11 543
10 545
9 547
8 548
7 550
6 551
5 552
4 552
3 553
36 472
37 474
38 476
39 479
40 484
35 472
36 473
37 474
38 477
39 481
34 472
35 473
36 473
37 475
38 478
33 472
32 472
31 473
30 475
29 476
28 479
27 483
26 487
25 491
24 496
23 501
22 505
21 509
20 514
19 517
18 521
17 525
16 528
15 531
14 534
13 537
12 540
11 542
10 545
9 546
8 548
7 549
6 550
5 551
4 552
34 472
33 472
32 473
31 474
30 475
29 477
28 480
27 483
26 487
25 492
24 496
23 501
22 505
21 510
20 513
19 517
18 521
17 524
16 528
15 531
14 534
13 537
12 540
11 543
10 544
9 546
8 548
7 549
6 550
5 551
35 472
36 474
37 476
34 472
33 473
32 473
31 474
30 475
29 478
28 481
27 484
26 488
25 492
24 497
23 501
22 506
21 509
20 513
19 517
18 520
17 524
16 527
15 530
14 534
13 537
12 540
11 542
10 544
9 546
8 547
7 549
6 550
35 473
36 474
34 473
35 474
33 473
32 474
31 474
30 476
29 478
28 481
27 485
26 489
25 493
24 497
23 501
22 505
21 509
20 513
19 517
18 521
17 524
16 527
15 531
14 534
13 537
12 539
11 541
10 544
9 546
8 548
7 549
34 474
33 474
32 474
31 475
30 477
29 479
28 482
27 485
26 489
25 493
24 497
23 501
22 505
21 509
20 513
19 517
18 520
17 524
16 528
15 531
14 534
13 537
12 539
11 542
10 544
9 546
8 547
1 553
2 553
3 552
4 552
5 551
6 550
7 548
1 553
2 552
3 552
4 551
5 550
6 549
1 552
2 552
3 552
4 551
5 550
1 552
2 552
3 551
4 551
1 552
2 552
3 552
1 552
2 552
1 552
67 300
66 411
65 465
64 490
63 502
62 506
61 509
60 512
59 515
58 519
57 524
56 529
55 534
54 539
53 542
52 544
51 544
50 542
49 539
48 534
47 529
46 522
45 515
44 508
43 501
42 495
41 489
40 485
39 481
38 478
37 476
36 475
35 474
34 474
33 474
32 474
31 476
30 477
29 480
28 482
27 486
26 489
25 493
24 497
23 501
22 505
21 509
20 513
19 516
18 520
17 524
16 527
15 530
14 533
13 536
12 539
11 541
10 543
9 545
8 547
7 548
6 549
5 550
4 551
3 551
2 551
1 551
68 373
67 392
66 428
65 459
64 481
63 493
62 501
61 506
60 510
59 514
58 519
57 524
56 529
55 534
54 538
53 541
52 542
51 542
50 541
49 538
48 534
47 528
46 521
45 515
44 508
43 501
42 495
41 490
40 485
39 482
38 479
37 477
36 476
35 475
34 474
33 474
32 475
31 476
30 478
29 480
28 483
27 486
26 490
25 493
24 497
23 501
22 505
21 509
20 513
19 517
18 521
17 524
16 527
15 530
14 533
13 536
12 539
11 541
10 543
9 545
8 546
7 548
6 549
5 550
4 550
3 551
2 551
1 551
69 366
68 379
67 404
66 432
65 456
64 474
63 488
62 497
61 504
60 509
59 514
58 519
57 524
56 529
55 534
54 537
53 539
52 541
51 541
50 539
49 536
48 532
47 526
46 521
45 514
44 507
43 501
42 496
41 491
40 487
39 483
38 480
37 478
36 476
35 475
34 475
33 475
32 476
31 477
30 479
29 481
28 484
27 487
26 490
25 494
24 497
23 501
22 505
21 509
20 513
19 517
18 520
17 523
16 527
15 530
14 533
13 536
12 538
11 541
10 543
9 544
8 546
7 547
6 549
5 550
4 551
3 551
2 551
1 551
70 364
71 424
72 436
71 218
72 27
69 371
70 507
68 387
69 447
70 223
71 333
67 409
66 432
65 453
64 471
63 484
62 494
61 501
60 508
59 514
58 519
57 524
56 529
55 533
54 536
53 539
52 540
51 539
50 538
49 535
48 530
47 526
46 520
45 514
44 508
43 502
42 496
41 491
40 487
39 483
38 481
37 479
36 477
35 476
34 475
33 475
32 476
31 477
30 479
29 481
28 484
27 487
26 490
25 493
24 497
23 501
22 505
21 509
20 513
19 516
18 520
17 524
16 527
15 530
14 533
13 535
12 538
11 540
10 542
9 544
8 546
7 548
6 549
5 550
4 550
3 550
2 551
1 551
68 428
67 430
66 442
65 457
64 470
63 482
62 492
61 500
60 507
59 513
58 518
57 524
56 528
55 532
54 536
53 538
52 538
51 538
50 536
49 533
48 530
47 525
46 519
45 513
44 507
43 502
42 497
41 492
40 487
39 484
38 481
37 479
36 478
35 477
34 476
33 476
32 476
31 478
30 479
29 482
28 484
27 487
26 490
25 494
24 498
23 502
22 505
21 509
20 512
19 516
18 520
17 523
16 526
15 530
14 533
13 536
12 538
11 540
10 542
9 544
8 546
7 547
6 548
5 549
4 550
3 551
2 551
1 551
69 326
68 378
69 189
70 405
67 410
66 433
65 451
64 467
63 479
62 489
61 498
60 505
59 511
58 518
57 523
56 528
55 532
54 535
53 536
52 537
51 537
50 535
49 533
48 529
47 524
46 519
45 513
44 508
43 502
42 497
41 492
40 488
39 485
38 482
37 480
36 478
35 477
34 477
33 477
32 478
31 478
30 480
29 482
28 485
27 487
26 491
25 494
24 498
23 501
22 505
21 509
20 513
19 517
18 520
17 523
16 527
15 530
14 533
13 535
12 538
11 540
10 542
9 544
8 545
7 547
6 548
5 549
4 550
3 550
2 550
1 550
68 300
67 367
66 409
65 438
64 458
63 474
62 486
61 496
60 504
59 511
58 517
57 522
56 527
55 531
54 533
53 535
52 536
51 535
50 534
49 531
48 527
47 523
46 518
45 513
44 507
43 502
42 497
41 493
40 489
39 485
38 483
37 480
36 479
35 478
34 477
33 477
32 477
31 479
30 481
29 483
28 485
27 488
26 491
25 495
24 498
23 502
22 506
21 509
20 513
19 516
18 519
17 523
16 526
15 529
14 532
13 535
12 537
11 540
10 542
9 544
8 546
7 547
6 548
5 549
4 549
3 550
2 550
1 550
69 352
68 359
69 106
67 384
66 411
65 435
64 455
63 470
62 483
61 493
60 502
59 510
58 516
57 522
56 526
55 529
54 532
53 534
52 535
51 535
50 533
49 530
48 527
47 522
46 517
45 512
44 507
43 502
42 497
41 493
40 489
39 486
38 483
37 481
36 479
35 478
34 478
33 478
32 479
31 480
30 481
29 483
28 485
27 488
26 491
25 494
24 498
23 502
22 505
21 509
20 512
19 516
18 520
17 523
16 526
15 529
14 532
13 535
12 538
11 540
10 542
9 544
8 545
7 546
6 548
5 548
4 549
3 549
2 550
1 550
2 275
3 413
4 481
5 515
6 531
7 540
8 543
9 544
10 544
11 543
12 541
13 539
14 537
15 535
16 532
17 529
18 526
19 523
20 520
21 516
22 513
23 509
24 505
25 502
26 498
27 495
28 492
29 488
30 486
31 483
32 481
33 480
34 479
35 478
36 478
37 479
38 480
39 482
40 484
41 486
42 490
43 494
44 498
45 503
46 508
47 513
48 517
49 522
50 526
51 529
52 532
53 534
54 534
55 533
56 531
57 528
58 525
59 520
60 515
61 509
62 501
63 492
64 481
65 468
66 452
67 431
68 349
66 215
67 273
65 333
64 400
63 441
62 467
61 484
60 496
59 506
58 513
57 519
56 524
55 528
54 531
53 532
52 533
51 533
50 531
49 529
48 526
47 521
46 517
45 512
44 508
43 503
42 498
41 494
40 490
39 487
38 484
37 482
36 481
35 480
34 479
33 479
32 480
31 481
30 482
29 484
28 486
27 489
26 492
25 495
24 499
23 502
22 505
21 509
20 512
19 516
18 519
17 523
16 526
15 529
14 532
13 535
12 537
11 539
10 541
9 542
8 543
7 543
6 542
5 537
4 526
3 503
2 458
1 733
2 366
3 412
4 458
5 492
6 514
7 528
8 536
9 540
10 541
11 541
12 540
13 538
14 536
15 534
16 532
17 529
18 526
19 522
20 519
21 516
22 513
23 509
24 505
25 502
26 499
27 495
28 492
29 489
30 486
31 484
32 482
33 481
34 480
35 479
36 479
37 480
38 481
39 482
40 485
41 488
42 491
43 494
44 498
45 503
46 507
47 512
48 516
49 521
50 525
51 528
52 530
53 532
54 532
55 531
56 529
57 527
58 523
59 518
60 512
61 504
62 494
63 480
64 461
65 431
66 478
1 366
2 389
3 424
4 458
5 486
6 507
7 521
8 530
9 535
10 538
11 539
12 539
13 538
14 536
15 534
16 531
17 528
18 525
19 522
20 519
21 516
22 512
23 508
24 505
25 502
26 498
27 495
28 492
29 489
30 487
31 484
32 483
33 481
34 480
35 480
36 480
37 480
38 481
39 483
40 485
41 488
42 491
43 495
44 499
45 503
46 508
47 512
48 517
49 521
50 525
51 527
52 530
53 531
54 531
55 530
56 529
57 526
58 522
59 517
60 511
61 502
62 491
63 476
64 453
65 415
1 389
2 407
3 432
4 459
5 483
6 502
7 516
8 526
9 532
10 536
11 537
12 537
13 536
14 535
15 533
16 531
17 528
18 525
19 522
20 519
21 515
22 512
23 509
24 506
25 502
26 499
27 496
28 492
29 490
30 487
31 485
32 483
33 482
34 481
35 480
36 480
37 481
38 482
39 484
40 486
41 488
42 492
43 495
44 499
45 504
46 508
47 513
48 517
49 521
50 524
51 527
52 529
53 530
54 530
55 530
56 528
57 525
58 521
59 516
60 509
61 500
62 488
63 471
64 396
1 407
2 419
3 439
4 461
5 481
6 499
7 513
8 522
9 529
10 533
11 535
12 536
13 536
14 535
15 533
16 530
17 528
18 525
19 522
20 519
21 516
22 512
23 509
24 505
25 502
26 499
27 495
28 493
29 490
30 487
31 485
32 483
33 482
34 481
35 481
36 481
37 481
38 483
39 484
40 486
41 489
42 492
43 496
44 500
45 504
46 508
47 512
48 516
49 520
50 523
51 526
52 528
53 529
54 529
55 528
56 526
57 523
58 519
59 514
60 507
61 498
62 484
63 402
1 419
2 429
3 445
4 463
5 481
6 497
7 509
8 519
9 526
10 530
11 533
12 534
13 534
14 533
15 531
16 530
17 527
18 525
19 522
20 519
21 515
22 512
23 508
24 505
25 502
26 498
27 496
28 493
29 490
30 488
31 486
32 484
33 482
34 481
35 481
36 481
37 482
38 483
39 485
40 487
41 490
42 493
43 496
44 500
45 504
46 508
47 512
48 516
49 519
50 523
51 526
52 527
53 528
54 528
55 527
56 525
57 522
58 518
59 512
60 505
61 494
62 421
1 429
2 437
3 450
4 465
5 481
6 495
7 507
8 517
9 524
10 529
11 532
12 533
13 533
14 532
15 531
16 529
17 527
18 524
19 522
20 518
21 515
22 512
23 509
24 506
25 502
26 499
27 496
28 493
29 490
30 488
31 486
32 484
33 483
34 482
35 481
36 482
37 483
38 484
39 485
40 488
41 490
42 493
43 497
44 501
45 504
46 508
47 512
48 516
49 520
50 523
51 525
52 527
53 527
54 527
55 526
56 524
57 521
58 517
59 511
60 502
61 442
1 437
2 444
3 455
4 468
5 482
6 494
7 506
8 515
9 522
10 527
11 530
12 532
13 532
14 532
15 531
16 529
17 527
18 525
19 521
20 518
21 515
22 512
23 509
24 505
25 502
26 499
27 496
28 493
29 491
30 488
31 486
32 485
33 483
34 482
35 482
36 482
37 483
38 484
39 486
40 488
41 491
42 494
43 497
44 500
45 504
46 508
47 512
48 516
49 519
50 522
51 524
52 525
53 526
54 526
55 525
56 523
57 520
58 515
59 509
60 457
1 444
2 449
3 458
4 470
5 482
6 494
7 504
8 513
9 520
10 525
11 528
12 530
13 531
14 531
15 530
16 528
17 526
18 523
19 521
20 518
21 515
22 512
23 508
24 505
25 502
26 499
27 496
28 493
29 490
30 488
31 486
32 484
33 483
34 483
35 483
36 483
37 483
38 484
39 486
40 488
41 491
42 494
43 497
44 501
45 505
46 509
47 513
48 516
49 519
50 521
51 523
52 525
53 526
54 526
55 525
56 523
57 519
58 514
59 459
1 449
2 454
3 462
4 472
5 483
6 494
7 504
8 512
9 518
10 523
11 527
12 529
13 530
14 530
15 529
16 528
17 526
18 524
19 521
20 518
21 515
22 511
23 508
24 505
25 502
26 499
27 496
28 493
29 491
30 489
31 487
32 485
33 484
34 483
35 483
36 483
37 484
38 485
39 487
40 489
41 491
42 494
43 498
44 501
45 505
46 509
47 512
48 515
49 518
50 521
51 523
52 524
53 525
54 525
55 524
56 521
57 518
58 444
1 454
2 458
3 465
4 474
5 484
6 494
7 503
8 510
9 517
10 522
11 525
12 527
13 529
14 529
15 528
16 527
17 525
18 523
19 520
20 518
21 515
22 512
23 509
24 506
25 502
26 499
27 496
28 494
29 491
30 489
31 487
32 486
33 485
34 484
35 483
36 484
37 484
38 486
39 487
40 489
41 492
42 495
43 498
44 502
45 505
46 508
47 512
48 515
49 518
50 520
51 522
52 524
53 524
54 524
55 522
56 520
57 407
1 458
2 461
3 468
4 476
5 485
6 494
7 502
8 510
9 516
10 520
11 524
12 527
13 528
14 528
15 528
16 526
17 525
18 522
19 520
20 517
21 514
22 511
23 508
24 505
25 502
26 499
27 496
28 493
29 491
30 489
31 487
32 486
33 485
34 484
35 484
36 484
37 485
38 486
39 488
40 490
41 492
42 495
43 498
44 501
45 505
46 509
47 512
48 515
49 518
50 520
51 522
52 523
53 524
54 523
55 522
56 347
54 261
55 261
53 392
52 458
53 229
54 411
51 491
50 507
49 513
48 516
47 515
46 513
45 511
44 508
43 505
42 501
41 498
40 495
39 492
38 490
37 488
36 486
35 485
34 485
33 484
32 484
31 485
30 486
29 488
28 490
27 492
26 494
25 497
24 499
23 502
22 505
21 508
20 511
19 514
18 517
17 519
16 522
15 524
14 526
13 527
12 527
11 527
10 526
9 523
8 519
7 514
6 508
5 501
4 493
3 484
2 476
1 937
2 469
3 473
4 479
5 486
6 493
7 501
8 508
9 513
10 518
11 522
12 525
13 526
14 526
15 526
16 525
17 524
18 522
19 520
20 517
21 514
22 511
23 508
24 505
25 502
26 500
27 497
28 494
29 492
30 490
31 488
32 487
33 486
34 485
35 485
36 485
37 486
38 487
39 489
40 491
41 493
42 496
43 498
44 502
45 505
46 508
47 511
48 513
49 515
50 514
51 510
52 615
53 437
51 308
52 345
50 409
49 461
50 230
51 442
48 488
49 359
50 397
47 500
46 506
45 507
44 506
43 504
42 501
41 499
40 496
39 493
38 491
37 489
36 488
35 487
34 486
33 485
32 485
31 486
30 487
29 488
28 490
27 492
26 494
25 497
24 500
23 503
22 506
21 509
20 512
19 514
18 517
17 519
16 522
15 523
14 525
13 525
12 525
11 525
10 523
9 521
8 517
7 512
6 507
5 500
4 493
3 486
2 479
1 948
2 474
3 476
4 481
5 487
6 493
7 500
8 506
9 511
10 516
11 519
12 522
13 524
14 524
15 525
16 524
17 523
18 521
19 519
20 516
21 514
22 511
23 508
24 505
25 502
26 500
27 497
28 495
29 493
30 490
31 489
32 488
33 487
34 486
35 486
36 486
37 487
38 488
39 490
40 491
41 493
42 496
43 499
44 501
45 503
46 505
47 506
48 682
49 489
47 341
48 395
46 423
45 464
46 232
47 456
44 484
45 358
46 359
43 492
42 495
41 496
40 495
39 493
38 491
37 489
36 488
35 487
34 486
33 486
32 486
31 487
30 488
29 489
28 491
27 493
26 495
25 498
24 500
23 503
22 506
21 508
20 511
19 514
18 516
17 519
16 521
15 522
14 524
13 524
12 524
11 523
10 521
9 519
8 515
7 511
6 506
5 499
4 493
3 487
2 482
1 956
2 478
3 480
4 483
5 488
6 493
7 499
8 505
9 510
10 515
11 518
12 521
13 522
14 523
15 524
16 523
17 522
18 521
19 518
20 516
21 514
22 511
23 508
24 506
25 503
26 500
27 497
28 495
29 493
30 491
31 489
32 488
33 487
34 487
35 486
36 487
37 488
38 489
39 490
40 491
41 493
42 495
43 495
44 672
45 400
43 336
44 265
42 415
43 290
41 455
40 474
41 237
42 396
39 482
40 360
41 306
38 486
39 423
40 353
37 487
36 487
35 487
34 486
33 486
32 487
31 488
30 489
29 490
28 491
27 493
26 495
25 497
24 500
23 503
22 505
21 508
20 511
19 514
18 516
17 518
16 520
15 521
14 522
13 523
12 522
11 522
10 520
9 517
8 513
7 509
6 504
5 499
4 494
3 489
2 484
1 962
2 481
3 482
4 485
5 489
6 494
7 499
8 504
9 509
10 513
11 516
12 519
13 520
14 522
15 522
16 521
17 521
18 519
19 517
20 516
21 513
22 511
23 508
24 505
25 503
26 500
27 498
28 496
29 493
30 491
31 490
32 489
33 488
34 487
35 487
36 487
37 487
38 698
39 474
37 349
38 393
36 418
35 452
36 226
37 459
34 470
35 348
36 377
33 479
32 483
31 486
30 488
29 490
28 491
27 493
26 496
25 498
24 501
23 503
22 505
21 508
20 510
19 513
18 515
17 517
16 519
15 520
14 521
13 522
12 521
11 520
10 518
9 515
8 512
7 508
6 504
5 499
4 494
3 490
2 486
1 967
2 484
3 485
4 488
5 491
6 495
7 500
8 504
9 508
10 511
11 515
12 518
13 519
14 520
15 521
16 521
17 520
18 519
19 517
20 515
21 513
22 511
23 508
24 505
25 503
26 500
27 498
28 496
29 493
30 492
31 490
32 488
33 485
34 656
35 443
33 328
34 349
32 407
31 447
32 223
33 424
30 468
31 346
32 365
29 480
28 486
27 491
26 495
25 497
24 500
23 503
22 505
21 508
20 511
19 513
18 515
17 517
16 518
15 519
14 520
13 520
12 519
11 518
10 517
9 514
8 511
7 507
6 503
5 499
4 495
3 491
2 488
1 972
2 486
3 487
4 489
5 492
6 496
7 500
8 504
9 508
10 511
11 514
12 516
13 518
14 519
15 520
16 520
17 519
18 518
19 517
20 515
21 513
22 511
23 508
24 506
25 503
26 500
27 498
28 495
29 491
30 659
31 456
29 329
30 385
28 410
27 452
28 226
29 482
26 475
25 488
24 495
23 500
22 504
21 507
20 510
19 512
18 514
17 516
16 517
15 518
14 519
13 519
12 519
11 518
10 516
9 513
8 510
7 507
6 503
5 500
4 496
3 493
2 490
1 976
2 488
3 489
4 491
5 493
6 497
7 500
8 504
9 507
10 510
11 513
12 515
13 517
14 518
15 519
16 519
17 518
18 517
19 516
20 514
21 512
22 509
23 507
24 504
25 499
26 493
27 597
28 439
26 299
27 296
1 488
2 488
3 489
4 491
5 494
6 497
7 500
8 503
9 507
10 510
11 512
12 515
13 516
14 518
15 518
16 518
17 517
18 517
19 515
20 513
21 511
22 509
23 506
24 502
25 647
26 350
24 324
25 254
23 413
24 330
22 460
21 485
22 242
23 490
20 498
19 506
18 510
17 514
16 515
15 517
14 517
13 518
12 517
11 516
10 514
9 512
8 510
7 507
6 503
5 500
4 497
3 494
2 492
1 980
2 490
3 491
4 492
5 495
6 498
7 500
8 503
9 506
10 509
11 512
12 514
13 515
14 517
15 517
16 517
17 516
18 515
19 512
20 509
21 624
22 444
20 312
21 270
19 411
20 280
18 462
17 488
18 244
19 375
16 502
17 373
18 261
15 509
16 441
17 271
14 513
15 477
16 336
13 515
12 515
11 514
10 513
9 511
8 509
7 506
6 503
5 500
4 498
14 496
13 506
14 253
15 420
13 126
14 251
12 573
11 543
12 271
13 453
10 527
11 399
12 307
9 518
10 458
11 258
8 512
9 485
10 247
7 508
8 496
9 247
7 248
8 247
6 628
5 563
6 281
7 495
3 495
4 529
5 405
6 331
4 202
5 258
2 493
1 983
3 612
2 797
1 688
4 435
3 584
2 388
4 44
