9393
3 109
4 112
2 256
1 558
2 279
1 40
2 2
3 204
19 249
17 248
18 364
16 289
15 374
14 350
17 326
16 350
15 350
13 301
14 325
12 296
13 311
11 253
12 282
10 263
11 273
118 248
117 353
116 337
89 243
90 353
137 242
138 310
136 268
137 289
135 268
136 278
88 241
87 340
89 297
88 318
151 241
150 342
149 379
152 309
151 325
150 352
40 233
39 263
38 248
37 345
36 278
35 252
34 288
58 231
57 339
56 279
121 230
120 338
119 323
118 338
117 337
65 227
64 296
63 337
62 233
49 225
48 277
61 222
60 263
59 259
58 299
57 289
99 222
100 296
33 220
55 219
54 315
53 367
56 254
55 285
54 326
52 218
51 276
50 297
49 287
53 272
52 274
51 286
50 286
105 217
104 306
106 274
105 290
103 263
102 286
101 299
104 277
103 282
102 291
114 217
115 305
116 321
131 216
132 294
133 326
134 373
135 326
155 216
94 212
146 209
147 296
148 355
149 353
68 198
69 269
70 320
71 342
72 345
73 362
74 242
91 198
90 248
89 283
92 198
93 252
91 223
90 253
92 238
91 246
107 191
106 241
105 259
104 270
103 280
108 234
107 238
106 248
105 259
104 270
139 190
138 239
137 259
136 293
82 189
83 276
84 247
85 268
86 316
87 317
88 300
89 277
90 261
81 244
80 268
82 260
81 264
83 253
84 260
85 288
86 302
87 301
88 289
89 275
82 258
83 259
84 274
85 288
86 295
87 292
88 284
133 187
134 257
135 275
132 256
131 275
130 270
129 312
133 256
132 266
131 268
130 290
134 265
133 266
132 267
131 278
128 186
129 238
130 258
47 185
48 236
49 261
46 202
45 267
44 264
43 261
47 219
46 243
45 254
44 258
48 240
47 242
46 248
45 253
19 182
18 254
17 302
16 326
15 326
14 319
13 300
12 286
20 218
19 236
18 269
17 298
16 312
15 315
14 307
13 297
98 182
99 239
100 269
101 280
102 280
103 275
72 181
71 263
70 303
69 311
68 290
67 283
66 308
65 302
64 320
63 277
62 249
61 256
60 258
59 278
58 284
57 269
56 277
55 301
54 287
53 280
52 283
51 284
50 273
49 256
48 249
47 248
46 250
73 211
72 237
71 270
70 290
69 290
68 287
67 297
66 299
65 309
64 293
63 271
62 264
61 261
60 269
59 277
58 273
57 275
56 288
55 288
54 284
53 284
52 284
51 279
50 267
49 258
48 253
47 252
143 181
153 179
154 261
152 252
151 302
150 328
153 256
152 279
151 304
29 178
28 240
30 213
29 226
27 207
28 217
147 177
148 265
149 297
150 300
146 237
145 261
144 252
147 251
148 274
149 287
146 256
147 265
148 276
145 254
146 259
147 268
75 176
74 194
73 216
72 243
71 266
70 278
69 283
68 290
67 295
66 302
65 298
64 284
63 274
62 267
61 268
60 273
59 273
58 274
57 281
56 285
55 284
54 284
53 284
52 281
51 274
50 266
49 260
48 256
76 194
77 268
78 236
79 273
80 269
81 263
82 261
83 268
84 278
85 287
86 289
87 286
75 194
76 231
77 233
78 253
79 261
80 262
81 262
82 265
83 271
84 279
85 284
86 285
74 205
73 224
72 245
71 262
70 273
69 281
68 288
67 295
66 297
65 290
64 282
63 274
62 271
61 272
60 272
59 273
58 277
57 281
56 282
55 283
54 283
53 282
52 278
51 272
50 266
49 261
75 218
76 225
77 239
78 250
79 256
80 259
81 262
82 267
83 273
84 278
85 281
74 221
73 233
72 248
71 260
70 270
69 279
68 287
67 292
66 291
65 287
64 281
63 276
62 274
61 273
60 273
59 275
58 278
57 280
56 282
55 283
54 283
53 280
52 276
51 271
50 266
75 223
76 231
77 241
78 249
79 254
80 258
81 262
82 267
83 273
84 277
74 228
73 238
72 249
71 260
70 270
69 279
68 285
67 288
66 287
65 284
64 280
63 277
62 275
61 274
60 275
59 276
58 278
57 280
56 281
55 282
54 281
53 279
52 275
51 270
75 230
76 236
77 242
78 248
79 253
80 257
81 262
82 268
83 272
74 234
73 241
72 250
71 260
70 269
69 277
68 283
67 285
66 285
65 282
64 279
63 277
62 276
61 276
60 276
59 277
58 278
57 280
56 281
55 281
54 280
53 277
52 274
75 235
74 238
73 244
72 252
71 260
70 269
69 276
68 280
67 282
66 282
65 281
64 279
63 278
62 277
61 276
60 276
59 277
58 279
57 280
56 281
55 280
54 278
53 276
76 238
77 243
78 248
79 253
80 258
81 263
82 267
75 238
74 241
73 247
72 254
71 262
70 269
69 274
68 278
67 280
66 280
65 279
64 279
63 278
62 277
61 277
60 277
59 278
58 279
57 280
56 280
55 279
54 278
76 241
77 245
78 249
79 253
80 258
81 263
75 241
74 244
73 249
72 255
71 262
70 268
69 273
68 277
67 279
66 279
65 279
64 278
63 277
62 277
61 277
60 278
59 279
58 279
57 279
56 279
55 279
76 243
77 246
78 249
79 254
80 258
75 243
74 246
73 250
72 256
71 262
70 267
69 272
68 275
67 277
66 278
65 278
64 278
63 278
62 277
61 277
60 278
59 278
58 279
57 279
56 279
76 244
77 246
78 250
79 254
75 245
74 247
73 252
72 257
71 262
70 267
69 271
68 274
67 276
66 277
65 278
64 278
63 277
62 277
61 278
60 278
59 279
58 279
57 279
76 246
77 248
78 251
75 247
74 250
73 253
72 258
71 262
70 267
69 271
68 274
67 275
66 277
65 277
64 277
63 277
62 278
61 278
60 278
59 278
58 278
76 247
77 249
75 248
74 250
73 254
72 258
71 263
70 267
69 270
68 272
67 275
66 276
65 277
64 277
63 278
62 278
61 278
60 278
59 278
76 249
75 250
74 252
73 255
72 259
71 263
70 266
69 269
68 272
67 274
66 275
65 276
64 277
63 277
62 277
61 277
60 278
38 173
37 226
36 239
35 264
34 242
39 211
40 237
41 239
42 253
43 255
44 254
45 252
46 252
47 254
48 258
49 262
50 266
51 270
52 273
53 276
54 277
55 278
56 278
57 278
58 278
59 278
38 218
37 228
36 246
35 244
39 227
40 233
41 243
42 249
43 252
44 252
45 252
46 253
47 255
48 258
49 262
50 266
51 270
52 273
53 275
54 277
55 277
56 278
57 278
58 278
38 228
37 237
36 241
39 231
40 237
41 243
42 247
43 249
44 250
45 251
46 253
47 256
48 259
49 262
50 266
51 269
52 272
53 274
54 275
55 277
56 277
57 278
38 234
37 238
39 235
40 239
41 243
42 246
43 248
44 250
45 252
46 254
47 256
48 259
49 263
50 266
51 269
52 271
53 273
54 275
55 276
56 277
38 236
39 238
40 241
41 243
42 246
43 248
44 250
45 252
46 254
47 257
48 260
49 263
50 266
51 269
52 271
53 273
54 275
55 276
112 169
113 208
114 256
115 289
119 169
118 253
117 287
116 288
120 246
121 292
122 313
119 249
120 270
121 292
118 268
117 278
119 269
120 281
118 273
119 277
123 229
122 261
121 271
120 274
157 169
156 231
155 246
154 251
153 265
152 284
151 292
150 290
149 283
148 276
21 168
22 246
20 202
19 236
18 267
17 289
16 302
15 305
14 301
21 224
20 230
19 248
18 268
17 285
16 295
15 298
160 195
159 166
158 185
157 208
156 227
155 239
154 252
153 268
152 280
151 285
150 284
149 280
23 161
22 193
21 211
20 229
19 249
18 267
17 281
16 290
142 161
143 206
144 230
145 245
146 257
147 266
148 273
31 159
32 226
33 234
34 239
35 240
36 239
37 237
38 238
39 239
40 241
41 244
42 246
43 248
44 250
45 252
46 255
47 257
48 260
49 263
50 266
51 268
52 271
53 273
54 274
30 193
31 209
32 222
33 231
34 235
35 237
36 237
37 238
38 238
39 240
40 242
41 244
42 246
43 248
44 250
45 252
46 254
47 257
48 260
49 263
50 266
51 269
52 271
53 273
29 205
30 207
31 215
32 223
33 229
34 233
35 235
36 236
37 237
38 239
39 240
40 242
41 244
42 246
43 248
44 250
45 252
46 255
47 258
48 261
49 263
50 266
51 268
52 270
13 150
12 224
11 255
10 264
9 275
14 224
15 257
13 224
14 241
12 239
11 251
10 263
13 240
12 246
11 255
8 178
7 92
6 71
9 220
10 238
8 156
9 197
25 150
24 200
23 196
22 203
21 216
20 233
19 250
18 266
17 278
16 267
15 254
14 247
13 247
12 251
11 244
10 220
26 196
27 207
28 206
29 207
30 211
31 217
32 223
33 228
34 232
35 234
36 236
37 237
38 238
39 240
40 242
41 244
42 246
43 248
44 250
45 253
46 255
47 258
48 260
49 263
50 265
51 268
25 198
26 203
27 204
28 205
29 208
30 212
31 217
32 222
33 227
34 230
35 233
36 235
37 237
38 239
39 241
40 242
41 244
42 246
43 248
44 250
45 252
46 255
47 257
48 260
49 263
50 266
24 197
23 200
22 208
21 221
20 235
19 250
18 264
17 266
16 260
15 253
14 250
13 250
12 247
11 234
25 200
26 202
27 204
28 206
29 209
30 213
31 218
32 223
33 226
34 230
35 232
36 234
37 236
38 238
39 240
40 242
41 244
42 246
43 248
44 250
45 253
46 255
47 258
48 261
49 263
24 200
23 204
22 213
21 224
20 237
19 251
18 258
17 259
16 256
15 253
14 251
13 249
12 241
25 201
24 203
23 208
22 216
21 226
20 239
19 248
18 254
17 255
16 254
15 253
14 251
13 246
26 202
27 204
28 207
29 210
30 214
31 218
32 222
33 226
34 229
35 232
36 234
37 236
38 238
39 240
40 242
41 244
42 246
43 248
44 251
45 253
46 256
47 258
48 260
25 203
24 205
23 211
22 218
21 229
20 238
19 246
18 250
17 252
16 253
15 252
14 249
26 204
27 205
28 207
29 210
30 214
31 218
32 222
33 226
34 229
35 231
36 234
37 236
38 238
39 240
40 242
41 244
42 246
43 249
44 251
45 253
46 255
47 258
25 204
24 208
23 213
22 221
21 229
20 238
19 244
18 248
17 250
16 251
15 250
26 204
25 206
24 209
23 215
22 222
21 230
20 237
19 243
18 247
17 249
16 249
27 206
28 208
29 211
30 215
31 219
32 222
33 225
34 228
35 231
36 233
37 236
38 238
39 240
40 242
41 244
42 246
43 248
44 250
45 253
46 256
26 206
25 208
24 212
23 217
22 224
21 231
20 237
19 242
18 245
17 247
27 207
28 209
29 212
30 215
31 218
32 222
33 225
34 228
35 231
36 234
37 236
38 238
39 240
40 242
41 244
42 246
43 248
44 251
45 253
26 208
25 210
24 213
23 218
22 224
21 230
20 236
19 240
18 244
27 208
28 210
29 213
30 216
31 219
32 222
33 225
34 228
35 231
36 233
37 235
38 238
39 240
40 242
41 244
42 246
43 249
44 251
26 209
25 211
24 215
23 220
22 225
21 231
20 235
19 240
27 210
28 212
29 214
30 216
31 219
32 222
33 225
34 228
35 230
36 233
37 236
38 238
39 240
40 242
41 244
42 247
43 249
26 210
25 212
24 216
23 220
22 226
21 230
20 235
27 211
26 212
25 214
24 217
23 222
22 226
21 231
28 212
29 214
30 217
31 220
32 222
33 225
34 227
35 230
36 233
37 235
38 237
39 239
40 242
41 244
42 246
27 212
26 213
25 215
24 218
23 222
22 226
28 213
29 215
30 217
31 219
32 222
33 225
34 228
35 231
36 233
37 235
38 237
39 240
40 242
41 244
27 213
26 214
25 216
24 219
23 222
28 214
29 215
30 217
31 220
32 223
33 225
34 228
35 230
36 232
37 235
38 238
39 240
40 242
27 214
26 215
25 217
24 220
28 215
29 216
30 218
31 220
32 222
33 225
34 227
35 230
36 233
37 235
38 237
39 239
27 215
26 216
25 218
28 215
29 217
30 219
31 221
32 223
33 225
34 228
35 230
36 232
37 235
38 237
27 215
26 216
28 216
29 217
30 219
31 221
32 223
33 226
34 228
35 230
36 233
37 235
27 216
28 217
29 218
30 219
31 221
32 224
33 226
34 228
35 231
36 233
137 146
136 210
135 237
134 252
133 259
132 268
131 263
138 203
139 221
140 217
137 207
136 222
135 237
134 248
133 258
132 261
138 214
137 218
136 228
135 238
134 248
133 255
139 216
138 217
137 222
136 230
135 239
134 247
141 204
140 210
139 213
138 217
137 224
136 231
135 239
142 205
143 218
144 231
145 244
146 255
147 264
141 208
142 213
143 222
144 233
145 244
146 254
140 211
139 214
138 219
137 225
136 232
141 212
142 217
143 225
144 235
145 244
140 213
139 216
138 221
137 226
141 215
142 220
143 227
144 235
140 215
139 218
138 222
141 217
142 222
143 229
140 218
139 220
141 220
142 225
140 220
141 223
114 145
115 216
116 247
117 260
118 269
119 272
113 200
114 208
115 228
116 244
117 257
118 264
112 204
111 222
113 206
114 217
115 230
116 243
117 253
112 214
113 216
114 223
115 233
116 243
110 187
109 229
108 233
107 240
106 250
105 260
104 267
111 200
110 214
109 224
108 232
107 241
106 250
105 258
112 208
113 215
114 224
115 234
111 211
110 218
109 225
108 233
107 242
106 250
112 213
113 219
114 226
111 216
110 220
109 226
108 234
107 242
112 217
113 221
111 218
110 222
109 228
108 235
112 220
111 221
110 225
109 230
127 144
128 191
129 225
130 244
131 253
132 254
133 250
134 244
135 238
136 232
137 227
138 223
139 222
140 222
126 177
127 184
128 204
129 224
130 238
131 246
132 248
133 246
134 242
135 237
136 232
137 228
138 225
139 223
87 143
88 214
89 249
90 262
91 261
92 253
93 245
94 248
95 262
86 212
85 245
84 259
83 263
82 263
81 260
80 257
79 254
78 252
77 251
76 250
75 251
74 253
73 256
72 259
71 262
70 266
69 269
68 272
67 273
66 275
65 276
64 276
63 277
62 277
61 278
60 278
59 278
58 278
57 277
56 277
55 275
54 274
53 272
52 270
51 268
50 265
49 263
48 261
47 258
46 255
45 253
44 251
43 248
42 246
41 244
40 241
39 239
38 237
37 235
87 213
88 231
89 246
90 254
91 254
92 250
93 249
94 256
86 229
85 244
84 253
83 258
82 259
81 258
80 256
79 254
78 252
77 251
76 251
75 252
74 254
73 257
72 260
71 263
70 266
69 269
68 271
67 273
66 274
65 275
64 276
63 276
62 277
61 277
60 277
59 278
58 278
57 278
56 276
55 275
54 274
53 272
52 270
51 267
50 265
49 263
48 260
47 258
46 256
45 254
44 251
43 249
42 247
41 244
40 242
39 240
38 238
87 230
88 238
89 246
90 250
91 250
92 249
93 253
86 237
85 245
84 252
83 256
82 257
81 257
80 256
79 254
78 253
77 252
76 252
75 253
74 255
73 257
72 260
71 263
70 266
69 269
68 271
67 273
66 274
65 275
64 276
63 277
62 277
61 277
60 278
59 278
58 278
57 277
56 276
55 275
54 273
53 271
52 269
51 267
50 265
49 262
48 260
47 258
46 256
45 253
44 251
43 249
42 246
41 244
40 242
39 240
87 237
88 242
89 246
90 248
91 248
92 251
86 241
85 246
84 251
83 254
82 256
81 256
80 255
79 254
78 253
77 252
76 253
75 254
74 256
73 258
72 260
71 263
70 266
69 268
68 270
67 272
66 274
65 275
64 276
63 276
62 277
61 278
60 278
59 278
58 277
57 276
56 276
55 275
54 273
53 271
52 269
51 267
50 265
49 263
48 261
47 258
46 255
45 253
44 251
43 248
42 246
41 244
40 242
87 242
86 244
85 248
84 251
83 253
82 254
81 254
80 254
79 253
78 252
77 253
76 253
75 254
74 256
73 258
72 261
71 264
70 266
69 268
68 270
67 272
66 273
65 274
64 275
63 276
62 277
61 277
60 277
59 277
58 277
57 277
56 276
55 274
54 273
53 271
52 269
51 267
50 265
49 263
48 260
47 258
46 256
45 254
44 251
43 249
42 247
41 245
88 244
89 246
90 247
91 249
87 244
86 246
85 248
84 250
83 252
82 253
81 254
80 253
79 253
78 253
77 253
76 254
75 255
74 256
73 259
72 261
71 263
70 265
69 268
68 270
67 271
66 273
65 274
64 275
63 276
62 276
61 277
60 277
59 277
58 277
57 276
56 275
55 274
54 272
53 271
52 269
51 267
50 265
49 262
48 260
47 258
46 256
45 253
44 251
43 249
42 247
88 245
89 246
90 247
87 245
86 247
85 249
84 251
83 252
82 253
81 253
80 253
79 253
78 253
77 253
76 254
75 255
74 257
73 259
72 261
71 263
70 266
69 268
68 270
67 272
66 273
65 274
64 275
63 276
62 277
61 277
60 277
59 277
58 276
57 276
56 275
55 274
54 273
53 271
52 269
51 267
50 264
49 262
48 260
47 258
46 255
45 253
44 251
43 249
88 245
87 246
86 247
85 249
84 250
83 252
82 253
81 253
80 253
79 253
78 253
77 254
76 254
75 256
74 258
73 259
72 261
71 264
70 266
69 268
68 270
67 271
66 272
65 274
64 275
63 276
62 276
61 276
60 277
59 276
58 276
57 275
56 274
55 273
54 272
53 270
52 269
51 267
50 265
49 263
48 261
47 258
46 256
45 254
44 251
89 246
88 246
87 247
86 248
85 249
84 251
83 252
82 252
81 252
80 253
79 253
78 254
77 254
76 255
75 256
74 257
73 259
72 262
71 264
70 266
69 268
68 269
67 271
66 273
65 274
64 275
63 275
62 276
61 277
60 276
59 276
58 276
57 275
56 274
55 273
54 271
53 270
52 268
51 266
50 264
49 262
48 260
47 258
46 256
45 253
96 155
95 206
94 229
93 240
92 244
91 246
90 246
89 246
88 247
87 247
86 248
85 249
84 250
83 251
82 252
81 253
80 253
79 253
78 253
77 254
76 255
75 256
74 258
73 260
72 262
71 264
70 266
69 267
68 269
67 271
66 272
65 273
64 274
63 275
62 276
61 276
60 276
59 276
58 275
57 275
56 274
55 273
54 272
53 270
52 268
51 266
50 264
49 262
48 260
47 258
46 255
97 183
98 211
99 240
100 260
101 270
102 272
103 270
104 264
105 257
106 250
107 242
108 236
96 194
95 211
94 226
93 235
92 241
91 243
90 245
89 246
88 246
87 247
86 248
85 249
84 250
83 251
82 252
81 252
80 252
79 253
78 254
77 254
76 255
75 257
74 258
73 260
72 262
71 264
70 265
69 267
68 269
67 270
66 272
65 273
64 274
63 275
62 275
61 275
60 276
59 276
58 276
57 275
56 274
55 273
54 271
53 270
52 268
51 266
50 264
49 262
48 260
47 257
97 203
98 222
99 241
100 256
101 264
102 267
103 265
104 261
105 256
106 249
107 243
96 207
95 217
94 226
93 233
92 238
91 242
90 244
89 245
88 246
87 247
86 248
85 249
84 250
83 251
82 251
81 252
80 253
79 253
78 253
77 254
76 256
75 257
74 259
73 261
72 262
71 263
70 265
69 267
68 269
67 271
66 272
65 273
64 274
63 275
62 275
61 276
60 276
59 276
58 275
57 274
56 274
55 272
54 271
53 269
52 268
51 266
50 264
49 262
48 259
97 214
98 227
99 242
100 253
101 260
102 263
103 262
104 259
105 254
106 248
96 216
97 222
98 232
99 242
100 251
101 257
102 259
103 259
104 257
105 252
95 221
94 227
93 233
92 237
91 240
90 242
89 244
88 246
87 247
86 248
85 249
84 250
83 250
82 251
81 252
80 252
79 253
78 254
77 255
76 256
75 257
74 259
73 260
72 262
71 264
70 266
69 268
68 269
67 270
66 271
65 273
64 274
63 274
62 275
61 275
60 275
59 275
58 275
57 275
56 273
55 272
54 271
53 270
52 268
51 266
50 264
49 262
96 221
97 226
98 234
99 243
100 250
101 254
102 257
103 257
104 254
95 224
94 228
93 232
92 236
91 239
90 242
89 244
88 245
87 247
86 248
85 249
84 250
83 251
82 252
81 252
80 253
79 253
78 254
77 255
76 256
75 258
74 259
73 261
72 262
71 264
70 266
69 267
68 269
67 270
66 272
65 273
64 273
63 274
62 275
61 275
60 275
59 275
58 275
57 274
56 273
55 272
54 271
53 269
52 267
51 266
50 264
96 225
97 230
98 237
99 243
100 248
101 253
102 255
103 255
95 226
94 229
93 233
92 236
91 239
90 241
89 243
88 245
87 246
86 248
85 249
84 250
83 251
82 251
81 252
80 252
79 253
78 254
77 255
76 256
75 257
74 259
73 260
72 262
71 264
70 265
69 267
68 268
67 270
66 271
65 272
64 273
63 274
62 274
61 275
60 275
59 275
58 274
57 273
56 273
55 272
54 270
53 269
52 268
51 266
96 228
97 232
98 237
99 243
100 248
101 251
102 253
95 229
94 231
93 233
92 236
91 239
90 241
89 243
88 245
87 247
86 248
85 249
84 250
83 250
82 251
81 251
80 252
79 253
78 254
77 255
76 256
75 258
74 259
73 261
72 263
71 264
70 266
69 267
68 269
67 270
66 271
65 272
64 273
63 274
62 275
61 275
60 275
59 274
58 274
57 274
56 273
55 272
54 271
53 269
52 267
96 231
97 234
98 239
99 243
100 247
101 250
95 231
94 232
93 234
92 237
91 239
90 241
89 243
88 245
87 246
86 247
85 249
84 249
83 250
82 251
81 252
80 253
79 254
78 254
77 255
76 257
75 258
74 259
73 261
72 262
71 264
70 265
69 267
68 268
67 270
66 271
65 272
64 273
63 274
62 274
61 274
60 274
59 274
58 274
57 273
56 272
55 271
54 270
53 269
96 232
97 236
98 239
99 243
100 247
95 232
96 234
97 236
98 240
99 244
94 233
93 235
92 237
91 239
90 241
89 243
88 244
87 246
86 248
85 248
84 249
83 250
82 251
81 252
80 253
79 253
78 254
77 256
76 257
75 258
74 260
73 261
72 263
71 264
70 266
69 267
68 269
67 270
66 271
65 272
64 273
63 273
62 274
61 274
60 274
59 274
58 273
57 273
56 272
55 271
54 270
95 233
96 235
97 238
98 241
94 234
93 236
92 237
91 239
90 241
89 243
88 245
87 246
86 247
85 248
84 249
83 250
82 251
81 252
80 252
79 253
78 255
77 256
76 257
75 258
74 259
73 261
72 262
71 264
70 265
69 267
68 268
67 269
66 271
65 272
64 273
63 274
62 274
61 274
60 274
59 274
58 274
57 273
56 272
55 271
95 235
94 236
93 236
92 238
91 239
90 241
89 243
88 244
87 246
86 247
85 248
84 249
83 250
82 251
81 251
80 252
79 254
78 255
77 256
76 257
75 258
74 260
73 261
72 263
71 264
70 266
69 267
68 268
67 270
66 271
65 272
64 273
63 273
62 273
61 274
60 274
59 274
58 273
57 272
56 272
96 236
97 238
95 236
96 237
94 236
93 237
92 238
91 240
90 242
89 243
88 245
87 246
86 247
85 248
84 249
83 250
82 250
81 251
80 253
79 254
78 255
77 256
76 257
75 259
74 260
73 261
72 262
71 264
70 265
69 267
68 269
67 270
66 271
65 272
64 272
63 273
62 274
61 274
60 274
59 273
58 273
57 273
95 236
94 236
93 237
92 238
91 240
90 241
89 243
88 244
87 245
86 246
85 248
84 249
83 250
82 251
81 252
80 253
79 254
78 255
77 256
76 257
75 258
74 259
73 261
72 263
71 264
70 266
69 267
68 268
67 269
66 270
65 271
64 272
63 273
62 273
61 273
60 273
59 273
58 273
152 143
151 213
150 246
149 259
148 261
147 258
146 251
145 243
144 236
143 230
142 226
141 224
140 224
153 212
154 240
155 246
156 243
157 235
158 221
152 212
151 229
150 244
149 253
148 256
147 253
146 248
145 242
144 236
143 231
142 228
141 226
153 226
154 236
155 239
156 237
157 229
152 228
151 236
150 245
149 250
148 251
147 250
146 246
145 241
144 236
143 232
153 232
154 236
155 237
152 234
151 240
150 245
149 248
148 249
147 247
146 244
145 240
144 236
153 235
152 237
151 241
150 244
149 247
148 247
147 246
146 243
145 240
154 236
153 236
152 239
151 241
150 244
149 245
148 246
147 244
146 242
156 233
155 234
154 235
153 237
152 239
151 242
150 244
149 245
148 244
147 243
142 229
143 233
144 237
145 239
146 241
159 203
160 369
158 216
159 293
160 293
157 225
158 259
159 276
160 276
156 229
157 244
158 260
159 268
155 232
156 238
157 249
158 259
154 234
153 237
152 239
151 241
150 243
149 244
148 244
147 243
155 236
156 243
157 251
154 237
155 240
156 245
153 238
152 240
151 242
150 243
149 243
148 243
154 239
155 242
153 239
152 240
151 241
150 242
149 243
154 240
153 240
152 241
151 242
150 242
160 268
159 263
158 257
157 251
156 247
155 244
154 242
153 242
152 242
151 242
160 263
159 260
158 255
157 251
156 247
155 244
154 243
153 242
152 242
160 260
159 258
158 255
157 251
156 248
155 246
154 244
153 243
160 258
159 256
158 253
157 250
156 248
155 246
154 245
160 256
159 255
158 253
157 251
156 248
155 246
160 255
159 254
158 252
157 250
156 248
160 254
159 253
158 252
159 126
160 278
158 63
159 140
157 281
158 180
124 142
123 201
122 236
121 255
120 263
119 263
118 258
117 251
116 243
115 234
114 228
113 224
112 222
111 224
110 227
109 232
108 238
107 243
106 248
105 251
104 253
103 253
102 251
101 249
100 246
99 243
98 240
97 239
96 238
95 237
94 237
93 238
92 239
91 240
90 242
89 243
88 244
87 245
86 247
85 248
84 249
83 250
82 251
81 252
80 253
79 254
78 255
77 256
76 257
75 258
74 260
73 261
72 262
71 264
70 265
69 267
68 268
67 269
66 270
65 271
64 272
63 272
62 273
61 273
60 273
59 273
125 174
124 187
123 212
122 233
121 248
120 256
119 257
118 254
117 248
116 241
115 235
114 229
113 226
112 225
111 226
110 229
109 233
108 238
107 243
106 247
105 250
104 252
103 251
102 250
101 248
100 246
99 243
98 241
97 239
96 238
95 238
94 238
93 238
92 239
91 240
90 241
89 242
88 244
87 246
86 247
85 248
84 249
83 250
82 251
81 252
80 253
79 254
78 255
77 256
76 257
75 259
74 260
73 261
72 263
71 264
70 266
69 267
68 268
67 269
66 270
65 271
64 272
63 273
62 273
61 273
60 273
126 179
127 192
128 208
129 223
130 235
131 241
132 243
133 243
134 240
135 236
136 232
137 228
138 226
139 225
140 225
141 227
142 230
143 233
144 236
145 239
146 241
147 242
148 242
149 242
150 242
151 242
152 242
153 244
154 245
155 247
156 264
157 180
155 132
156 156
154 189
153 217
152 231
151 236
150 239
149 240
148 241
147 241
146 241
145 241
144 240
143 238
142 235
141 232
140 230
139 228
138 226
137 226
136 227
135 230
134 233
133 236
132 240
131 242
130 241
129 238
128 231
127 219
126 206
125 286
124 249
123 241
122 245
121 250
120 253
119 254
118 251
117 246
116 240
115 234
114 230
113 227
112 227
111 228
110 230
109 234
108 238
107 242
106 246
105 249
104 250
103 250
102 249
101 248
100 245
99 243
98 241
97 240
96 239
95 238
94 238
93 239
92 240
91 241
90 242
89 243
88 244
87 245
86 246
85 247
84 249
83 250
82 251
81 252
80 253
79 254
78 255
77 256
76 258
75 259
74 260
73 262
72 263
71 264
70 265
69 266
68 268
67 269
66 270
65 271
64 272
63 272
62 272
61 273
155 172
154 195
155 68
153 213
152 224
153 112
154 181
151 232
150 236
149 239
148 240
147 241
146 241
145 240
144 239
143 237
142 235
141 233
140 230
139 228
138 227
137 227
136 229
135 231
134 234
133 237
132 239
131 240
130 239
129 235
128 227
127 217
126 251
125 250
124 246
123 245
122 247
121 250
120 252
119 251
118 249
117 245
116 240
115 235
114 231
113 229
112 228
111 229
110 232
109 235
108 239
107 243
106 246
105 248
104 249
103 249
102 249
101 247
100 245
99 243
98 242
97 240
96 239
95 239
94 239
93 239
92 240
91 241
90 242
89 243
88 244
87 245
86 246
85 248
84 249
83 250
82 251
81 252
80 253
79 254
78 255
77 256
76 257
75 258
74 260
73 261
72 262
71 264
70 265
69 267
68 268
67 269
66 270
65 271
64 271
63 272
62 273
152 172
151 204
152 102
153 210
150 222
149 231
148 236
147 238
146 239
145 239
144 238
143 237
142 235
141 232
140 230
139 228
138 228
137 229
136 230
135 232
134 234
133 237
132 239
131 239
130 237
129 232
128 224
127 237
126 244
125 245
124 245
123 246
122 248
121 250
120 251
119 250
118 247
117 243
116 239
115 235
114 232
113 230
112 230
111 231
110 233
109 236
108 239
107 242
106 245
105 247
104 248
103 249
102 248
101 246
100 245
99 244
98 242
97 241
96 240
95 239
94 239
93 240
92 240
91 241
90 242
89 243
88 244
87 245
86 247
85 248
84 249
83 250
82 251
81 252
80 253
79 254
78 255
77 256
76 257
75 259
74 260
73 261
72 263
71 264
70 266
69 267
68 268
67 269
66 270
65 270
64 271
63 272
151 162
150 196
151 98
152 206
149 216
148 227
147 233
146 236
145 237
144 237
143 236
142 234
141 232
140 230
139 229
138 229
137 229
136 230
135 232
134 235
133 237
132 238
131 237
130 235
129 229
128 233
127 239
126 242
125 243
124 244
123 246
122 248
121 250
120 250
119 249
118 246
117 243
116 239
115 236
114 233
113 232
112 231
111 232
110 234
109 237
108 240
107 243
106 245
105 247
104 248
103 248
102 247
101 246
100 245
99 243
98 242
97 241
96 240
95 240
94 240
93 240
92 241
91 241
90 242
89 243
88 244
87 246
86 247
85 248
84 249
83 250
82 251
81 252
80 253
79 254
78 255
77 256
76 258
75 259
74 260
73 262
72 263
71 264
70 265
69 266
68 267
67 269
66 270
65 271
64 272
150 157
149 192
150 96
151 182
148 213
149 154
150 146
147 225
146 231
145 234
144 235
143 234
142 233
141 232
140 231
139 230
138 229
137 230
136 231
135 233
134 235
133 236
132 236
131 236
130 232
129 233
128 236
127 239
126 241
125 243
124 245
123 247
122 249
121 249
120 249
119 247
118 245
117 242
116 239
115 236
114 234
113 232
112 232
111 233
110 235
109 237
108 240
107 242
106 244
105 246
104 247
103 247
102 246
101 246
100 244
99 243
98 242
97 241
96 240
95 240
94 240
93 240
92 240
91 241
90 242
89 243
88 245
87 246
86 247
85 248
84 249
83 250
82 251
81 252
80 253
79 254
78 255
77 257
76 258
75 259
74 260
73 261
72 262
71 264
70 265
69 266
68 268
67 269
66 270
65 271
148 189
147 210
148 105
149 196
146 222
145 229
144 231
143 232
142 232
141 231
140 230
139 230
138 230
137 230
136 232
135 233
134 234
133 235
132 236
131 234
130 234
129 235
128 237
127 239
126 241
125 243
124 245
123 247
122 248
121 249
120 248
119 247
118 245
117 242
116 239
115 236
114 234
113 233
112 233
111 234
110 235
109 238
108 240
107 242
106 244
105 245
104 246
103 246
102 246
101 245
100 244
99 243
98 242
97 241
96 241
95 240
94 240
93 240
92 241
91 242
90 242
89 244
88 245
87 246
86 247
85 248
84 249
83 250
82 251
81 252
80 253
79 254
78 255
77 256
76 257
75 258
74 260
73 261
72 263
71 264
70 265
69 267
68 268
67 269
66 270
147 163
146 196
147 98
148 192
145 213
146 156
147 167
144 223
143 228
142 229
141 230
140 230
139 230
138 230
137 231
136 232
135 233
134 234
133 235
132 234
131 234
130 234
129 235
128 237
127 239
126 241
125 243
124 245
123 246
122 247
121 247
120 247
119 246
118 244
117 241
116 238
115 236
114 235
113 234
112 234
111 234
110 236
109 238
108 240
107 242
106 244
105 245
104 245
103 245
102 245
101 244
100 244
99 243
98 242
97 241
96 240
95 240
94 240
93 241
92 241
91 241
90 243
89 244
88 245
87 246
86 247
85 248
84 249
83 250
82 251
81 252
80 253
79 254
78 255
77 256
76 257
75 259
74 260
73 262
72 263
71 264
70 266
69 267
68 268
67 269
145 190
144 209
145 104
146 226
143 219
142 225
141 227
140 229
139 229
138 230
137 231
136 232
135 233
134 234
133 234
132 234
131 234
130 235
129 236
128 238
127 239
126 241
125 243
124 244
123 246
122 247
121 247
120 246
119 245
118 243
117 241
116 239
115 237
114 235
113 235
112 235
111 236
110 237
109 238
108 240
107 242
106 243
105 244
104 245
103 245
102 245
101 245
100 244
99 243
98 242
97 241
96 241
95 241
94 241
93 241
92 241
91 242
90 243
89 244
88 245
87 246
86 247
85 248
84 249
83 250
82 251
81 252
80 253
79 254
78 255
77 256
76 258
75 259
74 260
73 261
72 262
71 264
70 265
69 266
68 267
144 161
145 194
144 97
145 38
143 241
142 234
141 232
140 230
139 230
138 231
137 232
136 232
135 233
134 234
133 234
132 234
131 234
130 235
129 237
128 238
127 240
126 241
125 242
124 244
123 245
122 246
121 246
120 246
119 244
118 242
117 240
116 238
115 237
114 236
113 235
112 235
111 236
110 237
109 239
108 240
107 242
106 243
105 244
104 244
103 245
102 245
101 244
100 243
99 243
98 242
97 242
96 241
95 241
94 241
93 241
92 242
91 243
90 243
89 244
88 245
87 246
86 247
85 248
84 249
83 250
82 251
81 252
80 253
79 254
78 255
77 257
76 258
75 259
74 260
73 261
72 263
71 264
70 265
69 266
144 140
143 187
144 80
142 209
141 219
140 225
139 228
138 230
137 231
136 232
135 233
134 233
133 234
132 234
131 235
130 236
129 237
128 238
127 239
126 241
125 243
124 244
123 245
122 245
121 246
120 245
119 244
118 242
117 240
116 239
115 237
114 236
113 236
112 236
111 236
110 238
109 239
108 241
107 242
106 243
105 244
104 245
103 245
102 244
101 244
100 244
99 243
98 242
97 241
96 241
95 241
94 241
93 241
92 242
91 242
90 243
89 244
88 245
87 246
86 247
85 248
84 249
83 250
82 251
81 252
80 253
79 254
78 256
77 257
76 258
75 259
74 260
73 262
72 263
71 264
70 265
143 145
142 182
143 69
141 204
140 216
139 223
138 227
137 229
136 231
135 232
134 233
133 233
132 234
131 235
130 236
129 237
128 238
127 240
126 241
125 242
124 244
123 245
122 246
121 245
120 244
119 243
118 242
117 241
116 239
115 238
114 237
113 236
112 236
111 237
110 238
109 239
108 240
107 241
106 243
105 244
104 244
103 244
102 244
101 244
100 243
99 242
98 242
97 242
96 242
95 241
94 241
93 242
92 242
91 243
90 244
89 244
88 245
87 246
86 247
85 248
84 249
83 250
82 251
81 252
80 253
79 254
78 255
77 256
76 257
75 258
74 260
73 261
72 262
71 263
59 137
58 205
57 239
56 256
55 264
54 267
53 268
52 269
51 268
50 267
49 265
48 264
47 262
46 260
45 258
44 256
43 253
42 251
41 249
40 247
39 244
38 242
37 240
36 237
35 235
34 233
33 230
32 228
31 226
30 224
29 222
28 220
27 219
26 218
25 217
24 217
23 219
22 221
21 223
20 227
19 231
18 235
17 240
16 244
15 246
14 248
13 249
12 248
11 244
10 239
9 230
8 214
7 172
60 205
61 239
62 255
63 263
64 267
65 268
66 268
67 267
68 267
69 266
70 265
59 205
58 222
57 239
56 251
55 259
54 264
53 267
52 267
51 267
50 266
49 265
48 263
47 261
46 259
45 257
44 255
43 253
42 251
41 249
40 246
39 244
38 242
37 239
36 237
35 235
34 232
33 230
32 228
31 226
30 224
29 222
60 222
61 238
62 251
63 259
64 263
65 266
66 267
67 267
68 266
69 266
59 222
58 230
57 240
56 250
55 257
54 262
53 264
52 266
51 266
50 266
49 265
48 263
47 261
46 259
45 257
44 255
43 253
42 251
41 248
40 246
39 244
38 241
37 239
36 237
35 234
34 232
33 230
60 230
61 241
62 250
63 257
64 262
65 264
66 265
67 266
68 266
59 230
60 236
61 243
62 250
63 256
64 260
65 263
66 265
67 265
58 235
57 243
56 250
55 256
54 260
53 263
52 264
51 265
50 265
49 264
48 263
47 261
46 259
45 257
44 255
43 253
42 250
41 248
40 246
39 244
38 242
37 240
36 237
35 235
59 235
58 239
57 244
56 250
55 255
54 259
53 262
52 264
51 264
50 264
49 263
48 262
47 261
46 259
45 257
44 255
43 253
42 251
41 249
40 247
39 244
38 242
37 239
60 239
61 244
62 250
63 255
64 259
65 262
66 263
59 239
58 242
57 246
56 250
55 255
54 258
53 261
52 262
51 263
50 263
49 263
48 262
47 260
46 259
45 257
44 255
43 253
42 251
41 249
40 246
39 244
38 241
60 241
61 246
62 250
63 254
64 258
65 260
59 242
58 244
57 247
56 251
55 254
54 258
53 260
52 262
51 263
50 263
49 262
48 261
47 260
46 258
45 257
44 255
43 253
42 251
41 248
40 246
39 244
60 244
61 247
62 251
63 255
64 257
59 244
60 246
61 248
62 251
63 254
58 245
57 248
56 251
55 255
54 257
53 259
52 261
51 262
50 262
49 262
48 261
47 260
46 259
45 257
44 255
43 253
42 250
41 248
40 246
59 245
58 247
57 249
56 252
55 254
54 257
53 259
52 260
51 261
50 261
49 261
48 260
47 259
46 258
45 256
44 254
43 252
42 250
41 248
60 246
61 249
62 252
59 247
58 248
57 250
56 252
55 255
54 257
53 259
52 260
51 260
50 261
49 260
48 260
47 259
46 257
45 256
44 254
43 252
42 250
60 248
61 250
59 248
58 249
57 251
56 253
55 255
54 257
53 258
52 259
51 260
50 260
49 260
48 259
47 258
46 257
45 255
44 254
43 252
60 249
59 249
58 250
57 251
56 253
55 255
54 256
53 258
52 259
51 260
50 260
49 260
48 259
47 258
46 257
45 256
44 254
36 237
37 239
38 242
39 244
40 246
41 248
42 250
43 252
34 233
35 235
36 237
37 240
38 242
39 244
40 246
41 248
42 250
32 228
33 231
34 233
35 235
36 238
37 240
38 242
39 244
40 246
41 248
31 226
32 228
33 230
34 232
35 235
36 237
37 239
38 241
39 243
40 246
30 224
31 226
32 228
33 230
34 233
35 235
36 237
37 239
38 241
39 244
28 220
29 222
30 224
31 226
32 228
33 231
34 233
35 235
36 237
37 239
38 242
27 219
28 221
29 222
30 224
31 226
32 229
33 231
34 233
35 235
36 237
37 240
26 218
27 219
28 220
29 222
30 224
31 226
32 228
33 230
34 232
35 234
36 237
25 218
24 219
23 220
22 221
21 224
20 228
19 231
18 236
17 240
16 243
15 246
14 248
13 248
12 246
11 243
10 237
9 225
8 144
26 218
27 219
28 221
29 223
30 224
31 226
32 228
33 230
34 232
35 235
25 218
24 219
23 220
22 222
21 225
20 228
19 232
18 236
17 239
16 242
15 245
14 246
13 246
12 244
11 240
10 232
9 132
26 219
27 220
28 221
29 222
30 224
31 226
32 228
33 230
34 233
25 219
24 219
23 220
22 223
21 226
20 229
19 233
18 236
17 239
16 242
15 244
14 245
13 244
12 242
11 237
10 128
26 219
27 220
28 221
29 223
30 225
31 227
32 229
33 231
25 219
24 220
23 222
22 224
21 226
20 229
19 232
18 235
17 239
16 242
15 243
14 244
13 243
12 240
11 127
26 220
27 221
28 222
29 223
30 225
31 227
32 229
25 220
24 221
23 222
22 224
21 227
20 230
19 233
18 236
17 239
16 241
15 243
14 243
13 242
12 126
14 121
13 123
26 220
25 221
24 221
23 223
22 225
21 227
20 230
19 233
18 236
17 238
16 240
15 302
27 221
28 222
29 224
30 225
31 227
26 221
25 221
24 222
23 223
22 225
21 228
20 230
19 233
18 236
17 238
16 270
15 135
14 240
27 221
28 223
29 224
30 226
26 221
27 222
28 223
29 224
25 221
24 222
23 224
22 226
21 228
20 231
19 233
18 235
17 253
16 194
15 161
17 97
16 129
26 222
27 223
28 223
25 222
24 223
23 224
22 226
21 228
20 230
19 233
18 292
26 222
25 223
24 224
23 225
22 226
21 228
20 231
19 261
18 130
17 240
27 222
26 223
25 223
24 224
23 225
22 227
21 229
20 245
19 188
18 170
142 137
141 176
142 60
140 199
139 213
138 221
137 226
136 229
135 231
134 232
133 233
132 234
131 235
130 236
129 237
128 239
127 240
126 241
125 243
124 244
123 245
122 245
121 245
120 244
119 243
118 242
117 240
116 239
115 238
114 237
113 237
112 237
111 238
110 238
109 239
108 240
107 242
106 243
105 243
104 244
103 244
102 244
101 243
100 243
99 243
98 242
97 242
96 241
95 241
94 242
93 242
92 242
91 243
90 243
89 244
88 245
87 246
86 247
85 248
84 249
83 250
82 251
81 252
80 253
79 254
78 255
77 256
76 257
75 259
74 260
73 261
72 262
71 264
70 265
69 265
68 265
67 264
66 262
65 260
64 257
63 254
62 252
61 250
60 250
59 250
58 250
57 252
56 254
55 255
54 257
53 258
52 259
51 259
50 259
49 259
48 259
47 258
46 257
45 255
44 253
43 251
42 250
41 248
40 246
39 244
38 242
37 239
36 237
35 235
34 233
33 231
32 229
31 227
30 225
29 224
28 223
27 223
26 223
25 224
24 224
23 226
22 227
21 236
20 212
19 152
69 133
68 199
67 231
66 246
65 251
64 253
63 253
62 251
61 251
60 250
59 250
58 251
57 252
56 253
55 255
54 256
53 257
52 258
51 259
50 259
49 259
48 258
47 258
46 256
45 255
44 253
43 252
42 250
41 248
40 246
39 244
38 241
37 239
36 237
35 235
34 233
33 231
32 229
31 227
30 226
29 225
28 224
27 224
26 224
25 224
24 225
23 226
22 231
21 222
20 163
70 199
71 232
72 248
73 255
74 258
75 259
76 259
77 258
78 257
79 256
80 255
81 254
82 253
83 252
84 251
85 250
86 249
87 248
88 247
89 246
90 245
91 244
92 244
93 243
94 242
95 242
96 242
97 241
98 242
99 242
100 242
101 243
102 243
103 243
104 243
105 244
106 243
107 243
108 243
109 242
110 241
111 239
112 239
113 238
114 238
115 237
116 237
117 238
118 239
119 240
120 242
121 243
122 244
123 244
124 244
125 244
126 244
127 242
128 241
129 240
130 238
131 237
132 236
133 235
134 234
135 233
136 232
137 231
138 228
139 225
140 219
141 185
139 109
140 132
69 199
68 215
67 230
66 240
65 247
64 250
63 250
62 251
61 250
60 250
59 250
58 251
57 252
56 254
55 255
54 256
53 257
52 258
51 258
50 259
49 258
48 258
47 257
46 256
45 254
44 253
43 251
42 249
41 248
40 246
39 243
38 241
37 239
36 237
35 235
34 233
33 231
32 229
31 228
30 226
29 225
28 225
27 224
26 224
25 224
24 225
23 228
22 225
21 193
70 215
71 231
72 243
73 251
74 255
75 257
76 258
77 258
78 257
79 256
80 255
81 254
82 253
83 252
84 251
85 250
86 249
87 248
88 247
89 246
90 245
91 244
92 243
93 242
94 242
95 242
96 241
97 242
98 242
99 242
100 243
101 243
102 243
103 243
104 244
105 243
106 243
107 243
108 242
109 241
110 240
111 240
112 239
113 238
114 237
115 237
116 238
117 239
118 239
119 241
120 242
121 243
122 243
123 244
124 244
125 244
126 243
127 242
128 241
129 239
130 238
131 237
132 236
133 235
134 234
135 233
136 232
137 230
138 282
69 215
70 223
71 233
72 242
73 248
74 253
75 255
76 256
77 256
78 256
79 256
80 255
81 254
82 253
83 252
84 251
85 250
86 249
87 248
88 247
89 246
90 245
91 244
92 243
93 243
94 243
95 242
96 242
97 242
98 242
99 242
100 242
101 242
102 243
103 244
104 243
105 243
106 243
107 242
108 242
109 241
110 240
111 239
112 238
113 238
114 238
115 238
116 238
117 238
118 240
119 241
120 242
121 242
122 243
123 243
124 244
125 243
126 242
127 242
128 240
129 239
130 238
131 237
132 236
133 235
134 234
135 233
136 232
137 257
138 129
139 210
137 64
138 117
68 222
67 231
66 239
65 244
64 247
63 249
62 249
61 250
60 250
59 251
58 252
57 253
56 254
55 255
54 256
53 257
52 258
51 259
50 258
49 258
48 258
47 257
46 256
45 255
44 253
43 251
42 250
41 248
40 245
39 243
38 241
37 239
36 237
35 235
34 233
33 231
32 229
31 227
30 226
29 225
28 224
27 224
26 224
25 225
24 227
23 226
69 222
70 228
71 235
72 242
73 248
74 251
75 254
76 255
77 256
78 256
79 255
80 254
81 254
82 253
83 252
84 251
85 250
86 249
87 248
88 247
89 246
90 245
91 244
92 244
93 243
94 242
95 242
96 242
97 242
98 242
99 242
100 242
101 243
102 243
103 243
104 243
105 243
106 243
107 243
108 242
109 241
110 240
111 239
112 239
113 238
114 238
115 238
116 238
117 239
118 240
119 241
120 241
121 242
122 243
123 244
124 243
125 243
126 243
127 241
128 240
129 239
130 238
131 237
132 236
133 235
134 234
135 233
136 277
68 227
67 233
66 239
65 243
64 246
63 248
62 249
61 249
60 250
59 251
58 252
57 253
56 254
55 255
54 256
53 257
52 258
51 258
50 258
49 258
48 257
47 256
46 255
45 254
44 253
43 252
42 250
41 247
40 245
39 243
38 241
37 239
36 237
35 235
34 233
33 231
32 229
31 228
69 228
70 231
71 237
72 242
73 246
74 250
75 252
76 254
77 255
78 255
79 255
80 255
81 254
82 253
83 252
84 251
85 250
86 249
87 248
88 247
89 246
90 245
91 245
92 244
93 243
94 243
95 243
96 243
97 242
98 242
99 242
100 243
101 243
102 243
103 243
104 243
105 243
106 243
107 242
108 241
109 241
110 240
111 240
112 239
113 239
114 238
115 238
116 239
117 240
118 240
119 240
120 241
121 242
122 243
123 243
124 243
125 243
126 242
127 241
128 240
129 239
130 238
131 237
132 236
133 235
134 234
135 256
136 128
137 201
135 64
136 120
68 230
67 235
66 239
65 243
64 245
63 247
62 248
61 249
60 250
59 251
58 252
57 253
56 254
55 255
54 256
53 257
52 257
51 257
50 258
49 258
48 257
47 256
46 255
45 254
44 253
43 251
42 249
41 247
40 245
39 243
38 241
37 239
36 237
35 235
34 233
33 231
32 230
69 230
70 234
71 238
72 242
73 246
74 249
75 252
76 254
77 254
78 255
79 255
80 254
81 253
82 252
83 251
84 250
85 249
86 248
87 247
88 246
89 246
90 246
91 245
92 244
93 244
94 243
95 243
96 242
97 242
98 242
99 243
100 243
101 243
102 243
103 243
104 243
105 243
106 242
107 242
108 242
109 241
110 241
111 240
112 239
113 238
114 238
115 239
116 239
117 239
118 240
119 241
120 242
121 243
122 243
123 243
124 243
125 242
126 241
127 241
128 240
129 239
130 238
131 237
132 236
133 235
134 278
68 233
67 236
66 239
65 242
64 245
63 246
62 248
61 249
60 250
59 251
58 252
57 253
56 254
55 255
54 256
53 257
52 257
51 258
50 258
49 257
48 257
47 256
46 255
45 254
44 252
43 251
42 249
41 247
40 245
39 243
38 241
37 239
36 237
35 235
69 234
70 236
71 239
72 243
73 246
74 249
75 251
76 252
77 254
78 254
79 254
80 254
81 253
82 252
83 251
84 250
85 249
86 248
87 247
88 247
89 246
90 245
91 244
92 244
93 243
94 243
95 242
96 242
97 242
98 242
99 242
100 242
101 242
102 243
103 243
104 243
105 243
106 243
107 242
108 241
109 241
110 240
111 239
112 239
113 239
114 239
115 239
116 239
117 240
118 240
119 241
120 242
121 242
122 242
123 242
124 242
125 242
126 242
127 241
128 240
129 239
130 238
131 237
132 236
133 257
134 128
135 216
68 235
67 237
66 240
65 242
64 244
63 246
62 247
61 249
60 250
59 251
58 252
57 253
56 254
55 255
54 256
53 256
52 257
51 257
50 257
49 257
48 256
47 256
46 255
45 253
44 252
43 250
42 248
41 247
40 245
39 243
38 241
37 239
36 237
69 235
70 237
71 240
72 243
73 246
74 249
75 251
76 253
77 253
78 254
79 254
80 253
81 253
82 252
83 251
84 250
85 249
86 248
87 248
88 247
89 246
90 245
91 245
92 244
93 244
94 243
95 243
96 243
97 243
98 243
99 243
100 243
101 243
102 243
103 243
104 243
105 243
106 242
107 242
108 242
109 241
110 240
111 240
112 239
113 239
114 239
115 239
116 240
117 240
118 241
119 241
120 241
121 242
122 242
123 242
124 242
125 242
126 241
127 240
128 240
129 239
130 238
131 237
132 247
133 188
134 147
68 236
67 238
66 240
65 242
64 244
63 246
62 248
61 249
60 250
59 251
58 252
57 253
56 254
55 255
54 256
53 257
52 257
51 257
50 257
49 257
48 257
47 256
46 255
45 254
44 252
43 250
42 249
41 247
40 245
39 243
38 241
37 239
69 237
70 238
71 240
72 243
73 246
74 248
75 250
76 251
77 253
78 253
79 253
80 253
81 252
82 252
83 251
84 250
85 249
86 249
87 248
88 247
89 246
90 246
91 245
92 244
93 243
94 243
95 243
96 243
97 243
98 243
99 243
100 243
101 243
102 243
103 243
104 243
105 242
106 242
107 242
108 241
109 240
110 240
111 239
112 239
113 239
114 239
115 239
116 239
117 240
118 240
119 241
120 242
121 242
122 242
123 242
124 242
125 241
126 241
127 241
128 240
129 239
130 238
131 242
132 215
133 130
68 237
67 238
66 240
65 242
64 244
63 246
62 247
61 248
60 250
59 251
58 252
57 253
56 254
55 255
54 256
53 256
52 257
51 257
50 257
49 257
48 256
47 255
46 254
45 253
44 252
43 251
42 249
41 247
40 245
39 243
38 241
69 237
70 239
71 241
72 243
73 246
74 248
75 250
76 252
77 252
78 253
79 253
80 253
81 253
82 252
83 251
84 250
85 250
86 249
87 248
88 247
89 247
90 246
91 245
92 244
93 244
94 244
95 243
96 243
97 243
98 243
99 243
100 243
101 243
102 243
103 243
104 243
105 243
106 243
107 242
108 241
109 241
110 240
111 240
112 240
113 239
114 239
115 239
116 240
117 240
118 241
119 241
120 241
121 241
122 242
123 242
124 242
125 242
126 241
127 240
128 239
129 239
130 241
131 228
132 139
68 238
67 239
66 240
65 242
64 244
63 245
62 247
61 249
60 250
59 251
58 252
57 253
56 254
55 255
54 255
53 256
52 256
51 257
50 257
49 256
48 256
47 255
46 254
45 253
44 252
43 250
42 248
41 246
40 245
39 243
69 239
70 240
71 242
72 244
73 246
74 248
75 250
76 251
77 252
78 252
79 252
80 252
81 252
82 251
83 251
84 251
85 250
86 249
87 248
88 247
89 246
90 245
91 244
92 244
93 244
94 243
95 243
96 243
97 243
98 243
99 243
100 243
101 243
102 243
103 243
104 243
105 243
106 242
107 241
108 241
109 240
110 240
111 240
68 239
67 240
66 241
65 243
64 244
63 246
62 247
61 248
60 249
59 250
58 251
57 253
56 254
55 254
54 255
53 256
52 257
51 257
50 256
49 256
48 255
47 255
46 254
45 253
44 251
43 250
42 248
41 247
40 245
69 239
70 240
71 242
72 244
73 246
74 248
75 249
76 250
77 251
78 252
79 252
80 252
81 251
82 251
83 251
84 250
85 249
86 248
87 247
88 247
89 246
90 245
91 245
92 245
93 244
94 244
95 244
96 243
97 243
98 243
99 243
100 243
101 243
102 243
103 243
104 243
105 242
106 242
107 242
108 241
109 241
110 241
68 239
67 240
66 242
65 243
64 244
63 245
62 247
61 248
60 249
59 250
58 252
57 253
56 253
55 254
54 255
53 256
52 256
51 256
50 256
49 256
48 256
47 255
46 254
45 252
44 251
43 249
42 248
41 246
69 240
70 241
71 242
72 244
73 246
74 248
75 249
76 250
77 251
78 251
79 252
80 252
81 252
82 252
83 251
84 250
85 249
86 248
87 248
88 247
89 246
90 246
91 245
92 244
93 244
94 244
95 243
96 243
97 243
98 243
99 243
100 243
101 243
102 243
103 243
104 242
105 242
106 242
107 241
108 241
109 241
68 240
67 241
66 242
65 243
64 244
63 246
62 247
61 248
60 249
59 251
58 252
57 252
56 253
55 254
54 255
53 255
52 256
51 256
50 256
49 256
48 255
47 254
46 253
45 252
44 251
43 250
42 248
69 240
68 241
67 241
66 242
65 243
64 245
63 246
62 247
61 248
60 250
59 251
58 251
57 252
56 253
55 254
54 255
53 256
52 256
51 256
50 256
49 255
48 255
47 254
46 253
45 252
44 251
43 249
70 241
71 243
72 245
73 246
74 247
75 249
76 250
77 251
78 252
79 252
80 252
81 252
82 251
83 250
84 250
85 249
86 249
87 248
88 247
89 247
90 246
91 245
92 245
93 244
94 243
95 243
96 243
97 243
98 243
99 243
100 243
101 243
102 243
103 242
104 242
105 242
69 241
70 242
71 243
72 244
73 246
74 248
75 249
76 250
77 251
78 251
79 251
80 251
81 251
82 251
83 251
84 250
85 250
86 249
87 248
88 247
89 246
90 245
91 245
92 244
93 244
94 244
95 244
96 244
97 243
98 243
99 243
100 243
101 243
102 242
103 242
104 242
68 241
67 242
66 242
65 243
64 244
63 245
62 246
61 248
60 249
59 250
58 251
57 252
56 253
55 254
54 255
53 255
52 255
51 255
50 255
49 255
48 254
47 254
46 253
45 252
44 250
69 242
70 243
71 244
72 245
73 246
74 247
75 248
76 250
77 250
78 251
79 251
80 251
81 251
82 251
83 250
84 250
85 249
86 248
87 247
88 247
89 246
90 246
91 245
92 245
93 244
94 244
95 244
96 243
97 243
98 243
99 243
100 243
101 243
102 243
103 243
68 242
67 242
66 243
65 244
64 245
63 246
62 247
61 248
60 249
59 250
58 251
57 252
56 253
55 254
54 254
53 255
52 255
51 255
50 255
49 255
48 255
47 254
46 253
45 252
69 242
70 243
71 244
72 245
73 246
74 247
75 249
76 249
77 250
78 250
79 251
80 251
81 251
82 250
83 250
84 249
85 249
86 248
87 248
88 247
89 247
90 246
91 246
92 245
93 245
94 244
95 243
96 243
97 243
98 243
99 243
100 243
101 243
102 243
68 242
69 243
70 243
71 244
72 245
73 246
74 248
75 248
76 249
77 250
78 251
79 251
80 251
81 250
82 250
83 250
84 250
85 249
86 249
87 248
88 247
89 246
90 246
91 245
92 245
93 244
94 244
95 244
96 244
97 244
98 243
99 243
100 243
101 243
67 242
66 243
65 244
64 245
63 246
62 247
61 248
60 249
59 250
58 251
57 252
56 253
55 254
54 255
53 255
52 255
51 255
50 255
49 255
48 254
47 253
46 253
68 242
67 243
66 243
65 244
64 245
63 246
62 247
61 248
60 249
59 250
58 251
57 252
56 253
55 254
54 254
53 254
52 255
51 255
50 255
49 254
48 254
47 254
69 242
68 243
67 243
66 244
65 244
64 245
63 246
62 247
61 248
60 249
59 250
58 251
57 252
56 253
55 253
54 254
53 255
52 255
51 255
50 255
49 255
48 254
70 243
71 244
72 245
73 247
74 247
75 248
76 249
77 250
78 250
79 250
80 250
81 250
82 250
83 250
84 249
85 249
86 248
87 247
88 247
89 247
90 246
91 246
92 245
93 245
94 244
95 244
96 244
69 243
70 244
71 244
72 246
73 246
74 247
75 248
76 249
77 249
78 250
79 250
80 250
81 250
82 250
83 249
84 249
85 248
86 248
87 248
88 247
89 246
90 246
91 245
92 245
93 244
94 244
95 244
68 243
69 244
70 244
71 245
72 245
73 246
74 247
75 248
76 249
77 250
78 250
79 250
80 250
81 250
82 250
83 250
84 249
85 249
86 248
87 247
88 247
89 247
90 246
91 246
92 245
93 245
94 245
67 243
66 243
65 244
64 245
63 246
62 247
61 248
60 249
59 250
58 251
57 252
56 253
55 254
54 254
53 254
52 254
51 255
50 255
49 254
68 243
67 243
66 244
65 245
64 245
63 246
62 247
61 248
60 249
59 250
58 251
57 252
56 253
55 253
54 254
53 254
52 255
51 255
50 254
69 243
70 244
71 245
72 246
73 247
74 248
75 249
76 249
77 249
78 249
79 250
80 250
81 250
82 250
83 249
84 249
85 248
86 248
87 248
88 247
89 246
90 246
91 245
92 245
93 245
68 243
67 244
66 244
65 244
64 245
63 246
62 247
61 248
60 249
59 250
58 251
57 252
56 252
55 253
54 253
53 254
52 254
51 254
69 244
68 244
67 244
66 244
65 245
64 246
63 246
62 247
61 248
60 249
59 250
58 251
57 252
56 253
55 253
54 254
53 254
52 254
70 244
71 245
72 246
73 247
74 248
75 248
76 249
77 249
78 250
79 250
80 250
81 250
82 249
83 249
84 249
85 249
86 248
87 247
88 247
89 247
90 246
91 246
92 245
69 244
70 245
71 245
72 246
73 247
74 247
75 248
76 248
77 249
78 249
79 249
80 250
81 250
82 250
83 250
84 249
85 248
86 248
87 248
88 247
89 246
90 246
91 245
68 244
67 244
66 245
65 245
64 245
63 246
62 247
61 248
60 249
59 250
58 251
57 252
56 252
55 253
54 253
53 254
69 244
68 244
67 244
66 244
65 245
64 246
63 247
62 248
61 249
60 250
59 250
58 251
57 251
56 252
55 253
54 254
70 244
71 245
72 246
73 246
74 247
75 248
76 249
77 249
78 249
79 250
80 250
81 250
82 250
83 249
84 249
85 249
86 248
87 247
88 247
89 247
90 246
69 244
70 245
71 246
72 246
73 247
74 248
75 248
76 248
77 249
78 250
79 250
80 250
81 250
82 249
83 249
84 249
85 248
86 248
87 248
88 247
89 246
68 244
69 245
70 245
71 245
72 246
73 247
74 247
75 248
76 249
77 249
78 249
79 249
80 249
81 249
82 249
83 249
84 248
85 248
86 248
87 247
88 247
67 244
66 245
65 245
64 246
63 247
62 248
61 249
60 249
59 250
58 251
57 252
56 253
55 253
68 245
67 245
66 245
65 246
64 246
63 247
62 248
61 248
60 249
59 250
58 251
57 252
56 252
69 245
68 245
67 245
66 245
65 245
64 246
63 247
62 247
61 248
60 249
59 250
58 251
57 251
70 245
71 246
72 246
73 246
74 247
75 248
76 248
77 249
78 249
79 249
80 249
81 249
82 249
83 249
84 249
85 249
86 248
87 248
69 245
70 246
71 246
72 246
73 247
74 248
75 248
76 249
77 249
78 249
79 249
80 249
81 249
82 249
83 249
84 249
85 248
86 248
68 245
67 245
66 245
65 246
64 247
63 247
62 248
61 249
60 250
59 251
58 251
69 245
68 245
67 245
66 246
65 246
64 246
63 247
62 248
61 249
60 250
59 250
70 245
69 245
68 245
67 246
66 246
65 246
64 247
63 247
62 248
61 249
60 249
71 245
72 246
73 247
74 247
75 248
76 248
77 248
78 249
79 249
80 249
81 249
82 249
83 249
84 248
85 248
70 245
71 246
72 247
73 247
74 248
75 248
76 248
77 249
78 249
79 249
80 249
81 249
82 249
83 248
84 248
69 245
70 246
71 246
72 246
73 247
74 247
75 247
76 248
77 248
78 248
79 249
80 249
81 249
82 249
83 249
68 245
69 246
70 246
71 246
72 247
73 247
74 247
75 248
76 248
77 248
78 249
79 249
80 249
81 249
82 249
67 245
68 246
69 246
70 246
71 247
72 247
73 247
74 248
75 248
76 248
77 249
78 249
79 249
80 249
81 249
66 245
65 246
64 246
63 247
62 248
61 248
67 246
66 246
65 246
64 247
63 248
62 248
68 246
67 246
66 246
65 247
64 247
63 247
69 246
68 246
67 246
66 247
65 247
64 247
70 246
69 246
68 246
67 246
66 246
65 246
71 246
70 246
69 246
68 246
67 246
66 246
72 246
73 247
74 247
75 247
76 248
77 248
78 248
79 248
80 249
71 246
72 247
73 247
74 247
75 248
76 248
77 248
78 248
79 249
70 246
71 247
72 247
73 247
74 248
75 248
76 248
77 248
78 249
69 246
70 247
71 247
72 247
73 247
74 247
75 247
76 248
77 249
68 246
67 246
69 246
68 246
70 246
69 246
71 246
70 246
72 246
73 247
74 247
75 248
76 248
71 246
72 247
73 247
74 248
75 248
97 243
96 243
95 244
94 244
93 244
92 245
91 246
90 246
89 247
88 247
87 247
86 247
85 248
84 249
83 249
82 249
81 249
80 249
79 249
78 249
77 248
76 248
98 243
97 243
96 244
95 244
94 244
93 245
92 245
91 245
90 246
89 246
88 247
87 247
86 248
85 248
84 248
83 248
82 248
81 248
80 248
79 248
78 248
77 248
99 243
98 243
97 244
96 244
95 244
94 245
93 245
92 245
91 246
90 246
89 247
88 247
87 248
86 248
85 248
84 248
83 248
82 248
81 248
80 248
79 248
78 248
100 243
99 243
98 244
97 244
96 244
95 244
94 244
93 244
92 245
91 245
90 246
89 246
88 247
87 247
86 247
85 248
84 248
83 248
82 248
81 248
80 248
79 248
106 241
105 242
104 243
103 243
102 243
101 243
100 243
99 243
98 243
97 243
96 243
95 244
94 244
93 245
92 245
91 246
90 246
89 247
88 247
87 247
86 248
85 248
84 248
83 248
82 248
81 248
80 248
107 241
106 242
105 242
104 242
103 242
102 242
101 242
100 242
99 243
98 243
97 243
96 244
95 244
94 245
93 245
92 246
91 246
90 246
89 246
88 246
87 247
86 247
85 247
84 248
83 248
82 248
81 248
108 241
107 242
106 242
105 242
104 242
103 242
102 242
101 242
100 243
99 243
98 243
97 244
96 244
95 244
94 244
93 245
92 245
91 245
90 246
89 246
88 247
87 247
86 247
85 248
84 248
83 248
82 248
112 239
111 240
110 240
109 240
108 241
107 241
106 241
105 242
104 242
103 242
102 242
101 243
100 243
99 243
98 244
97 244
96 244
95 244
94 245
93 245
92 245
91 246
90 246
89 247
88 247
87 247
86 248
85 248
84 248
83 248
113 239
112 240
111 240
110 240
109 241
108 241
107 241
106 242
105 242
104 242
103 242
102 243
101 243
100 243
99 243
98 243
97 243
96 243
95 244
94 244
93 244
92 245
91 245
90 246
89 246
88 246
87 247
86 247
85 247
84 247
114 239
113 240
112 240
111 240
110 241
109 241
108 241
107 242
106 242
105 242
104 242
103 243
102 243
101 243
100 243
99 243
98 243
97 243
96 244
95 244
94 244
93 245
92 245
91 246
90 246
89 246
88 247
87 247
86 247
85 247
115 240
114 240
113 240
112 240
111 240
110 240
109 240
108 241
107 241
106 241
105 241
104 242
103 242
102 242
101 242
100 242
99 243
98 243
97 244
96 244
95 244
94 245
93 245
92 246
91 246
90 246
89 247
88 247
87 247
86 247
116 240
115 240
114 240
113 240
112 240
111 240
110 240
109 241
108 241
107 241
106 241
105 242
104 242
103 242
102 242
101 242
100 243
99 243
98 244
97 244
96 244
95 245
94 245
93 245
92 245
91 245
90 246
89 246
88 246
87 247
117 240
116 240
115 240
114 240
113 240
112 240
111 240
110 241
109 241
108 241
107 241
106 242
105 242
104 242
103 242
102 242
101 243
100 243
99 243
98 243
97 243
96 244
95 244
94 244
93 245
92 245
91 246
90 246
89 246
88 247
118 240
119 241
120 241
121 242
122 242
123 242
124 242
125 241
126 241
117 240
118 241
119 241
120 242
121 242
122 242
123 242
124 241
125 241
116 240
117 241
118 241
119 241
120 241
121 241
122 241
123 241
124 241
115 240
114 240
113 240
112 240
111 241
110 241
109 241
108 241
107 242
106 242
105 242
104 242
103 242
102 243
101 243
100 243
99 243
98 243
97 244
96 244
95 244
94 245
93 245
92 246
91 246
90 246
89 247
116 240
115 240
114 240
113 240
112 240
111 240
110 240
109 240
108 241
107 241
106 241
105 241
104 242
103 243
102 243
101 243
100 243
99 243
98 244
97 244
96 244
95 245
94 245
93 245
92 245
91 245
90 246
117 240
116 240
115 240
114 240
113 240
112 240
111 240
110 240
109 241
108 241
107 241
106 241
105 242
104 242
103 242
102 242
101 242
100 242
99 243
98 243
97 243
96 244
95 244
94 244
93 245
92 245
91 246
118 240
119 241
120 241
121 241
122 241
123 241
117 240
118 241
119 241
120 241
121 241
122 241
116 240
117 241
118 241
119 241
120 241
121 241
115 240
116 241
117 241
118 241
119 241
120 241
114 240
113 240
112 240
111 240
110 241
109 241
108 241
107 241
106 242
105 242
104 242
103 242
102 242
101 242
100 243
99 243
98 243
97 244
96 244
95 244
94 245
93 245
92 246
115 240
114 240
113 240
112 240
111 241
110 241
109 241
108 241
107 242
106 242
105 242
104 242
103 242
102 242
101 243
100 243
99 243
98 244
97 244
96 244
95 245
94 245
93 245
116 240
115 240
114 240
113 240
112 241
111 241
110 241
109 241
108 242
107 242
106 242
105 242
104 242
103 242
102 243
101 243
100 243
99 244
98 244
97 244
96 244
95 244
94 244
117 240
116 240
115 240
114 240
113 240
112 240
111 240
110 240
109 241
108 241
107 241
106 241
105 241
104 242
103 243
102 243
101 243
100 243
99 243
98 243
97 243
96 244
95 244
118 240
117 240
116 240
115 240
114 240
113 240
112 240
111 240
110 241
109 241
108 241
107 241
106 241
105 242
104 242
103 242
102 242
101 242
100 243
99 243
98 243
97 244
96 244
119 240
118 240
117 240
116 240
115 240
114 240
113 240
112 240
111 241
110 241
109 241
108 241
107 241
106 242
105 242
104 242
103 242
102 242
101 243
100 243
99 243
98 244
97 244
127 240
126 240
125 241
124 241
123 241
122 241
121 241
120 241
119 241
118 241
117 241
116 241
115 241
114 241
113 241
112 241
111 241
110 241
109 241
108 241
107 242
106 242
105 242
104 242
103 242
102 243
101 243
100 243
99 244
98 244
128 240
127 240
126 241
125 241
124 241
123 241
122 241
121 241
120 241
119 241
118 241
117 241
116 241
115 241
114 241
113 241
112 241
111 241
110 241
109 241
108 242
107 242
106 242
105 242
104 242
103 243
102 243
101 243
100 243
99 243
129 240
130 234
131 160
128 240
129 237
130 187
127 241
126 241
125 241
124 241
123 241
122 241
121 241
120 241
119 241
118 241
117 241
116 241
115 241
114 241
113 241
112 241
111 241
110 241
109 241
108 241
107 241
106 241
105 241
104 242
103 242
102 242
101 242
100 243
128 239
127 240
128 120
129 218
127 60
128 130
126 270
125 255
126 128
127 223
124 248
125 188
126 159
123 245
124 217
125 148
122 243
123 230
124 160
121 242
122 236
123 183
120 241
121 239
122 211
119 241
118 241
117 241
116 241
115 241
114 241
113 241
112 241
111 241
110 241
109 241
108 241
107 241
106 241
105 242
104 242
103 242
102 242
101 243
120 240
119 240
120 120
121 240
119 60
120 150
118 270
117 255
118 128
119 240
116 248
117 188
118 172
115 244
116 216
117 157
114 242
115 229
116 166
113 241
114 235
115 187
112 241
113 238
114 213
111 241
110 241
109 241
108 241
107 241
106 242
105 242
104 242
103 242
102 243
112 240
111 240
112 120
113 241
111 60
112 149
110 270
109 256
110 128
111 238
108 249
109 188
110 169
107 246
108 217
109 152
106 244
107 230
108 158
105 243
106 236
107 175
104 243
105 239
106 196
103 243
104 241
105 218
34 233
35 235
36 237
37 239
38 241
39 243
40 244
41 246
42 248
43 249
44 251
45 252
46 253
47 253
48 254
49 254
50 254
51 254
52 254
53 254
54 253
55 253
56 252
57 252
58 251
59 250
60 249
61 249
62 248
63 248
64 247
65 247
66 247
67 247
68 246
69 246
70 246
71 247
72 247
73 247
74 247
75 247
76 248
77 248
78 248
79 248
80 248
81 248
82 248
83 248
84 248
85 248
86 248
87 247
88 247
89 246
90 246
91 246
92 245
93 245
94 245
95 245
96 244
97 244
98 243
99 243
100 243
101 243
102 243
103 242
33 232
34 233
35 235
36 237
37 239
38 241
39 243
40 245
41 247
42 248
43 250
44 251
45 252
46 252
47 253
48 253
49 254
50 254
51 254
52 254
53 253
54 253
55 252
56 252
57 251
58 250
59 250
60 250
61 249
62 248
63 247
64 247
65 247
66 247
67 246
68 246
69 246
70 247
71 247
72 247
73 247
74 247
75 248
76 248
77 248
78 248
79 248
80 248
81 248
82 248
83 248
84 248
85 248
86 247
87 247
88 246
89 246
90 246
91 245
92 245
93 245
94 245
95 244
96 244
97 243
98 243
99 243
100 243
101 243
102 242
103 121
104 239
102 61
103 138
30 227
31 228
32 230
33 231
34 233
35 235
36 237
37 239
38 241
39 243
40 245
41 246
42 248
43 249
44 250
45 251
46 252
47 253
48 254
49 254
50 254
51 254
52 254
53 254
54 253
55 253
56 252
57 251
58 251
59 250
60 249
61 248
62 248
63 248
64 248
65 247
66 246
67 246
68 246
69 247
70 247
71 247
72 247
73 247
74 248
75 248
76 248
77 248
78 248
79 248
80 248
81 248
82 248
83 248
84 248
85 247
86 247
87 247
88 247
89 247
90 246
91 246
92 246
93 245
94 244
95 244
96 244
97 244
98 244
99 244
100 243
101 273
29 226
30 227
31 229
32 230
33 232
34 234
35 235
36 237
37 239
38 241
39 243
40 244
41 246
42 247
43 249
44 250
45 251
46 252
47 253
48 253
49 253
50 254
51 254
52 254
53 253
54 253
55 252
56 252
57 252
58 251
59 250
60 249
61 249
62 248
63 248
64 247
65 247
66 247
67 247
68 247
69 247
70 247
71 247
72 247
73 248
74 248
75 248
76 248
77 248
78 248
79 248
80 248
81 248
82 248
83 248
84 247
85 247
86 247
87 247
88 247
89 246
90 246
91 246
92 245
93 245
94 245
95 245
96 244
97 244
98 244
99 243
100 258
101 129
102 216
100 65
101 133
28 225
29 226
30 227
31 228
32 230
33 232
34 233
35 235
36 237
37 239
38 241
39 242
40 244
41 246
42 248
43 249
44 250
45 251
46 252
47 252
48 253
49 254
50 254
51 254
52 253
53 253
54 253
55 253
56 252
57 251
58 250
59 250
60 250
61 249
62 249
63 248
64 248
65 247
66 247
67 247
68 247
69 247
70 247
71 247
72 247
73 247
74 247
75 247
76 247
77 248
78 248
79 248
80 248
81 248
82 248
83 247
84 247
85 247
86 247
87 247
88 246
89 246
90 246
91 245
92 245
93 245
94 245
95 244
96 244
97 244
98 243
99 283
27 225
28 226
29 226
30 227
31 229
32 230
33 231
34 233
35 235
36 237
37 239
38 241
39 243
40 245
41 246
42 247
43 248
44 250
45 251
46 252
47 253
48 253
49 253
50 253
51 253
52 253
53 253
54 253
55 252
56 252
57 251
58 251
59 250
60 249
61 249
62 248
63 248
64 247
65 247
66 247
67 247
68 247
69 247
70 247
71 247
72 247
73 247
74 247
75 247
76 248
77 248
78 248
79 248
80 248
81 248
82 248
83 248
84 248
85 248
86 248
87 247
88 247
89 247
90 246
91 246
92 246
93 245
94 244
95 244
96 244
97 243
98 263
99 132
100 226
98 66
99 145
26 225
25 226
24 226
23 113
22 239
27 225
26 225
25 225
24 169
23 186
28 225
29 226
30 228
31 229
32 230
33 232
34 234
35 236
36 238
37 240
38 241
39 243
40 244
41 246
42 247
43 249
44 250
45 251
46 252
47 252
48 253
49 253
50 253
51 253
52 253
53 253
54 252
55 252
56 251
57 251
58 250
59 250
60 250
61 249
62 249
63 248
64 248
65 248
66 247
67 247
68 247
69 247
70 247
71 247
72 247
73 247
74 247
75 248
76 248
77 248
78 248
79 248
80 248
81 248
82 248
83 248
84 248
85 248
86 247
87 247
88 247
89 246
90 246
91 246
92 245
93 245
94 245
95 245
96 244
97 287
27 225
28 226
29 227
30 228
31 229
32 231
33 232
34 234
35 236
36 238
37 239
38 241
39 242
40 244
41 245
42 247
43 248
44 249
45 250
46 251
47 252
48 252
49 253
50 253
51 253
52 253
53 253
54 253
55 252
56 252
57 251
58 251
59 250
60 249
61 249
62 248
63 248
64 248
65 247
66 247
67 247
68 247
69 247
70 247
71 247
72 247
73 247
74 248
75 248
76 248
77 248
78 248
79 248
80 248
81 248
82 248
83 248
84 248
85 247
86 247
87 247
88 246
89 246
90 246
91 245
92 245
93 245
94 245
95 244
96 266
97 133
98 239
26 225
27 226
28 226
29 227
30 228
31 229
32 230
33 232
34 234
35 236
36 237
37 239
38 241
39 243
40 244
41 246
42 247
43 248
44 249
45 250
46 251
47 252
48 253
49 253
50 253
51 253
52 253
53 253
54 252
55 252
56 251
57 251
58 250
59 250
60 250
61 249
62 249
63 248
64 247
65 247
66 247
67 247
68 247
69 247
70 247
71 247
72 247
73 248
74 248
75 248
76 248
77 248
78 248
79 248
80 248
81 248
82 248
83 248
84 247
85 247
86 247
87 246
88 246
89 246
90 245
91 245
92 245
93 245
94 244
95 255
96 194
97 153
95 97
96 114
25 197
26 212
25 106
24 205
27 219
26 162
25 162
28 223
29 226
30 227
31 229
32 231
33 233
34 234
35 235
36 237
37 239
38 241
39 242
40 244
41 245
42 247
43 248
44 249
45 250
46 251
47 252
48 252
49 252
50 253
51 253
52 253
53 252
54 252
55 252
56 252
57 251
58 251
59 250
60 249
61 249
62 248
63 248
64 248
65 248
66 248
67 247
68 247
69 247
70 247
71 247
72 248
73 248
74 248
75 248
76 248
77 248
78 248
79 248
80 248
81 248
82 248
83 247
84 247
85 247
86 247
87 247
88 247
89 246
90 246
91 246
92 246
93 245
94 299
95 207
94 103
95 12
93 201
92 223
93 111
94 162
91 234
90 240
89 243
88 244
87 245
86 246
85 247
84 247
83 247
82 247
81 248
80 248
79 248
78 248
77 248
76 248
75 248
74 248
73 248
72 248
71 248
70 247
69 247
68 247
67 247
66 247
65 247
64 247
63 247
62 248
61 248
60 249
59 249
58 249
57 250
56 250
55 251
54 252
53 252
52 252
51 252
50 252
49 253
48 253
47 252
46 252
45 252
44 251
43 250
42 249
41 248
40 247
39 246
38 244
37 243
36 241
35 239
34 237
33 235
32 234
31 232
30 231
29 229
28 228
27 306
26 197
28 153
27 166
29 190
30 209
29 105
28 222
31 220
32 226
33 230
34 233
35 235
36 237
37 239
38 241
39 242
40 244
41 246
42 247
43 248
44 249
45 250
46 251
47 252
48 252
49 252
50 253
51 253
52 253
53 253
54 252
55 252
56 252
57 251
58 251
59 250
60 249
61 249
62 248
63 248
64 248
65 248
66 247
67 247
68 247
69 247
70 247
71 247
72 247
73 247
74 247
75 247
76 247
77 247
78 247
79 248
80 248
81 248
82 248
83 248
84 248
85 247
86 247
87 247
88 246
89 245
90 244
91 242
92 293
93 228
92 114
93 12
91 204
90 223
91 111
92 151
89 234
88 240
87 243
86 245
85 246
84 246
83 247
82 247
81 247
80 248
79 248
78 248
77 248
76 248
75 248
74 248
73 248
72 248
71 247
70 247
69 247
68 247
67 247
66 247
65 247
64 247
63 248
62 248
61 248
60 249
59 249
58 249
57 250
56 250
55 251
54 252
53 252
52 252
51 252
50 252
49 253
48 252
47 252
46 252
45 251
44 251
43 250
42 249
41 248
40 247
39 246
38 244
37 242
36 241
35 239
34 237
33 235
32 232
31 229
30 277
29 224
90 172
89 206
88 224
87 234
86 240
85 243
84 245
83 246
82 247
81 248
80 248
79 248
78 248
77 248
76 248
75 248
74 248
73 248
72 247
71 247
70 247
69 247
68 247
67 247
66 247
65 247
64 248
63 248
62 248
61 248
60 248
59 249
58 250
57 250
56 251
55 251
54 251
53 251
52 252
51 252
50 253
49 252
48 252
47 252
46 251
45 251
44 250
43 250
42 249
41 248
40 247
39 245
38 243
37 242
36 240
35 239
34 237
33 235
32 232
31 255
30 190
32 128
31 141
33 180
34 207
33 103
32 205
35 222
36 231
37 236
38 239
39 241
40 243
41 245
42 246
43 247
44 249
45 250
46 251
47 251
48 252
49 252
50 252
51 253
52 252
53 252
54 252
55 252
56 251
57 251
58 250
59 250
60 250
61 249
62 249
63 248
64 248
65 248
66 248
67 248
68 248
69 247
70 247
71 247
72 247
73 247
74 247
75 247
76 247
77 247
78 248
79 248
80 248
81 248
82 248
83 247
84 247
85 246
86 244
87 242
88 238
89 231
90 219
91 215
89 109
90 128
88 170
87 204
88 102
89 173
86 223
85 234
84 240
83 244
82 245
81 246
80 247
79 247
78 247
77 248
76 248
75 248
74 248
73 247
72 247
71 247
70 247
69 247
68 247
67 247
66 247
65 247
64 247
63 248
62 248
61 249
60 249
59 249
58 250
57 250
56 251
55 251
54 251
53 252
52 252
51 252
50 252
49 252
48 252
47 252
46 251
45 251
44 250
43 250
42 249
41 247
40 246
39 245
38 243
37 241
36 238
35 234
34 280
33 227
87 163
86 199
87 99
88 186
85 219
84 231
83 238
82 242
81 245
80 246
79 247
78 248
77 248
76 248
75 248
74 247
73 247
72 247
71 247
70 247
69 247
68 247
67 247
66 247
65 247
64 248
63 248
62 248
61 248
60 248
59 249
58 249
57 250
56 250
55 250
54 251
53 251
52 252
51 252
50 252
49 252
48 252
47 251
46 251
45 250
44 250
43 249
42 248
41 247
40 246
39 244
38 243
37 240
36 237
35 259
34 209
86 159
85 195
86 97
87 177
84 217
85 157
86 152
83 229
82 237
81 241
80 244
79 246
78 247
77 247
76 247
75 247
74 247
73 247
72 247
71 247
70 247
69 247
68 247
67 247
66 247
65 248
64 248
63 248
62 248
61 248
60 249
59 249
58 250
57 250
56 250
55 251
54 251
53 252
52 252
51 252
50 252
49 252
48 251
47 251
46 251
45 251
44 250
43 249
42 248
41 247
40 245
39 244
38 242
37 240
36 250
35 173
37 125
36 128
84 193
83 215
84 107
85 210
82 228
81 236
80 241
79 244
78 245
77 246
76 247
75 247
74 247
73 247
72 247
71 247
70 247
69 247
68 247
67 247
66 248
65 248
64 248
63 248
62 248
61 249
60 249
59 250
58 250
57 250
56 251
55 251
54 252
53 252
52 252
51 252
50 252
49 252
48 252
47 252
46 251
45 250
44 250
43 249
42 248
41 247
40 246
39 244
38 304
37 199
83 168
82 202
83 101
84 208
81 222
82 162
83 177
80 233
79 239
78 243
77 245
76 246
75 246
74 247
73 247
72 247
71 247
70 247
69 247
68 247
67 248
66 248
65 248
64 248
63 248
62 249
61 249
60 249
59 249
58 249
57 250
56 250
55 251
54 251
53 251
52 251
51 251
50 252
49 252
48 252
47 251
46 251
45 251
44 250
43 249
42 248
41 247
40 245
39 275
38 207
81 197
80 218
81 109
82 225
79 230
78 237
77 242
76 244
75 246
74 246
73 247
72 247
71 247
70 247
69 247
68 247
67 247
66 247
65 247
64 247
63 248
62 248
61 248
60 249
59 249
58 250
57 250
56 251
55 251
54 251
53 251
52 251
51 252
50 252
49 252
48 251
47 251
46 251
45 250
44 249
43 249
42 248
41 246
40 261
39 180
41 131
40 133
42 188
43 218
42 109
41 196
44 234
45 242
46 246
47 249
48 250
49 250
50 251
51 251
52 252
53 252
54 252
55 251
56 251
57 251
58 250
59 250
60 249
61 249
62 249
63 248
64 248
65 248
66 248
67 248
68 248
69 248
70 248
71 248
72 248
73 247
74 247
75 246
76 246
77 245
78 244
79 241
80 290
81 208
79 145
80 141
78 193
77 218
78 109
79 170
76 231
77 170
78 138
75 239
74 243
73 245
72 246
71 247
70 247
69 247
68 247
67 247
66 247
65 247
64 248
63 248
62 248
61 249
60 249
59 249
58 250
57 250
56 250
55 251
54 251
53 251
52 251
51 252
50 251
49 251
48 251
47 250
46 249
45 247
44 244
43 293
42 203
44 147
43 157
76 205
75 224
76 112
77 177
74 234
75 173
76 139
73 240
74 207
75 169
72 243
71 245
70 246
69 247
68 247
67 247
66 247
65 248
64 248
63 248
62 248
61 248
60 249
59 250
58 250
57 250
56 251
55 251
54 251
53 251
52 252
51 251
50 251
49 251
48 250
47 250
46 249
45 320
44 204
46 160
45 172
73 225
72 235
73 118
74 233
71 240
72 179
73 195
70 244
69 245
68 246
67 247
66 248
65 248
64 248
63 248
62 248
61 249
60 249
59 249
58 249
57 250
56 250
55 250
54 250
53 251
52 251
51 251
50 251
49 251
48 251
47 330
46 220
48 165
47 179
71 212
70 228
71 114
72 219
69 237
70 176
71 157
68 242
69 209
70 160
67 245
66 246
65 247
64 247
63 248
62 249
61 249
60 249
59 249
58 250
57 250
56 250
55 250
54 251
53 251
52 251
51 251
50 251
49 333
48 214
50 167
49 157
51 209
50 173
52 230
53 241
52 120
51 221
54 246
53 183
52 159
55 249
54 216
53 154
56 250
55 233
54 174
57 250
56 241
55 202
58 250
59 250
60 250
61 249
62 249
63 249
64 249
65 248
66 248
67 247
68 351
69 195
67 175
68 119
66 211
67 109
65 229
66 128
64 238
65 159
63 243
64 192
57 246
58 248
57 124
56 230
58 62
57 128
59 280
60 264
59 132
58 205
60 66
59 111
61 290
60 191
62 391
61 221
62 101
63 222
