7516
91 491
92 654
90 629
89 685
91 641
90 663
93 615
92 628
91 646
94 574
93 601
92 623
88 500
87 662
89 582
88 622
90 614
89 618
91 618
90 618
86 559
85 757
87 591
86 674
88 605
87 639
89 611
88 625
76 485
77 565
78 524
75 508
76 536
77 530
47 475
98 475
55 474
56 635
57 497
68 472
67 682
66 661
59 471
58 626
60 568
59 597
74 469
75 503
76 517
73 467
74 485
75 501
53 463
54 692
55 664
56 581
57 604
58 601
26 455
25 663
24 728
32 442
43 440
120 435
119 532
31 434
30 611
29 458
106 430
107 562
108 687
109 515
110 682
44 425
45 465
46 576
111 423
112 434
37 421
36 536
118 414
23 411
38 405
37 470
39 411
40 508
38 440
39 474
27 395
26 529
25 628
24 519
28 499
27 514
26 571
25 545
113 395
114 533
115 502
116 407
117 475
84 392
85 533
86 586
87 606
83 449
84 491
85 539
86 573
82 478
83 485
84 512
85 542
8 382
9 573
10 638
11 688
12 480
13 398
65 381
14 374
102 368
34 365
35 495
33 486
34 491
36 483
35 487
37 462
36 474
38 468
37 471
32 460
31 536
30 497
29 498
28 506
27 538
26 542
33 475
32 506
31 501
30 500
29 503
28 520
27 531
34 481
33 494
32 497
31 499
30 501
29 511
28 521
35 477
34 485
33 491
32 495
31 498
30 504
29 512
36 474
35 480
34 486
33 490
32 494
31 499
30 506
104 362
103 529
105 479
106 521
107 604
108 559
109 621
110 522
104 504
105 513
106 558
107 559
108 590
109 556
111 478
110 517
112 436
113 485
114 494
111 476
112 481
113 487
115 451
114 469
116 463
115 466
22 360
23 440
24 493
25 518
26 524
27 523
28 518
29 512
21 404
22 422
23 457
24 487
25 505
26 514
27 516
28 514
15 353
16 446
17 562
18 527
19 596
20 584
21 503
22 480
23 484
24 495
25 505
26 511
27 512
49 353
48 505
47 540
50 485
49 495
48 518
51 419
52 518
53 605
54 635
55 608
56 606
57 603
50 457
49 487
51 487
52 546
53 590
54 599
55 602
56 602
50 487
51 517
52 554
53 577
54 589
55 596
10 344
9 491
8 532
7 606
11 412
10 451
9 491
8 549
12 405
11 428
10 460
9 505
13 390
12 409
11 434
10 469
14 371
15 409
16 486
17 506
18 551
19 568
20 536
21 508
22 496
23 495
24 500
25 505
26 508
13 390
12 412
11 441
14 400
15 443
16 474
17 513
18 540
19 538
20 523
21 510
22 502
23 501
24 503
25 506
13 406
12 424
14 424
15 449
16 481
17 510
18 524
19 523
20 516
21 509
22 505
23 504
24 505
13 424
14 437
15 459
16 485
17 505
18 514
19 515
20 512
21 508
22 506
23 506
6 358
7 454
8 479
9 474
10 458
11 441
12 432
13 434
14 446
15 465
16 485
17 499
18 507
19 510
20 509
21 508
22 507
5 422
6 438
7 458
8 466
9 462
10 451
11 441
12 438
13 442
14 454
15 470
16 484
17 496
18 503
19 506
20 507
21 507
123 344
122 478
121 489
120 511
119 462
118 469
117 466
116 466
68 341
67 501
66 441
69 421
68 461
67 451
70 365
71 458
72 523
73 504
74 503
69 413
70 435
71 479
72 492
73 497
68 432
69 434
70 457
71 474
72 485
79 339
78 434
77 475
76 488
75 495
74 496
73 491
80 345
81 461
82 473
83 492
84 517
79 389
78 432
77 460
76 477
75 487
74 489
80 425
81 449
82 470
83 494
79 429
78 445
77 461
76 474
75 481
80 439
81 455
82 475
79 442
78 451
77 463
76 472
80 448
81 461
79 449
78 456
77 464
80 455
79 456
78 460
99 330
97 325
98 327
61 321
60 459
59 530
58 566
57 584
56 590
62 345
63 448
64 534
65 487
66 469
67 450
68 442
69 449
70 461
71 473
72 482
73 485
74 483
75 478
76 471
77 465
61 402
60 466
59 516
58 550
57 570
62 425
63 479
64 483
65 476
66 463
67 453
68 451
69 456
70 465
71 474
72 480
73 482
74 480
75 475
76 470
61 445
60 481
59 516
58 543
62 462
63 473
64 475
61 472
60 494
59 518
62 473
61 483
60 500
63 474
62 478
61 489
65 469
64 471
63 474
62 482
66 461
65 466
64 470
63 476
67 456
66 461
65 466
64 471
68 456
69 461
70 467
71 473
72 477
73 478
74 476
75 473
67 458
66 462
65 466
68 459
69 463
70 468
71 473
72 476
73 476
74 475
67 461
66 463
68 462
69 465
70 469
71 472
72 474
73 475
67 462
68 464
69 466
70 469
71 472
72 473
95 315
94 458
93 540
92 579
91 599
90 605
89 615
88 610
87 591
86 566
85 542
84 518
83 496
82 478
81 467
80 462
79 461
78 463
77 467
76 470
75 473
74 474
73 473
96 440
95 449
94 495
93 537
92 568
91 586
90 601
89 606
88 599
87 583
86 563
85 540
84 518
83 498
82 483
81 472
80 466
79 464
78 466
77 468
76 471
75 472
74 472
97 383
96 416
95 456
94 496
93 532
92 559
91 580
90 593
89 596
88 589
87 576
86 558
85 538
84 518
83 501
82 486
81 476
80 470
79 468
78 468
77 469
76 470
75 471
4 313
5 375
6 417
7 442
8 452
9 451
10 446
11 442
12 442
13 448
14 459
15 471
16 484
17 493
18 500
19 503
20 505
101 313
100 424
102 421
103 462
104 487
105 522
106 541
107 565
108 561
109 539
110 507
111 494
112 490
113 480
114 473
115 469
101 423
102 442
103 465
104 494
105 518
106 541
107 551
108 545
109 526
110 510
111 500
112 490
113 481
114 475
99 375
100 399
101 420
102 443
103 468
104 493
105 517
106 534
107 540
108 533
109 521
110 511
111 501
112 491
113 483
98 379
97 398
96 427
95 461
94 497
93 528
92 554
91 574
90 585
89 587
88 582
87 570
86 554
85 536
84 518
83 502
82 489
81 480
80 474
79 471
78 470
77 470
76 471
99 389
100 404
101 424
102 446
103 470
104 493
105 513
106 527
107 530
108 525
109 518
110 509
111 500
112 492
98 394
97 410
96 435
95 466
94 497
93 526
92 550
91 567
90 577
89 579
88 574
87 564
86 550
85 534
84 518
83 503
82 492
81 483
80 477
79 474
78 472
77 472
99 399
100 412
101 429
102 449
103 471
104 492
105 510
106 520
107 522
108 520
109 515
110 508
111 500
98 404
97 420
96 443
95 470
94 498
93 524
92 546
91 562
90 570
89 572
88 568
87 559
86 546
85 532
84 518
83 505
82 494
81 485
80 480
79 476
78 474
99 408
100 418
101 433
102 452
103 472
104 491
105 505
106 513
107 517
108 516
109 512
110 506
98 414
97 428
96 449
95 474
94 499
93 522
92 542
91 556
90 564
89 566
88 563
87 554
86 543
85 531
84 518
83 506
82 495
81 488
80 482
79 478
99 416
100 425
101 439
102 456
103 473
104 489
105 501
106 509
107 512
108 512
109 509
98 422
97 436
96 455
95 477
94 499
93 521
92 538
91 551
90 559
89 561
88 557
87 550
86 541
85 529
84 517
83 506
82 497
81 489
80 483
99 424
100 431
101 443
102 458
103 474
104 488
105 499
106 506
107 509
108 509
98 430
97 442
96 460
95 479
94 500
93 519
92 535
91 547
90 554
89 556
88 553
87 547
86 538
85 528
84 517
83 507
82 498
81 491
99 430
100 437
101 448
102 461
103 474
104 486
105 496
106 502
107 506
98 436
97 448
96 463
95 482
94 501
93 518
92 533
91 543
90 549
89 551
88 549
87 544
86 536
85 526
84 517
83 508
82 500
99 437
98 443
97 453
96 468
95 484
94 501
93 517
92 530
91 540
90 546
89 547
88 546
87 541
86 533
85 525
84 516
83 508
100 442
101 451
102 462
103 474
104 485
105 493
106 500
99 442
98 447
97 458
96 471
95 486
94 501
93 515
92 527
91 536
90 541
89 544
88 542
87 537
86 531
85 524
84 516
100 447
101 455
102 465
103 475
104 484
105 492
99 447
98 453
97 462
96 474
95 488
94 502
93 515
92 526
91 534
90 539
89 540
88 539
87 535
86 530
85 523
100 451
101 458
102 466
103 475
104 484
99 452
98 457
97 465
96 476
95 489
94 502
93 514
92 524
91 531
90 536
89 538
88 536
87 533
86 528
100 455
101 460
102 468
103 476
99 456
98 460
97 468
96 479
95 490
94 502
93 513
92 522
91 529
90 533
89 534
88 534
87 531
100 458
101 463
102 469
99 459
98 464
97 472
96 481
95 492
94 502
93 512
92 520
91 527
90 531
89 533
88 532
100 461
101 465
99 463
98 467
97 474
96 483
95 492
94 502
93 511
92 519
91 525
90 529
89 530
100 464
99 465
98 470
97 476
96 484
95 493
94 502
93 510
92 518
91 523
90 526
3 308
2 342
3 171
2 1
4 427
5 422
4 211
3 312
6 432
7 442
8 447
9 447
10 445
11 444
12 446
13 453
14 462
15 473
16 483
17 492
18 497
19 501
5 322
6 382
7 414
8 430
9 437
10 440
11 443
12 448
13 455
14 464
15 474
16 483
17 490
18 496
4 317
5 349
4 148
6 381
7 406
8 422
9 431
10 437
11 442
12 448
13 456
14 465
15 474
16 482
17 489
41 300
42 447
43 436
44 450
45 513
46 527
47 523
48 505
49 496
50 506
51 530
52 553
53 571
54 584
55 587
56 579
57 561
58 540
59 520
60 505
61 494
62 485
63 478
64 472
65 468
66 465
67 465
68 465
69 467
70 470
71 471
72 472
73 472
74 472
75 472
76 472
77 473
78 475
79 479
80 485
81 492
82 500
83 508
84 516
85 522
86 526
87 529
88 529
89 528
40 387
39 427
38 449
37 461
36 471
35 478
34 484
33 489
32 494
31 500
30 506
29 510
28 511
27 510
26 508
25 506
24 506
23 506
22 507
21 506
20 504
19 500
18 494
41 417
42 427
43 438
44 476
45 501
46 512
47 508
48 502
49 504
50 517
51 535
52 553
53 568
54 577
55 578
56 569
57 555
58 537
59 521
60 507
61 496
62 487
63 480
64 474
65 469
66 467
67 466
68 467
69 469
70 470
71 471
72 472
73 472
74 472
75 472
76 472
77 473
78 476
79 480
80 486
81 493
82 500
83 508
84 515
85 520
86 525
87 527
88 528
40 422
39 436
38 449
37 460
36 469
35 477
34 483
33 489
32 495
31 500
30 505
29 508
28 509
27 508
26 507
25 507
24 506
23 507
22 506
21 505
20 502
19 498
41 424
42 431
43 454
44 477
45 495
46 501
47 502
48 503
49 510
50 523
51 538
52 553
53 565
54 572
55 570
56 563
57 550
58 536
59 522
60 509
61 498
62 489
63 481
64 475
65 471
66 469
67 468
68 468
69 469
70 470
71 471
72 471
73 472
74 472
75 472
76 473
77 475
78 478
79 482
80 488
81 494
82 501
83 508
84 514
85 520
86 523
87 526
40 430
39 439
38 449
37 459
36 468
35 475
34 482
33 488
32 494
31 500
30 504
29 507
28 507
27 507
26 507
25 506
24 507
23 506
22 506
21 504
20 501
41 431
42 442
43 459
44 477
45 489
46 496
47 499
48 504
49 514
50 526
51 539
52 552
53 562
54 566
55 565
56 557
57 546
58 534
59 521
60 510
61 499
62 490
63 483
64 477
65 473
66 470
67 469
68 469
69 469
70 470
71 471
72 472
73 472
74 472
75 472
76 473
77 475
78 478
79 483
80 488
81 495
82 502
83 508
84 514
85 518
86 522
40 435
39 442
38 451
37 460
36 467
35 475
34 481
33 488
32 494
31 499
30 503
29 505
28 506
27 507
26 507
25 507
24 506
23 506
22 505
21 503
41 438
42 449
43 463
44 476
45 486
46 492
47 498
48 506
49 516
50 527
51 540
52 551
53 559
54 562
55 559
56 553
57 544
58 532
59 521
60 510
61 500
62 491
63 484
64 479
65 475
66 472
67 470
68 470
69 470
70 470
71 471
72 471
73 471
74 471
75 472
76 474
77 476
78 480
79 484
80 490
81 496
82 502
83 508
84 513
85 518
40 440
39 446
38 453
37 460
36 468
35 474
34 481
33 487
32 493
31 498
30 501
29 503
28 505
27 506
26 506
25 506
24 506
23 506
22 504
41 445
42 454
43 465
44 476
45 484
46 491
47 499
48 508
49 517
50 529
51 540
52 550
53 556
54 557
55 555
56 549
57 540
58 531
59 521
60 510
61 501
62 493
63 486
64 480
65 476
66 473
67 472
68 471
69 471
70 471
71 471
72 471
73 471
74 472
75 473
76 474
77 477
78 480
79 485
80 490
81 496
82 502
83 507
84 512
40 446
41 450
42 457
43 467
44 475
45 483
46 491
47 499
48 508
49 519
50 529
51 539
52 547
53 552
54 554
55 552
56 546
57 539
58 530
59 520
60 511
61 502
62 494
63 487
64 482
65 477
66 475
67 473
68 472
69 471
70 471
71 471
72 471
73 472
74 472
75 473
76 475
77 478
78 482
79 486
80 491
81 496
82 501
83 507
39 449
38 454
37 461
36 467
35 474
34 481
33 487
32 492
31 496
30 500
29 503
28 505
27 505
26 506
25 506
24 506
23 505
40 449
41 453
42 460
43 467
44 475
45 483
46 491
47 500
48 509
49 519
50 529
51 538
52 545
53 549
54 550
55 548
56 544
57 537
58 528
59 519
60 510
61 502
62 494
63 488
64 482
65 479
66 476
67 474
68 472
69 472
70 472
71 471
72 472
73 472
74 473
75 474
76 476
77 479
78 482
79 487
80 492
81 497
82 502
39 452
38 457
37 462
36 468
35 475
34 481
33 487
32 492
31 496
30 499
29 502
28 503
27 505
26 505
25 506
24 506
40 453
41 456
42 462
43 469
44 476
45 483
46 492
47 500
48 510
49 519
50 529
51 537
52 543
53 547
54 548
55 546
56 541
57 534
58 527
59 519
60 511
61 502
62 495
63 488
64 484
65 480
66 477
67 474
68 473
69 472
70 471
71 472
72 472
73 472
74 473
75 475
76 477
77 479
78 483
79 487
80 492
81 497
39 455
38 458
37 463
36 469
35 475
34 481
33 486
32 491
31 495
30 499
29 501
28 503
27 504
26 505
25 505
40 455
41 459
42 464
43 470
44 477
45 485
46 492
47 501
48 510
49 520
50 528
51 536
52 542
53 545
54 545
55 543
56 539
57 533
58 526
59 518
60 510
61 503
62 496
63 490
64 485
65 481
66 477
67 475
68 474
69 473
70 473
71 472
72 472
73 473
74 474
75 475
76 477
77 480
78 484
79 488
80 492
39 456
38 460
37 464
36 470
35 475
34 480
33 486
32 490
31 495
30 498
29 500
28 502
27 503
26 504
40 458
41 461
42 465
43 471
44 478
45 485
46 493
47 502
48 511
49 519
50 528
51 535
52 540
53 542
54 543
55 541
56 537
57 532
58 525
59 518
60 510
61 503
62 496
63 491
64 486
65 481
66 478
67 476
68 474
69 473
70 472
71 472
72 472
73 473
74 474
75 476
76 478
77 481
78 484
79 488
39 459
38 461
37 466
36 470
35 475
34 481
33 485
32 490
31 494
30 497
29 500
28 502
27 503
40 460
41 462
42 467
43 472
44 478
45 485
46 494
47 502
48 510
49 519
50 527
51 533
52 537
53 540
54 540
55 538
56 535
57 530
58 524
59 517
60 510
61 503
62 497
63 491
64 486
65 482
66 479
67 477
68 475
69 474
70 473
71 473
72 473
73 473
74 474
75 476
76 479
77 482
78 485
39 461
38 464
37 467
36 471
35 476
34 480
33 485
32 490
31 493
30 496
29 499
28 501
40 461
41 464
42 468
43 473
44 479
45 487
46 494
47 502
48 511
49 519
50 526
51 532
52 536
53 538
54 538
55 537
56 533
57 528
58 522
59 516
60 510
61 503
62 497
63 492
64 487
65 483
66 480
67 477
68 476
69 474
70 474
71 473
72 473
73 474
74 475
75 477
76 479
77 482
39 462
38 464
37 467
36 472
35 476
34 481
33 486
32 489
31 493
30 496
29 498
40 463
41 466
42 469
43 474
44 481
45 487
46 495
47 503
48 511
49 519
50 525
51 530
52 534
53 536
54 537
55 535
56 532
57 527
58 522
59 516
60 509
61 503
62 498
63 492
64 487
65 484
66 481
67 479
68 476
69 475
70 474
71 474
72 474
73 474
74 476
75 477
76 480
39 464
38 466
37 469
36 472
35 477
34 481
33 485
32 489
31 492
30 495
40 465
41 467
42 471
43 476
44 481
45 488
46 495
47 503
48 511
49 518
50 524
51 529
52 533
53 535
54 535
55 533
56 530
57 526
58 521
59 515
60 509
61 504
62 498
63 493
64 489
65 485
66 482
67 479
68 477
69 476
70 475
71 474
72 474
73 475
74 476
75 478
39 465
38 467
37 470
36 474
35 477
34 481
33 485
32 489
31 492
40 466
41 468
42 472
43 477
44 483
45 489
46 496
47 504
48 511
49 517
50 523
51 528
52 531
53 533
54 533
55 532
56 529
57 525
58 520
59 514
60 509
61 503
62 498
63 493
64 489
65 485
66 482
67 479
68 478
69 476
70 475
71 475
72 475
73 476
74 477
39 467
38 468
37 471
36 474
35 478
34 482
33 485
32 488
40 468
41 470
42 473
43 478
44 483
45 490
46 497
47 504
48 510
49 517
50 523
51 527
52 530
53 532
54 532
55 530
56 527
57 524
58 519
59 514
60 509
61 504
62 498
63 494
64 489
65 486
66 482
67 480
68 478
69 477
70 476
71 475
72 476
73 476
39 468
38 470
37 472
36 475
35 478
34 481
33 485
40 469
41 471
42 475
43 479
44 485
45 491
46 498
47 504
48 511
49 517
50 522
51 526
52 529
53 530
54 530
55 529
56 527
57 523
58 518
59 514
60 509
61 503
62 499
63 494
64 490
65 486
66 483
67 481
68 479
69 477
70 476
71 476
72 476
39 469
38 470
37 472
36 475
35 478
34 482
40 470
41 473
42 476
43 480
44 485
45 491
46 497
47 504
48 510
49 516
50 521
51 525
52 528
53 529
54 529
55 528
56 525
57 521
58 518
59 513
60 508
61 504
62 499
63 494
64 490
65 486
66 484
67 481
68 479
69 478
70 477
71 477
39 470
38 471
37 473
36 475
35 479
40 471
41 473
42 476
43 481
44 486
45 492
46 498
47 504
48 510
49 515
50 520
51 524
52 526
53 528
54 528
55 526
56 524
57 521
58 517
59 513
60 508
61 503
62 498
63 494
64 490
65 487
66 484
67 482
68 480
69 478
70 477
39 471
38 472
37 474
36 477
40 472
41 474
42 478
43 482
44 487
45 492
46 498
47 504
48 510
49 515
50 519
51 523
52 526
53 527
54 526
55 525
56 523
57 520
58 516
59 512
60 508
61 503
62 499
63 495
64 491
65 488
66 485
67 482
68 480
69 479
39 472
38 473
37 475
40 473
41 476
42 479
43 483
44 488
45 493
46 499
47 504
48 509
49 514
50 519
51 522
52 524
53 525
54 525
55 524
56 522
57 519
58 516
59 512
60 507
61 503
62 499
63 495
64 492
65 488
66 485
67 483
68 481
39 473
40 475
41 477
42 480
43 484
44 488
45 494
46 499
47 504
48 509
49 514
50 518
51 521
52 523
53 524
54 524
55 523
56 521
57 519
58 515
59 511
60 507
61 503
62 499
63 495
64 491
65 488
66 485
67 483
38 474
39 475
40 476
41 478
42 481
43 484
44 489
45 494
46 499
47 504
48 509
49 514
50 517
51 520
52 522
53 523
54 523
55 522
56 520
57 517
58 514
59 510
60 507
61 503
62 499
63 495
64 492
65 489
66 486
124 274
123 376
122 432
121 471
120 466
119 468
118 467
117 466
116 468
115 472
114 477
113 485
112 492
111 499
110 504
109 506
108 506
107 503
106 497
105 491
104 483
103 476
102 471
101 468
100 466
99 468
98 472
97 478
96 485
95 494
94 502
93 510
92 516
91 521
90 525
89 526
88 526
87 524
86 521
85 516
84 512
83 507
82 502
81 497
80 493
79 489
78 486
77 483
76 480
75 479
74 477
73 477
72 477
71 477
70 478
69 479
68 481
67 483
125 420
124 398
123 415
122 443
121 455
120 462
119 464
118 465
117 467
116 469
115 473
114 479
113 485
112 492
111 498
110 502
109 504
108 504
107 500
106 496
105 489
104 483
103 477
102 472
101 469
100 469
99 471
98 474
97 480
96 487
95 494
94 502
93 509
92 515
91 520
90 523
89 525
88 524
87 522
86 519
85 516
84 511
83 506
82 502
81 497
80 493
79 490
78 486
77 483
76 481
75 479
74 478
73 477
72 477
71 477
70 478
69 480
68 481
125 398
124 406
123 424
122 440
121 451
120 457
119 461
118 464
117 466
116 470
115 474
114 480
113 486
112 492
111 497
110 500
109 502
108 501
107 499
106 494
105 489
104 483
103 478
102 474
101 471
100 471
99 472
98 476
97 481
96 488
95 495
94 502
93 509
92 515
91 519
90 522
89 523
88 523
87 521
86 519
85 515
84 511
83 507
82 502
81 498
80 494
79 490
78 487
77 484
76 482
75 480
74 479
73 478
72 477
71 478
70 479
69 480
125 406
124 415
123 428
122 439
121 448
120 455
119 460
118 463
117 467
116 470
115 475
114 480
113 486
112 492
111 496
110 499
109 500
108 499
107 496
106 492
105 487
104 482
103 478
102 474
101 473
100 472
99 474
98 478
97 483
96 489
95 496
94 503
93 509
92 514
91 518
90 520
89 521
88 521
87 520
86 517
85 514
84 510
83 506
82 502
81 498
80 494
79 490
78 487
77 484
76 482
75 480
74 479
73 478
72 478
71 478
70 479
125 415
124 422
123 430
122 439
121 447
120 453
119 458
118 462
117 466
116 471
115 476
114 481
113 487
112 491
111 495
110 498
109 499
108 498
107 495
106 491
105 487
104 483
103 478
102 476
101 474
100 474
99 476
98 479
97 484
96 490
95 496
94 502
93 508
92 513
91 517
90 519
89 520
88 520
87 519
86 517
85 513
84 510
83 506
82 502
81 498
80 494
79 491
78 487
77 485
76 482
75 481
74 479
73 479
72 479
71 479
125 422
124 426
123 433
122 440
121 446
120 452
119 457
118 462
117 466
116 471
115 476
114 482
113 486
112 491
111 494
110 496
109 497
108 496
107 494
106 491
105 487
104 482
103 479
102 476
101 475
100 476
99 478
98 481
97 486
96 491
95 497
94 503
93 508
92 512
91 515
90 518
89 519
88 519
87 518
86 515
85 513
84 509
83 505
82 501
81 497
80 494
79 490
78 488
77 485
76 483
75 481
74 480
73 479
72 479
125 426
124 429
123 434
122 440
121 446
120 452
119 457
118 461
117 466
116 471
115 476
114 481
113 486
112 490
111 493
110 495
109 495
108 494
107 492
106 489
105 485
104 482
103 479
102 477
101 476
100 477
99 479
98 483
97 487
96 492
95 497
94 502
93 507
92 511
91 515
90 517
89 518
88 518
87 516
86 515
85 512
84 509
83 505
82 501
81 498
80 494
79 491
78 488
77 485
76 483
75 481
74 480
73 480
125 429
124 432
123 436
122 441
121 447
120 452
119 456
118 461
117 466
116 471
115 476
114 481
113 486
112 489
111 492
110 494
109 494
108 493
107 491
106 488
105 485
104 482
103 480
102 478
101 478
100 478
99 480
98 483
97 487
96 492
95 497
94 502
93 506
92 511
91 514
90 516
89 517
88 516
87 516
86 514
85 511
84 508
83 505
82 502
81 498
80 494
79 491
78 488
77 486
76 484
75 482
74 481
125 432
124 434
123 438
122 443
121 447
120 451
119 456
118 461
117 466
116 471
115 476
114 481
113 485
112 489
111 492
110 493
109 493
108 492
107 490
106 488
105 485
104 483
103 480
102 479
101 478
100 479
99 481
98 484
97 488
96 492
95 497
94 502
93 507
92 510
91 513
90 515
89 516
88 516
87 515
86 513
85 511
84 508
83 505
82 501
81 497
80 494
79 491
78 488
77 486
76 484
75 483
125 434
124 436
123 439
122 443
121 447
120 452
119 457
118 462
117 467
116 471
115 476
114 480
113 484
112 488
111 490
110 491
109 492
108 491
107 490
106 487
105 485
104 482
103 481
102 480
101 480
100 481
99 483
98 486
97 489
96 493
95 498
94 502
93 506
92 510
91 512
90 514
89 515
88 515
87 514
86 512
85 510
84 507
83 504
82 501
81 498
80 495
79 492
78 489
77 486
76 484
125 436
124 437
123 440
122 443
121 448
120 452
119 457
118 462
117 466
116 471
115 476
114 480
113 484
112 487
111 489
110 491
109 491
108 491
107 489
106 487
105 485
104 483
103 481
102 480
101 480
100 481
99 483
98 486
97 490
96 494
95 498
94 502
93 506
92 509
91 512
90 513
89 514
88 514
87 513
86 512
85 509
84 507
83 504
82 501
81 498
80 495
79 492
78 489
77 487
125 437
124 439
123 441
122 445
121 448
120 453
119 457
118 461
117 466
116 471
115 475
114 480
113 484
112 486
111 489
110 490
109 490
108 489
107 488
106 487
105 485
104 483
103 482
102 481
101 481
100 482
99 484
98 487
97 490
96 494
95 498
94 502
93 505
92 508
91 510
90 512
89 513
88 513
87 512
86 510
85 509
84 506
83 503
82 500
81 497
80 494
79 491
78 489
125 439
124 440
123 443
122 445
121 449
120 453
119 457
118 462
117 467
116 471
115 476
114 480
113 483
112 486
111 488
110 489
109 489
108 489
107 488
106 486
105 484
104 483
103 482
102 482
101 482
100 483
99 485
98 487
97 491
96 495
95 498
94 502
93 505
92 508
91 510
90 512
89 512
88 512
87 511
86 510
85 508
84 506
83 503
82 500
81 497
80 494
79 492
125 440
124 441
123 443
122 446
121 450
120 453
119 458
118 462
117 466
116 471
115 475
114 479
113 482
112 485
111 487
110 488
109 489
108 488
107 487
106 486
105 485
104 484
103 483
102 482
101 483
100 484
99 486
98 489
97 492
96 495
95 499
94 502
93 505
92 507
91 510
90 511
89 512
88 512
87 511
86 510
85 508
84 505
83 503
82 500
81 497
80 495
125 441
124 442
123 444
122 447
121 450
120 454
119 458
118 462
117 467
116 471
115 475
114 478
113 482
112 485
111 486
110 487
109 487
108 487
107 486
106 485
105 484
104 483
103 482
102 483
101 483
100 485
99 487
98 489
97 492
96 495
95 498
94 501
93 504
92 507
91 509
90 510
89 511
88 511
87 511
86 509
85 507
84 505
83 502
82 500
81 498
125 442
124 443
123 445
122 448
121 451
120 455
119 458
118 463
117 467
116 471
115 475
114 479
113 482
112 484
111 486
110 487
109 487
108 487
107 486
106 485
105 484
104 483
103 483
102 483
101 484
100 485
99 487
98 490
97 492
96 495
95 498
94 501
93 504
92 507
91 508
90 510
89 510
88 510
87 509
86 508
85 506
84 504
83 502
82 500
125 443
124 444
123 446
122 448
121 451
120 454
119 459
118 463
117 467
116 471
115 475
114 478
113 481
112 483
111 485
110 486
109 487
108 486
107 486
106 485
105 484
104 484
103 484
102 484
101 485
100 486
99 488
98 490
97 493
96 496
95 499
94 502
93 505
92 506
91 508
90 509
89 510
88 510
87 509
86 508
85 506
84 504
83 502
125 444
124 445
123 446
122 449
121 452
120 456
119 459
118 463
117 467
116 471
115 474
114 478
113 480
112 483
111 484
110 485
109 485
108 486
107 485
106 485
105 485
104 484
103 484
102 484
101 485
100 487
99 488
98 490
97 493
96 496
95 499
94 502
93 504
92 506
91 508
90 509
89 509
88 509
87 509
86 507
85 506
84 504
125 445
124 446
123 448
122 450
121 453
120 456
119 460
118 463
117 467
116 471
115 475
114 477
113 480
112 482
111 484
110 485
109 486
108 485
107 485
106 485
105 484
104 484
103 484
102 485
101 486
100 487
99 489
98 491
97 493
96 496
95 499
94 501
93 503
92 506
91 507
90 508
89 509
88 509
87 508
86 507
85 505
125 446
124 447
123 448
122 450
121 453
120 456
119 459
118 463
117 467
116 471
115 474
114 477
113 480
112 482
111 483
110 484
109 484
108 485
107 485
106 484
105 484
104 484
103 484
102 485
101 486
100 487
99 489
98 491
97 494
96 496
95 498
94 501
93 504
92 505
91 507
90 508
89 508
88 508
87 507
86 506
125 447
124 447
123 449
122 451
121 453
120 456
119 460
118 464
117 467
116 470
115 473
114 477
113 479
112 481
111 483
110 484
109 485
108 485
107 485
106 485
105 485
104 485
103 485
102 485
101 486
100 488
99 489
98 492
97 494
96 496
95 499
94 501
93 503
92 505
91 506
90 507
89 508
88 507
87 507
125 447
124 448
123 449
122 451
121 454
120 457
119 460
118 463
117 467
116 470
115 474
114 476
113 479
112 481
111 482
110 483
109 484
108 484
107 484
106 484
105 484
104 484
103 485
102 486
101 487
100 488
99 490
98 492
97 494
96 497
95 499
94 501
93 503
92 505
91 506
90 507
89 507
88 507
125 448
124 449
123 450
122 452
121 454
120 457
119 460
118 464
117 467
116 471
115 473
114 476
113 478
112 480
111 482
110 483
109 483
108 484
107 484
106 484
105 484
104 485
103 485
102 486
101 487
100 488
99 490
98 492
97 494
96 496
95 498
94 501
93 503
92 504
91 506
90 506
89 506
125 449
124 449
123 451
122 453
121 455
120 458
119 461
118 464
117 467
116 470
115 473
114 476
113 478
112 480
111 481
110 482
109 483
108 483
107 484
106 484
105 485
104 485
103 486
102 486
101 487
100 489
99 491
98 492
97 494
96 496
95 499
94 501
93 502
92 504
91 505
90 506
125 449
124 450
123 451
122 453
121 456
120 458
119 461
118 464
117 467
116 470
115 473
114 475
113 478
112 479
111 481
110 482
109 483
108 484
107 484
106 485
105 485
104 485
103 485
102 486
101 487
100 489
99 490
98 492
97 494
96 497
95 499
94 500
93 502
92 504
91 505
125 450
124 451
123 452
122 454
121 456
120 459
119 462
118 464
117 467
116 470
115 473
114 476
113 477
112 479
111 480
110 482
109 483
108 483
107 484
106 484
105 484
104 485
103 486
102 487
101 488
100 489
99 491
98 493
97 495
96 497
95 498
94 500
93 502
92 503
125 451
124 451
123 453
122 454
121 456
120 459
119 461
118 464
117 467
116 470
115 473
114 475
113 477
112 479
111 481
110 482
109 482
108 483
107 483
106 484
105 485
104 485
103 486
102 487
101 488
100 489
99 491
98 493
97 495
96 496
95 498
94 500
93 502
125 451
124 452
123 453
122 455
121 457
120 459
119 462
118 465
117 468
116 470
115 472
114 474
113 477
112 479
111 480
110 481
109 482
108 483
107 484
106 484
105 484
104 485
103 486
102 487
101 488
100 490
99 491
98 493
97 495
96 497
95 499
94 501
125 452
124 453
123 454
122 455
121 457
120 459
119 462
118 465
117 467
116 470
115 472
114 475
113 477
112 478
111 480
110 481
109 482
108 483
107 483
106 484
105 485
104 486
103 486
102 487
101 489
100 490
99 492
98 493
97 495
96 497
95 499
125 453
124 453
123 454
122 456
121 458
120 460
119 462
118 464
117 467
116 469
115 472
114 474
113 476
112 478
111 479
110 480
109 482
108 482
107 483
106 484
105 485
104 485
103 486
102 487
101 488
100 490
99 491
98 493
97 495
96 497
125 453
124 454
123 455
122 456
121 458
120 460
119 462
118 465
117 467
116 470
115 472
114 474
113 476
112 478
111 479
110 481
109 481
108 482
107 483
106 484
105 484
104 485
103 486
102 487
101 489
100 490
99 492
98 494
97 495
125 454
124 454
123 455
122 457
121 458
120 460
119 463
118 465
117 468
116 470
115 472
114 474
113 476
112 477
111 479
110 480
109 481
108 482
107 483
106 483
105 484
104 485
103 486
102 488
101 489
100 490
99 492
98 493
125 454
124 455
123 456
122 457
121 459
120 461
119 463
118 465
117 467
116 469
115 472
114 474
113 475
112 477
111 479
110 480
109 481
108 482
107 483
106 484
105 485
104 486
103 487
102 488
101 489
100 491
99 492
125 455
124 455
123 456
122 457
121 459
120 461
119 463
118 465
117 467
116 470
115 472
114 474
113 476
112 478
111 479
110 480
109 481
108 482
107 483
106 484
105 485
104 486
103 487
102 488
101 489
100 490
125 455
124 456
123 456
122 458
121 459
120 461
119 463
118 465
117 468
116 470
115 472
114 474
113 476
112 477
111 478
110 479
109 481
108 482
107 483
106 484
105 485
104 486
103 487
102 488
101 489
125 456
124 456
123 457
122 458
121 460
120 462
119 463
118 466
117 468
116 470
115 472
114 474
113 475
112 477
111 478
110 480
109 481
108 482
107 483
106 484
105 485
104 486
103 487
102 488
125 456
124 456
123 457
122 458
121 460
120 461
119 464
118 466
117 468
116 470
115 472
114 473
113 475
112 476
111 478
110 479
109 480
108 482
107 483
106 484
105 485
104 486
103 487
125 456
124 457
123 458
122 459
121 460
120 462
119 464
118 466
117 468
116 470
115 471
114 473
113 475
112 477
111 478
110 479
109 481
108 482
107 483
106 484
105 485
104 486
125 457
124 457
123 458
122 459
121 460
120 462
119 464
118 466
117 468
116 469
115 471
114 473
113 475
112 476
111 478
110 480
109 481
108 482
107 483
106 484
105 485
125 457
124 458
123 458
122 459
121 461
120 463
119 464
118 466
117 467
116 469
115 471
114 473
113 474
112 476
111 478
110 479
109 480
108 481
107 482
106 483
125 458
124 458
123 459
122 460
121 461
120 462
119 464
118 465
117 467
116 469
115 471
114 473
113 475
112 477
111 478
110 479
109 480
108 481
107 482
125 458
124 458
123 459
122 460
121 461
120 463
119 464
118 466
117 468
116 470
115 472
114 473
113 475
112 476
111 477
110 479
109 480
108 481
125 458
124 459
123 459
122 460
121 462
120 463
119 465
118 466
117 468
116 470
115 471
114 473
113 474
112 476
111 478
110 479
109 480
125 459
124 459
123 460
122 461
121 462
120 463
119 464
118 466
117 468
116 469
115 471
114 473
113 475
112 476
111 477
110 478
125 459
124 459
123 460
122 461
121 462
120 463
119 465
118 467
117 468
116 470
115 472
114 473
113 474
112 476
111 477
125 459
124 460
123 460
122 461
121 462
120 464
119 465
118 466
117 468
116 470
115 471
114 473
113 475
112 476
125 460
124 460
123 461
122 462
121 463
120 464
119 465
118 467
117 468
116 469
115 471
114 473
113 474
125 460
124 460
123 461
122 462
121 463
120 464
119 466
118 467
117 468
116 470
115 472
114 473
125 460
124 461
123 461
124 230
125 601
122 462
123 346
124 391
121 463
122 404
123 315
120 464
121 434
122 315
119 465
120 450
121 361
118 466
117 468
116 470
115 471
119 458
118 463
119 232
120 438
117 467
118 350
119 306
116 469
117 409
118 305
5 265
6 336
5 163
7 379
8 405
9 421
10 432
11 440
12 448
13 456
14 465
15 473
16 481
17 487
18 493
19 497
20 500
21 502
22 504
23 505
24 505
25 505
26 504
27 503
28 500
29 498
30 495
31 492
32 489
33 485
34 482
35 479
36 477
37 475
38 475
39 475
40 476
41 478
42 481
43 485
44 490
45 494
46 499
47 504
48 509
49 513
50 517
51 520
52 522
53 522
54 522
55 521
56 519
57 517
58 514
59 511
60 507
61 503
62 499
63 496
64 492
65 489
66 486
67 484
68 482
69 480
70 480
71 480
72 480
73 480
74 482
75 483
76 485
77 487
78 490
79 492
80 495
81 497
82 499
83 502
84 504
85 505
86 506
87 506
88 506
89 506
90 505
91 504
92 503
93 502
94 500
95 498
96 496
97 495
98 494
99 492
100 491
101 490
102 488
103 487
104 486
105 484
106 483
107 482
108 481
109 480
110 479
111 478
112 476
113 475
114 473
115 471
116 440
117 373
116 186
117 3
115 313
114 392
113 432
112 453
111 464
110 471
109 475
108 478
107 480
106 481
105 482
104 483
103 485
102 486
101 487
100 488
99 489
98 490
97 492
96 494
95 495
94 497
93 498
92 500
91 501
90 503
89 504
88 505
87 506
86 506
85 506
84 505
83 504
82 503
81 501
80 499
79 497
78 494
77 492
76 490
75 487
74 485
73 484
72 482
71 481
70 480
69 480
68 480
67 481
66 483
65 484
64 487
63 489
62 492
61 496
60 499
59 503
58 507
57 510
56 514
55 517
54 519
53 521
52 521
51 521
50 520
49 518
48 516
47 513
46 508
45 504
44 499
43 495
42 490
41 486
40 482
39 479
38 477
37 476
36 475
35 476
34 477
33 480
32 482
31 485
30 489
29 492
28 495
27 497
26 500
25 502
24 503
23 504
22 504
21 504
20 503
19 502
18 499
17 496
16 491
15 486
14 479
13 472
12 464
11 456
10 448
9 440
8 430
7 417
6 471
52 261
51 391
50 455
49 486
48 499
47 503
46 504
45 501
44 498
43 494
42 490
41 486
40 483
39 480
38 478
37 477
36 477
35 477
34 479
33 480
32 483
31 486
30 489
29 492
28 495
27 498
26 500
25 501
24 503
23 503
22 504
21 503
20 503
19 501
18 499
17 495
16 491
15 485
14 479
13 472
12 464
11 456
10 448
9 439
8 428
7 450
8 225
7 14
53 391
54 456
55 487
56 502
57 508
58 509
59 508
60 506
61 502
62 499
63 496
64 492
65 490
66 487
67 485
68 483
69 482
70 481
71 480
72 480
73 481
74 482
75 484
76 485
77 487
78 490
79 492
80 494
81 497
82 499
83 501
84 503
85 504
86 505
87 505
88 506
89 506
90 505
91 504
92 503
93 502
94 500
95 499
96 497
97 495
98 494
99 492
100 491
101 489
102 488
103 487
104 486
105 485
106 484
107 482
108 481
109 479
110 477
111 474
112 469
113 461
114 446
115 419
116 301
52 391
51 423
50 454
49 476
48 490
47 497
46 499
45 499
44 496
43 493
42 489
41 486
40 483
39 481
38 479
37 478
36 477
35 478
34 479
33 481
32 483
31 486
30 489
29 492
28 495
27 497
26 499
25 501
24 502
23 503
22 503
21 503
20 502
19 500
18 497
17 494
16 489
15 484
14 478
13 471
12 464
11 456
10 447
9 550
53 423
54 455
55 479
56 493
57 501
58 504
59 505
60 503
61 501
62 499
63 495
64 493
65 490
66 487
67 485
68 484
69 482
70 481
71 481
72 481
73 481
74 483
75 484
76 486
77 488
78 490
79 492
80 495
81 497
82 499
83 501
84 502
85 504
86 505
87 506
88 506
89 505
90 504
91 504
92 503
93 501
94 500
95 498
96 496
97 495
98 493
99 492
100 490
101 489
102 488
103 487
104 486
105 485
106 483
107 482
108 480
109 479
110 476
111 473
112 467
113 457
114 438
115 347
52 423
53 439
54 459
55 476
56 489
57 497
58 501
59 502
60 502
61 501
62 498
63 496
64 493
65 490
66 488
67 486
68 484
69 483
70 482
71 481
72 481
73 482
74 483
75 484
76 486
77 488
78 490
79 493
80 495
81 497
82 499
83 501
84 503
85 504
86 505
87 505
88 505
89 505
90 505
91 504
92 502
93 501
94 499
95 498
96 497
97 495
98 494
99 492
100 491
101 490
102 489
103 487
104 486
105 484
106 483
107 482
108 481
109 478
110 476
111 471
112 464
113 451
51 438
50 457
49 474
48 485
47 492
46 495
45 495
44 494
43 491
42 489
41 486
40 483
39 481
38 480
37 478
36 478
35 479
34 480
33 482
32 484
31 487
30 489
29 492
28 494
27 497
26 499
25 501
24 502
23 503
22 503
21 503
20 501
19 499
18 497
17 493
16 489
15 484
14 477
13 470
12 463
11 455
10 503
9 252
8 284
52 438
53 449
54 463
55 476
56 486
57 493
58 498
59 500
60 500
61 499
62 497
63 495
64 492
65 490
66 488
67 486
68 484
69 483
70 482
71 482
72 482
73 483
74 483
75 485
76 486
77 488
78 490
79 492
80 494
81 496
82 499
83 501
84 502
85 503
86 504
87 505
88 505
89 505
90 504
91 503
92 502
93 501
94 500
95 498
96 496
97 495
98 493
99 492
100 491
101 490
102 488
103 487
104 485
105 484
106 483
107 482
108 480
109 478
110 474
111 469
112 460
113 230
114 435
51 448
50 461
49 473
48 483
47 489
46 492
45 493
44 492
43 491
42 488
41 485
40 483
39 481
38 479
37 479
36 479
35 479
34 480
33 482
32 485
31 487
30 490
29 492
28 495
27 497
26 499
25 500
24 501
23 502
22 502
21 501
20 500
19 499
18 496
17 493
16 488
15 482
14 476
13 470
12 462
11 483
10 367
9 232
52 449
53 456
54 466
55 476
56 485
57 492
58 496
59 498
60 499
61 498
62 497
63 494
64 492
65 490
66 488
67 486
68 485
69 483
70 483
71 482
72 483
73 483
74 484
75 485
76 487
77 489
78 491
79 493
80 495
81 497
82 499
83 500
84 502
85 503
86 504
87 504
88 504
89 504
90 504
91 503
92 502
93 501
94 499
95 498
96 497
97 495
98 494
99 493
100 491
101 489
102 488
103 487
104 486
105 485
106 484
107 482
108 480
109 477
110 473
111 467
112 349
113 322
51 455
50 464
49 473
48 481
47 487
46 490
45 491
44 491
43 489
42 487
41 485
40 483
39 481
38 480
37 479
36 479
35 480
34 481
33 483
32 485
31 487
30 489
29 492
28 494
27 496
26 498
25 500
24 501
23 501
22 501
21 501
20 500
19 498
18 495
17 491
16 487
15 482
14 476
13 469
12 476
11 421
10 294
52 455
53 460
54 468
55 476
56 484
57 490
58 494
59 496
60 497
61 497
62 495
63 494
64 492
65 490
66 488
67 486
68 484
69 484
70 483
71 483
72 483
73 483
74 484
75 485
76 487
77 489
78 491
79 493
80 495
81 497
82 498
83 500
84 501
85 503
86 503
87 504
88 504
89 504
90 503
91 502
92 502
93 500
94 499
95 498
96 496
97 495
98 494
99 492
100 491
101 490
102 489
103 487
104 486
105 485
106 483
107 481
108 479
109 476
110 472
111 410
112 341
51 459
50 466
49 474
48 480
47 485
46 488
45 490
44 490
43 489
42 487
41 485
40 483
39 482
38 481
37 480
36 480
35 480
34 482
33 483
32 485
31 487
30 490
29 492
28 494
27 496
26 498
25 499
24 500
23 501
22 501
21 500
20 499
19 497
18 494
17 491
16 486
15 481
14 475
13 475
52 460
53 464
54 470
55 477
56 483
57 488
58 492
59 495
60 496
61 495
62 495
63 493
64 492
65 490
66 488
67 486
68 485
69 484
70 483
71 483
72 483
73 484
74 485
75 486
76 487
77 489
78 491
79 493
80 495
81 497
82 499
83 500
84 502
85 502
86 503
87 503
88 504
89 503
90 503
91 503
92 501
93 500
94 499
95 497
96 496
97 495
98 493
99 492
100 491
101 490
102 488
103 487
104 486
105 484
106 483
107 481
108 478
109 475
51 463
50 469
49 474
48 480
47 484
46 487
45 488
44 488
43 487
42 486
41 485
40 484
39 482
38 481
37 481
36 481
35 482
34 482
33 484
32 485
31 488
30 490
29 492
28 494
27 496
26 498
25 499
24 500
23 500
22 500
21 500
20 499
19 496
18 494
17 490
16 486
15 480
14 478
52 463
53 467
54 472
55 478
56 483
57 488
58 491
59 493
60 494
61 495
62 494
63 493
64 491
65 489
66 487
67 486
68 485
69 484
70 484
71 484
72 484
73 484
74 485
75 486
76 488
77 489
78 491
79 493
80 495
81 497
82 498
83 500
84 501
85 502
86 503
87 504
88 503
89 503
90 503
91 502
92 501
93 500
94 499
95 498
96 497
97 495
98 494
99 493
100 491
101 489
102 488
103 487
104 485
105 484
106 482
107 480
108 478
51 466
50 470
49 475
48 479
47 483
46 486
45 487
44 487
43 487
42 486
41 485
40 483
39 482
38 481
37 481
36 481
35 481
34 483
33 484
32 486
31 488
30 490
29 492
28 494
27 496
26 497
25 499
24 500
23 500
22 500
21 499
20 497
19 496
18 493
17 489
16 484
15 481
52 467
51 469
50 472
49 476
48 480
47 483
46 485
45 486
44 487
43 486
42 486
41 484
40 483
39 482
38 482
37 481
36 481
35 482
34 483
33 484
32 486
31 488
30 490
29 492
28 494
27 496
26 498
25 499
24 499
23 500
22 500
21 499
20 498
19 495
18 492
17 488
16 485
53 469
54 473
55 478
56 483
57 487
58 490
59 492
60 493
61 493
62 493
63 492
64 491
65 489
66 488
67 487
68 486
69 485
70 484
71 484
72 484
73 485
74 485
75 487
76 488
77 490
78 491
79 493
80 495
81 496
82 498
83 500
84 501
85 502
86 503
87 503
88 503
89 503
90 502
91 501
92 501
93 500
94 499
95 498
96 496
97 495
98 494
99 492
100 491
101 490
102 489
103 487
104 486
105 484
106 482
107 480
52 469
53 471
54 475
55 479
56 483
57 486
58 489
59 491
60 492
61 493
62 492
63 492
64 490
65 489
66 488
67 487
68 486
69 485
70 485
71 484
72 484
73 484
74 486
75 487
76 488
77 489
78 491
79 493
80 494
81 496
82 498
83 499
84 500
85 502
86 502
87 502
88 503
89 503
90 502
91 502
92 501
93 500
94 499
95 497
96 496
97 495
98 493
99 492
100 491
101 490
102 488
103 487
104 485
105 484
106 482
51 470
50 473
49 476
48 479
47 482
46 484
45 486
44 486
43 486
42 485
41 484
40 483
39 483
38 482
37 482
36 482
35 483
34 483
33 485
32 487
31 488
30 490
29 492
28 494
27 496
26 497
25 498
24 499
23 499
22 499
21 498
20 496
19 494
18 491
17 488
52 470
53 473
54 476
55 479
56 483
57 486
58 489
59 491
60 492
61 492
62 492
63 491
64 490
65 489
66 488
67 487
68 486
69 485
70 484
71 484
72 484
73 485
74 486
75 487
76 488
77 490
78 492
79 493
80 495
81 497
82 498
83 499
84 501
85 501
86 502
87 503
88 503
89 502
90 502
91 501
92 500
93 500
94 498
95 497
96 496
97 495
98 494
99 493
100 491
101 489
102 488
103 487
104 486
105 484
51 472
50 474
49 477
48 480
47 482
46 484
45 485
44 485
43 485
42 484
41 484
40 484
39 483
38 482
37 482
36 483
35 483
34 484
33 485
32 486
31 488
30 490
29 492
28 494
27 495
26 497
25 498
24 499
23 499
22 498
21 497
20 496
19 494
18 491
52 473
53 474
54 476
55 480
56 483
57 486
58 488
59 490
60 491
61 491
62 491
63 490
64 490
65 489
66 488
67 487
68 486
69 485
70 485
71 485
72 485
73 486
74 486
75 487
76 489
77 490
78 491
79 493
80 495
81 496
82 498
83 500
84 500
85 501
86 502
87 502
88 502
89 502
90 502
91 501
92 501
93 499
94 498
95 497
96 496
97 495
98 494
99 492
100 491
101 490
102 489
103 487
104 485
51 473
50 475
49 477
48 479
47 481
46 483
45 484
44 485
43 485
42 485
41 484
40 483
39 482
38 482
37 482
36 482
35 483
34 484
33 485
32 487
31 489
30 490
29 492
28 494
27 496
26 497
25 498
24 498
23 498
22 498
21 497
20 495
19 493
52 473
53 475
54 478
55 480
56 483
57 486
58 488
59 489
60 490
61 491
62 491
63 491
64 490
65 489
66 488
67 487
68 486
69 486
70 485
71 485
72 486
73 486
74 487
75 488
76 489
77 490
78 492
79 493
80 494
81 496
82 498
83 499
84 500
85 501
86 501
87 502
88 502
89 502
90 501
91 501
92 500
93 499
94 498
95 497
96 496
97 495
98 493
99 492
100 491
101 490
102 488
103 487
51 474
50 475
49 477
48 479
47 481
46 482
45 483
44 484
43 484
42 484
41 484
40 483
39 483
38 483
37 483
36 483
35 483
34 484
33 486
32 487
31 488
30 490
29 492
28 494
27 495
26 496
25 497
24 498
23 498
22 497
21 496
20 495
52 475
53 476
54 478
55 481
56 483
57 485
58 487
59 489
60 490
61 490
62 490
63 490
64 489
65 489
66 488
67 487
68 486
69 485
70 485
71 485
72 485
73 486
74 487
75 488
76 489
77 491
78 492
79 493
80 495
81 497
82 498
83 499
84 500
85 501
86 502
87 502
88 502
89 502
90 502
91 501
92 500
93 499
94 498
95 497
96 496
97 494
98 493
99 492
100 491
101 489
102 488
51 475
50 476
49 478
48 480
47 481
46 482
45 483
44 483
43 484
42 484
41 483
40 483
39 483
38 483
37 483
36 483
35 484
34 485
33 486
32 487
31 489
30 491
29 492
28 493
27 495
26 496
25 497
24 497
23 497
22 497
21 496
52 475
53 477
54 479
55 481
56 483
57 485
58 487
59 488
60 489
61 490
62 490
63 489
64 489
65 488
66 487
67 486
68 486
69 486
70 486
71 486
72 486
73 486
74 487
75 488
76 489
77 490
78 491
79 493
80 495
81 496
82 497
83 498
84 500
85 501
86 501
87 501
88 501
89 501
90 501
91 501
92 500
93 499
94 498
95 497
96 496
97 495
98 494
99 493
100 491
101 490
51 476
50 477
49 478
48 479
47 481
46 482
45 483
44 484
43 484
42 483
41 483
40 483
39 483
38 483
37 483
36 484
35 484
34 485
33 486
32 488
31 489
30 490
29 492
28 494
27 495
26 496
25 496
24 497
23 497
22 496
52 477
53 478
54 479
55 481
56 483
57 485
58 487
59 488
60 489
61 489
62 489
63 489
64 489
65 488
66 487
67 487
68 486
69 486
70 486
71 486
72 486
73 487
74 487
75 488
76 489
77 490
78 492
79 494
80 495
81 496
82 497
83 499
84 500
85 500
86 501
87 501
88 501
89 501
90 501
91 500
92 499
93 499
94 498
95 497
96 496
97 495
98 494
99 492
100 491
51 477
50 478
49 479
48 480
47 481
46 482
45 483
44 483
43 483
42 483
41 483
40 483
39 483
38 483
37 483
36 483
35 484
34 485
33 486
32 487
31 489
30 491
29 492
28 493
27 494
26 495
25 496
24 496
23 496
52 477
53 478
54 480
55 481
56 483
57 485
58 486
59 488
60 489
61 489
62 489
63 489
64 488
65 488
66 488
67 487
68 487
69 486
70 486
71 486
72 487
73 487
74 488
75 488
76 489
77 491
78 492
79 493
80 494
81 496
82 498
83 499
84 499
85 500
86 500
87 501
88 501
89 501
90 500
91 500
92 500
93 499
94 498
95 497
96 496
97 495
98 493
99 492
51 477
50 478
49 479
48 480
47 481
46 482
45 482
44 483
43 483
42 483
41 483
40 483
39 483
38 483
37 483
36 484
35 485
34 486
33 487
32 488
31 489
30 490
29 492
28 493
27 494
26 495
25 496
24 496
52 478
53 479
54 480
55 482
56 484
57 485
58 487
59 488
60 488
61 489
62 489
63 489
64 489
65 488
66 487
67 487
68 486
69 486
70 486
71 486
72 486
73 487
74 487
75 488
76 490
77 491
78 492
79 493
80 495
81 496
82 497
83 498
84 499
85 500
86 501
87 501
88 501
89 501
90 501
91 500
92 499
93 498
94 498
95 497
96 496
97 494
98 493
51 478
50 478
49 479
48 480
47 481
46 482
45 483
44 483
43 483
42 483
41 483
40 483
39 483
38 483
37 484
36 484
35 485
34 486
33 487
32 488
31 489
30 491
29 492
28 493
27 494
26 495
25 495
52 478
53 479
54 480
55 482
56 483
57 485
58 486
59 487
60 488
61 488
62 489
63 489
64 488
65 488
66 488
67 487
68 487
69 487
70 486
71 486
72 487
73 487
74 488
75 489
76 490
77 491
78 492
79 494
80 495
81 496
82 497
83 498
84 499
85 500
86 500
87 500
88 501
89 501
90 500
91 500
92 499
93 499
94 498
95 497
96 495
97 494
51 478
50 479
49 479
48 480
47 481
46 482
45 482
44 482
43 482
42 483
41 483
40 483
39 483
38 483
37 483
36 484
35 485
34 486
33 487
32 488
31 490
30 491
29 492
28 493
27 494
26 495
52 479
51 479
50 479
49 480
48 481
47 481
46 481
45 482
44 482
43 483
42 483
41 483
40 483
39 483
38 483
37 484
36 485
35 485
34 486
33 487
32 489
31 490
30 491
29 492
28 493
27 494
53 479
54 481
55 482
56 484
57 485
58 486
59 487
60 488
61 489
62 489
63 488
64 488
65 488
66 487
67 487
68 487
69 486
70 486
71 487
72 487
73 487
74 488
75 489
76 490
77 491
78 493
79 494
80 495
81 496
82 497
83 498
84 499
85 499
86 500
87 501
88 501
89 500
90 500
91 499
92 499
93 498
94 497
95 496
96 495
52 479
53 480
54 481
55 482
56 483
57 485
58 486
59 487
60 488
61 488
62 488
63 488
64 488
65 487
66 487
67 487
68 486
69 486
70 487
71 487
72 487
73 488
74 488
75 489
76 490
77 491
78 492
79 493
80 494
81 496
82 497
83 498
84 499
85 500
86 500
87 500
88 500
89 500
90 500
91 500
92 499
93 498
94 497
95 496
51 479
50 479
49 480
48 480
47 481
46 482
45 482
44 483
43 483
42 483
41 483
40 483
39 483
38 484
37 484
36 484
35 485
34 486
33 487
32 488
31 489
30 490
29 491
28 493
52 479
53 480
54 481
55 482
56 484
57 485
58 486
59 487
60 487
61 488
62 488
63 488
64 488
65 488
66 488
67 487
68 487
69 487
70 487
71 487
72 487
73 487
74 488
75 489
76 490
77 491
78 492
79 493
80 495
81 496
82 497
83 498
84 499
85 499
86 500
87 500
88 500
89 500
90 500
91 499
92 499
93 498
94 497
51 479
50 480
49 480
48 481
47 481
46 481
45 482
44 482
43 482
42 482
41 483
40 483
39 483
38 483
37 484
36 485
35 486
34 486
33 487
32 488
31 489
30 490
29 492
52 480
53 481
54 481
55 483
56 484
57 485
58 486
59 486
60 487
61 487
62 487
63 488
64 488
65 488
66 487
67 487
68 487
69 487
70 487
71 487
72 487
73 488
74 489
75 490
76 490
77 491
78 492
79 494
80 495
81 496
82 497
83 498
84 498
85 499
86 499
87 500
88 500
89 500
90 499
91 499
92 498
93 498
51 480
50 480
49 480
48 480
47 481
46 482
45 482
44 482
43 482
42 483
41 483
40 483
39 483
38 484
37 484
36 485
35 485
34 486
33 487
32 488
31 489
30 491
52 480
51 480
50 480
49 480
48 481
47 481
46 481
45 481
44 482
43 483
42 483
41 483
40 483
39 484
38 484
37 485
36 485
35 486
34 487
33 488
32 489
31 490
53 480
54 482
55 483
56 484
57 485
58 486
59 487
60 487
61 487
62 488
63 488
64 488
65 487
66 487
67 487
68 487
69 487
70 487
71 487
72 488
73 488
74 489
75 489
76 490
77 491
78 493
79 494
80 495
81 496
82 497
83 497
84 498
85 499
86 500
87 500
88 500
89 500
90 500
91 499
92 499
52 480
53 481
54 482
55 483
56 484
57 485
58 486
59 486
60 487
61 488
62 488
63 488
64 487
65 487
66 487
67 487
68 487
69 487
70 487
71 487
72 487
73 488
74 488
75 489
76 490
77 492
78 493
79 494
80 495
81 496
82 497
83 498
84 499
85 499
86 499
87 499
88 499
89 499
90 499
91 499
51 480
52 481
53 482
54 482
55 483
56 484
57 485
58 485
59 486
60 487
61 487
62 487
63 487
64 487
65 487
66 487
67 487
68 487
69 487
70 487
71 487
72 488
73 488
74 489
75 490
76 491
77 492
78 493
79 494
80 495
81 496
82 497
83 498
84 498
85 499
86 499
87 499
88 499
89 499
90 499
50 480
49 481
48 481
47 481
46 481
45 482
44 482
43 482
42 482
41 482
40 483
39 483
38 484
37 484
36 485
35 486
34 487
33 488
32 489
51 481
50 481
49 481
48 481
47 481
46 482
45 482
44 482
43 482
42 482
41 483
40 483
39 484
38 484
37 485
36 485
35 486
34 487
33 488
52 481
51 481
50 481
49 481
48 481
47 482
46 482
45 482
44 482
43 482
42 483
41 483
40 484
39 484
38 484
37 484
36 485
35 486
34 487
53 481
54 482
55 483
56 484
57 484
58 485
59 486
60 486
61 487
62 487
63 487
64 487
65 487
66 487
67 487
68 487
69 487
70 487
71 488
72 488
73 489
74 489
75 490
76 491
77 492
78 493
79 494
80 495
81 496
82 497
83 497
84 498
85 498
86 499
87 499
88 499
89 499
52 481
53 482
54 483
55 483
56 483
57 484
58 485
59 486
60 487
61 487
62 487
63 487
64 487
65 487
66 487
67 487
68 487
69 487
70 487
71 487
72 488
73 488
74 489
75 490
76 491
77 492
78 493
79 494
80 495
81 496
82 496
83 497
84 498
85 499
86 499
87 499
88 499
51 481
52 482
53 482
54 482
55 483
56 484
57 485
58 486
59 486
60 486
61 486
62 487
63 487
64 487
65 487
66 487
67 487
68 487
69 487
70 487
71 488
72 488
73 489
74 490
75 490
76 491
77 492
78 493
79 494
80 495
81 495
82 496
83 497
84 498
85 498
86 498
87 499
50 481
49 481
48 481
47 481
46 481
45 481
44 482
43 483
42 483
41 483
40 483
39 483
38 484
37 485
36 486
35 486
51 481
50 481
49 481
48 481
47 481
46 481
45 482
44 482
43 482
42 482
41 483
40 483
39 484
38 484
37 485
36 485
52 481
53 482
54 483
55 483
56 484
57 485
58 485
59 486
60 486
61 487
62 487
63 487
64 487
65 487
66 487
67 487
68 487
69 487
70 488
71 488
72 488
73 489
74 489
75 490
76 491
77 492
78 493
79 494
80 494
81 495
82 496
83 497
84 497
85 498
86 499
51 481
52 482
53 482
54 482
55 483
56 484
57 484
58 485
59 485
60 486
61 486
62 486
63 486
64 487
65 487
66 487
67 487
68 487
69 488
70 488
71 488
72 489
73 489
74 490
75 491
76 492
77 492
78 493
79 493
80 494
81 495
82 496
83 497
84 498
85 498
50 481
51 482
52 482
53 482
54 483
55 484
56 484
57 485
58 485
59 486
60 486
61 486
62 486
63 487
64 487
65 487
66 487
67 487
68 487
69 487
70 487
71 488
72 488
73 489
74 490
75 491
76 491
77 492
78 492
79 493
80 494
81 495
82 496
83 497
84 497
49 481
48 481
47 481
46 482
45 482
44 482
43 482
42 483
41 483
40 484
39 484
38 485
37 485
50 481
49 481
48 481
47 482
46 482
45 482
44 482
43 483
42 483
41 483
40 483
39 484
38 484
51 481
50 481
49 481
48 482
47 482
46 482
45 482
44 483
43 483
42 483
41 483
40 484
39 484
52 481
53 482
54 483
55 483
56 484
57 484
58 485
59 485
60 486
61 486
62 487
63 487
64 487
65 487
66 487
67 487
68 487
69 487
70 488
71 488
72 489
73 489
74 490
75 490
76 491
77 492
78 493
79 494
80 495
81 496
82 497
83 497
51 481
52 482
53 483
54 483
55 484
56 484
57 485
58 485
59 486
60 486
61 487
62 487
63 487
64 487
65 487
66 487
67 487
68 487
69 488
70 488
71 488
72 488
73 489
74 489
75 490
76 491
77 492
78 493
79 494
80 495
81 496
82 496
50 481
51 482
52 482
53 482
54 483
55 483
56 484
57 484
58 485
59 485
60 486
61 486
62 486
63 486
64 486
65 487
66 487
67 487
68 488
69 488
70 488
71 488
72 489
73 489
74 490
75 491
76 492
77 492
78 493
79 494
80 495
81 495
49 481
50 482
51 482
52 482
53 483
54 483
55 484
56 484
57 485
58 485
59 486
60 486
61 486
62 486
63 486
64 487
65 487
66 487
67 487
68 487
69 487
70 487
71 488
72 488
73 489
74 490
75 491
76 491
77 492
78 493
79 494
80 494
48 481
49 482
50 482
51 482
52 483
53 483
54 483
55 483
56 484
57 484
58 485
59 485
60 485
61 486
62 486
63 487
64 487
65 487
66 487
67 487
68 487
69 487
70 488
71 488
72 489
73 490
74 490
75 490
76 491
77 492
78 493
79 493
47 481
48 482
49 482
50 482
51 482
52 482
53 482
54 483
55 484
56 484
57 485
58 485
59 485
60 486
61 486
62 487
63 487
64 487
65 487
66 487
67 487
68 487
69 488
70 488
71 489
72 489
73 489
74 490
75 491
76 492
77 493
78 493
46 481
45 482
44 482
43 482
42 482
41 483
40 483
47 482
46 482
45 482
44 482
43 482
42 483
41 483
48 482
47 482
46 482
45 482
44 482
43 483
42 483
49 482
48 482
47 482
46 482
45 482
44 483
43 483
50 482
49 482
48 482
47 482
46 482
45 482
44 482
51 482
50 482
49 482
48 482
47 482
46 482
45 482
52 482
53 483
54 483
55 483
56 484
57 484
58 485
59 486
60 486
61 486
62 486
63 486
64 486
65 486
66 487
67 487
68 488
69 488
70 488
71 488
72 489
73 490
74 490
75 491
76 492
77 492
51 482
52 483
53 483
54 483
55 484
56 484
57 485
58 485
59 485
60 485
61 486
62 486
63 486
64 486
65 487
66 487
67 488
68 488
69 488
70 488
71 489
72 489
73 489
74 490
75 491
76 491
50 482
51 483
52 483
53 483
54 484
55 484
56 484
57 484
58 485
59 485
60 486
61 486
62 486
63 486
64 487
65 487
66 487
67 487
68 487
69 487
70 488
71 488
72 489
73 490
74 491
75 491
49 482
48 482
47 482
46 482
50 482
49 482
48 482
47 482
51 482
50 482
49 482
48 482
52 482
53 483
54 483
55 483
56 484
57 485
58 485
59 486
60 486
61 486
62 486
63 487
64 487
65 487
66 487
67 487
68 487
69 488
70 488
71 489
72 489
73 490
74 490
51 482
52 483
53 483
54 483
55 484
56 484
57 484
58 485
59 485
60 485
61 485
62 486
63 486
64 486
65 486
66 487
67 487
68 488
69 488
70 489
71 489
72 490
73 421
72 131
75 245
74 212
76 368
75 238
70 244
71 322
69 366
70 260
68 427
69 312
50 482
51 483
52 483
53 483
54 484
55 484
56 484
57 485
58 485
59 485
60 485
61 486
62 486
63 486
64 486
65 487
66 487
67 701
68 417
66 350
67 302
65 418
66 317
49 482
50 483
51 483
52 483
53 483
54 483
55 483
56 484
57 484
58 484
59 485
60 486
61 486
62 486
63 486
64 696
65 394
63 348
64 255
62 417
63 249
61 451
62 306
60 468
59 477
60 239
61 392
59 119
60 251
58 541
57 513
58 256
59 472
56 499
57 377
58 376
55 492
56 434
57 383
54 488
53 486
52 484
51 483
50 483
49 483
48 482
47 482
46 482
45 482
44 482
43 482
42 482
41 483
40 483
39 483
38 484
37 484
36 485
35 485
34 485
33 486
32 487
31 488
30 489
29 490
28 491
27 492
26 493
25 494
24 495
23 496
22 496
21 496
20 496
19 495
18 494
17 493
16 490
15 488
14 484
13 481
12 689
11 415
13 345
12 327
55 461
54 473
55 236
56 436
54 118
55 272
53 537
52 510
53 255
54 470
51 497
52 376
53 356
50 490
51 433
52 346
49 486
50 459
51 383
48 484
47 483
46 483
45 483
44 483
43 482
42 483
41 483
40 483
39 483
38 483
37 484
36 484
35 485
34 486
33 486
32 487
31 488
30 489
29 490
28 491
27 492
26 493
25 494
24 495
23 495
22 496
21 496
20 495
19 495
18 494
17 492
16 490
15 487
14 657
13 375
15 328
14 247
16 408
15 272
49 471
48 477
49 239
50 442
48 120
49 271
47 540
46 511
47 255
48 461
45 497
46 376
47 337
44 489
45 432
46 317
43 486
44 459
45 345
42 484
43 472
44 394
41 483
40 483
39 483
38 484
37 484
36 485
35 485
34 485
33 486
32 487
31 488
30 489
29 490
28 491
27 492
26 493
25 494
24 494
23 495
22 495
21 495
20 495
19 494
18 493
17 695
16 369
18 347
17 252
19 420
18 268
20 457
19 344
42 478
41 481
42 240
43 451
41 120
42 271
40 542
39 513
40 257
41 451
38 498
39 378
40 313
37 491
38 435
39 278
36 488
37 462
38 289
35 487
36 474
37 319
34 487
35 480
36 356
33 487
34 483
35 393
32 487
33 485
34 427
31 488
32 487
33 456
30 489
29 490
28 491
27 492
26 493
25 494
24 495
23 495
22 495
21 724
20 443
22 362
21 298
23 429
22 272
24 462
23 297
25 478
24 341
26 486
25 388
27 490
26 429
28 491
29 491
28 245
27 461
29 122
28 238
30 551
29 373
31 764
30 437
31 217
32 478
110 442
109 460
110 230
111 431
108 470
109 350
110 329
107 476
108 413
109 357
106 480
105 482
104 485
103 486
102 488
101 489
100 490
99 492
98 493
97 494
96 495
95 496
94 497
93 498
92 498
91 499
90 499
89 499
88 499
87 499
86 498
85 498
84 498
83 497
82 496
81 495
80 494
79 494
78 493
77 676
76 377
78 338
77 320
107 447
106 465
107 232
108 452
105 475
106 353
107 349
104 480
105 417
106 373
103 484
102 487
101 489
100 491
99 492
98 493
97 494
96 495
95 496
94 497
93 497
92 498
91 498
90 498
89 499
88 499
87 498
86 498
85 498
84 497
83 496
82 496
81 495
80 495
79 663
78 405
80 331
79 308
81 413
80 361
82 454
83 475
82 237
81 481
84 486
83 362
82 390
85 491
86 495
87 497
88 498
89 498
90 499
91 499
92 499
93 499
94 498
95 498
96 497
97 496
98 495
99 494
100 493
101 492
102 490
103 489
104 695
105 460
103 347
104 333
102 418
103 339
101 454
100 473
101 236
102 407
99 483
100 359
101 265
98 489
99 424
100 244
97 492
98 458
99 279
96 494
97 476
98 337
95 495
96 486
97 400
94 497
93 497
92 498
91 498
90 498
89 499
88 498
87 498
86 497
85 496
84 674
83 417
85 337
84 251
86 417
85 228
87 457
86 268
88 478
87 332
89 488
88 399
90 494
91 496
90 248
89 459
91 124
90 258
92 559
93 529
92 264
91 414
93 132
92 227
94 579
93 388
95 781
94 451
95 214
96 457
