4606
2 452
3 400
90 694
89 948
88 1136
38 686
37 961
36 857
81 676
80 905
82 873
81 889
49 667
48 704
47 708
46 722
53 663
45 659
44 746
43 873
42 966
41 669
57 659
87 657
86 882
7 655
8 672
84 640
83 866
82 877
85 763
84 814
83 845
16 639
15 887
14 911
13 685
12 664
11 839
6 625
7 648
10 619
9 905
8 776
59 605
58 680
77 600
78 764
79 865
80 877
81 877
82 861
76 660
75 805
77 712
78 788
79 833
80 855
81 858
76 759
77 773
78 803
79 829
80 844
74 634
75 696
76 734
77 769
78 799
79 821
99 600
98 594
97 838
96 764
100 690
99 642
98 740
97 752
52 573
51 790
50 940
49 822
48 765
47 744
46 701
45 723
44 798
43 882
42 775
89 568
90 758
91 863
92 681
88 612
87 747
86 755
85 785
84 815
83 838
82 848
81 846
80 833
89 685
90 774
91 727
88 716
89 745
87 736
86 760
85 787
84 813
83 831
82 839
81 836
88 741
87 750
86 769
85 791
84 811
83 825
82 830
90 736
89 739
88 744
87 757
86 774
85 793
84 809
83 819
19 555
18 576
17 679
16 783
15 847
14 766
13 715
12 777
11 698
10 802
9 789
100 642
99 691
98 722
100 691
99 706
100 706
64 533
65 602
66 518
40 512
41 644
39 620
38 790
37 823
40 632
39 711
38 767
5 503
6 576
5 288
4 596
7 676
8 733
54 499
55 693
56 825
57 752
53 536
52 663
51 802
50 812
49 788
48 766
47 733
46 728
45 763
44 822
43 798
42 721
41 676
40 694
39 731
54 614
55 720
56 736
53 639
52 721
51 766
50 777
49 772
48 752
47 740
46 752
45 787
44 793
43 757
42 717
41 706
40 718
54 680
55 708
53 700
52 733
51 755
50 763
49 757
48 749
47 751
46 769
45 781
44 769
43 743
42 724
41 721
54 704
53 719
52 737
51 750
50 754
49 752
48 751
47 760
46 770
45 770
44 756
43 740
42 731
26 491
27 549
28 730
29 580
30 589
6 482
7 608
6 304
5 629
60 477
61 586
59 578
58 665
57 701
56 704
55 704
54 711
53 724
52 737
51 746
50 749
49 750
48 755
47 762
46 766
45 761
44 751
43 741
60 582
59 624
58 662
57 683
56 694
55 702
54 713
53 725
52 735
51 742
50 746
49 750
48 756
47 761
46 761
45 756
44 748
67 469
68 488
95 465
96 609
97 665
98 685
99 696
100 696
94 556
93 628
92 677
91 707
90 723
89 733
88 745
87 759
86 776
85 792
84 805
95 583
96 624
97 655
98 676
99 686
94 605
93 641
92 674
91 698
90 716
89 731
88 745
87 761
86 776
85 791
95 614
96 634
97 655
98 670
94 628
93 651
92 675
91 696
90 713
89 729
88 745
87 760
86 776
95 631
96 643
97 656
94 641
93 658
92 677
91 695
90 712
89 728
88 744
87 760
95 642
94 650
93 664
92 679
91 695
90 712
89 728
88 744
96 649
95 650
94 657
93 668
92 682
91 697
90 712
89 728
100 686
99 678
98 667
97 658
96 654
95 655
94 661
93 671
92 684
91 698
90 713
100 678
99 672
98 665
97 660
96 658
95 660
94 666
93 675
92 686
91 700
100 672
99 669
98 665
97 661
96 660
95 663
94 669
93 678
92 689
100 669
99 667
98 664
97 662
96 663
95 666
94 672
93 680
100 667
99 665
98 663
97 663
96 664
95 668
94 674
100 665
99 664
98 664
97 664
96 666
95 670
100 664
99 664
98 664
97 665
96 668
100 664
99 664
98 664
97 666
100 664
99 664
98 665
100 664
99 665
100 665
35 459
36 641
37 704
38 718
39 718
40 720
41 725
42 733
43 741
34 549
35 595
36 650
37 684
38 701
39 710
40 717
41 725
42 733
33 460
34 528
35 589
36 636
37 669
38 689
39 703
40 714
41 724
63 453
62 534
61 558
60 591
59 626
58 655
57 674
56 688
55 701
54 713
53 724
52 733
51 739
50 744
49 750
48 756
47 759
46 758
45 753
44 747
43 740
42 732
64 528
63 531
62 545
61 568
60 597
59 626
58 650
57 669
56 685
55 699
54 712
53 722
52 731
51 738
50 744
49 750
48 754
47 756
46 754
45 750
44 745
43 738
65 523
64 527
63 536
62 552
61 575
60 601
59 626
58 647
57 666
56 682
55 697
54 709
53 720
52 729
51 736
50 743
49 749
48 753
47 753
46 752
45 749
44 744
66 496
65 511
64 523
63 537
62 556
61 578
60 602
59 624
58 645
57 664
56 681
55 695
54 708
53 719
52 727
51 735
50 742
49 747
48 750
47 751
46 750
45 747
67 492
66 502
65 513
64 525
63 541
62 559
61 581
60 602
59 624
58 644
57 662
56 678
55 693
54 706
53 716
52 726
51 734
50 741
49 746
48 748
47 749
46 748
22 451
23 589
21 500
20 660
19 618
18 649
17 716
16 782
15 774
14 745
13 761
12 729
11 766
10 777
9 755
8 681
7 492
6 542
22 545
21 602
20 610
19 629
18 672
17 727
16 750
15 748
14 754
13 742
12 754
11 765
10 760
9 720
8 606
7 574
8 287
7 56
24 496
25 679
26 614
27 672
28 626
29 608
23 520
24 600
25 607
26 640
27 633
28 620
22 561
21 586
20 608
19 640
18 684
17 717
16 733
15 743
14 743
13 748
12 757
11 759
10 740
9 817
23 581
24 594
25 617
26 625
27 622
22 583
21 595
20 617
19 651
18 684
17 709
16 726
15 735
14 741
13 749
12 754
11 747
10 782
9 391
8 491
23 588
24 602
25 613
26 617
22 592
21 605
20 628
19 656
18 682
17 704
16 719
15 730
14 740
13 747
12 747
11 764
10 577
9 384
23 597
24 605
25 611
22 601
21 614
20 635
19 658
18 681
17 700
16 715
15 727
14 737
13 742
12 753
11 665
10 367
23 603
22 608
21 622
20 640
19 661
18 681
17 698
16 713
15 725
14 733
13 743
12 704
11 351
13 352
12 297
24 607
23 608
22 615
21 627
20 644
19 662
18 680
17 696
16 710
15 722
14 909
13 558
15 454
16 588
15 294
14 576
17 649
16 472
15 513
18 672
19 676
20 669
21 657
22 642
23 628
24 618
25 613
26 612
27 615
28 619
29 619
30 614
31 711
32 596
17 572
18 624
17 312
16 644
19 647
18 480
17 558
20 652
21 647
22 638
23 628
24 621
25 616
26 616
27 617
28 618
29 616
30 663
31 630
19 566
20 607
19 303
18 658
21 622
20 462
19 556
22 625
23 623
24 619
25 618
26 617
27 618
28 617
29 640
30 635
33 562
32 596
31 615
34 575
35 606
36 638
37 663
38 683
39 699
40 712
41 722
42 730
43 737
44 742
45 745
33 585
32 600
34 596
35 617
36 640
37 662
38 681
39 696
40 709
41 719
42 728
43 735
44 740
33 598
34 607
35 623
36 642
37 661
38 678
39 694
40 706
41 717
42 726
43 733
21 544
22 583
21 291
20 658
23 601
24 610
25 613
26 616
27 616
28 628
29 632
30 624
31 612
32 605
33 606
34 615
35 629
36 645
37 662
38 678
39 692
40 705
41 716
42 724
69 447
68 470
67 486
66 499
65 512
64 527
63 543
62 562
61 582
60 603
59 623
58 643
57 661
56 677
55 691
54 703
53 715
52 724
51 733
50 739
49 743
48 746
47 747
46 746
45 743
44 738
43 731
70 456
71 660
72 720
73 739
74 718
75 726
76 748
77 773
78 797
79 815
80 826
81 828
82 824
83 815
84 803
85 789
86 774
87 759
88 744
89 729
90 715
91 702
92 691
93 683
94 676
95 672
96 669
97 667
98 666
99 665
100 665
69 463
70 561
71 640
72 690
73 704
74 715
75 732
76 752
77 775
78 795
79 811
80 819
81 821
82 818
83 810
84 800
85 787
86 773
87 759
88 744
89 729
90 715
91 703
92 693
93 684
94 678
95 673
96 670
97 668
98 667
99 666
100 666
68 474
69 518
70 579
71 635
72 669
73 692
74 712
75 732
76 754
77 774
78 793
79 806
80 814
81 816
82 813
83 807
84 797
85 785
86 772
87 758
88 743
89 729
90 716
91 704
92 694
93 686
94 680
95 675
96 671
97 669
98 667
99 667
100 667
67 487
68 503
69 541
70 588
71 628
72 660
73 686
74 709
75 731
76 752
77 773
78 789
79 801
80 808
81 811
82 809
83 803
84 794
85 783
86 771
87 757
88 743
89 730
90 717
91 706
92 696
93 688
94 681
95 676
96 673
97 670
98 669
99 668
100 668
66 500
65 513
64 528
63 545
62 564
61 583
60 603
59 623
58 642
57 659
56 675
55 689
54 702
53 713
52 723
51 731
50 737
49 742
48 745
47 746
46 744
45 741
44 736
67 501
68 521
69 554
70 591
71 626
72 656
73 683
74 707
75 730
76 752
77 770
78 786
79 797
80 804
81 806
82 804
83 799
84 791
85 781
86 769
87 756
88 743
89 730
90 718
91 707
92 698
93 690
94 683
95 678
96 674
97 672
98 670
99 669
100 669
66 507
65 518
64 531
63 547
62 565
61 584
60 604
59 623
58 641
57 658
56 674
55 688
54 701
53 712
52 722
51 729
50 736
49 740
48 743
47 743
46 742
45 739
67 514
68 534
69 563
70 595
71 625
72 654
73 680
74 705
75 728
76 749
77 768
78 782
79 793
80 800
81 802
82 801
83 796
84 788
85 779
86 767
87 755
88 743
89 730
90 719
91 708
92 699
93 691
94 685
95 680
96 676
97 673
98 671
99 670
100 670
66 516
67 525
68 544
69 569
70 597
71 626
72 653
73 679
74 703
75 726
76 747
77 764
78 779
79 790
80 796
81 799
82 797
83 792
84 786
85 776
86 766
87 754
88 742
89 731
90 719
91 709
92 700
93 692
94 686
95 681
96 677
97 674
98 672
99 671
100 671
65 523
64 535
63 550
62 567
61 586
60 604
59 623
58 640
57 657
56 672
55 687
54 699
53 710
52 719
51 728
50 734
49 739
48 741
47 742
46 741
66 524
67 534
68 551
69 574
70 600
71 626
72 653
73 678
74 702
75 725
76 744
77 762
78 776
79 786
80 792
81 794
82 793
83 790
84 783
85 775
86 764
87 753
88 742
89 730
90 720
91 710
92 701
93 694
94 687
95 682
96 678
97 675
98 673
99 672
100 672
65 530
64 540
63 554
62 570
61 587
60 605
59 622
58 640
57 656
56 672
55 685
54 698
53 709
52 719
51 726
50 732
49 736
48 739
47 740
66 532
67 542
68 558
69 579
70 602
71 628
72 653
73 678
74 702
75 723
76 743
77 759
78 772
79 782
80 788
81 791
82 791
83 787
84 781
85 772
86 763
87 753
88 741
89 731
90 720
91 711
92 702
93 694
94 688
95 683
96 679
97 676
98 674
99 673
100 673
65 536
64 545
63 557
62 572
61 588
60 605
59 623
58 639
57 656
56 670
55 684
54 696
53 707
52 716
51 724
50 730
49 735
48 737
66 539
67 548
68 564
69 583
70 606
71 629
72 653
73 677
74 700
75 721
76 740
77 756
78 769
79 778
80 785
81 788
82 787
83 784
84 778
85 771
86 762
87 751
88 741
89 730
90 721
91 711
92 703
93 696
94 690
95 684
96 680
97 677
98 675
99 674
100 674
65 542
64 550
63 561
62 574
61 590
60 607
59 623
58 640
57 655
56 670
55 683
54 695
53 706
52 715
51 723
50 729
49 733
66 545
67 555
68 569
69 588
70 608
71 631
72 654
73 677
74 699
75 720
76 738
77 754
78 766
79 776
80 782
81 784
82 784
83 781
84 776
85 769
86 760
87 751
88 741
89 731
90 721
91 712
92 704
93 697
94 690
95 685
96 681
97 678
98 676
99 675
100 675
65 547
64 554
63 564
62 577
61 592
60 607
59 623
58 639
57 654
56 668
55 682
54 694
53 704
52 714
51 721
50 727
66 551
67 560
68 574
69 591
70 611
71 632
72 655
73 677
74 698
75 718
76 736
77 751
78 764
79 773
80 778
81 781
82 781
83 778
84 773
85 766
86 758
87 749
88 740
89 731
90 721
91 713
92 705
93 697
94 691
95 686
96 682
97 679
98 677
99 676
100 676
65 553
64 558
63 568
62 580
61 593
60 608
59 624
58 639
57 654
56 668
55 681
54 693
53 704
52 712
51 720
66 556
67 565
68 578
69 594
70 613
71 634
72 655
73 677
74 698
75 717
76 734
77 749
78 761
79 769
80 775
81 778
82 778
83 776
84 771
85 765
86 757
87 749
88 740
89 730
90 722
91 713
92 705
93 698
94 692
95 687
96 683
97 680
98 678
99 677
100 677
65 557
64 563
63 571
62 582
61 595
60 610
59 624
58 639
57 653
56 667
55 680
54 692
53 702
52 711
66 561
67 569
68 581
69 597
70 616
71 636
72 657
73 677
74 697
75 715
76 732
77 746
78 757
79 766
80 772
81 775
82 776
83 773
84 769
85 763
86 756
87 748
88 739
89 731
90 722
91 714
92 706
93 699
94 693
95 688
96 684
97 681
98 679
99 678
100 678
65 562
64 566
63 574
62 585
61 598
60 611
59 625
58 639
57 653
56 667
55 679
54 690
53 700
66 566
67 574
68 586
69 601
70 618
71 637
72 657
73 677
74 696
75 714
76 730
77 744
78 755
79 764
80 770
81 773
82 773
83 771
84 767
85 761
86 755
87 747
88 739
89 730
90 722
91 714
92 706
93 700
94 694
95 689
96 685
97 682
98 680
99 679
65 566
64 570
63 578
62 588
61 599
60 612
59 626
58 639
57 653
56 666
55 678
54 689
66 570
67 578
68 589
69 604
70 621
71 639
72 658
73 677
74 695
75 713
76 728
77 741
78 753
79 761
80 767
81 770
82 770
83 769
84 765
85 760
86 753
87 746
88 738
89 730
90 722
91 714
92 707
93 700
94 695
95 690
96 686
97 683
98 681
65 570
64 574
63 581
62 590
61 601
60 613
59 626
58 640
57 653
56 665
55 677
66 574
67 581
68 593
69 607
70 623
71 641
72 659
73 677
74 695
75 711
76 726
77 740
78 750
79 759
80 764
81 767
82 768
83 766
84 763
85 758
86 752
87 745
88 737
89 730
90 722
91 714
92 707
93 701
94 695
95 691
96 687
97 684
65 574
64 578
63 584
62 592
61 603
60 615
59 627
58 640
57 653
56 665
66 577
67 585
68 596
69 609
70 625
71 642
72 659
73 677
74 694
75 710
76 725
77 737
78 748
79 756
80 762
81 765
82 766
83 765
84 762
85 757
86 751
87 744
88 737
89 729
90 721
91 714
92 708
93 702
94 697
95 692
96 688
65 577
66 581
67 589
68 599
69 612
70 627
71 643
72 660
73 677
74 694
75 710
76 724
77 736
78 746
79 754
80 759
81 763
82 764
83 763
84 760
85 756
86 750
87 743
88 736
89 729
90 722
91 715
92 708
93 702
94 697
95 692
64 580
63 586
62 595
61 605
60 616
59 628
58 640
57 652
65 581
66 585
67 592
68 602
69 615
70 629
71 644
72 661
73 678
74 694
75 709
76 722
77 734
78 744
79 751
80 757
81 760
82 761
83 760
84 758
85 754
86 749
87 743
88 736
89 729
90 722
91 715
92 709
93 703
94 697
64 584
63 589
62 597
61 606
60 617
59 629
58 641
65 584
66 588
67 595
68 605
69 617
70 630
71 646
72 662
73 678
74 693
75 707
76 721
77 733
78 742
79 750
80 755
81 758
82 759
83 759
84 756
85 752
86 747
87 741
88 735
89 728
90 721
91 715
92 709
93 703
64 586
63 592
62 599
61 608
60 618
59 629
65 587
66 591
67 598
68 607
69 618
70 632
71 647
72 662
73 677
74 692
75 707
76 720
77 731
78 741
79 748
80 753
81 756
82 758
83 757
84 755
85 751
86 746
87 741
88 735
89 728
90 722
91 716
92 709
64 590
63 594
62 601
61 610
60 620
65 591
66 595
67 601
68 610
69 621
70 634
71 648
72 663
73 678
74 693
75 706
76 718
77 729
78 738
79 745
80 751
81 755
82 756
83 755
84 753
85 750
86 746
87 740
88 734
89 728
90 722
91 715
64 592
63 597
62 603
61 611
65 593
66 597
67 603
68 612
69 623
70 636
71 649
72 663
73 678
74 692
75 705
76 717
77 728
78 737
79 744
80 749
81 752
82 753
83 753
84 751
85 748
86 744
87 739
88 733
89 728
90 721
64 595
63 599
62 605
65 596
66 599
67 606
68 614
69 625
70 637
71 650
72 664
73 678
74 691
75 704
76 716
77 726
78 735
79 742
80 747
81 750
82 752
83 752
84 750
85 747
86 743
87 738
88 733
89 727
64 598
63 601
65 599
66 603
67 608
68 617
69 627
70 638
71 651
72 665
73 678
74 691
75 704
76 715
77 725
78 733
79 740
80 745
81 749
82 750
83 750
84 749
85 746
86 742
87 738
88 733
64 600
65 601
66 604
67 611
68 619
69 629
70 640
71 653
72 665
73 678
74 691
75 703
76 714
77 724
78 732
79 739
80 744
81 747
82 749
83 749
84 747
85 745
86 741
87 737
100 679
99 680
98 682
97 685
96 688
95 693
94 698
93 704
92 710
91 716
90 722
89 727
88 732
100 680
99 681
98 683
97 685
96 689
95 693
94 699
93 704
92 710
91 716
90 721
89 727
100 681
99 682
98 683
97 686
96 690
95 695
94 699
93 705
92 710
91 715
90 721
100 682
99 682
98 684
97 687
96 691
95 695
94 700
93 705
92 710
91 716
100 682
99 683
98 685
97 688
96 691
95 695
94 700
93 705
92 711
100 683
99 684
98 686
97 689
96 692
95 696
94 701
93 706
100 684
99 685
98 687
97 689
96 693
95 697
94 701
100 685
99 686
98 688
97 691
96 694
95 698
100 686
99 687
98 689
97 691
96 694
100 687
99 688
98 689
97 692
100 688
99 689
98 691
100 689
99 690
100 690
22 446
21 552
22 276
21 39
23 666
24 639
23 320
22 468
25 628
26 622
27 625
28 628
29 626
30 619
31 612
32 609
33 612
34 620
35 632
36 647
37 662
38 677
39 691
40 703
41 713
42 722
43 729
44 734
45 737
46 738
47 737
48 735
49 731
50 726
51 718
52 709
53 699
54 688
55 677
56 665
57 653
58 641
59 631
60 621
61 613
62 607
63 604
64 602
65 603
66 607
67 613
68 621
69 630
70 642
71 653
72 666
73 678
74 691
75 702
76 713
77 722
78 731
79 737
80 742
81 745
82 747
83 747
84 746
85 743
86 740
87 736
88 731
89 726
90 721
91 716
92 711
93 706
94 702
95 698
96 695
97 693
98 691
99 690
100 690
24 474
25 548
24 274
23 577
26 586
27 607
28 617
29 618
30 615
31 612
32 612
33 616
34 624
35 636
36 649
37 663
38 677
39 690
40 702
41 712
42 721
43 728
44 732
45 735
46 736
47 736
48 734
49 730
50 724
51 717
52 708
53 698
54 688
55 676
56 664
57 653
58 642
59 631
60 622
61 615
62 610
63 606
64 605
65 606
66 610
67 615
68 622
69 632
70 642
71 654
72 666
73 679
74 690
75 702
76 712
77 722
78 729
79 736
80 741
81 744
82 745
83 745
84 744
85 742
86 739
87 735
88 731
89 726
90 721
91 716
92 711
93 706
94 702
95 698
96 696
97 693
98 692
99 691
100 691
25 430
26 519
25 259
24 605
27 568
28 593
29 604
30 608
31 610
32 613
33 619
34 628
35 638
36 651
37 664
38 677
39 689
40 700
41 711
42 719
43 725
44 730
45 733
46 735
47 734
48 732
49 728
50 722
51 715
52 707
53 698
54 687
55 676
56 665
57 653
58 642
59 632
60 623
61 616
62 611
63 608
64 607
65 609
66 612
67 617
68 625
69 634
70 644
71 655
72 667
73 678
74 690
75 701
76 712
77 720
78 728
79 734
80 739
81 742
82 744
83 744
84 743
85 741
86 738
87 734
88 730
89 725
90 721
91 716
92 711
93 707
94 703
95 700
96 696
97 694
98 692
99 692
100 692
26 413
25 509
26 255
25 101
27 631
28 617
29 612
30 611
31 612
32 616
33 622
34 630
35 641
36 652
37 665
38 677
39 689
40 700
41 709
42 717
43 724
44 729
45 732
46 733
47 733
48 730
49 726
50 721
51 714
52 706
53 696
54 686
55 675
56 664
57 653
58 642
59 633
60 625
61 618
62 613
63 610
64 609
65 610
66 613
67 619
68 626
69 635
70 645
71 656
72 667
73 679
74 690
75 701
76 710
77 719
78 727
79 733
80 737
81 741
82 742
83 743
84 742
85 740
86 737
87 734
88 729
89 725
90 720
91 715
92 711
93 707
94 703
95 699
96 697
97 695
98 694
99 693
100 693
82 372
81 557
80 649
79 693
78 713
77 720
76 720
75 715
74 708
73 699
72 689
71 678
70 667
69 656
68 646
67 636
66 628
65 621
64 616
63 612
62 611
61 612
60 615
59 620
58 627
57 635
56 644
55 654
54 664
53 675
52 685
51 695
50 704
49 712
48 719
47 724
46 728
45 731
44 731
43 730
42 727
41 722
40 716
39 708
38 699
37 688
36 677
35 664
34 652
33 641
32 631
31 624
30 618
29 615
28 614
27 615
26 613
83 557
84 649
85 693
86 714
87 721
88 723
89 722
90 719
91 715
92 711
93 707
94 703
95 700
96 697
97 695
98 694
99 693
100 693
82 557
81 603
80 648
79 681
78 700
77 710
76 712
75 710
74 705
73 697
72 687
71 677
70 667
69 656
68 646
67 637
66 629
65 622
64 617
63 614
62 613
61 614
60 617
59 622
58 628
57 636
56 645
55 655
54 665
53 675
52 685
51 695
50 704
49 712
48 718
47 723
46 727
45 729
44 730
43 728
42 725
41 721
40 714
39 706
38 697
37 687
36 675
35 664
34 653
33 642
32 633
31 625
30 620
29 617
28 616
27 546
83 603
84 648
85 681
86 701
87 712
88 717
89 718
90 716
91 714
92 710
93 706
94 703
95 700
96 698
97 696
98 694
99 694
82 603
81 625
80 653
79 676
78 693
77 703
76 707
75 706
74 701
73 694
72 686
71 677
70 666
69 656
68 646
67 638
66 630
83 625
84 653
85 677
86 694
87 706
88 712
89 714
90 714
91 712
92 709
93 706
94 703
95 701
96 698
97 696
98 695
82 625
81 639
80 658
79 676
78 690
77 698
76 702
75 701
74 698
73 692
72 684
71 675
70 666
69 656
68 647
83 639
84 658
85 676
86 691
87 701
88 708
89 711
90 712
91 710
92 708
93 706
94 704
95 701
96 699
97 697
82 639
81 649
80 662
79 676
78 687
77 695
76 698
75 698
74 695
73 689
72 682
71 674
70 665
69 656
83 649
84 662
85 677
86 689
87 699
88 705
89 708
90 709
91 709
92 708
93 706
94 703
95 701
96 699
82 649
81 655
80 666
79 676
78 685
77 691
76 694
75 695
74 692
73 687
72 681
71 673
70 664
83 655
84 666
85 677
86 688
87 696
88 702
89 706
90 707
91 707
92 706
93 704
94 703
95 701
82 655
81 661
80 668
79 677
78 684
77 689
76 692
75 692
74 689
73 685
72 679
71 671
83 661
84 669
85 679
86 688
87 695
88 700
89 703
90 705
91 706
92 705
93 704
94 702
82 661
83 665
84 672
85 680
86 687
87 694
88 699
89 702
90 704
91 704
92 704
93 703
81 664
80 671
79 677
78 683
77 688
76 690
75 689
74 687
73 683
72 677
82 664
81 668
80 672
79 678
78 683
77 686
76 688
75 688
74 686
73 682
83 668
84 674
85 680
86 687
87 693
88 697
89 701
90 703
91 704
92 704
82 668
83 671
84 676
85 682
86 688
87 692
88 697
89 700
90 702
91 703
81 670
80 674
79 678
78 682
77 685
76 686
75 686
74 684
82 671
83 673
84 677
85 682
86 687
87 692
88 696
89 699
90 701
81 672
80 675
79 679
78 682
77 684
76 685
75 684
82 672
83 675
84 679
85 683
86 687
87 692
88 695
89 698
81 674
80 677
79 679
78 682
77 684
76 684
82 675
83 677
84 680
85 684
86 688
87 691
88 695
81 676
80 677
79 680
78 682
77 683
82 676
83 678
84 681
85 684
86 688
87 692
81 676
80 678
79 680
78 681
82 677
83 679
84 681
85 685
86 688
81 678
80 679
79 680
82 679
83 680
84 683
85 685
81 679
80 680
82 679
83 681
84 683
81 679
82 680
83 681
67 638
68 647
69 656
70 664
71 671
72 676
73 680
74 682
75 683
76 683
77 682
78 681
79 680
80 679
81 680
82 681
65 624
66 631
67 639
68 648
69 656
70 663
71 669
72 675
73 678
74 680
75 682
76 682
77 681
78 681
79 680
80 680
81 680
64 619
65 625
66 632
67 640
68 648
69 655
70 662
71 669
72 673
73 677
74 680
75 681
76 681
77 681
78 680
79 680
80 680
63 616
64 620
65 626
66 633
67 641
68 648
69 655
70 662
71 667
72 672
73 676
74 678
75 679
76 680
77 680
78 680
79 680
62 615
63 618
64 622
65 627
66 634
67 641
68 648
69 655
70 661
71 667
72 672
73 675
74 677
75 679
76 680
77 680
78 680
61 616
60 619
59 623
58 630
57 637
56 646
55 655
54 665
53 675
52 685
51 694
50 703
49 710
48 717
47 722
46 726
45 728
44 728
43 727
42 724
41 719
40 713
39 705
38 696
37 685
36 675
35 664
34 653
33 643
32 634
31 627
30 622
29 619
28 529
62 617
63 619
64 623
65 629
66 635
67 641
68 648
69 655
70 661
71 666
72 670
73 673
74 676
75 678
76 679
77 680
61 618
60 620
59 625
58 631
57 639
56 647
55 656
54 666
53 676
52 685
51 694
50 702
49 710
48 716
47 721
46 724
45 726
44 726
43 725
42 722
41 717
40 711
39 704
38 694
37 685
36 674
35 663
34 653
33 643
32 635
31 629
30 624
29 560
62 618
63 621
64 625
65 630
66 635
67 642
68 648
69 654
70 660
71 665
72 669
73 673
74 676
75 677
76 678
61 619
60 622
59 627
58 633
57 640
56 648
55 657
54 666
53 675
52 685
51 694
50 702
49 709
48 715
47 720
46 723
45 724
44 725
43 723
42 720
41 716
40 710
39 702
38 694
37 684
36 674
35 664
34 653
33 644
32 637
31 630
62 620
63 622
64 626
65 630
66 636
67 642
68 648
69 654
70 660
71 665
72 669
73 672
74 674
75 676
61 621
60 624
59 628
58 634
57 641
56 649
55 658
54 667
53 676
52 685
51 693
50 701
49 708
48 714
47 718
46 721
45 723
44 723
43 722
42 719
41 714
40 708
39 701
38 692
37 683
36 673
35 663
34 654
33 646
32 638
31 319
30 634
62 622
63 624
64 627
65 632
66 637
67 642
68 648
69 654
70 659
71 664
72 668
73 671
74 674
61 623
60 626
59 630
58 635
57 642
56 650
55 658
54 667
53 676
52 684
51 693
50 700
49 707
48 712
47 717
46 720
45 722
44 722
43 720
42 717
41 713
40 707
39 699
38 691
37 682
36 673
35 663
34 654
33 646
32 482
31 426
62 623
61 625
60 627
59 631
58 637
57 643
56 650
55 659
54 667
53 676
52 685
51 692
50 700
49 706
48 712
47 716
46 719
45 720
44 720
43 719
42 716
41 711
40 705
39 698
38 690
37 681
36 672
35 663
34 655
33 568
32 402
63 625
64 629
65 633
66 638
67 643
68 649
69 654
70 659
71 663
72 667
73 671
62 625
63 627
64 630
65 634
66 638
67 644
68 649
69 654
70 659
71 663
72 667
61 626
60 629
59 633
58 638
57 644
56 652
55 659
54 668
53 676
52 684
51 692
50 699
49 705
48 710
47 714
46 717
45 719
44 719
43 717
42 714
41 710
40 704
39 697
38 689
37 681
36 672
35 664
34 616
33 476
62 627
63 629
64 631
65 634
66 639
67 644
68 649
69 654
70 658
71 663
61 628
60 630
59 634
58 639
57 646
56 652
55 660
54 668
53 676
52 684
51 692
50 698
49 704
48 709
47 713
46 716
45 717
44 717
43 716
42 713
41 708
40 702
39 696
38 689
37 680
36 672
35 644
62 628
61 629
60 632
59 636
58 641
57 646
56 653
55 661
54 668
53 676
52 684
51 691
50 698
49 704
48 709
47 713
46 715
45 716
44 716
43 714
42 711
41 707
40 702
39 695
38 687
37 680
36 662
35 331
34 600
63 629
64 632
65 636
66 640
67 644
68 649
69 654
70 659
62 629
63 631
64 633
65 636
66 640
67 645
68 649
69 654
61 630
60 633
59 637
58 641
57 647
56 654
55 661
54 669
53 677
52 684
51 691
50 697
49 703
48 708
47 711
46 714
45 715
44 714
43 713
42 710
41 706
40 700
39 694
38 687
37 674
36 502
35 416
62 631
61 632
60 634
59 637
58 642
57 648
56 655
55 662
54 669
53 676
52 683
51 690
50 697
49 702
48 706
47 710
46 712
45 713
44 713
43 711
42 709
41 704
40 699
39 693
38 684
37 593
36 397
63 632
64 634
65 637
66 641
67 645
68 650
62 632
61 633
60 635
59 639
58 644
57 650
56 656
55 662
54 669
53 676
52 683
51 690
50 696
49 701
48 706
47 709
46 711
45 712
44 712
43 711
42 707
41 703
40 698
39 691
38 642
37 451
63 633
64 635
65 638
66 642
67 646
62 633
61 634
60 637
59 640
58 645
57 650
56 656
55 663
54 670
53 677
52 684
51 690
50 695
49 701
48 705
47 708
46 710
45 711
44 711
43 709
42 706
41 702
40 697
39 669
38 529
63 634
64 636
65 639
66 642
62 634
61 636
60 638
59 642
58 646
57 651
56 657
55 663
54 670
53 677
52 683
51 689
50 695
49 700
48 704
47 707
46 709
45 710
44 709
43 707
42 705
41 701
40 685
39 605
63 635
64 637
65 640
62 635
61 636
60 639
59 642
58 646
57 652
56 657
55 664
54 670
53 676
52 683
51 689
50 695
49 699
48 703
47 706
46 708
45 709
44 708
43 707
42 704
41 695
40 650
41 325
40 12
63 636
64 638
62 636
61 638
60 640
59 643
58 648
57 652
56 658
55 664
54 670
53 677
52 683
51 689
50 694
49 699
48 702
47 705
46 707
45 707
44 707
43 705
42 862
41 366
63 637
62 638
61 639
60 641
59 645
58 648
57 653
56 659
55 664
54 671
53 677
52 683
51 688
50 693
49 697
48 701
47 704
46 706
45 707
44 706
43 784
42 525
100 694
99 694
98 696
97 698
96 699
95 700
94 702
93 703
92 703
91 702
90 700
89 697
88 694
87 691
86 688
85 686
84 683
83 682
82 681
81 681
80 681
79 681
78 681
77 679
76 678
75 676
74 673
73 670
72 667
71 663
70 658
69 654
68 650
67 646
66 643
65 640
64 639
63 638
62 638
61 639
60 642
59 645
58 649
57 654
56 659
55 665
54 671
53 677
52 682
51 688
50 693
49 697
48 701
47 704
46 705
45 705
44 745
43 566
100 694
99 695
98 696
97 697
96 699
95 701
94 702
93 703
92 702
91 701
90 699
89 697
88 694
87 691
86 689
85 686
84 684
83 683
82 682
81 681
80 681
79 681
78 680
77 679
76 677
75 675
74 673
73 670
72 666
71 662
70 658
69 654
68 650
67 646
66 643
65 641
64 639
63 639
62 639
61 641
60 643
59 646
58 650
57 655
56 660
55 666
54 671
53 676
52 682
51 687
50 692
49 697
48 700
47 702
46 704
45 725
44 528
46 362
45 432
100 695
99 696
98 697
97 698
96 699
95 700
94 701
93 701
92 701
91 700
90 698
89 696
88 694
87 691
86 688
85 686
84 685
83 683
82 682
81 682
80 681
79 680
78 679
77 678
76 677
75 675
74 672
73 669
72 666
71 662
70 658
69 654
68 650
67 647
66 644
65 642
64 641
63 640
62 641
61 642
60 644
59 647
58 651
57 655
56 660
55 665
54 671
53 677
52 682
51 687
50 692
49 696
48 699
47 883
46 641
100 696
99 696
98 697
97 698
96 699
95 700
94 701
93 701
92 701
91 699
90 698
89 696
88 693
87 691
86 689
85 687
84 685
83 684
82 683
81 682
80 681
79 680
78 679
77 678
76 676
75 674
74 672
73 669
72 665
71 661
70 658
69 654
68 650
67 647
66 645
65 643
64 641
63 641
62 641
61 642
60 644
59 647
58 651
57 656
56 661
55 666
54 671
53 676
52 682
51 687
50 691
49 695
48 789
47 633
49 394
48 503
100 696
99 697
98 697
97 698
96 699
95 700
94 700
93 701
92 700
91 699
90 697
89 695
88 693
87 691
86 689
85 687
84 685
83 684
82 683
81 682
80 681
79 680
78 679
77 678
76 676
75 674
74 671
73 668
72 665
71 662
70 658
69 654
68 651
67 648
66 645
65 643
64 642
63 641
62 642
61 643
60 645
59 648
58 652
57 656
56 661
55 666
54 671
53 677
52 682
51 687
50 888
49 645
100 697
99 697
98 698
97 699
96 700
95 700
94 701
93 700
92 699
91 698
90 697
89 695
88 693
87 691
86 689
85 687
84 686
83 684
82 683
81 682
80 681
79 680
78 679
77 677
76 676
75 674
74 671
73 668
72 665
71 661
70 657
69 654
68 651
67 648
66 646
65 644
64 643
63 643
62 643
61 644
60 646
59 649
58 653
57 657
56 661
55 666
54 672
53 677
52 682
51 785
50 565
52 392
51 366
53 537
52 442
54 607
55 640
54 320
53 647
56 653
57 657
58 657
59 655
60 652
61 649
62 646
63 644
64 643
65 643
66 643
67 644
68 646
69 648
70 651
71 654
72 657
73 661
74 665
75 668
76 671
77 674
78 676
79 678
80 679
81 680
82 681
83 682
84 683
85 684
86 685
87 687
88 689
89 691
90 693
91 695
92 697
93 698
94 699
95 700
96 700
97 700
98 699
99 698
100 1395
99 698
98 698
97 698
96 699
95 700
94 700
93 700
92 699
91 698
90 696
89 694
88 693
87 691
86 689
85 687
84 685
83 684
82 683
81 682
80 681
79 680
78 679
77 677
76 675
75 673
74 670
73 667
72 664
71 661
70 658
69 655
68 651
67 649
66 647
65 645
64 644
63 644
62 644
61 645
60 647
59 650
58 652
57 655
56 656
55 814
54 592
56 407
55 390
57 531
56 447
58 593
59 622
58 311
57 639
60 636
61 642
62 644
63 644
64 644
65 644
66 644
67 645
68 647
69 649
70 652
71 655
72 658
73 661
74 664
75 667
76 670
77 673
78 675
79 677
80 679
81 680
82 681
83 682
84 683
85 684
86 686
87 687
88 689
89 691
90 693
91 695
92 696
93 697
94 698
95 699
96 699
97 699
98 699
99 698
100 1396
99 698
98 698
97 699
96 699
95 699
94 699
93 699
92 698
91 697
90 696
89 695
88 693
87 691
86 689
85 688
84 686
83 685
82 683
81 682
80 681
79 680
78 678
77 676
76 675
75 672
74 670
73 667
72 664
71 661
70 658
69 655
68 652
67 650
66 648
65 646
64 645
63 644
62 644
61 644
60 643
59 795
58 593
60 398
59 418
100 698
99 698
98 698
97 698
96 699
95 699
94 699
93 698
92 698
91 697
90 696
89 694
88 692
87 691
86 689
85 687
84 686
83 684
82 683
81 682
80 681
79 679
78 678
77 677
76 674
75 672
74 669
73 667
72 664
71 661
70 658
69 655
68 653
67 650
66 648
65 646
64 645
63 645
62 644
61 842
60 511
62 421
61 429
100 698
99 698
98 698
97 699
96 699
95 699
94 699
93 699
92 698
91 697
90 695
89 694
88 693
87 691
86 689
85 688
84 686
83 685
82 684
81 682
80 680
79 679
78 678
77 676
76 674
75 672
74 670
73 667
72 664
71 661
70 658
69 655
68 652
67 650
66 648
65 647
64 646
63 855
62 592
100 698
99 698
98 699
97 699
96 699
95 699
94 699
93 698
92 697
91 696
90 695
89 694
88 692
87 690
86 689
85 687
84 686
83 685
82 683
81 682
80 681
79 680
78 678
77 676
76 674
75 672
74 669
73 666
72 664
71 661
70 658
69 655
68 653
67 651
66 649
65 647
64 751
63 566
65 376
64 455
100 698
99 699
98 699
97 699
96 699
95 699
94 698
93 698
92 697
91 696
90 695
89 693
88 692
87 691
86 689
85 688
84 687
83 685
82 684
81 682
80 681
79 679
78 677
77 675
76 674
75 671
74 669
73 667
72 664
71 661
70 658
69 656
68 653
67 651
66 837
65 634
100 699
99 699
98 699
97 699
96 699
95 698
94 698
93 697
92 697
91 696
90 695
89 694
88 692
87 690
86 689
85 688
84 686
83 685
82 683
81 682
80 680
79 679
78 677
77 676
76 673
75 671
74 669
73 666
72 663
71 660
70 658
69 655
68 653
67 745
66 643
100 699
99 699
98 699
97 699
96 698
95 698
94 698
93 698
92 697
91 696
90 695
89 693
88 692
87 691
86 690
85 688
84 687
83 685
82 684
81 682
80 681
79 679
78 678
77 675
76 673
75 671
74 668
73 666
72 663
71 661
70 658
69 656
68 701
67 574
100 699
99 699
98 699
97 698
96 698
95 698
94 698
93 697
92 696
91 695
90 694
89 693
88 692
87 691
86 689
85 688
84 686
83 685
82 683
81 682
80 680
79 679
78 677
77 675
76 673
75 671
74 669
73 666
72 664
71 661
70 658
69 679
68 471
70 340
69 356
100 699
99 699
98 698
97 698
96 698
95 698
94 697
93 697
92 696
91 695
90 694
89 693
88 692
87 690
86 689
85 687
84 686
83 684
82 683
81 682
80 681
79 679
78 677
77 675
76 673
75 671
74 668
73 666
72 663
71 830
70 567
100 699
99 698
98 698
97 698
96 698
95 698
94 698
93 697
92 696
91 695
90 694
89 693
88 691
87 690
86 689
85 688
84 686
83 685
82 684
81 682
80 680
79 678
78 676
77 675
76 673
75 670
74 668
73 665
72 748
71 615
100 698
99 698
98 698
97 698
96 698
95 698
94 697
93 696
92 696
91 695
90 694
89 693
88 692
87 691
86 689
85 687
84 686
83 685
82 683
81 682
80 680
79 678
78 677
77 675
76 673
75 671
74 668
73 708
72 581
100 698
99 698
98 698
97 698
96 698
95 697
94 697
93 697
92 696
91 695
90 694
89 693
88 692
87 690
86 689
85 688
84 687
83 685
82 684
81 682
80 680
79 679
78 677
77 675
76 673
75 670
74 689
73 506
75 345
74 408
100 698
99 698
98 698
97 698
96 698
95 698
94 697
93 696
92 695
91 695
90 694
89 693
88 691
87 690
86 689
85 688
84 686
83 685
82 683
81 681
80 680
79 678
78 676
77 674
76 844
75 626
76 313
75 5
100 698
99 698
98 698
97 698
96 698
95 697
94 697
93 696
92 696
91 695
90 694
89 692
88 691
87 690
86 689
85 687
84 686
83 684
82 683
81 682
80 680
79 678
78 676
77 917
76 364
100 698
99 698
98 698
97 698
96 697
95 697
94 696
93 696
92 695
91 694
90 693
89 692
88 691
87 690
86 688
85 687
84 686
83 685
82 683
81 681
80 680
79 678
78 798
77 472
100 698
99 698
98 698
97 698
96 698
95 697
94 697
93 696
92 695
91 694
90 693
89 692
88 691
87 690
86 689
85 688
84 686
83 684
82 683
81 682
80 680
79 739
78 449
80 369
79 354
100 698
99 698
98 698
97 698
96 697
95 697
94 696
93 696
92 695
91 694
90 693
89 692
88 691
87 690
86 689
85 687
84 686
83 685
82 683
81 866
80 556
100 698
99 698
98 698
97 697
96 697
95 697
94 697
93 696
92 695
91 694
90 693
89 692
88 691
87 690
86 688
85 687
84 686
83 684
82 775
81 558
83 388
82 452
100 698
99 698
98 698
97 698
96 698
95 697
94 696
93 695
92 695
91 694
90 693
89 692
88 691
87 689
86 688
85 687
84 879
83 624
100 698
99 698
98 698
97 698
96 697
95 697
94 696
93 696
92 695
91 694
90 693
89 692
88 691
87 690
86 689
85 784
84 584
86 392
85 426
100 698
99 698
98 698
97 697
96 697
95 696
94 696
93 695
92 694
91 694
90 693
89 692
88 691
87 886
86 542
88 443
87 439
100 698
99 698
98 697
97 697
96 697
95 697
94 696
93 695
92 695
91 694
90 693
89 914
88 560
90 457
89 434
100 698
99 698
98 698
97 698
96 697
95 696
94 696
93 696
92 695
91 922
90 518
92 461
91 347
93 578
92 381
94 637
93 504
95 667
96 682
95 341
94 657
97 689
96 515
95 469
98 693
97 604
96 433
99 695
98 650
97 460
100 1393
99 1022
98 503
99 191
100 546
