46 38 37 31 14 8 1 48 45 39 36 13 3
46 38 37 31 14 8 48 1 45 39 36 13 3
46 38 37 31 14 48 8 1 45 39 36 13 3
46 38 37 31 48 14 8 1 45 39 36 13 3
46 38 37 48 31 14 8 1 45 39 36 13 3
46 38 48 37 31 14 8 1 45 39 36 13 3
46 48 38 37 31 14 8 1 45 39 36 13 3
46 38 37 31 14 8 48 45 1 39 36 13 3
46 38 37 31 14 48 8 45 1 39 36 13 3
46 38 37 31 48 14 8 45 1 39 36 13 3
46 38 37 48 31 14 8 45 1 39 36 13 3
46 38 48 37 31 14 8 45 1 39 36 13 3
46 48 38 37 31 14 8 45 1 39 36 13 3
46 38 37 31 14 48 45 8 1 39 36 13 3
46 38 37 31 48 14 45 8 1 39 36 13 3
46 38 37 48 31 14 45 8 1 39 36 13 3
46 38 48 37 31 14 45 8 1 39 36 13 3
46 48 38 37 31 14 45 8 1 39 36 13 3
46 38 37 31 48 45 14 8 1 39 36 13 3
46 38 37 48 31 45 14 8 1 39 36 13 3
46 38 48 37 31 45 14 8 1 39 36 13 3
46 48 38 37 31 45 14 8 1 39 36 13 3
46 38 37 48 45 31 14 8 1 39 36 13 3
46 38 48 37 45 31 14 8 1 39 36 13 3
46 48 38 37 45 31 14 8 1 39 36 13 3
46 38 48 45 37 31 14 8 1 39 36 13 3
46 48 38 45 37 31 14 8 1 39 36 13 3
46 38 37 31 14 8 48 45 39 1 36 13 3
46 38 37 31 14 48 8 45 39 1 36 13 3
46 38 37 31 48 14 8 45 39 1 36 13 3
46 38 37 48 31 14 8 45 39 1 36 13 3
46 38 48 37 31 14 8 45 39 1 36 13 3
46 48 38 37 31 14 8 45 39 1 36 13 3
46 38 37 31 14 48 45 8 39 1 36 13 3
46 38 37 31 48 14 45 8 39 1 36 13 3
46 38 37 48 31 14 45 8 39 1 36 13 3
46 38 48 37 31 14 45 8 39 1 36 13 3
46 48 38 37 31 14 45 8 39 1 36 13 3
46 38 37 31 48 45 14 8 39 1 36 13 3
46 38 37 48 31 45 14 8 39 1 36 13 3
46 38 48 37 31 45 14 8 39 1 36 13 3
46 48 38 37 31 45 14 8 39 1 36 13 3
46 38 37 48 45 31 14 8 39 1 36 13 3
46 38 48 37 45 31 14 8 39 1 36 13 3
46 48 38 37 45 31 14 8 39 1 36 13 3
46 38 48 45 37 31 14 8 39 1 36 13 3
46 48 38 45 37 31 14 8 39 1 36 13 3
46 38 37 31 14 48 45 39 8 1 36 13 3
46 38 37 31 48 14 45 39 8 1 36 13 3
46 38 37 48 31 14 45 39 8 1 36 13 3
46 38 48 37 31 14 45 39 8 1 36 13 3
46 48 38 37 31 14 45 39 8 1 36 13 3
46 38 37 31 48 45 14 39 8 1 36 13 3
46 38 37 48 31 45 14 39 8 1 36 13 3
46 38 48 37 31 45 14 39 8 1 36 13 3
46 48 38 37 31 45 14 39 8 1 36 13 3
46 38 37 48 45 31 14 39 8 1 36 13 3
46 38 48 37 45 31 14 39 8 1 36 13 3
46 48 38 37 45 31 14 39 8 1 36 13 3
46 38 48 45 37 31 14 39 8 1 36 13 3
46 48 38 45 37 31 14 39 8 1 36 13 3
46 38 37 31 48 45 39 14 8 1 36 13 3
46 38 37 48 31 45 39 14 8 1 36 13 3
46 38 48 37 31 45 39 14 8 1 36 13 3
46 48 38 37 31 45 39 14 8 1 36 13 3
46 38 37 48 45 31 39 14 8 1 36 13 3
46 38 48 37 45 31 39 14 8 1 36 13 3
46 48 38 37 45 31 39 14 8 1 36 13 3
46 38 48 45 37 31 39 14 8 1 36 13 3
46 48 38 45 37 31 39 14 8 1 36 13 3
46 38 37 48 45 39 31 14 8 1 36 13 3
46 38 48 37 45 39 31 14 8 1 36 13 3
46 48 38 37 45 39 31 14 8 1 36 13 3
46 38 48 45 37 39 31 14 8 1 36 13 3
46 48 38 45 37 39 31 14 8 1 36 13 3
46 38 37 31 14 8 48 45 39 36 1 13 3
46 38 37 31 14 48 8 45 39 36 1 13 3
46 38 37 31 48 14 8 45 39 36 1 13 3
46 38 37 48 31 14 8 45 39 36 1 13 3
46 38 48 37 31 14 8 45 39 36 1 13 3
46 48 38 37 31 14 8 45 39 36 1 13 3
46 38 37 31 14 48 45 8 39 36 1 13 3
46 38 37 31 48 14 45 8 39 36 1 13 3
46 38 37 48 31 14 45 8 39 36 1 13 3
46 38 48 37 31 14 45 8 39 36 1 13 3
46 48 38 37 31 14 45 8 39 36 1 13 3
46 38 37 31 48 45 14 8 39 36 1 13 3
46 38 37 48 31 45 14 8 39 36 1 13 3
46 38 48 37 31 45 14 8 39 36 1 13 3
46 48 38 37 31 45 14 8 39 36 1 13 3
46 38 37 48 45 31 14 8 39 36 1 13 3
46 38 48 37 45 31 14 8 39 36 1 13 3
46 48 38 37 45 31 14 8 39 36 1 13 3
46 38 48 45 37 31 14 8 39 36 1 13 3
46 48 38 45 37 31 14 8 39 36 1 13 3
46 38 37 31 14 48 45 39 8 36 1 13 3
46 38 37 31 48 14 45 39 8 36 1 13 3
46 38 37 48 31 14 45 39 8 36 1 13 3
46 38 48 37 31 14 45 39 8 36 1 13 3
46 48 38 37 31 14 45 39 8 36 1 13 3
46 38 37 31 48 45 14 39 8 36 1 13 3
46 38 37 48 31 45 14 39 8 36 1 13 3
46 38 48 37 31 45 14 39 8 36 1 13 3
46 48 38 37 31 45 14 39 8 36 1 13 3
46 38 37 48 45 31 14 39 8 36 1 13 3
46 38 48 37 45 31 14 39 8 36 1 13 3
46 48 38 37 45 31 14 39 8 36 1 13 3
46 38 48 45 37 31 14 39 8 36 1 13 3
46 48 38 45 37 31 14 39 8 36 1 13 3
46 38 37 31 48 45 39 14 8 36 1 13 3
46 38 37 48 31 45 39 14 8 36 1 13 3
46 38 48 37 31 45 39 14 8 36 1 13 3
46 48 38 37 31 45 39 14 8 36 1 13 3
46 38 37 48 45 31 39 14 8 36 1 13 3
46 38 48 37 45 31 39 14 8 36 1 13 3
46 48 38 37 45 31 39 14 8 36 1 13 3
46 38 48 45 37 31 39 14 8 36 1 13 3
46 48 38 45 37 31 39 14 8 36 1 13 3
46 38 37 48 45 39 31 14 8 36 1 13 3
46 38 48 37 45 39 31 14 8 36 1 13 3
46 48 38 37 45 39 31 14 8 36 1 13 3
46 38 48 45 37 39 31 14 8 36 1 13 3
46 48 38 45 37 39 31 14 8 36 1 13 3
46 38 37 31 14 48 45 39 36 8 1 13 3
46 38 37 31 48 14 45 39 36 8 1 13 3
46 38 37 48 31 14 45 39 36 8 1 13 3
46 38 48 37 31 14 45 39 36 8 1 13 3
46 48 38 37 31 14 45 39 36 8 1 13 3
46 38 37 31 48 45 14 39 36 8 1 13 3
46 38 37 48 31 45 14 39 36 8 1 13 3
46 38 48 37 31 45 14 39 36 8 1 13 3
46 48 38 37 31 45 14 39 36 8 1 13 3
46 38 37 48 45 31 14 39 36 8 1 13 3
46 38 48 37 45 31 14 39 36 8 1 13 3
46 48 38 37 45 31 14 39 36 8 1 13 3
46 38 48 45 37 31 14 39 36 8 1 13 3
46 48 38 45 37 31 14 39 36 8 1 13 3
46 38 37 31 48 45 39 14 36 8 1 13 3
46 38 37 48 31 45 39 14 36 8 1 13 3
46 38 48 37 31 45 39 14 36 8 1 13 3
46 48 38 37 31 45 39 14 36 8 1 13 3
46 38 37 48 45 31 39 14 36 8 1 13 3
46 38 48 37 45 31 39 14 36 8 1 13 3
46 48 38 37 45 31 39 14 36 8 1 13 3
46 38 48 45 37 31 39 14 36 8 1 13 3
46 48 38 45 37 31 39 14 36 8 1 13 3
46 38 37 48 45 39 31 14 36 8 1 13 3
46 38 48 37 45 39 31 14 36 8 1 13 3
46 48 38 37 45 39 31 14 36 8 1 13 3
46 38 48 45 37 39 31 14 36 8 1 13 3
46 48 38 45 37 39 31 14 36 8 1 13 3
46 38 37 31 48 45 39 36 14 8 1 13 3
46 38 37 48 31 45 39 36 14 8 1 13 3
46 38 48 37 31 45 39 36 14 8 1 13 3
46 48 38 37 31 45 39 36 14 8 1 13 3
46 38 37 48 45 31 39 36 14 8 1 13 3
46 38 48 37 45 31 39 36 14 8 1 13 3
46 48 38 37 45 31 39 36 14 8 1 13 3
46 38 48 45 37 31 39 36 14 8 1 13 3
46 48 38 45 37 31 39 36 14 8 1 13 3
46 38 37 48 45 39 31 36 14 8 1 13 3
46 38 48 37 45 39 31 36 14 8 1 13 3
46 48 38 37 45 39 31 36 14 8 1 13 3
46 38 48 45 37 39 31 36 14 8 1 13 3
46 48 38 45 37 39 31 36 14 8 1 13 3
46 38 37 31 14 8 48 45 39 36 13 1 3
46 38 37 31 14 48 8 45 39 36 13 1 3
46 38 37 31 48 14 8 45 39 36 13 1 3
46 38 37 48 31 14 8 45 39 36 13 1 3
46 38 48 37 31 14 8 45 39 36 13 1 3
46 48 38 37 31 14 8 45 39 36 13 1 3
46 38 37 31 14 48 45 8 39 36 13 1 3
46 38 37 31 48 14 45 8 39 36 13 1 3
46 38 37 48 31 14 45 8 39 36 13 1 3
46 38 48 37 31 14 45 8 39 36 13 1 3
46 48 38 37 31 14 45 8 39 36 13 1 3
46 38 37 31 48 45 14 8 39 36 13 1 3
46 38 37 48 31 45 14 8 39 36 13 1 3
46 38 48 37 31 45 14 8 39 36 13 1 3
46 48 38 37 31 45 14 8 39 36 13 1 3
46 38 37 48 45 31 14 8 39 36 13 1 3
46 38 48 37 45 31 14 8 39 36 13 1 3
46 48 38 37 45 31 14 8 39 36 13 1 3
46 38 48 45 37 31 14 8 39 36 13 1 3
46 48 38 45 37 31 14 8 39 36 13 1 3
46 38 37 31 14 48 45 39 8 36 13 1 3
46 38 37 31 48 14 45 39 8 36 13 1 3
46 38 37 48 31 14 45 39 8 36 13 1 3
46 38 48 37 31 14 45 39 8 36 13 1 3
46 48 38 37 31 14 45 39 8 36 13 1 3
46 38 37 31 48 45 14 39 8 36 13 1 3
46 38 37 48 31 45 14 39 8 36 13 1 3
46 38 48 37 31 45 14 39 8 36 13 1 3
46 48 38 37 31 45 14 39 8 36 13 1 3
46 38 37 48 45 31 14 39 8 36 13 1 3
46 38 48 37 45 31 14 39 8 36 13 1 3
46 48 38 37 45 31 14 39 8 36 13 1 3
46 38 48 45 37 31 14 39 8 36 13 1 3
46 48 38 45 37 31 14 39 8 36 13 1 3
46 38 37 31 48 45 39 14 8 36 13 1 3
46 38 37 48 31 45 39 14 8 36 13 1 3
46 38 48 37 31 45 39 14 8 36 13 1 3
46 48 38 37 31 45 39 14 8 36 13 1 3
46 38 37 48 45 31 39 14 8 36 13 1 3
46 38 48 37 45 31 39 14 8 36 13 1 3
46 48 38 37 45 31 39 14 8 36 13 1 3
46 38 48 45 37 31 39 14 8 36 13 1 3
46 48 38 45 37 31 39 14 8 36 13 1 3
46 38 37 48 45 39 31 14 8 36 13 1 3
46 38 48 37 45 39 31 14 8 36 13 1 3
46 48 38 37 45 39 31 14 8 36 13 1 3
46 38 48 45 37 39 31 14 8 36 13 1 3
46 48 38 45 37 39 31 14 8 36 13 1 3
46 38 37 31 14 48 45 39 36 8 13 1 3
46 38 37 31 48 14 45 39 36 8 13 1 3
46 38 37 48 31 14 45 39 36 8 13 1 3
46 38 48 37 31 14 45 39 36 8 13 1 3
46 48 38 37 31 14 45 39 36 8 13 1 3
46 38 37 31 48 45 14 39 36 8 13 1 3
46 38 37 48 31 45 14 39 36 8 13 1 3
46 38 48 37 31 45 14 39 36 8 13 1 3
46 48 38 37 31 45 14 39 36 8 13 1 3
46 38 37 48 45 31 14 39 36 8 13 1 3
46 38 48 37 45 31 14 39 36 8 13 1 3
46 48 38 37 45 31 14 39 36 8 13 1 3
46 38 48 45 37 31 14 39 36 8 13 1 3
46 48 38 45 37 31 14 39 36 8 13 1 3
46 38 37 31 48 45 39 14 36 8 13 1 3
46 38 37 48 31 45 39 14 36 8 13 1 3
46 38 48 37 31 45 39 14 36 8 13 1 3
46 48 38 37 31 45 39 14 36 8 13 1 3
46 38 37 48 45 31 39 14 36 8 13 1 3
46 38 48 37 45 31 39 14 36 8 13 1 3
46 48 38 37 45 31 39 14 36 8 13 1 3
46 38 48 45 37 31 39 14 36 8 13 1 3
46 48 38 45 37 31 39 14 36 8 13 1 3
46 38 37 48 45 39 31 14 36 8 13 1 3
46 38 48 37 45 39 31 14 36 8 13 1 3
46 48 38 37 45 39 31 14 36 8 13 1 3
46 38 48 45 37 39 31 14 36 8 13 1 3
46 48 38 45 37 39 31 14 36 8 13 1 3
46 38 37 31 48 45 39 36 14 8 13 1 3
46 38 37 48 31 45 39 36 14 8 13 1 3
46 38 48 37 31 45 39 36 14 8 13 1 3
46 48 38 37 31 45 39 36 14 8 13 1 3
46 38 37 48 45 31 39 36 14 8 13 1 3
46 38 48 37 45 31 39 36 14 8 13 1 3
46 48 38 37 45 31 39 36 14 8 13 1 3
46 38 48 45 37 31 39 36 14 8 13 1 3
46 48 38 45 37 31 39 36 14 8 13 1 3
46 38 37 48 45 39 31 36 14 8 13 1 3
46 38 48 37 45 39 31 36 14 8 13 1 3
46 48 38 37 45 39 31 36 14 8 13 1 3
46 38 48 45 37 39 31 36 14 8 13 1 3
46 48 38 45 37 39 31 36 14 8 13 1 3
46 38 37 31 8 48 45 39 36 14 13 1 3
46 38 37 31 48 8 45 39 36 14 13 1 3
46 38 37 48 31 8 45 39 36 14 13 1 3
46 38 48 37 31 8 45 39 36 14 13 1 3
46 48 38 37 31 8 45 39 36 14 13 1 3
46 38 37 31 48 45 8 39 36 14 13 1 3
46 38 37 48 31 45 8 39 36 14 13 1 3
46 38 48 37 31 45 8 39 36 14 13 1 3
46 48 38 37 31 45 8 39 36 14 13 1 3
46 38 37 48 45 31 8 39 36 14 13 1 3
46 38 48 37 45 31 8 39 36 14 13 1 3
46 48 38 37 45 31 8 39 36 14 13 1 3
46 38 48 45 37 31 8 39 36 14 13 1 3
46 48 38 45 37 31 8 39 36 14 13 1 3
46 38 37 31 48 45 39 8 36 14 13 1 3
46 38 37 48 31 45 39 8 36 14 13 1 3
46 38 48 37 31 45 39 8 36 14 13 1 3
46 48 38 37 31 45 39 8 36 14 13 1 3
46 38 37 48 45 31 39 8 36 14 13 1 3
46 38 48 37 45 31 39 8 36 14 13 1 3
46 48 38 37 45 31 39 8 36 14 13 1 3
46 38 48 45 37 31 39 8 36 14 13 1 3
46 48 38 45 37 31 39 8 36 14 13 1 3
46 38 37 48 45 39 31 8 36 14 13 1 3
46 38 48 37 45 39 31 8 36 14 13 1 3
46 48 38 37 45 39 31 8 36 14 13 1 3
46 38 48 45 37 39 31 8 36 14 13 1 3
46 48 38 45 37 39 31 8 36 14 13 1 3
46 38 37 31 48 45 39 36 8 14 13 1 3
46 38 37 48 31 45 39 36 8 14 13 1 3
46 38 48 37 31 45 39 36 8 14 13 1 3
46 48 38 37 31 45 39 36 8 14 13 1 3
46 38 37 48 45 31 39 36 8 14 13 1 3
46 38 48 37 45 31 39 36 8 14 13 1 3
46 48 38 37 45 31 39 36 8 14 13 1 3
46 38 48 45 37 31 39 36 8 14 13 1 3
46 48 38 45 37 31 39 36 8 14 13 1 3
46 38 37 48 45 39 31 36 8 14 13 1 3
46 38 48 37 45 39 31 36 8 14 13 1 3
46 48 38 37 45 39 31 36 8 14 13 1 3
46 38 48 45 37 39 31 36 8 14 13 1 3
46 48 38 45 37 39 31 36 8 14 13 1 3
46 38 37 31 8 1 48 45 39 36 14 13 3
46 38 37 31 8 48 1 45 39 36 14 13 3
46 38 37 31 48 8 1 45 39 36 14 13 3
46 38 37 48 31 8 1 45 39 36 14 13 3
46 38 48 37 31 8 1 45 39 36 14 13 3
46 48 38 37 31 8 1 45 39 36 14 13 3
46 38 37 31 8 48 45 1 39 36 14 13 3
46 38 37 31 48 8 45 1 39 36 14 13 3
46 38 37 48 31 8 45 1 39 36 14 13 3
46 38 48 37 31 8 45 1 39 36 14 13 3
46 48 38 37 31 8 45 1 39 36 14 13 3
46 38 37 31 48 45 8 1 39 36 14 13 3
46 38 37 48 31 45 8 1 39 36 14 13 3
46 38 48 37 31 45 8 1 39 36 14 13 3
46 48 38 37 31 45 8 1 39 36 14 13 3
46 38 37 48 45 31 8 1 39 36 14 13 3
46 38 48 37 45 31 8 1 39 36 14 13 3
46 48 38 37 45 31 8 1 39 36 14 13 3
46 38 48 45 37 31 8 1 39 36 14 13 3
46 48 38 45 37 31 8 1 39 36 14 13 3
46 38 37 31 8 48 45 39 1 36 14 13 3
46 38 37 31 48 8 45 39 1 36 14 13 3
46 38 37 48 31 8 45 39 1 36 14 13 3
46 38 48 37 31 8 45 39 1 36 14 13 3
46 48 38 37 31 8 45 39 1 36 14 13 3
46 38 37 31 48 45 8 39 1 36 14 13 3
46 38 37 48 31 45 8 39 1 36 14 13 3
46 38 48 37 31 45 8 39 1 36 14 13 3
46 48 38 37 31 45 8 39 1 36 14 13 3
46 38 37 48 45 31 8 39 1 36 14 13 3
46 38 48 37 45 31 8 39 1 36 14 13 3
46 48 38 37 45 31 8 39 1 36 14 13 3
46 38 48 45 37 31 8 39 1 36 14 13 3
46 48 38 45 37 31 8 39 1 36 14 13 3
46 38 37 31 48 45 39 8 1 36 14 13 3
46 38 37 48 31 45 39 8 1 36 14 13 3
46 38 48 37 31 45 39 8 1 36 14 13 3
46 48 38 37 31 45 39 8 1 36 14 13 3
46 38 37 48 45 31 39 8 1 36 14 13 3
46 38 48 37 45 31 39 8 1 36 14 13 3
46 48 38 37 45 31 39 8 1 36 14 13 3
46 38 48 45 37 31 39 8 1 36 14 13 3
46 48 38 45 37 31 39 8 1 36 14 13 3
46 38 37 48 45 39 31 8 1 36 14 13 3
46 38 48 37 45 39 31 8 1 36 14 13 3
46 48 38 37 45 39 31 8 1 36 14 13 3
46 38 48 45 37 39 31 8 1 36 14 13 3
46 48 38 45 37 39 31 8 1 36 14 13 3
46 38 37 31 8 48 45 39 36 1 14 13 3
46 38 37 31 48 8 45 39 36 1 14 13 3
46 38 37 48 31 8 45 39 36 1 14 13 3
46 38 48 37 31 8 45 39 36 1 14 13 3
46 48 38 37 31 8 45 39 36 1 14 13 3
46 38 37 31 48 45 8 39 36 1 14 13 3
46 38 37 48 31 45 8 39 36 1 14 13 3
46 38 48 37 31 45 8 39 36 1 14 13 3
46 48 38 37 31 45 8 39 36 1 14 13 3
46 38 37 48 45 31 8 39 36 1 14 13 3
46 38 48 37 45 31 8 39 36 1 14 13 3
46 48 38 37 45 31 8 39 36 1 14 13 3
46 38 48 45 37 31 8 39 36 1 14 13 3
46 48 38 45 37 31 8 39 36 1 14 13 3
46 38 37 31 48 45 39 8 36 1 14 13 3
46 38 37 48 31 45 39 8 36 1 14 13 3
46 38 48 37 31 45 39 8 36 1 14 13 3
46 48 38 37 31 45 39 8 36 1 14 13 3
46 38 37 48 45 31 39 8 36 1 14 13 3
46 38 48 37 45 31 39 8 36 1 14 13 3
46 48 38 37 45 31 39 8 36 1 14 13 3
46 38 48 45 37 31 39 8 36 1 14 13 3
46 48 38 45 37 31 39 8 36 1 14 13 3
46 38 37 48 45 39 31 8 36 1 14 13 3
46 38 48 37 45 39 31 8 36 1 14 13 3
46 48 38 37 45 39 31 8 36 1 14 13 3
46 38 48 45 37 39 31 8 36 1 14 13 3
46 48 38 45 37 39 31 8 36 1 14 13 3
46 38 37 31 48 45 39 36 8 1 14 13 3
46 38 37 48 31 45 39 36 8 1 14 13 3
46 38 48 37 31 45 39 36 8 1 14 13 3
46 48 38 37 31 45 39 36 8 1 14 13 3
46 38 37 48 45 31 39 36 8 1 14 13 3
46 38 48 37 45 31 39 36 8 1 14 13 3
46 48 38 37 45 31 39 36 8 1 14 13 3
46 38 48 45 37 31 39 36 8 1 14 13 3
46 48 38 45 37 31 39 36 8 1 14 13 3
46 38 37 48 45 39 31 36 8 1 14 13 3
46 38 48 37 45 39 31 36 8 1 14 13 3
46 48 38 37 45 39 31 36 8 1 14 13 3
46 38 48 45 37 39 31 36 8 1 14 13 3
46 48 38 45 37 39 31 36 8 1 14 13 3
46 38 37 31 8 48 45 39 36 14 1 13 3
46 38 37 31 48 8 45 39 36 14 1 13 3
46 38 37 48 31 8 45 39 36 14 1 13 3
46 38 48 37 31 8 45 39 36 14 1 13 3
46 48 38 37 31 8 45 39 36 14 1 13 3
46 38 37 31 48 45 8 39 36 14 1 13 3
46 38 37 48 31 45 8 39 36 14 1 13 3
46 38 48 37 31 45 8 39 36 14 1 13 3
46 48 38 37 31 45 8 39 36 14 1 13 3
46 38 37 48 45 31 8 39 36 14 1 13 3
46 38 48 37 45 31 8 39 36 14 1 13 3
46 48 38 37 45 31 8 39 36 14 1 13 3
46 38 48 45 37 31 8 39 36 14 1 13 3
46 48 38 45 37 31 8 39 36 14 1 13 3
46 38 37 31 48 45 39 8 36 14 1 13 3
46 38 37 48 31 45 39 8 36 14 1 13 3
46 38 48 37 31 45 39 8 36 14 1 13 3
46 48 38 37 31 45 39 8 36 14 1 13 3
46 38 37 48 45 31 39 8 36 14 1 13 3
46 38 48 37 45 31 39 8 36 14 1 13 3
46 48 38 37 45 31 39 8 36 14 1 13 3
46 38 48 45 37 31 39 8 36 14 1 13 3
46 48 38 45 37 31 39 8 36 14 1 13 3
46 38 37 48 45 39 31 8 36 14 1 13 3
46 38 48 37 45 39 31 8 36 14 1 13 3
46 48 38 37 45 39 31 8 36 14 1 13 3
46 38 48 45 37 39 31 8 36 14 1 13 3
46 48 38 45 37 39 31 8 36 14 1 13 3
46 38 37 31 48 45 39 36 8 14 1 13 3
46 38 37 48 31 45 39 36 8 14 1 13 3
46 38 48 37 31 45 39 36 8 14 1 13 3
46 48 38 37 31 45 39 36 8 14 1 13 3
46 38 37 48 45 31 39 36 8 14 1 13 3
46 38 48 37 45 31 39 36 8 14 1 13 3
46 48 38 37 45 31 39 36 8 14 1 13 3
46 38 48 45 37 31 39 36 8 14 1 13 3
46 48 38 45 37 31 39 36 8 14 1 13 3
46 38 37 48 45 39 31 36 8 14 1 13 3
46 38 48 37 45 39 31 36 8 14 1 13 3
46 48 38 37 45 39 31 36 8 14 1 13 3
46 38 48 45 37 39 31 36 8 14 1 13 3
46 48 38 45 37 39 31 36 8 14 1 13 3
