5 3 1 4 2 7 6 8
5 3 4 1 2 7 6 8
3 5 4 1 2 7 6 8
3 1 5 4 2 7 6 8
3 5 1 4 2 7 6 8
5 3 1 4 7 2 6 8
5 3 4 1 7 2 6 8
3 5 4 1 7 2 6 8
5 3 4 7 1 2 6 8
3 5 4 7 1 2 6 8
3 5 7 4 1 2 6 8
3 1 5 4 7 2 6 8
3 5 1 4 7 2 6 8
3 1 5 7 4 2 6 8
3 5 1 7 4 2 6 8
3 5 7 1 4 2 6 8
3 1 5 4 7 6 2 8
3 5 1 4 7 6 2 8
3 1 5 7 4 6 2 8
3 5 1 7 4 6 2 8
3 5 7 1 4 6 2 8
5 3 1 4 2 7 8 6
5 3 4 1 2 7 8 6
3 5 4 1 2 7 8 6
3 1 5 4 2 7 8 6
3 5 1 4 2 7 8 6
5 3 1 4 7 2 8 6
5 3 4 1 7 2 8 6
3 5 4 1 7 2 8 6
5 3 4 7 1 2 8 6
3 5 4 7 1 2 8 6
3 5 7 4 1 2 8 6
3 1 5 4 7 2 8 6
3 5 1 4 7 2 8 6
3 1 5 7 4 2 8 6
3 5 1 7 4 2 8 6
3 5 7 1 4 2 8 6
5 3 1 4 7 8 2 6
5 3 4 1 7 8 2 6
3 5 4 1 7 8 2 6
5 3 4 7 1 8 2 6
3 5 4 7 1 8 2 6
3 5 7 4 1 8 2 6
5 3 4 7 8 1 2 6
3 5 4 7 8 1 2 6
3 5 7 4 8 1 2 6
3 5 7 8 4 1 2 6
3 1 5 4 7 8 2 6
3 5 1 4 7 8 2 6
3 1 5 7 4 8 2 6
3 5 1 7 4 8 2 6
3 5 7 1 4 8 2 6
3 1 5 7 8 4 2 6
3 5 1 7 8 4 2 6
3 5 7 1 8 4 2 6
3 5 7 8 1 4 2 6
3 1 5 4 7 6 8 2
3 5 1 4 7 6 8 2
3 1 5 7 4 6 8 2
3 5 1 7 4 6 8 2
3 5 7 1 4 6 8 2
3 1 5 4 7 8 6 2
3 5 1 4 7 8 6 2
3 1 5 7 4 8 6 2
3 5 1 7 4 8 6 2
3 5 7 1 4 8 6 2
3 1 5 7 8 4 6 2
3 5 1 7 8 4 6 2
3 5 7 1 8 4 6 2
3 5 7 8 1 4 6 2
