43 10 7 1 41 39 25 49 44 48
43 10 7 41 1 39 25 49 44 48
43 10 41 7 1 39 25 49 44 48
10 43 41 7 1 39 25 49 44 48
43 10 7 41 39 1 25 49 44 48
43 10 41 7 39 1 25 49 44 48
10 43 41 7 39 1 25 49 44 48
10 7 43 41 39 1 25 49 44 48
10 43 7 41 39 1 25 49 44 48
10 7 1 43 41 39 25 49 44 48
10 7 43 1 41 39 25 49 44 48
10 43 7 1 41 39 25 49 44 48
10 7 43 41 1 39 25 49 44 48
10 43 7 41 1 39 25 49 44 48
43 10 7 1 41 39 49 25 44 48
43 10 7 41 1 39 49 25 44 48
43 10 41 7 1 39 49 25 44 48
10 43 41 7 1 39 49 25 44 48
43 10 7 41 39 1 49 25 44 48
43 10 41 7 39 1 49 25 44 48
10 43 41 7 39 1 49 25 44 48
10 7 43 41 39 1 49 25 44 48
10 43 7 41 39 1 49 25 44 48
43 10 7 1 41 49 39 25 44 48
43 10 7 41 1 49 39 25 44 48
43 10 41 7 1 49 39 25 44 48
10 43 41 7 1 49 39 25 44 48
43 10 7 41 49 1 39 25 44 48
43 10 41 7 49 1 39 25 44 48
10 43 41 7 49 1 39 25 44 48
43 10 41 49 7 1 39 25 44 48
10 43 41 49 7 1 39 25 44 48
10 43 49 41 7 1 39 25 44 48
43 10 7 41 39 49 1 25 44 48
43 10 41 7 39 49 1 25 44 48
10 43 41 7 39 49 1 25 44 48
10 7 43 41 39 49 1 25 44 48
10 43 7 41 39 49 1 25 44 48
43 10 7 41 49 39 1 25 44 48
43 10 41 7 49 39 1 25 44 48
10 43 41 7 49 39 1 25 44 48
43 10 41 49 7 39 1 25 44 48
10 43 41 49 7 39 1 25 44 48
10 43 49 41 7 39 1 25 44 48
10 7 43 41 49 39 1 25 44 48
10 43 7 41 49 39 1 25 44 48
10 7 43 49 41 39 1 25 44 48
10 43 7 49 41 39 1 25 44 48
10 43 49 7 41 39 1 25 44 48
10 7 1 43 41 39 49 25 44 48
10 7 43 1 41 39 49 25 44 48
10 43 7 1 41 39 49 25 44 48
10 7 43 41 1 39 49 25 44 48
10 43 7 41 1 39 49 25 44 48
10 7 1 43 41 49 39 25 44 48
10 7 43 1 41 49 39 25 44 48
10 43 7 1 41 49 39 25 44 48
10 7 43 41 1 49 39 25 44 48
10 43 7 41 1 49 39 25 44 48
10 7 1 43 49 41 39 25 44 48
10 7 43 1 49 41 39 25 44 48
10 43 7 1 49 41 39 25 44 48
10 7 43 49 1 41 39 25 44 48
10 43 7 49 1 41 39 25 44 48
10 43 49 7 1 41 39 25 44 48
10 7 43 41 49 1 39 25 44 48
10 43 7 41 49 1 39 25 44 48
10 7 43 49 41 1 39 25 44 48
10 43 7 49 41 1 39 25 44 48
10 43 49 7 41 1 39 25 44 48
43 10 7 1 41 39 49 44 25 48
43 10 7 41 1 39 49 44 25 48
43 10 41 7 1 39 49 44 25 48
10 43 41 7 1 39 49 44 25 48
43 10 7 41 39 1 49 44 25 48
43 10 41 7 39 1 49 44 25 48
10 43 41 7 39 1 49 44 25 48
10 7 43 41 39 1 49 44 25 48
10 43 7 41 39 1 49 44 25 48
43 10 7 1 41 49 39 44 25 48
43 10 7 41 1 49 39 44 25 48
43 10 41 7 1 49 39 44 25 48
10 43 41 7 1 49 39 44 25 48
43 10 7 41 49 1 39 44 25 48
43 10 41 7 49 1 39 44 25 48
10 43 41 7 49 1 39 44 25 48
43 10 41 49 7 1 39 44 25 48
10 43 41 49 7 1 39 44 25 48
10 43 49 41 7 1 39 44 25 48
43 10 7 41 39 49 1 44 25 48
43 10 41 7 39 49 1 44 25 48
10 43 41 7 39 49 1 44 25 48
10 7 43 41 39 49 1 44 25 48
10 43 7 41 39 49 1 44 25 48
43 10 7 41 49 39 1 44 25 48
43 10 41 7 49 39 1 44 25 48
10 43 41 7 49 39 1 44 25 48
43 10 41 49 7 39 1 44 25 48
10 43 41 49 7 39 1 44 25 48
10 43 49 41 7 39 1 44 25 48
10 7 43 41 49 39 1 44 25 48
10 43 7 41 49 39 1 44 25 48
10 7 43 49 41 39 1 44 25 48
10 43 7 49 41 39 1 44 25 48
10 43 49 7 41 39 1 44 25 48
43 10 7 41 39 49 44 1 25 48
43 10 41 7 39 49 44 1 25 48
10 43 41 7 39 49 44 1 25 48
10 7 43 41 39 49 44 1 25 48
10 43 7 41 39 49 44 1 25 48
43 10 7 41 49 39 44 1 25 48
43 10 41 7 49 39 44 1 25 48
10 43 41 7 49 39 44 1 25 48
43 10 41 49 7 39 44 1 25 48
10 43 41 49 7 39 44 1 25 48
10 43 49 41 7 39 44 1 25 48
10 7 43 41 49 39 44 1 25 48
10 43 7 41 49 39 44 1 25 48
10 7 43 49 41 39 44 1 25 48
10 43 7 49 41 39 44 1 25 48
10 43 49 7 41 39 44 1 25 48
10 7 43 41 49 44 39 1 25 48
10 43 7 41 49 44 39 1 25 48
10 7 43 49 41 44 39 1 25 48
10 43 7 49 41 44 39 1 25 48
10 43 49 7 41 44 39 1 25 48
10 7 1 43 41 39 49 44 25 48
10 7 43 1 41 39 49 44 25 48
10 43 7 1 41 39 49 44 25 48
10 7 43 41 1 39 49 44 25 48
10 43 7 41 1 39 49 44 25 48
10 7 1 43 41 49 39 44 25 48
10 7 43 1 41 49 39 44 25 48
10 43 7 1 41 49 39 44 25 48
10 7 43 41 1 49 39 44 25 48
10 43 7 41 1 49 39 44 25 48
10 7 1 43 49 41 39 44 25 48
10 7 43 1 49 41 39 44 25 48
10 43 7 1 49 41 39 44 25 48
10 7 43 49 1 41 39 44 25 48
10 43 7 49 1 41 39 44 25 48
10 43 49 7 1 41 39 44 25 48
10 7 43 41 49 1 39 44 25 48
10 43 7 41 49 1 39 44 25 48
10 7 43 49 41 1 39 44 25 48
10 43 7 49 41 1 39 44 25 48
10 43 49 7 41 1 39 44 25 48
10 7 1 43 41 49 44 39 25 48
10 7 43 1 41 49 44 39 25 48
10 43 7 1 41 49 44 39 25 48
10 7 43 41 1 49 44 39 25 48
10 43 7 41 1 49 44 39 25 48
10 7 1 43 49 41 44 39 25 48
10 7 43 1 49 41 44 39 25 48
10 43 7 1 49 41 44 39 25 48
10 7 43 49 1 41 44 39 25 48
10 43 7 49 1 41 44 39 25 48
10 43 49 7 1 41 44 39 25 48
10 7 43 41 49 1 44 39 25 48
10 43 7 41 49 1 44 39 25 48
10 7 43 49 41 1 44 39 25 48
10 43 7 49 41 1 44 39 25 48
10 43 49 7 41 1 44 39 25 48
10 7 43 41 49 44 1 39 25 48
10 43 7 41 49 44 1 39 25 48
10 7 43 49 41 44 1 39 25 48
10 43 7 49 41 44 1 39 25 48
10 43 49 7 41 44 1 39 25 48
43 10 7 1 41 39 25 44 49 48
43 10 7 41 1 39 25 44 49 48
43 10 41 7 1 39 25 44 49 48
10 43 41 7 1 39 25 44 49 48
43 10 7 41 39 1 25 44 49 48
43 10 41 7 39 1 25 44 49 48
10 43 41 7 39 1 25 44 49 48
10 7 43 41 39 1 25 44 49 48
10 43 7 41 39 1 25 44 49 48
10 7 1 43 41 39 25 44 49 48
10 7 43 1 41 39 25 44 49 48
10 43 7 1 41 39 25 44 49 48
10 7 43 41 1 39 25 44 49 48
10 43 7 41 1 39 25 44 49 48
43 10 7 1 41 39 44 25 49 48
43 10 7 41 1 39 44 25 49 48
43 10 41 7 1 39 44 25 49 48
10 43 41 7 1 39 44 25 49 48
43 10 7 41 39 1 44 25 49 48
43 10 41 7 39 1 44 25 49 48
10 43 41 7 39 1 44 25 49 48
10 7 43 41 39 1 44 25 49 48
10 43 7 41 39 1 44 25 49 48
43 10 7 1 41 44 39 25 49 48
43 10 7 41 1 44 39 25 49 48
43 10 41 7 1 44 39 25 49 48
10 43 41 7 1 44 39 25 49 48
43 10 7 41 44 1 39 25 49 48
43 10 41 7 44 1 39 25 49 48
10 43 41 7 44 1 39 25 49 48
43 10 41 44 7 1 39 25 49 48
10 43 41 44 7 1 39 25 49 48
10 43 44 41 7 1 39 25 49 48
43 10 7 41 39 44 1 25 49 48
43 10 41 7 39 44 1 25 49 48
10 43 41 7 39 44 1 25 49 48
10 7 43 41 39 44 1 25 49 48
10 43 7 41 39 44 1 25 49 48
43 10 7 41 44 39 1 25 49 48
43 10 41 7 44 39 1 25 49 48
10 43 41 7 44 39 1 25 49 48
43 10 41 44 7 39 1 25 49 48
10 43 41 44 7 39 1 25 49 48
10 43 44 41 7 39 1 25 49 48
10 7 43 41 44 39 1 25 49 48
10 43 7 41 44 39 1 25 49 48
10 7 43 44 41 39 1 25 49 48
10 43 7 44 41 39 1 25 49 48
10 43 44 7 41 39 1 25 49 48
10 7 1 43 41 39 44 25 49 48
10 7 43 1 41 39 44 25 49 48
10 43 7 1 41 39 44 25 49 48
10 7 43 41 1 39 44 25 49 48
10 43 7 41 1 39 44 25 49 48
10 7 1 43 41 44 39 25 49 48
10 7 43 1 41 44 39 25 49 48
10 43 7 1 41 44 39 25 49 48
10 7 43 41 1 44 39 25 49 48
10 43 7 41 1 44 39 25 49 48
10 7 1 43 44 41 39 25 49 48
10 7 43 1 44 41 39 25 49 48
10 43 7 1 44 41 39 25 49 48
10 7 43 44 1 41 39 25 49 48
10 43 7 44 1 41 39 25 49 48
10 43 44 7 1 41 39 25 49 48
10 7 43 41 44 1 39 25 49 48
10 43 7 41 44 1 39 25 49 48
10 7 43 44 41 1 39 25 49 48
10 43 7 44 41 1 39 25 49 48
10 43 44 7 41 1 39 25 49 48
43 10 7 1 41 39 44 49 25 48
43 10 7 41 1 39 44 49 25 48
43 10 41 7 1 39 44 49 25 48
10 43 41 7 1 39 44 49 25 48
43 10 7 41 39 1 44 49 25 48
43 10 41 7 39 1 44 49 25 48
10 43 41 7 39 1 44 49 25 48
10 7 43 41 39 1 44 49 25 48
10 43 7 41 39 1 44 49 25 48
43 10 7 1 41 44 39 49 25 48
43 10 7 41 1 44 39 49 25 48
43 10 41 7 1 44 39 49 25 48
10 43 41 7 1 44 39 49 25 48
43 10 7 41 44 1 39 49 25 48
43 10 41 7 44 1 39 49 25 48
10 43 41 7 44 1 39 49 25 48
43 10 41 44 7 1 39 49 25 48
10 43 41 44 7 1 39 49 25 48
10 43 44 41 7 1 39 49 25 48
43 10 7 41 39 44 1 49 25 48
43 10 41 7 39 44 1 49 25 48
10 43 41 7 39 44 1 49 25 48
10 7 43 41 39 44 1 49 25 48
10 43 7 41 39 44 1 49 25 48
43 10 7 41 44 39 1 49 25 48
43 10 41 7 44 39 1 49 25 48
10 43 41 7 44 39 1 49 25 48
43 10 41 44 7 39 1 49 25 48
10 43 41 44 7 39 1 49 25 48
10 43 44 41 7 39 1 49 25 48
10 7 43 41 44 39 1 49 25 48
10 43 7 41 44 39 1 49 25 48
10 7 43 44 41 39 1 49 25 48
10 43 7 44 41 39 1 49 25 48
10 43 44 7 41 39 1 49 25 48
43 10 7 1 41 44 49 39 25 48
43 10 7 41 1 44 49 39 25 48
43 10 41 7 1 44 49 39 25 48
10 43 41 7 1 44 49 39 25 48
43 10 7 41 44 1 49 39 25 48
43 10 41 7 44 1 49 39 25 48
10 43 41 7 44 1 49 39 25 48
43 10 41 44 7 1 49 39 25 48
10 43 41 44 7 1 49 39 25 48
10 43 44 41 7 1 49 39 25 48
43 10 7 41 44 49 1 39 25 48
43 10 41 7 44 49 1 39 25 48
10 43 41 7 44 49 1 39 25 48
43 10 41 44 7 49 1 39 25 48
10 43 41 44 7 49 1 39 25 48
10 43 44 41 7 49 1 39 25 48
43 10 41 44 49 7 1 39 25 48
10 43 41 44 49 7 1 39 25 48
10 43 44 41 49 7 1 39 25 48
10 43 44 49 41 7 1 39 25 48
43 10 7 41 39 44 49 1 25 48
43 10 41 7 39 44 49 1 25 48
10 43 41 7 39 44 49 1 25 48
10 7 43 41 39 44 49 1 25 48
10 43 7 41 39 44 49 1 25 48
43 10 7 41 44 39 49 1 25 48
43 10 41 7 44 39 49 1 25 48
10 43 41 7 44 39 49 1 25 48
43 10 41 44 7 39 49 1 25 48
10 43 41 44 7 39 49 1 25 48
10 43 44 41 7 39 49 1 25 48
10 7 43 41 44 39 49 1 25 48
10 43 7 41 44 39 49 1 25 48
10 7 43 44 41 39 49 1 25 48
10 43 7 44 41 39 49 1 25 48
10 43 44 7 41 39 49 1 25 48
43 10 7 41 44 49 39 1 25 48
43 10 41 7 44 49 39 1 25 48
10 43 41 7 44 49 39 1 25 48
43 10 41 44 7 49 39 1 25 48
10 43 41 44 7 49 39 1 25 48
10 43 44 41 7 49 39 1 25 48
43 10 41 44 49 7 39 1 25 48
10 43 41 44 49 7 39 1 25 48
10 43 44 41 49 7 39 1 25 48
10 43 44 49 41 7 39 1 25 48
10 7 43 41 44 49 39 1 25 48
10 43 7 41 44 49 39 1 25 48
10 7 43 44 41 49 39 1 25 48
10 43 7 44 41 49 39 1 25 48
10 43 44 7 41 49 39 1 25 48
10 7 43 44 49 41 39 1 25 48
10 43 7 44 49 41 39 1 25 48
10 43 44 7 49 41 39 1 25 48
10 43 44 49 7 41 39 1 25 48
10 7 1 43 41 39 44 49 25 48
10 7 43 1 41 39 44 49 25 48
10 43 7 1 41 39 44 49 25 48
10 7 43 41 1 39 44 49 25 48
10 43 7 41 1 39 44 49 25 48
10 7 1 43 41 44 39 49 25 48
10 7 43 1 41 44 39 49 25 48
10 43 7 1 41 44 39 49 25 48
10 7 43 41 1 44 39 49 25 48
10 43 7 41 1 44 39 49 25 48
10 7 1 43 44 41 39 49 25 48
10 7 43 1 44 41 39 49 25 48
10 43 7 1 44 41 39 49 25 48
10 7 43 44 1 41 39 49 25 48
10 43 7 44 1 41 39 49 25 48
10 43 44 7 1 41 39 49 25 48
10 7 43 41 44 1 39 49 25 48
10 43 7 41 44 1 39 49 25 48
10 7 43 44 41 1 39 49 25 48
10 43 7 44 41 1 39 49 25 48
10 43 44 7 41 1 39 49 25 48
10 7 1 43 41 44 49 39 25 48
10 7 43 1 41 44 49 39 25 48
10 43 7 1 41 44 49 39 25 48
10 7 43 41 1 44 49 39 25 48
10 43 7 41 1 44 49 39 25 48
10 7 1 43 44 41 49 39 25 48
10 7 43 1 44 41 49 39 25 48
10 43 7 1 44 41 49 39 25 48
10 7 43 44 1 41 49 39 25 48
10 43 7 44 1 41 49 39 25 48
10 43 44 7 1 41 49 39 25 48
10 7 43 41 44 1 49 39 25 48
10 43 7 41 44 1 49 39 25 48
10 7 43 44 41 1 49 39 25 48
10 43 7 44 41 1 49 39 25 48
10 43 44 7 41 1 49 39 25 48
10 7 1 43 44 49 41 39 25 48
10 7 43 1 44 49 41 39 25 48
10 43 7 1 44 49 41 39 25 48
10 7 43 44 1 49 41 39 25 48
10 43 7 44 1 49 41 39 25 48
10 43 44 7 1 49 41 39 25 48
10 7 43 44 49 1 41 39 25 48
10 43 7 44 49 1 41 39 25 48
10 43 44 7 49 1 41 39 25 48
10 43 44 49 7 1 41 39 25 48
10 7 43 41 44 49 1 39 25 48
10 43 7 41 44 49 1 39 25 48
10 7 43 44 41 49 1 39 25 48
10 43 7 44 41 49 1 39 25 48
10 43 44 7 41 49 1 39 25 48
10 7 43 44 49 41 1 39 25 48
10 43 7 44 49 41 1 39 25 48
10 43 44 7 49 41 1 39 25 48
10 43 44 49 7 41 1 39 25 48
43 10 7 1 41 39 49 44 48 25
43 10 7 41 1 39 49 44 48 25
43 10 41 7 1 39 49 44 48 25
10 43 41 7 1 39 49 44 48 25
43 10 7 41 39 1 49 44 48 25
43 10 41 7 39 1 49 44 48 25
10 43 41 7 39 1 49 44 48 25
10 7 43 41 39 1 49 44 48 25
10 43 7 41 39 1 49 44 48 25
43 10 7 1 41 49 39 44 48 25
43 10 7 41 1 49 39 44 48 25
43 10 41 7 1 49 39 44 48 25
10 43 41 7 1 49 39 44 48 25
43 10 7 41 49 1 39 44 48 25
43 10 41 7 49 1 39 44 48 25
10 43 41 7 49 1 39 44 48 25
43 10 41 49 7 1 39 44 48 25
10 43 41 49 7 1 39 44 48 25
10 43 49 41 7 1 39 44 48 25
43 10 7 41 39 49 1 44 48 25
43 10 41 7 39 49 1 44 48 25
10 43 41 7 39 49 1 44 48 25
10 7 43 41 39 49 1 44 48 25
10 43 7 41 39 49 1 44 48 25
43 10 7 41 49 39 1 44 48 25
43 10 41 7 49 39 1 44 48 25
10 43 41 7 49 39 1 44 48 25
43 10 41 49 7 39 1 44 48 25
10 43 41 49 7 39 1 44 48 25
10 43 49 41 7 39 1 44 48 25
10 7 43 41 49 39 1 44 48 25
10 43 7 41 49 39 1 44 48 25
10 7 43 49 41 39 1 44 48 25
10 43 7 49 41 39 1 44 48 25
10 43 49 7 41 39 1 44 48 25
43 10 7 41 39 49 44 1 48 25
43 10 41 7 39 49 44 1 48 25
10 43 41 7 39 49 44 1 48 25
10 7 43 41 39 49 44 1 48 25
10 43 7 41 39 49 44 1 48 25
43 10 7 41 49 39 44 1 48 25
43 10 41 7 49 39 44 1 48 25
10 43 41 7 49 39 44 1 48 25
43 10 41 49 7 39 44 1 48 25
10 43 41 49 7 39 44 1 48 25
10 43 49 41 7 39 44 1 48 25
10 7 43 41 49 39 44 1 48 25
10 43 7 41 49 39 44 1 48 25
10 7 43 49 41 39 44 1 48 25
10 43 7 49 41 39 44 1 48 25
10 43 49 7 41 39 44 1 48 25
10 7 43 41 49 44 39 1 48 25
10 43 7 41 49 44 39 1 48 25
10 7 43 49 41 44 39 1 48 25
10 43 7 49 41 44 39 1 48 25
10 43 49 7 41 44 39 1 48 25
43 10 7 1 41 39 44 49 48 25
43 10 7 41 1 39 44 49 48 25
43 10 41 7 1 39 44 49 48 25
10 43 41 7 1 39 44 49 48 25
43 10 7 41 39 1 44 49 48 25
43 10 41 7 39 1 44 49 48 25
10 43 41 7 39 1 44 49 48 25
10 7 43 41 39 1 44 49 48 25
10 43 7 41 39 1 44 49 48 25
43 10 7 1 41 44 39 49 48 25
43 10 7 41 1 44 39 49 48 25
43 10 41 7 1 44 39 49 48 25
10 43 41 7 1 44 39 49 48 25
43 10 7 41 44 1 39 49 48 25
43 10 41 7 44 1 39 49 48 25
10 43 41 7 44 1 39 49 48 25
43 10 41 44 7 1 39 49 48 25
10 43 41 44 7 1 39 49 48 25
10 43 44 41 7 1 39 49 48 25
43 10 7 41 39 44 1 49 48 25
43 10 41 7 39 44 1 49 48 25
10 43 41 7 39 44 1 49 48 25
10 7 43 41 39 44 1 49 48 25
10 43 7 41 39 44 1 49 48 25
43 10 7 41 44 39 1 49 48 25
43 10 41 7 44 39 1 49 48 25
10 43 41 7 44 39 1 49 48 25
43 10 41 44 7 39 1 49 48 25
10 43 41 44 7 39 1 49 48 25
10 43 44 41 7 39 1 49 48 25
10 7 43 41 44 39 1 49 48 25
10 43 7 41 44 39 1 49 48 25
10 7 43 44 41 39 1 49 48 25
10 43 7 44 41 39 1 49 48 25
10 43 44 7 41 39 1 49 48 25
43 10 7 1 41 44 49 39 48 25
43 10 7 41 1 44 49 39 48 25
43 10 41 7 1 44 49 39 48 25
10 43 41 7 1 44 49 39 48 25
43 10 7 41 44 1 49 39 48 25
43 10 41 7 44 1 49 39 48 25
10 43 41 7 44 1 49 39 48 25
43 10 41 44 7 1 49 39 48 25
10 43 41 44 7 1 49 39 48 25
10 43 44 41 7 1 49 39 48 25
43 10 7 41 44 49 1 39 48 25
43 10 41 7 44 49 1 39 48 25
10 43 41 7 44 49 1 39 48 25
43 10 41 44 7 49 1 39 48 25
10 43 41 44 7 49 1 39 48 25
10 43 44 41 7 49 1 39 48 25
43 10 41 44 49 7 1 39 48 25
10 43 41 44 49 7 1 39 48 25
10 43 44 41 49 7 1 39 48 25
10 43 44 49 41 7 1 39 48 25
43 10 7 41 39 44 49 1 48 25
43 10 41 7 39 44 49 1 48 25
10 43 41 7 39 44 49 1 48 25
10 7 43 41 39 44 49 1 48 25
10 43 7 41 39 44 49 1 48 25
43 10 7 41 44 39 49 1 48 25
43 10 41 7 44 39 49 1 48 25
10 43 41 7 44 39 49 1 48 25
43 10 41 44 7 39 49 1 48 25
10 43 41 44 7 39 49 1 48 25
10 43 44 41 7 39 49 1 48 25
10 7 43 41 44 39 49 1 48 25
10 43 7 41 44 39 49 1 48 25
10 7 43 44 41 39 49 1 48 25
10 43 7 44 41 39 49 1 48 25
10 43 44 7 41 39 49 1 48 25
43 10 7 41 44 49 39 1 48 25
43 10 41 7 44 49 39 1 48 25
10 43 41 7 44 49 39 1 48 25
43 10 41 44 7 49 39 1 48 25
10 43 41 44 7 49 39 1 48 25
10 43 44 41 7 49 39 1 48 25
43 10 41 44 49 7 39 1 48 25
10 43 41 44 49 7 39 1 48 25
10 43 44 41 49 7 39 1 48 25
10 43 44 49 41 7 39 1 48 25
10 7 43 41 44 49 39 1 48 25
10 43 7 41 44 49 39 1 48 25
10 7 43 44 41 49 39 1 48 25
10 43 7 44 41 49 39 1 48 25
10 43 44 7 41 49 39 1 48 25
10 7 43 44 49 41 39 1 48 25
10 43 7 44 49 41 39 1 48 25
10 43 44 7 49 41 39 1 48 25
10 43 44 49 7 41 39 1 48 25
43 10 7 41 39 49 44 48 1 25
43 10 41 7 39 49 44 48 1 25
10 43 41 7 39 49 44 48 1 25
10 7 43 41 39 49 44 48 1 25
10 43 7 41 39 49 44 48 1 25
43 10 7 41 49 39 44 48 1 25
43 10 41 7 49 39 44 48 1 25
10 43 41 7 49 39 44 48 1 25
43 10 41 49 7 39 44 48 1 25
10 43 41 49 7 39 44 48 1 25
10 43 49 41 7 39 44 48 1 25
10 7 43 41 49 39 44 48 1 25
10 43 7 41 49 39 44 48 1 25
10 7 43 49 41 39 44 48 1 25
10 43 7 49 41 39 44 48 1 25
10 43 49 7 41 39 44 48 1 25
10 7 43 41 49 44 39 48 1 25
10 43 7 41 49 44 39 48 1 25
10 7 43 49 41 44 39 48 1 25
10 43 7 49 41 44 39 48 1 25
10 43 49 7 41 44 39 48 1 25
43 10 7 41 39 44 49 48 1 25
43 10 41 7 39 44 49 48 1 25
10 43 41 7 39 44 49 48 1 25
10 7 43 41 39 44 49 48 1 25
10 43 7 41 39 44 49 48 1 25
43 10 7 41 44 39 49 48 1 25
43 10 41 7 44 39 49 48 1 25
10 43 41 7 44 39 49 48 1 25
43 10 41 44 7 39 49 48 1 25
10 43 41 44 7 39 49 48 1 25
10 43 44 41 7 39 49 48 1 25
10 7 43 41 44 39 49 48 1 25
10 43 7 41 44 39 49 48 1 25
10 7 43 44 41 39 49 48 1 25
10 43 7 44 41 39 49 48 1 25
10 43 44 7 41 39 49 48 1 25
43 10 7 41 44 49 39 48 1 25
43 10 41 7 44 49 39 48 1 25
10 43 41 7 44 49 39 48 1 25
43 10 41 44 7 49 39 48 1 25
10 43 41 44 7 49 39 48 1 25
10 43 44 41 7 49 39 48 1 25
43 10 41 44 49 7 39 48 1 25
10 43 41 44 49 7 39 48 1 25
10 43 44 41 49 7 39 48 1 25
10 43 44 49 41 7 39 48 1 25
10 7 43 41 44 49 39 48 1 25
10 43 7 41 44 49 39 48 1 25
10 7 43 44 41 49 39 48 1 25
10 43 7 44 41 49 39 48 1 25
10 43 44 7 41 49 39 48 1 25
10 7 43 44 49 41 39 48 1 25
10 43 7 44 49 41 39 48 1 25
10 43 44 7 49 41 39 48 1 25
10 43 44 49 7 41 39 48 1 25
10 7 43 41 49 44 48 39 1 25
10 43 7 41 49 44 48 39 1 25
10 7 43 49 41 44 48 39 1 25
10 43 7 49 41 44 48 39 1 25
10 43 49 7 41 44 48 39 1 25
10 7 43 41 44 49 48 39 1 25
10 43 7 41 44 49 48 39 1 25
10 7 43 44 41 49 48 39 1 25
10 43 7 44 41 49 48 39 1 25
10 43 44 7 41 49 48 39 1 25
10 7 43 44 49 41 48 39 1 25
10 43 7 44 49 41 48 39 1 25
10 43 44 7 49 41 48 39 1 25
10 43 44 49 7 41 48 39 1 25
10 7 1 43 41 39 49 44 48 25
10 7 43 1 41 39 49 44 48 25
10 43 7 1 41 39 49 44 48 25
10 7 43 41 1 39 49 44 48 25
10 43 7 41 1 39 49 44 48 25
10 7 1 43 41 49 39 44 48 25
10 7 43 1 41 49 39 44 48 25
10 43 7 1 41 49 39 44 48 25
10 7 43 41 1 49 39 44 48 25
10 43 7 41 1 49 39 44 48 25
10 7 1 43 49 41 39 44 48 25
10 7 43 1 49 41 39 44 48 25
10 43 7 1 49 41 39 44 48 25
10 7 43 49 1 41 39 44 48 25
10 43 7 49 1 41 39 44 48 25
10 43 49 7 1 41 39 44 48 25
10 7 43 41 49 1 39 44 48 25
10 43 7 41 49 1 39 44 48 25
10 7 43 49 41 1 39 44 48 25
10 43 7 49 41 1 39 44 48 25
10 43 49 7 41 1 39 44 48 25
10 7 1 43 41 49 44 39 48 25
10 7 43 1 41 49 44 39 48 25
10 43 7 1 41 49 44 39 48 25
10 7 43 41 1 49 44 39 48 25
10 43 7 41 1 49 44 39 48 25
10 7 1 43 49 41 44 39 48 25
10 7 43 1 49 41 44 39 48 25
10 43 7 1 49 41 44 39 48 25
10 7 43 49 1 41 44 39 48 25
10 43 7 49 1 41 44 39 48 25
10 43 49 7 1 41 44 39 48 25
10 7 43 41 49 1 44 39 48 25
10 43 7 41 49 1 44 39 48 25
10 7 43 49 41 1 44 39 48 25
10 43 7 49 41 1 44 39 48 25
10 43 49 7 41 1 44 39 48 25
10 7 43 41 49 44 1 39 48 25
10 43 7 41 49 44 1 39 48 25
10 7 43 49 41 44 1 39 48 25
10 43 7 49 41 44 1 39 48 25
10 43 49 7 41 44 1 39 48 25
10 7 1 43 41 39 44 49 48 25
10 7 43 1 41 39 44 49 48 25
10 43 7 1 41 39 44 49 48 25
10 7 43 41 1 39 44 49 48 25
10 43 7 41 1 39 44 49 48 25
10 7 1 43 41 44 39 49 48 25
10 7 43 1 41 44 39 49 48 25
10 43 7 1 41 44 39 49 48 25
10 7 43 41 1 44 39 49 48 25
10 43 7 41 1 44 39 49 48 25
10 7 1 43 44 41 39 49 48 25
10 7 43 1 44 41 39 49 48 25
10 43 7 1 44 41 39 49 48 25
10 7 43 44 1 41 39 49 48 25
10 43 7 44 1 41 39 49 48 25
10 43 44 7 1 41 39 49 48 25
10 7 43 41 44 1 39 49 48 25
10 43 7 41 44 1 39 49 48 25
10 7 43 44 41 1 39 49 48 25
10 43 7 44 41 1 39 49 48 25
10 43 44 7 41 1 39 49 48 25
10 7 1 43 41 44 49 39 48 25
10 7 43 1 41 44 49 39 48 25
10 43 7 1 41 44 49 39 48 25
10 7 43 41 1 44 49 39 48 25
10 43 7 41 1 44 49 39 48 25
10 7 1 43 44 41 49 39 48 25
10 7 43 1 44 41 49 39 48 25
10 43 7 1 44 41 49 39 48 25
10 7 43 44 1 41 49 39 48 25
10 43 7 44 1 41 49 39 48 25
10 43 44 7 1 41 49 39 48 25
10 7 43 41 44 1 49 39 48 25
10 43 7 41 44 1 49 39 48 25
10 7 43 44 41 1 49 39 48 25
10 43 7 44 41 1 49 39 48 25
10 43 44 7 41 1 49 39 48 25
10 7 1 43 44 49 41 39 48 25
10 7 43 1 44 49 41 39 48 25
10 43 7 1 44 49 41 39 48 25
10 7 43 44 1 49 41 39 48 25
10 43 7 44 1 49 41 39 48 25
10 43 44 7 1 49 41 39 48 25
10 7 43 44 49 1 41 39 48 25
10 43 7 44 49 1 41 39 48 25
10 43 44 7 49 1 41 39 48 25
10 43 44 49 7 1 41 39 48 25
10 7 43 41 44 49 1 39 48 25
10 43 7 41 44 49 1 39 48 25
10 7 43 44 41 49 1 39 48 25
10 43 7 44 41 49 1 39 48 25
10 43 44 7 41 49 1 39 48 25
10 7 43 44 49 41 1 39 48 25
10 43 7 44 49 41 1 39 48 25
10 43 44 7 49 41 1 39 48 25
10 43 44 49 7 41 1 39 48 25
10 7 1 43 41 49 44 48 39 25
10 7 43 1 41 49 44 48 39 25
10 43 7 1 41 49 44 48 39 25
10 7 43 41 1 49 44 48 39 25
10 43 7 41 1 49 44 48 39 25
10 7 1 43 49 41 44 48 39 25
10 7 43 1 49 41 44 48 39 25
10 43 7 1 49 41 44 48 39 25
10 7 43 49 1 41 44 48 39 25
10 43 7 49 1 41 44 48 39 25
10 43 49 7 1 41 44 48 39 25
10 7 43 41 49 1 44 48 39 25
10 43 7 41 49 1 44 48 39 25
10 7 43 49 41 1 44 48 39 25
10 43 7 49 41 1 44 48 39 25
10 43 49 7 41 1 44 48 39 25
10 7 43 41 49 44 1 48 39 25
10 43 7 41 49 44 1 48 39 25
10 7 43 49 41 44 1 48 39 25
10 43 7 49 41 44 1 48 39 25
10 43 49 7 41 44 1 48 39 25
10 7 1 43 41 44 49 48 39 25
10 7 43 1 41 44 49 48 39 25
10 43 7 1 41 44 49 48 39 25
10 7 43 41 1 44 49 48 39 25
10 43 7 41 1 44 49 48 39 25
10 7 1 43 44 41 49 48 39 25
10 7 43 1 44 41 49 48 39 25
10 43 7 1 44 41 49 48 39 25
10 7 43 44 1 41 49 48 39 25
10 43 7 44 1 41 49 48 39 25
10 43 44 7 1 41 49 48 39 25
10 7 43 41 44 1 49 48 39 25
10 43 7 41 44 1 49 48 39 25
10 7 43 44 41 1 49 48 39 25
10 43 7 44 41 1 49 48 39 25
10 43 44 7 41 1 49 48 39 25
10 7 1 43 44 49 41 48 39 25
10 7 43 1 44 49 41 48 39 25
10 43 7 1 44 49 41 48 39 25
10 7 43 44 1 49 41 48 39 25
10 43 7 44 1 49 41 48 39 25
10 43 44 7 1 49 41 48 39 25
10 7 43 44 49 1 41 48 39 25
10 43 7 44 49 1 41 48 39 25
10 43 44 7 49 1 41 48 39 25
10 43 44 49 7 1 41 48 39 25
10 7 43 41 44 49 1 48 39 25
10 43 7 41 44 49 1 48 39 25
10 7 43 44 41 49 1 48 39 25
10 43 7 44 41 49 1 48 39 25
10 43 44 7 41 49 1 48 39 25
10 7 43 44 49 41 1 48 39 25
10 43 7 44 49 41 1 48 39 25
10 43 44 7 49 41 1 48 39 25
10 43 44 49 7 41 1 48 39 25
10 7 43 41 49 44 48 1 39 25
10 43 7 41 49 44 48 1 39 25
10 7 43 49 41 44 48 1 39 25
10 43 7 49 41 44 48 1 39 25
10 43 49 7 41 44 48 1 39 25
10 7 43 41 44 49 48 1 39 25
10 43 7 41 44 49 48 1 39 25
10 7 43 44 41 49 48 1 39 25
10 43 7 44 41 49 48 1 39 25
10 43 44 7 41 49 48 1 39 25
10 7 43 44 49 41 48 1 39 25
10 43 7 44 49 41 48 1 39 25
10 43 44 7 49 41 48 1 39 25
10 43 44 49 7 41 48 1 39 25
