7 6 4 1 5 2 3
7 6 4 5 1 2 3
7 4 6 5 1 2 3
4 7 6 5 1 2 3
7 4 1 6 5 2 3
7 4 6 1 5 2 3
4 7 6 1 5 2 3
4 1 7 6 5 2 3
4 7 1 6 5 2 3
7 6 4 1 2 5 3
7 6 1 4 2 5 3
7 1 6 4 2 5 3
1 7 6 4 2 5 3
7 6 1 4 5 2 3
7 1 6 4 5 2 3
1 7 6 4 5 2 3
7 1 4 6 5 2 3
1 7 4 6 5 2 3
1 4 7 6 5 2 3
7 4 1 6 2 5 3
7 4 6 1 2 5 3
4 7 6 1 2 5 3
4 1 7 6 2 5 3
4 7 1 6 2 5 3
7 4 1 2 6 5 3
7 1 4 2 6 5 3
1 7 4 2 6 5 3
7 1 4 6 2 5 3
1 7 4 6 2 5 3
1 4 7 6 2 5 3
4 1 7 2 6 5 3
4 7 1 2 6 5 3
4 1 2 7 6 5 3
1 4 2 7 6 5 3
1 4 7 2 6 5 3
