5 4 2 1 8 7 6 3 9
5 4 2 8 1 7 6 3 9
5 4 8 2 1 7 6 3 9
5 8 4 2 1 7 6 3 9
5 4 2 8 7 1 6 3 9
5 4 8 2 7 1 6 3 9
5 8 4 2 7 1 6 3 9
5 4 8 7 2 1 6 3 9
5 8 4 7 2 1 6 3 9
5 4 2 8 7 6 1 3 9
5 4 8 2 7 6 1 3 9
5 8 4 2 7 6 1 3 9
5 4 8 7 2 6 1 3 9
5 8 4 7 2 6 1 3 9
5 4 2 1 8 7 6 9 3
5 4 2 8 1 7 6 9 3
5 4 8 2 1 7 6 9 3
5 8 4 2 1 7 6 9 3
5 4 2 8 7 1 6 9 3
5 4 8 2 7 1 6 9 3
5 8 4 2 7 1 6 9 3
5 4 8 7 2 1 6 9 3
5 8 4 7 2 1 6 9 3
5 4 2 8 7 6 1 9 3
5 4 8 2 7 6 1 9 3
5 8 4 2 7 6 1 9 3
5 4 8 7 2 6 1 9 3
5 8 4 7 2 6 1 9 3
5 4 2 1 8 7 9 6 3
5 4 2 8 1 7 9 6 3
5 4 8 2 1 7 9 6 3
5 8 4 2 1 7 9 6 3
5 4 2 8 7 1 9 6 3
5 4 8 2 7 1 9 6 3
5 8 4 2 7 1 9 6 3
5 4 8 7 2 1 9 6 3
5 8 4 7 2 1 9 6 3
5 4 2 1 8 9 7 6 3
5 4 2 8 1 9 7 6 3
5 4 8 2 1 9 7 6 3
5 8 4 2 1 9 7 6 3
5 4 2 8 9 1 7 6 3
5 4 8 2 9 1 7 6 3
5 8 4 2 9 1 7 6 3
5 4 8 9 2 1 7 6 3
5 8 4 9 2 1 7 6 3
5 8 9 4 2 1 7 6 3
5 4 2 8 7 9 1 6 3
5 4 8 2 7 9 1 6 3
5 8 4 2 7 9 1 6 3
5 4 8 7 2 9 1 6 3
5 8 4 7 2 9 1 6 3
5 4 2 8 9 7 1 6 3
5 4 8 2 9 7 1 6 3
5 8 4 2 9 7 1 6 3
5 4 8 9 2 7 1 6 3
5 8 4 9 2 7 1 6 3
5 8 9 4 2 7 1 6 3
5 4 8 7 9 2 1 6 3
5 8 4 7 9 2 1 6 3
5 4 8 9 7 2 1 6 3
5 8 4 9 7 2 1 6 3
5 8 9 4 7 2 1 6 3
5 4 2 8 7 6 9 1 3
5 4 8 2 7 6 9 1 3
5 8 4 2 7 6 9 1 3
5 4 8 7 2 6 9 1 3
5 8 4 7 2 6 9 1 3
5 4 2 8 7 9 6 1 3
5 4 8 2 7 9 6 1 3
5 8 4 2 7 9 6 1 3
5 4 8 7 2 9 6 1 3
5 8 4 7 2 9 6 1 3
5 4 2 8 9 7 6 1 3
5 4 8 2 9 7 6 1 3
5 8 4 2 9 7 6 1 3
5 4 8 9 2 7 6 1 3
5 8 4 9 2 7 6 1 3
5 8 9 4 2 7 6 1 3
5 4 8 7 9 2 6 1 3
5 8 4 7 9 2 6 1 3
5 4 8 9 7 2 6 1 3
5 8 4 9 7 2 6 1 3
5 8 9 4 7 2 6 1 3
