7 5 3 1 6 4 2 8
7 5 3 6 1 4 2 8
7 5 6 3 1 4 2 8
5 7 6 3 1 4 2 8
7 5 3 6 4 1 2 8
7 5 6 3 4 1 2 8
5 7 6 3 4 1 2 8
5 3 7 6 4 1 2 8
5 7 3 6 4 1 2 8
5 3 1 7 6 4 2 8
5 3 7 1 6 4 2 8
5 7 3 1 6 4 2 8
5 3 7 6 1 4 2 8
5 7 3 6 1 4 2 8
7 5 3 1 6 4 8 2
7 5 3 6 1 4 8 2
7 5 6 3 1 4 8 2
5 7 6 3 1 4 8 2
7 5 3 6 4 1 8 2
7 5 6 3 4 1 8 2
5 7 6 3 4 1 8 2
5 3 7 6 4 1 8 2
5 7 3 6 4 1 8 2
7 5 3 1 6 8 4 2
7 5 3 6 1 8 4 2
7 5 6 3 1 8 4 2
5 7 6 3 1 8 4 2
7 5 3 6 8 1 4 2
7 5 6 3 8 1 4 2
5 7 6 3 8 1 4 2
7 5 6 8 3 1 4 2
5 7 6 8 3 1 4 2
5 7 8 6 3 1 4 2
7 5 3 6 4 8 1 2
7 5 6 3 4 8 1 2
5 7 6 3 4 8 1 2
5 3 7 6 4 8 1 2
5 7 3 6 4 8 1 2
7 5 3 6 8 4 1 2
7 5 6 3 8 4 1 2
5 7 6 3 8 4 1 2
7 5 6 8 3 4 1 2
5 7 6 8 3 4 1 2
5 7 8 6 3 4 1 2
5 3 7 6 8 4 1 2
5 7 3 6 8 4 1 2
5 3 7 8 6 4 1 2
5 7 3 8 6 4 1 2
5 7 8 3 6 4 1 2
5 3 1 7 6 4 8 2
5 3 7 1 6 4 8 2
5 7 3 1 6 4 8 2
5 3 7 6 1 4 8 2
5 7 3 6 1 4 8 2
5 3 1 7 6 8 4 2
5 3 7 1 6 8 4 2
5 7 3 1 6 8 4 2
5 3 7 6 1 8 4 2
5 7 3 6 1 8 4 2
5 3 1 7 8 6 4 2
5 3 7 1 8 6 4 2
5 7 3 1 8 6 4 2
5 3 7 8 1 6 4 2
5 7 3 8 1 6 4 2
5 7 8 3 1 6 4 2
5 3 7 6 8 1 4 2
5 7 3 6 8 1 4 2
5 3 7 8 6 1 4 2
5 7 3 8 6 1 4 2
5 7 8 3 6 1 4 2
