50 43 41 4 45 44 7 15 38 40
50 43 41 45 4 44 7 15 38 40
50 43 45 41 4 44 7 15 38 40
43 50 45 41 4 44 7 15 38 40
50 43 41 45 44 4 7 15 38 40
50 43 45 41 44 4 7 15 38 40
43 50 45 41 44 4 7 15 38 40
43 41 50 45 44 4 7 15 38 40
43 50 41 45 44 4 7 15 38 40
43 41 4 50 45 44 7 15 38 40
43 41 50 4 45 44 7 15 38 40
43 50 41 4 45 44 7 15 38 40
43 41 50 45 4 44 7 15 38 40
43 50 41 45 4 44 7 15 38 40
50 43 41 4 45 7 44 15 38 40
50 43 41 45 4 7 44 15 38 40
50 43 45 41 4 7 44 15 38 40
43 50 45 41 4 7 44 15 38 40
50 43 4 45 41 7 44 15 38 40
50 43 45 4 41 7 44 15 38 40
43 50 45 4 41 7 44 15 38 40
43 4 50 45 41 7 44 15 38 40
43 50 4 45 41 7 44 15 38 40
50 43 41 4 7 45 44 15 38 40
50 43 4 41 7 45 44 15 38 40
50 4 43 41 7 45 44 15 38 40
4 50 43 41 7 45 44 15 38 40
50 43 4 41 45 7 44 15 38 40
50 4 43 41 45 7 44 15 38 40
4 50 43 41 45 7 44 15 38 40
50 4 43 45 41 7 44 15 38 40
4 50 43 45 41 7 44 15 38 40
4 43 50 45 41 7 44 15 38 40
50 43 4 45 41 44 7 15 38 40
50 43 45 4 41 44 7 15 38 40
43 50 45 4 41 44 7 15 38 40
43 4 50 45 41 44 7 15 38 40
43 50 4 45 41 44 7 15 38 40
50 43 4 41 45 44 7 15 38 40
50 4 43 41 45 44 7 15 38 40
4 50 43 41 45 44 7 15 38 40
50 4 43 45 41 44 7 15 38 40
4 50 43 45 41 44 7 15 38 40
4 43 50 45 41 44 7 15 38 40
43 4 50 41 45 44 7 15 38 40
43 50 4 41 45 44 7 15 38 40
43 4 41 50 45 44 7 15 38 40
4 43 41 50 45 44 7 15 38 40
4 43 50 41 45 44 7 15 38 40
43 41 4 50 45 7 44 15 38 40
43 41 50 4 45 7 44 15 38 40
43 50 41 4 45 7 44 15 38 40
43 41 50 45 4 7 44 15 38 40
43 50 41 45 4 7 44 15 38 40
43 41 4 50 7 45 44 15 38 40
43 41 50 4 7 45 44 15 38 40
43 50 41 4 7 45 44 15 38 40
43 4 50 41 7 45 44 15 38 40
43 50 4 41 7 45 44 15 38 40
43 41 4 7 50 45 44 15 38 40
43 4 41 7 50 45 44 15 38 40
4 43 41 7 50 45 44 15 38 40
43 4 41 50 7 45 44 15 38 40
4 43 41 50 7 45 44 15 38 40
4 43 50 41 7 45 44 15 38 40
43 4 50 41 45 7 44 15 38 40
43 50 4 41 45 7 44 15 38 40
43 4 41 50 45 7 44 15 38 40
4 43 41 50 45 7 44 15 38 40
4 43 50 41 45 7 44 15 38 40
50 43 41 4 45 7 15 44 38 40
50 43 41 45 4 7 15 44 38 40
50 43 45 41 4 7 15 44 38 40
43 50 45 41 4 7 15 44 38 40
50 43 4 45 41 7 15 44 38 40
50 43 45 4 41 7 15 44 38 40
43 50 45 4 41 7 15 44 38 40
43 4 50 45 41 7 15 44 38 40
43 50 4 45 41 7 15 44 38 40
50 43 41 4 7 45 15 44 38 40
50 43 4 41 7 45 15 44 38 40
50 4 43 41 7 45 15 44 38 40
4 50 43 41 7 45 15 44 38 40
50 43 4 41 45 7 15 44 38 40
50 4 43 41 45 7 15 44 38 40
4 50 43 41 45 7 15 44 38 40
50 4 43 45 41 7 15 44 38 40
4 50 43 45 41 7 15 44 38 40
4 43 50 45 41 7 15 44 38 40
50 43 4 45 7 41 15 44 38 40
50 43 45 4 7 41 15 44 38 40
43 50 45 4 7 41 15 44 38 40
43 4 50 45 7 41 15 44 38 40
43 50 4 45 7 41 15 44 38 40
50 43 4 7 45 41 15 44 38 40
50 4 43 7 45 41 15 44 38 40
4 50 43 7 45 41 15 44 38 40
50 4 43 45 7 41 15 44 38 40
4 50 43 45 7 41 15 44 38 40
4 43 50 45 7 41 15 44 38 40
43 4 50 7 45 41 15 44 38 40
43 50 4 7 45 41 15 44 38 40
43 4 7 50 45 41 15 44 38 40
4 43 7 50 45 41 15 44 38 40
4 43 50 7 45 41 15 44 38 40
50 43 41 4 7 15 45 44 38 40
50 43 4 41 7 15 45 44 38 40
50 4 43 41 7 15 45 44 38 40
4 50 43 41 7 15 45 44 38 40
50 43 4 7 41 15 45 44 38 40
50 4 43 7 41 15 45 44 38 40
4 50 43 7 41 15 45 44 38 40
50 4 7 43 41 15 45 44 38 40
4 50 7 43 41 15 45 44 38 40
4 7 50 43 41 15 45 44 38 40
50 43 4 7 41 45 15 44 38 40
50 4 43 7 41 45 15 44 38 40
4 50 43 7 41 45 15 44 38 40
50 4 7 43 41 45 15 44 38 40
4 50 7 43 41 45 15 44 38 40
4 7 50 43 41 45 15 44 38 40
50 4 7 43 45 41 15 44 38 40
4 50 7 43 45 41 15 44 38 40
4 7 50 43 45 41 15 44 38 40
4 7 43 50 45 41 15 44 38 40
50 43 4 45 7 41 44 15 38 40
50 43 45 4 7 41 44 15 38 40
43 50 45 4 7 41 44 15 38 40
43 4 50 45 7 41 44 15 38 40
43 50 4 45 7 41 44 15 38 40
50 43 4 7 45 41 44 15 38 40
50 4 43 7 45 41 44 15 38 40
4 50 43 7 45 41 44 15 38 40
50 4 43 45 7 41 44 15 38 40
4 50 43 45 7 41 44 15 38 40
4 43 50 45 7 41 44 15 38 40
43 4 50 7 45 41 44 15 38 40
43 50 4 7 45 41 44 15 38 40
43 4 7 50 45 41 44 15 38 40
4 43 7 50 45 41 44 15 38 40
4 43 50 7 45 41 44 15 38 40
50 43 4 7 41 45 44 15 38 40
50 4 43 7 41 45 44 15 38 40
4 50 43 7 41 45 44 15 38 40
50 4 7 43 41 45 44 15 38 40
4 50 7 43 41 45 44 15 38 40
4 7 50 43 41 45 44 15 38 40
50 4 7 43 45 41 44 15 38 40
4 50 7 43 45 41 44 15 38 40
4 7 50 43 45 41 44 15 38 40
4 7 43 50 45 41 44 15 38 40
43 4 50 7 41 45 44 15 38 40
43 50 4 7 41 45 44 15 38 40
43 4 7 50 41 45 44 15 38 40
4 43 7 50 41 45 44 15 38 40
4 43 50 7 41 45 44 15 38 40
43 4 7 41 50 45 44 15 38 40
4 43 7 41 50 45 44 15 38 40
4 7 43 41 50 45 44 15 38 40
4 7 43 50 41 45 44 15 38 40
43 41 4 50 45 7 15 44 38 40
43 41 50 4 45 7 15 44 38 40
43 50 41 4 45 7 15 44 38 40
43 41 50 45 4 7 15 44 38 40
43 50 41 45 4 7 15 44 38 40
43 41 4 50 7 45 15 44 38 40
43 41 50 4 7 45 15 44 38 40
43 50 41 4 7 45 15 44 38 40
43 4 50 41 7 45 15 44 38 40
43 50 4 41 7 45 15 44 38 40
43 41 4 7 50 45 15 44 38 40
43 4 41 7 50 45 15 44 38 40
4 43 41 7 50 45 15 44 38 40
43 4 41 50 7 45 15 44 38 40
4 43 41 50 7 45 15 44 38 40
4 43 50 41 7 45 15 44 38 40
43 4 50 41 45 7 15 44 38 40
43 50 4 41 45 7 15 44 38 40
43 4 41 50 45 7 15 44 38 40
4 43 41 50 45 7 15 44 38 40
4 43 50 41 45 7 15 44 38 40
43 41 4 50 7 15 45 44 38 40
43 41 50 4 7 15 45 44 38 40
43 50 41 4 7 15 45 44 38 40
43 4 50 41 7 15 45 44 38 40
43 50 4 41 7 15 45 44 38 40
43 41 4 7 50 15 45 44 38 40
43 4 41 7 50 15 45 44 38 40
4 43 41 7 50 15 45 44 38 40
43 4 41 50 7 15 45 44 38 40
4 43 41 50 7 15 45 44 38 40
4 43 50 41 7 15 45 44 38 40
43 4 50 7 41 15 45 44 38 40
43 50 4 7 41 15 45 44 38 40
43 4 7 50 41 15 45 44 38 40
4 43 7 50 41 15 45 44 38 40
4 43 50 7 41 15 45 44 38 40
43 41 4 7 15 50 45 44 38 40
43 4 41 7 15 50 45 44 38 40
4 43 41 7 15 50 45 44 38 40
43 4 7 41 15 50 45 44 38 40
4 43 7 41 15 50 45 44 38 40
4 7 43 41 15 50 45 44 38 40
43 4 7 41 50 15 45 44 38 40
4 43 7 41 50 15 45 44 38 40
4 7 43 41 50 15 45 44 38 40
4 7 43 50 41 15 45 44 38 40
43 4 50 7 41 45 15 44 38 40
43 50 4 7 41 45 15 44 38 40
43 4 7 50 41 45 15 44 38 40
4 43 7 50 41 45 15 44 38 40
4 43 50 7 41 45 15 44 38 40
43 4 7 41 50 45 15 44 38 40
4 43 7 41 50 45 15 44 38 40
4 7 43 41 50 45 15 44 38 40
4 7 43 50 41 45 15 44 38 40
50 43 41 4 45 7 15 38 44 40
50 43 41 45 4 7 15 38 44 40
50 43 45 41 4 7 15 38 44 40
43 50 45 41 4 7 15 38 44 40
50 43 4 45 41 7 15 38 44 40
50 43 45 4 41 7 15 38 44 40
43 50 45 4 41 7 15 38 44 40
43 4 50 45 41 7 15 38 44 40
43 50 4 45 41 7 15 38 44 40
50 43 41 4 7 45 15 38 44 40
50 43 4 41 7 45 15 38 44 40
50 4 43 41 7 45 15 38 44 40
4 50 43 41 7 45 15 38 44 40
50 43 4 41 45 7 15 38 44 40
50 4 43 41 45 7 15 38 44 40
4 50 43 41 45 7 15 38 44 40
50 4 43 45 41 7 15 38 44 40
4 50 43 45 41 7 15 38 44 40
4 43 50 45 41 7 15 38 44 40
50 43 4 45 7 41 15 38 44 40
50 43 45 4 7 41 15 38 44 40
43 50 45 4 7 41 15 38 44 40
43 4 50 45 7 41 15 38 44 40
43 50 4 45 7 41 15 38 44 40
50 43 4 7 45 41 15 38 44 40
50 4 43 7 45 41 15 38 44 40
4 50 43 7 45 41 15 38 44 40
50 4 43 45 7 41 15 38 44 40
4 50 43 45 7 41 15 38 44 40
4 43 50 45 7 41 15 38 44 40
43 4 50 7 45 41 15 38 44 40
43 50 4 7 45 41 15 38 44 40
43 4 7 50 45 41 15 38 44 40
4 43 7 50 45 41 15 38 44 40
4 43 50 7 45 41 15 38 44 40
50 43 41 4 7 15 45 38 44 40
50 43 4 41 7 15 45 38 44 40
50 4 43 41 7 15 45 38 44 40
4 50 43 41 7 15 45 38 44 40
50 43 4 7 41 15 45 38 44 40
50 4 43 7 41 15 45 38 44 40
4 50 43 7 41 15 45 38 44 40
50 4 7 43 41 15 45 38 44 40
4 50 7 43 41 15 45 38 44 40
4 7 50 43 41 15 45 38 44 40
50 43 4 7 41 45 15 38 44 40
50 4 43 7 41 45 15 38 44 40
4 50 43 7 41 45 15 38 44 40
50 4 7 43 41 45 15 38 44 40
4 50 7 43 41 45 15 38 44 40
4 7 50 43 41 45 15 38 44 40
50 4 7 43 45 41 15 38 44 40
4 50 7 43 45 41 15 38 44 40
4 7 50 43 45 41 15 38 44 40
4 7 43 50 45 41 15 38 44 40
50 43 4 45 7 15 41 38 44 40
50 43 45 4 7 15 41 38 44 40
43 50 45 4 7 15 41 38 44 40
43 4 50 45 7 15 41 38 44 40
43 50 4 45 7 15 41 38 44 40
50 43 4 7 45 15 41 38 44 40
50 4 43 7 45 15 41 38 44 40
4 50 43 7 45 15 41 38 44 40
50 4 43 45 7 15 41 38 44 40
4 50 43 45 7 15 41 38 44 40
4 43 50 45 7 15 41 38 44 40
43 4 50 7 45 15 41 38 44 40
43 50 4 7 45 15 41 38 44 40
43 4 7 50 45 15 41 38 44 40
4 43 7 50 45 15 41 38 44 40
4 43 50 7 45 15 41 38 44 40
50 43 4 7 15 45 41 38 44 40
50 4 43 7 15 45 41 38 44 40
4 50 43 7 15 45 41 38 44 40
50 4 7 43 15 45 41 38 44 40
4 50 7 43 15 45 41 38 44 40
4 7 50 43 15 45 41 38 44 40
50 4 7 43 45 15 41 38 44 40
4 50 7 43 45 15 41 38 44 40
4 7 50 43 45 15 41 38 44 40
4 7 43 50 45 15 41 38 44 40
43 4 50 7 15 45 41 38 44 40
43 50 4 7 15 45 41 38 44 40
43 4 7 50 15 45 41 38 44 40
4 43 7 50 15 45 41 38 44 40
4 43 50 7 15 45 41 38 44 40
43 4 7 15 50 45 41 38 44 40
4 43 7 15 50 45 41 38 44 40
4 7 43 15 50 45 41 38 44 40
4 7 43 50 15 45 41 38 44 40
50 43 41 4 7 15 38 45 44 40
50 43 4 41 7 15 38 45 44 40
50 4 43 41 7 15 38 45 44 40
4 50 43 41 7 15 38 45 44 40
50 43 4 7 41 15 38 45 44 40
50 4 43 7 41 15 38 45 44 40
4 50 43 7 41 15 38 45 44 40
50 4 7 43 41 15 38 45 44 40
4 50 7 43 41 15 38 45 44 40
4 7 50 43 41 15 38 45 44 40
50 43 4 7 15 41 38 45 44 40
50 4 43 7 15 41 38 45 44 40
4 50 43 7 15 41 38 45 44 40
50 4 7 43 15 41 38 45 44 40
4 50 7 43 15 41 38 45 44 40
4 7 50 43 15 41 38 45 44 40
50 4 7 15 43 41 38 45 44 40
4 50 7 15 43 41 38 45 44 40
4 7 50 15 43 41 38 45 44 40
4 7 15 50 43 41 38 45 44 40
50 43 4 7 15 41 45 38 44 40
50 4 43 7 15 41 45 38 44 40
4 50 43 7 15 41 45 38 44 40
50 4 7 43 15 41 45 38 44 40
4 50 7 43 15 41 45 38 44 40
4 7 50 43 15 41 45 38 44 40
50 4 7 15 43 41 45 38 44 40
4 50 7 15 43 41 45 38 44 40
4 7 50 15 43 41 45 38 44 40
4 7 15 50 43 41 45 38 44 40
50 4 7 15 43 45 41 38 44 40
4 50 7 15 43 45 41 38 44 40
4 7 50 15 43 45 41 38 44 40
4 7 15 50 43 45 41 38 44 40
4 7 15 43 50 45 41 38 44 40
50 43 4 45 7 15 41 44 38 40
50 43 45 4 7 15 41 44 38 40
43 50 45 4 7 15 41 44 38 40
43 4 50 45 7 15 41 44 38 40
43 50 4 45 7 15 41 44 38 40
50 43 4 7 45 15 41 44 38 40
50 4 43 7 45 15 41 44 38 40
4 50 43 7 45 15 41 44 38 40
50 4 43 45 7 15 41 44 38 40
4 50 43 45 7 15 41 44 38 40
4 43 50 45 7 15 41 44 38 40
43 4 50 7 45 15 41 44 38 40
43 50 4 7 45 15 41 44 38 40
43 4 7 50 45 15 41 44 38 40
4 43 7 50 45 15 41 44 38 40
4 43 50 7 45 15 41 44 38 40
50 43 4 7 15 45 41 44 38 40
50 4 43 7 15 45 41 44 38 40
4 50 43 7 15 45 41 44 38 40
50 4 7 43 15 45 41 44 38 40
4 50 7 43 15 45 41 44 38 40
4 7 50 43 15 45 41 44 38 40
50 4 7 43 45 15 41 44 38 40
4 50 7 43 45 15 41 44 38 40
4 7 50 43 45 15 41 44 38 40
4 7 43 50 45 15 41 44 38 40
43 4 50 7 15 45 41 44 38 40
43 50 4 7 15 45 41 44 38 40
43 4 7 50 15 45 41 44 38 40
4 43 7 50 15 45 41 44 38 40
4 43 50 7 15 45 41 44 38 40
43 4 7 15 50 45 41 44 38 40
4 43 7 15 50 45 41 44 38 40
4 7 43 15 50 45 41 44 38 40
4 7 43 50 15 45 41 44 38 40
50 43 4 7 15 41 45 44 38 40
50 4 43 7 15 41 45 44 38 40
4 50 43 7 15 41 45 44 38 40
50 4 7 43 15 41 45 44 38 40
4 50 7 43 15 41 45 44 38 40
4 7 50 43 15 41 45 44 38 40
50 4 7 15 43 41 45 44 38 40
4 50 7 15 43 41 45 44 38 40
4 7 50 15 43 41 45 44 38 40
4 7 15 50 43 41 45 44 38 40
50 4 7 15 43 45 41 44 38 40
4 50 7 15 43 45 41 44 38 40
4 7 50 15 43 45 41 44 38 40
4 7 15 50 43 45 41 44 38 40
4 7 15 43 50 45 41 44 38 40
43 4 50 7 15 41 45 44 38 40
43 50 4 7 15 41 45 44 38 40
43 4 7 50 15 41 45 44 38 40
4 43 7 50 15 41 45 44 38 40
4 43 50 7 15 41 45 44 38 40
43 4 7 15 50 41 45 44 38 40
4 43 7 15 50 41 45 44 38 40
4 7 43 15 50 41 45 44 38 40
4 7 43 50 15 41 45 44 38 40
43 4 7 15 41 50 45 44 38 40
4 43 7 15 41 50 45 44 38 40
4 7 43 15 41 50 45 44 38 40
4 7 15 43 41 50 45 44 38 40
4 7 15 43 50 41 45 44 38 40
43 41 4 50 45 7 15 38 44 40
43 41 50 4 45 7 15 38 44 40
43 50 41 4 45 7 15 38 44 40
43 41 50 45 4 7 15 38 44 40
43 50 41 45 4 7 15 38 44 40
43 41 4 50 7 45 15 38 44 40
43 41 50 4 7 45 15 38 44 40
43 50 41 4 7 45 15 38 44 40
43 4 50 41 7 45 15 38 44 40
43 50 4 41 7 45 15 38 44 40
43 41 4 7 50 45 15 38 44 40
43 4 41 7 50 45 15 38 44 40
4 43 41 7 50 45 15 38 44 40
43 4 41 50 7 45 15 38 44 40
4 43 41 50 7 45 15 38 44 40
4 43 50 41 7 45 15 38 44 40
43 4 50 41 45 7 15 38 44 40
43 50 4 41 45 7 15 38 44 40
43 4 41 50 45 7 15 38 44 40
4 43 41 50 45 7 15 38 44 40
4 43 50 41 45 7 15 38 44 40
43 41 4 50 7 15 45 38 44 40
43 41 50 4 7 15 45 38 44 40
43 50 41 4 7 15 45 38 44 40
43 4 50 41 7 15 45 38 44 40
43 50 4 41 7 15 45 38 44 40
43 41 4 7 50 15 45 38 44 40
43 4 41 7 50 15 45 38 44 40
4 43 41 7 50 15 45 38 44 40
43 4 41 50 7 15 45 38 44 40
4 43 41 50 7 15 45 38 44 40
4 43 50 41 7 15 45 38 44 40
43 4 50 7 41 15 45 38 44 40
43 50 4 7 41 15 45 38 44 40
43 4 7 50 41 15 45 38 44 40
4 43 7 50 41 15 45 38 44 40
4 43 50 7 41 15 45 38 44 40
43 41 4 7 15 50 45 38 44 40
43 4 41 7 15 50 45 38 44 40
4 43 41 7 15 50 45 38 44 40
43 4 7 41 15 50 45 38 44 40
4 43 7 41 15 50 45 38 44 40
4 7 43 41 15 50 45 38 44 40
43 4 7 41 50 15 45 38 44 40
4 43 7 41 50 15 45 38 44 40
4 7 43 41 50 15 45 38 44 40
4 7 43 50 41 15 45 38 44 40
43 4 50 7 41 45 15 38 44 40
43 50 4 7 41 45 15 38 44 40
43 4 7 50 41 45 15 38 44 40
4 43 7 50 41 45 15 38 44 40
4 43 50 7 41 45 15 38 44 40
43 4 7 41 50 45 15 38 44 40
4 43 7 41 50 45 15 38 44 40
4 7 43 41 50 45 15 38 44 40
4 7 43 50 41 45 15 38 44 40
43 41 4 50 7 15 38 45 44 40
43 41 50 4 7 15 38 45 44 40
43 50 41 4 7 15 38 45 44 40
43 4 50 41 7 15 38 45 44 40
43 50 4 41 7 15 38 45 44 40
43 41 4 7 50 15 38 45 44 40
43 4 41 7 50 15 38 45 44 40
4 43 41 7 50 15 38 45 44 40
43 4 41 50 7 15 38 45 44 40
4 43 41 50 7 15 38 45 44 40
4 43 50 41 7 15 38 45 44 40
43 4 50 7 41 15 38 45 44 40
43 50 4 7 41 15 38 45 44 40
43 4 7 50 41 15 38 45 44 40
4 43 7 50 41 15 38 45 44 40
4 43 50 7 41 15 38 45 44 40
43 41 4 7 15 50 38 45 44 40
43 4 41 7 15 50 38 45 44 40
4 43 41 7 15 50 38 45 44 40
43 4 7 41 15 50 38 45 44 40
4 43 7 41 15 50 38 45 44 40
4 7 43 41 15 50 38 45 44 40
43 4 7 41 50 15 38 45 44 40
4 43 7 41 50 15 38 45 44 40
4 7 43 41 50 15 38 45 44 40
4 7 43 50 41 15 38 45 44 40
43 4 50 7 15 41 38 45 44 40
43 50 4 7 15 41 38 45 44 40
43 4 7 50 15 41 38 45 44 40
4 43 7 50 15 41 38 45 44 40
4 43 50 7 15 41 38 45 44 40
43 4 7 15 50 41 38 45 44 40
4 43 7 15 50 41 38 45 44 40
4 7 43 15 50 41 38 45 44 40
4 7 43 50 15 41 38 45 44 40
43 41 4 7 15 38 50 45 44 40
43 4 41 7 15 38 50 45 44 40
4 43 41 7 15 38 50 45 44 40
43 4 7 41 15 38 50 45 44 40
4 43 7 41 15 38 50 45 44 40
4 7 43 41 15 38 50 45 44 40
43 4 7 15 41 38 50 45 44 40
4 43 7 15 41 38 50 45 44 40
4 7 43 15 41 38 50 45 44 40
4 7 15 43 41 38 50 45 44 40
43 4 7 15 41 50 38 45 44 40
4 43 7 15 41 50 38 45 44 40
4 7 43 15 41 50 38 45 44 40
4 7 15 43 41 50 38 45 44 40
4 7 15 43 50 41 38 45 44 40
43 4 50 7 15 41 45 38 44 40
43 50 4 7 15 41 45 38 44 40
43 4 7 50 15 41 45 38 44 40
4 43 7 50 15 41 45 38 44 40
4 43 50 7 15 41 45 38 44 40
43 4 7 15 50 41 45 38 44 40
4 43 7 15 50 41 45 38 44 40
4 7 43 15 50 41 45 38 44 40
4 7 43 50 15 41 45 38 44 40
43 4 7 15 41 50 45 38 44 40
4 43 7 15 41 50 45 38 44 40
4 7 43 15 41 50 45 38 44 40
4 7 15 43 41 50 45 38 44 40
4 7 15 43 50 41 45 38 44 40
