44 37 11 1 48 42 30 35 41
44 37 11 48 1 42 30 35 41
44 37 48 11 1 42 30 35 41
44 48 37 11 1 42 30 35 41
44 37 11 48 42 1 30 35 41
44 37 48 11 42 1 30 35 41
44 48 37 11 42 1 30 35 41
44 37 48 42 11 1 30 35 41
44 48 37 42 11 1 30 35 41
44 37 11 48 42 30 1 35 41
44 37 48 11 42 30 1 35 41
44 48 37 11 42 30 1 35 41
44 37 48 42 11 30 1 35 41
44 48 37 42 11 30 1 35 41
44 37 11 1 48 30 42 35 41
44 37 11 48 1 30 42 35 41
44 37 48 11 1 30 42 35 41
44 48 37 11 1 30 42 35 41
44 37 11 48 30 1 42 35 41
44 37 48 11 30 1 42 35 41
44 48 37 11 30 1 42 35 41
44 11 48 37 30 1 42 35 41
44 48 11 37 30 1 42 35 41
44 37 11 1 30 48 42 35 41
44 37 11 30 1 48 42 35 41
44 11 37 30 1 48 42 35 41
11 44 37 30 1 48 42 35 41
44 37 11 30 48 1 42 35 41
44 11 37 30 48 1 42 35 41
11 44 37 30 48 1 42 35 41
44 11 37 48 30 1 42 35 41
11 44 37 48 30 1 42 35 41
11 44 48 37 30 1 42 35 41
44 37 11 48 30 42 1 35 41
44 37 48 11 30 42 1 35 41
44 48 37 11 30 42 1 35 41
44 11 48 37 30 42 1 35 41
44 48 11 37 30 42 1 35 41
44 37 11 30 48 42 1 35 41
44 11 37 30 48 42 1 35 41
11 44 37 30 48 42 1 35 41
44 11 37 48 30 42 1 35 41
11 44 37 48 30 42 1 35 41
11 44 48 37 30 42 1 35 41
44 11 48 37 42 30 1 35 41
44 48 11 37 42 30 1 35 41
44 11 37 48 42 30 1 35 41
11 44 37 48 42 30 1 35 41
11 44 48 37 42 30 1 35 41
44 37 11 48 42 30 35 1 41
44 37 48 11 42 30 35 1 41
44 48 37 11 42 30 35 1 41
44 37 48 42 11 30 35 1 41
44 48 37 42 11 30 35 1 41
44 37 11 48 30 42 35 1 41
44 37 48 11 30 42 35 1 41
44 48 37 11 30 42 35 1 41
44 11 48 37 30 42 35 1 41
44 48 11 37 30 42 35 1 41
44 37 11 30 48 42 35 1 41
44 11 37 30 48 42 35 1 41
11 44 37 30 48 42 35 1 41
44 11 37 48 30 42 35 1 41
11 44 37 48 30 42 35 1 41
11 44 48 37 30 42 35 1 41
44 11 48 37 42 30 35 1 41
44 48 11 37 42 30 35 1 41
44 11 37 48 42 30 35 1 41
11 44 37 48 42 30 35 1 41
11 44 48 37 42 30 35 1 41
44 37 11 1 48 30 35 42 41
44 37 11 48 1 30 35 42 41
44 37 48 11 1 30 35 42 41
44 48 37 11 1 30 35 42 41
44 37 11 48 30 1 35 42 41
44 37 48 11 30 1 35 42 41
44 48 37 11 30 1 35 42 41
44 11 48 37 30 1 35 42 41
44 48 11 37 30 1 35 42 41
44 37 11 1 30 48 35 42 41
44 37 11 30 1 48 35 42 41
44 11 37 30 1 48 35 42 41
11 44 37 30 1 48 35 42 41
44 37 11 30 48 1 35 42 41
44 11 37 30 48 1 35 42 41
11 44 37 30 48 1 35 42 41
44 11 37 48 30 1 35 42 41
11 44 37 48 30 1 35 42 41
11 44 48 37 30 1 35 42 41
44 37 11 48 30 35 1 42 41
44 37 48 11 30 35 1 42 41
44 48 37 11 30 35 1 42 41
44 11 48 37 30 35 1 42 41
44 48 11 37 30 35 1 42 41
44 37 11 30 48 35 1 42 41
44 11 37 30 48 35 1 42 41
11 44 37 30 48 35 1 42 41
44 11 37 48 30 35 1 42 41
11 44 37 48 30 35 1 42 41
11 44 48 37 30 35 1 42 41
44 11 48 30 37 35 1 42 41
44 48 11 30 37 35 1 42 41
44 11 30 48 37 35 1 42 41
11 44 30 48 37 35 1 42 41
11 44 48 30 37 35 1 42 41
44 37 11 1 30 35 48 42 41
44 37 11 30 1 35 48 42 41
44 11 37 30 1 35 48 42 41
11 44 37 30 1 35 48 42 41
44 37 11 30 35 1 48 42 41
44 11 37 30 35 1 48 42 41
11 44 37 30 35 1 48 42 41
44 11 30 37 35 1 48 42 41
11 44 30 37 35 1 48 42 41
11 30 44 37 35 1 48 42 41
44 37 11 30 35 48 1 42 41
44 11 37 30 35 48 1 42 41
11 44 37 30 35 48 1 42 41
44 11 30 37 35 48 1 42 41
11 44 30 37 35 48 1 42 41
11 30 44 37 35 48 1 42 41
44 11 30 37 48 35 1 42 41
11 44 30 37 48 35 1 42 41
11 30 44 37 48 35 1 42 41
11 30 44 48 37 35 1 42 41
44 37 11 48 30 35 42 1 41
44 37 48 11 30 35 42 1 41
44 48 37 11 30 35 42 1 41
44 11 48 37 30 35 42 1 41
44 48 11 37 30 35 42 1 41
44 37 11 30 48 35 42 1 41
44 11 37 30 48 35 42 1 41
11 44 37 30 48 35 42 1 41
44 11 37 48 30 35 42 1 41
11 44 37 48 30 35 42 1 41
11 44 48 37 30 35 42 1 41
44 11 48 30 37 35 42 1 41
44 48 11 30 37 35 42 1 41
44 11 30 48 37 35 42 1 41
11 44 30 48 37 35 42 1 41
11 44 48 30 37 35 42 1 41
44 37 11 30 35 48 42 1 41
44 11 37 30 35 48 42 1 41
11 44 37 30 35 48 42 1 41
44 11 30 37 35 48 42 1 41
11 44 30 37 35 48 42 1 41
11 30 44 37 35 48 42 1 41
44 11 30 37 48 35 42 1 41
11 44 30 37 48 35 42 1 41
11 30 44 37 48 35 42 1 41
11 30 44 48 37 35 42 1 41
44 11 48 30 37 42 35 1 41
44 48 11 30 37 42 35 1 41
44 11 30 48 37 42 35 1 41
11 44 30 48 37 42 35 1 41
11 44 48 30 37 42 35 1 41
44 11 30 37 48 42 35 1 41
11 44 30 37 48 42 35 1 41
11 30 44 37 48 42 35 1 41
11 30 44 48 37 42 35 1 41
44 37 11 48 42 30 35 41 1
44 37 48 11 42 30 35 41 1
44 48 37 11 42 30 35 41 1
44 37 48 42 11 30 35 41 1
44 48 37 42 11 30 35 41 1
44 37 11 48 30 42 35 41 1
44 37 48 11 30 42 35 41 1
44 48 37 11 30 42 35 41 1
44 11 48 37 30 42 35 41 1
44 48 11 37 30 42 35 41 1
44 37 11 30 48 42 35 41 1
44 11 37 30 48 42 35 41 1
11 44 37 30 48 42 35 41 1
44 11 37 48 30 42 35 41 1
11 44 37 48 30 42 35 41 1
11 44 48 37 30 42 35 41 1
44 11 48 37 42 30 35 41 1
44 48 11 37 42 30 35 41 1
44 11 37 48 42 30 35 41 1
11 44 37 48 42 30 35 41 1
11 44 48 37 42 30 35 41 1
44 37 11 48 30 35 42 41 1
44 37 48 11 30 35 42 41 1
44 48 37 11 30 35 42 41 1
44 11 48 37 30 35 42 41 1
44 48 11 37 30 35 42 41 1
44 37 11 30 48 35 42 41 1
44 11 37 30 48 35 42 41 1
11 44 37 30 48 35 42 41 1
44 11 37 48 30 35 42 41 1
11 44 37 48 30 35 42 41 1
11 44 48 37 30 35 42 41 1
44 11 48 30 37 35 42 41 1
44 48 11 30 37 35 42 41 1
44 11 30 48 37 35 42 41 1
11 44 30 48 37 35 42 41 1
11 44 48 30 37 35 42 41 1
44 37 11 30 35 48 42 41 1
44 11 37 30 35 48 42 41 1
11 44 37 30 35 48 42 41 1
44 11 30 37 35 48 42 41 1
11 44 30 37 35 48 42 41 1
11 30 44 37 35 48 42 41 1
44 11 30 37 48 35 42 41 1
11 44 30 37 48 35 42 41 1
11 30 44 37 48 35 42 41 1
11 30 44 48 37 35 42 41 1
44 11 48 30 37 42 35 41 1
44 48 11 30 37 42 35 41 1
44 11 30 48 37 42 35 41 1
11 44 30 48 37 42 35 41 1
11 44 48 30 37 42 35 41 1
44 11 30 37 48 42 35 41 1
11 44 30 37 48 42 35 41 1
11 30 44 37 48 42 35 41 1
11 30 44 48 37 42 35 41 1
