22 12 8 5 45 31 26 14 18 21
22 12 8 45 5 31 26 14 18 21
22 12 45 8 5 31 26 14 18 21
22 45 12 8 5 31 26 14 18 21
22 12 8 45 31 5 26 14 18 21
22 12 45 8 31 5 26 14 18 21
22 45 12 8 31 5 26 14 18 21
22 12 45 31 8 5 26 14 18 21
22 45 12 31 8 5 26 14 18 21
22 12 8 45 31 26 5 14 18 21
22 12 45 8 31 26 5 14 18 21
22 45 12 8 31 26 5 14 18 21
22 12 45 31 8 26 5 14 18 21
22 45 12 31 8 26 5 14 18 21
22 12 8 5 45 31 14 26 18 21
22 12 8 45 5 31 14 26 18 21
22 12 45 8 5 31 14 26 18 21
22 45 12 8 5 31 14 26 18 21
22 12 8 45 31 5 14 26 18 21
22 12 45 8 31 5 14 26 18 21
22 45 12 8 31 5 14 26 18 21
22 12 45 31 8 5 14 26 18 21
22 45 12 31 8 5 14 26 18 21
22 12 8 45 31 14 5 26 18 21
22 12 45 8 31 14 5 26 18 21
22 45 12 8 31 14 5 26 18 21
22 12 45 31 8 14 5 26 18 21
22 45 12 31 8 14 5 26 18 21
22 12 8 5 45 14 31 26 18 21
22 12 8 45 5 14 31 26 18 21
22 12 45 8 5 14 31 26 18 21
22 45 12 8 5 14 31 26 18 21
22 12 8 45 14 5 31 26 18 21
22 12 45 8 14 5 31 26 18 21
22 45 12 8 14 5 31 26 18 21
22 12 45 14 8 5 31 26 18 21
22 45 12 14 8 5 31 26 18 21
22 12 8 5 14 45 31 26 18 21
22 12 8 14 5 45 31 26 18 21
22 12 14 8 5 45 31 26 18 21
12 22 14 8 5 45 31 26 18 21
22 12 8 14 45 5 31 26 18 21
22 12 14 8 45 5 31 26 18 21
12 22 14 8 45 5 31 26 18 21
22 12 14 45 8 5 31 26 18 21
12 22 14 45 8 5 31 26 18 21
12 22 45 14 8 5 31 26 18 21
22 12 8 45 14 31 5 26 18 21
22 12 45 8 14 31 5 26 18 21
22 45 12 8 14 31 5 26 18 21
22 12 45 14 8 31 5 26 18 21
22 45 12 14 8 31 5 26 18 21
22 12 8 14 45 31 5 26 18 21
22 12 14 8 45 31 5 26 18 21
12 22 14 8 45 31 5 26 18 21
22 12 14 45 8 31 5 26 18 21
12 22 14 45 8 31 5 26 18 21
12 22 45 14 8 31 5 26 18 21
22 12 45 14 31 8 5 26 18 21
22 45 12 14 31 8 5 26 18 21
22 12 14 45 31 8 5 26 18 21
12 22 14 45 31 8 5 26 18 21
12 22 45 14 31 8 5 26 18 21
22 12 8 45 31 14 26 5 18 21
22 12 45 8 31 14 26 5 18 21
22 45 12 8 31 14 26 5 18 21
22 12 45 31 8 14 26 5 18 21
22 45 12 31 8 14 26 5 18 21
22 12 8 45 14 31 26 5 18 21
22 12 45 8 14 31 26 5 18 21
22 45 12 8 14 31 26 5 18 21
22 12 45 14 8 31 26 5 18 21
22 45 12 14 8 31 26 5 18 21
22 12 8 14 45 31 26 5 18 21
22 12 14 8 45 31 26 5 18 21
12 22 14 8 45 31 26 5 18 21
22 12 14 45 8 31 26 5 18 21
12 22 14 45 8 31 26 5 18 21
12 22 45 14 8 31 26 5 18 21
22 12 45 14 31 8 26 5 18 21
22 45 12 14 31 8 26 5 18 21
22 12 14 45 31 8 26 5 18 21
12 22 14 45 31 8 26 5 18 21
12 22 45 14 31 8 26 5 18 21
22 12 8 5 45 31 14 18 26 21
22 12 8 45 5 31 14 18 26 21
22 12 45 8 5 31 14 18 26 21
22 45 12 8 5 31 14 18 26 21
22 12 8 45 31 5 14 18 26 21
22 12 45 8 31 5 14 18 26 21
22 45 12 8 31 5 14 18 26 21
22 12 45 31 8 5 14 18 26 21
22 45 12 31 8 5 14 18 26 21
22 12 8 45 31 14 5 18 26 21
22 12 45 8 31 14 5 18 26 21
22 45 12 8 31 14 5 18 26 21
22 12 45 31 8 14 5 18 26 21
22 45 12 31 8 14 5 18 26 21
22 12 8 5 45 14 31 18 26 21
22 12 8 45 5 14 31 18 26 21
22 12 45 8 5 14 31 18 26 21
22 45 12 8 5 14 31 18 26 21
22 12 8 45 14 5 31 18 26 21
22 12 45 8 14 5 31 18 26 21
22 45 12 8 14 5 31 18 26 21
22 12 45 14 8 5 31 18 26 21
22 45 12 14 8 5 31 18 26 21
22 12 8 5 14 45 31 18 26 21
22 12 8 14 5 45 31 18 26 21
22 12 14 8 5 45 31 18 26 21
12 22 14 8 5 45 31 18 26 21
22 12 8 14 45 5 31 18 26 21
22 12 14 8 45 5 31 18 26 21
12 22 14 8 45 5 31 18 26 21
22 12 14 45 8 5 31 18 26 21
12 22 14 45 8 5 31 18 26 21
12 22 45 14 8 5 31 18 26 21
22 12 8 45 14 31 5 18 26 21
22 12 45 8 14 31 5 18 26 21
22 45 12 8 14 31 5 18 26 21
22 12 45 14 8 31 5 18 26 21
22 45 12 14 8 31 5 18 26 21
22 12 8 14 45 31 5 18 26 21
22 12 14 8 45 31 5 18 26 21
12 22 14 8 45 31 5 18 26 21
22 12 14 45 8 31 5 18 26 21
12 22 14 45 8 31 5 18 26 21
12 22 45 14 8 31 5 18 26 21
22 12 45 14 31 8 5 18 26 21
22 45 12 14 31 8 5 18 26 21
22 12 14 45 31 8 5 18 26 21
12 22 14 45 31 8 5 18 26 21
12 22 45 14 31 8 5 18 26 21
22 12 8 45 31 14 18 5 26 21
22 12 45 8 31 14 18 5 26 21
22 45 12 8 31 14 18 5 26 21
22 12 45 31 8 14 18 5 26 21
22 45 12 31 8 14 18 5 26 21
22 12 8 45 14 31 18 5 26 21
22 12 45 8 14 31 18 5 26 21
22 45 12 8 14 31 18 5 26 21
22 12 45 14 8 31 18 5 26 21
22 45 12 14 8 31 18 5 26 21
22 12 8 14 45 31 18 5 26 21
22 12 14 8 45 31 18 5 26 21
12 22 14 8 45 31 18 5 26 21
22 12 14 45 8 31 18 5 26 21
12 22 14 45 8 31 18 5 26 21
12 22 45 14 8 31 18 5 26 21
22 12 45 14 31 8 18 5 26 21
22 45 12 14 31 8 18 5 26 21
22 12 14 45 31 8 18 5 26 21
12 22 14 45 31 8 18 5 26 21
12 22 45 14 31 8 18 5 26 21
22 12 8 5 45 14 18 31 26 21
22 12 8 45 5 14 18 31 26 21
22 12 45 8 5 14 18 31 26 21
22 45 12 8 5 14 18 31 26 21
22 12 8 45 14 5 18 31 26 21
22 12 45 8 14 5 18 31 26 21
22 45 12 8 14 5 18 31 26 21
22 12 45 14 8 5 18 31 26 21
22 45 12 14 8 5 18 31 26 21
22 12 8 5 14 45 18 31 26 21
22 12 8 14 5 45 18 31 26 21
22 12 14 8 5 45 18 31 26 21
12 22 14 8 5 45 18 31 26 21
22 12 8 14 45 5 18 31 26 21
22 12 14 8 45 5 18 31 26 21
12 22 14 8 45 5 18 31 26 21
22 12 14 45 8 5 18 31 26 21
12 22 14 45 8 5 18 31 26 21
12 22 45 14 8 5 18 31 26 21
22 12 8 45 14 18 5 31 26 21
22 12 45 8 14 18 5 31 26 21
22 45 12 8 14 18 5 31 26 21
22 12 45 14 8 18 5 31 26 21
22 45 12 14 8 18 5 31 26 21
22 12 8 14 45 18 5 31 26 21
22 12 14 8 45 18 5 31 26 21
12 22 14 8 45 18 5 31 26 21
22 12 14 45 8 18 5 31 26 21
12 22 14 45 8 18 5 31 26 21
12 22 45 14 8 18 5 31 26 21
22 12 45 14 18 8 5 31 26 21
22 45 12 14 18 8 5 31 26 21
22 12 14 45 18 8 5 31 26 21
12 22 14 45 18 8 5 31 26 21
12 22 45 14 18 8 5 31 26 21
22 12 8 5 14 18 45 31 26 21
22 12 8 14 5 18 45 31 26 21
22 12 14 8 5 18 45 31 26 21
12 22 14 8 5 18 45 31 26 21
22 12 8 14 18 5 45 31 26 21
22 12 14 8 18 5 45 31 26 21
12 22 14 8 18 5 45 31 26 21
22 12 14 18 8 5 45 31 26 21
12 22 14 18 8 5 45 31 26 21
12 14 22 18 8 5 45 31 26 21
22 12 8 14 18 45 5 31 26 21
22 12 14 8 18 45 5 31 26 21
12 22 14 8 18 45 5 31 26 21
22 12 14 18 8 45 5 31 26 21
12 22 14 18 8 45 5 31 26 21
12 14 22 18 8 45 5 31 26 21
22 12 14 18 45 8 5 31 26 21
12 22 14 18 45 8 5 31 26 21
12 14 22 18 45 8 5 31 26 21
12 14 22 45 18 8 5 31 26 21
22 12 8 45 14 18 31 5 26 21
22 12 45 8 14 18 31 5 26 21
22 45 12 8 14 18 31 5 26 21
22 12 45 14 8 18 31 5 26 21
22 45 12 14 8 18 31 5 26 21
22 12 8 14 45 18 31 5 26 21
22 12 14 8 45 18 31 5 26 21
12 22 14 8 45 18 31 5 26 21
22 12 14 45 8 18 31 5 26 21
12 22 14 45 8 18 31 5 26 21
12 22 45 14 8 18 31 5 26 21
22 12 45 14 18 8 31 5 26 21
22 45 12 14 18 8 31 5 26 21
22 12 14 45 18 8 31 5 26 21
12 22 14 45 18 8 31 5 26 21
12 22 45 14 18 8 31 5 26 21
22 12 8 14 18 45 31 5 26 21
22 12 14 8 18 45 31 5 26 21
12 22 14 8 18 45 31 5 26 21
22 12 14 18 8 45 31 5 26 21
12 22 14 18 8 45 31 5 26 21
12 14 22 18 8 45 31 5 26 21
22 12 14 18 45 8 31 5 26 21
12 22 14 18 45 8 31 5 26 21
12 14 22 18 45 8 31 5 26 21
12 14 22 45 18 8 31 5 26 21
22 12 45 14 18 31 8 5 26 21
22 45 12 14 18 31 8 5 26 21
22 12 14 45 18 31 8 5 26 21
12 22 14 45 18 31 8 5 26 21
12 22 45 14 18 31 8 5 26 21
22 12 14 18 45 31 8 5 26 21
12 22 14 18 45 31 8 5 26 21
12 14 22 18 45 31 8 5 26 21
12 14 22 45 18 31 8 5 26 21
22 12 8 45 31 14 18 26 5 21
22 12 45 8 31 14 18 26 5 21
22 45 12 8 31 14 18 26 5 21
22 12 45 31 8 14 18 26 5 21
22 45 12 31 8 14 18 26 5 21
22 12 8 45 14 31 18 26 5 21
22 12 45 8 14 31 18 26 5 21
22 45 12 8 14 31 18 26 5 21
22 12 45 14 8 31 18 26 5 21
22 45 12 14 8 31 18 26 5 21
22 12 8 14 45 31 18 26 5 21
22 12 14 8 45 31 18 26 5 21
12 22 14 8 45 31 18 26 5 21
22 12 14 45 8 31 18 26 5 21
12 22 14 45 8 31 18 26 5 21
12 22 45 14 8 31 18 26 5 21
22 12 45 14 31 8 18 26 5 21
22 45 12 14 31 8 18 26 5 21
22 12 14 45 31 8 18 26 5 21
12 22 14 45 31 8 18 26 5 21
12 22 45 14 31 8 18 26 5 21
22 12 8 45 14 18 31 26 5 21
22 12 45 8 14 18 31 26 5 21
22 45 12 8 14 18 31 26 5 21
22 12 45 14 8 18 31 26 5 21
22 45 12 14 8 18 31 26 5 21
22 12 8 14 45 18 31 26 5 21
22 12 14 8 45 18 31 26 5 21
12 22 14 8 45 18 31 26 5 21
22 12 14 45 8 18 31 26 5 21
12 22 14 45 8 18 31 26 5 21
12 22 45 14 8 18 31 26 5 21
22 12 45 14 18 8 31 26 5 21
22 45 12 14 18 8 31 26 5 21
22 12 14 45 18 8 31 26 5 21
12 22 14 45 18 8 31 26 5 21
12 22 45 14 18 8 31 26 5 21
22 12 8 14 18 45 31 26 5 21
22 12 14 8 18 45 31 26 5 21
12 22 14 8 18 45 31 26 5 21
22 12 14 18 8 45 31 26 5 21
12 22 14 18 8 45 31 26 5 21
12 14 22 18 8 45 31 26 5 21
22 12 14 18 45 8 31 26 5 21
12 22 14 18 45 8 31 26 5 21
12 14 22 18 45 8 31 26 5 21
12 14 22 45 18 8 31 26 5 21
22 12 45 14 18 31 8 26 5 21
22 45 12 14 18 31 8 26 5 21
22 12 14 45 18 31 8 26 5 21
12 22 14 45 18 31 8 26 5 21
12 22 45 14 18 31 8 26 5 21
22 12 14 18 45 31 8 26 5 21
12 22 14 18 45 31 8 26 5 21
12 14 22 18 45 31 8 26 5 21
12 14 22 45 18 31 8 26 5 21
