4 2 1 6 5 3 8 7 9
4 2 6 1 5 3 8 7 9
4 6 2 1 5 3 8 7 9
4 2 6 5 1 3 8 7 9
4 6 2 5 1 3 8 7 9
4 2 1 6 5 8 3 7 9
4 2 6 1 5 8 3 7 9
4 6 2 1 5 8 3 7 9
4 2 6 5 1 8 3 7 9
4 6 2 5 1 8 3 7 9
4 2 1 6 8 5 3 7 9
4 2 6 1 8 5 3 7 9
4 6 2 1 8 5 3 7 9
4 2 6 8 1 5 3 7 9
4 6 2 8 1 5 3 7 9
4 6 8 2 1 5 3 7 9
4 2 6 5 8 1 3 7 9
4 6 2 5 8 1 3 7 9
4 2 6 8 5 1 3 7 9
4 6 2 8 5 1 3 7 9
4 6 8 2 5 1 3 7 9
4 2 1 6 5 8 7 3 9
4 2 6 1 5 8 7 3 9
4 6 2 1 5 8 7 3 9
4 2 6 5 1 8 7 3 9
4 6 2 5 1 8 7 3 9
4 2 1 6 8 5 7 3 9
4 2 6 1 8 5 7 3 9
4 6 2 1 8 5 7 3 9
4 2 6 8 1 5 7 3 9
4 6 2 8 1 5 7 3 9
4 6 8 2 1 5 7 3 9
4 2 6 5 8 1 7 3 9
4 6 2 5 8 1 7 3 9
4 2 6 8 5 1 7 3 9
4 6 2 8 5 1 7 3 9
4 6 8 2 5 1 7 3 9
4 2 6 5 8 7 1 3 9
4 6 2 5 8 7 1 3 9
4 2 6 8 5 7 1 3 9
4 6 2 8 5 7 1 3 9
4 6 8 2 5 7 1 3 9
4 2 1 6 5 3 8 9 7
4 2 6 1 5 3 8 9 7
4 6 2 1 5 3 8 9 7
4 2 6 5 1 3 8 9 7
4 6 2 5 1 3 8 9 7
4 2 1 6 5 8 3 9 7
4 2 6 1 5 8 3 9 7
4 6 2 1 5 8 3 9 7
4 2 6 5 1 8 3 9 7
4 6 2 5 1 8 3 9 7
4 2 1 6 8 5 3 9 7
4 2 6 1 8 5 3 9 7
4 6 2 1 8 5 3 9 7
4 2 6 8 1 5 3 9 7
4 6 2 8 1 5 3 9 7
4 6 8 2 1 5 3 9 7
4 2 6 5 8 1 3 9 7
4 6 2 5 8 1 3 9 7
4 2 6 8 5 1 3 9 7
4 6 2 8 5 1 3 9 7
4 6 8 2 5 1 3 9 7
4 2 1 6 5 8 9 3 7
4 2 6 1 5 8 9 3 7
4 6 2 1 5 8 9 3 7
4 2 6 5 1 8 9 3 7
4 6 2 5 1 8 9 3 7
4 2 1 6 8 5 9 3 7
4 2 6 1 8 5 9 3 7
4 6 2 1 8 5 9 3 7
4 2 6 8 1 5 9 3 7
4 6 2 8 1 5 9 3 7
4 6 8 2 1 5 9 3 7
4 2 6 5 8 1 9 3 7
4 6 2 5 8 1 9 3 7
4 2 6 8 5 1 9 3 7
4 6 2 8 5 1 9 3 7
4 6 8 2 5 1 9 3 7
4 2 1 6 8 9 5 3 7
4 2 6 1 8 9 5 3 7
4 6 2 1 8 9 5 3 7
4 2 6 8 1 9 5 3 7
4 6 2 8 1 9 5 3 7
4 6 8 2 1 9 5 3 7
4 2 6 8 9 1 5 3 7
4 6 2 8 9 1 5 3 7
4 6 8 2 9 1 5 3 7
4 6 8 9 2 1 5 3 7
4 2 6 5 8 9 1 3 7
4 6 2 5 8 9 1 3 7
4 2 6 8 5 9 1 3 7
4 6 2 8 5 9 1 3 7
4 6 8 2 5 9 1 3 7
4 2 6 8 9 5 1 3 7
4 6 2 8 9 5 1 3 7
4 6 8 2 9 5 1 3 7
4 6 8 9 2 5 1 3 7
4 2 1 6 5 8 7 9 3
4 2 6 1 5 8 7 9 3
4 6 2 1 5 8 7 9 3
4 2 6 5 1 8 7 9 3
4 6 2 5 1 8 7 9 3
4 2 1 6 8 5 7 9 3
4 2 6 1 8 5 7 9 3
4 6 2 1 8 5 7 9 3
4 2 6 8 1 5 7 9 3
4 6 2 8 1 5 7 9 3
4 6 8 2 1 5 7 9 3
4 2 6 5 8 1 7 9 3
4 6 2 5 8 1 7 9 3
4 2 6 8 5 1 7 9 3
4 6 2 8 5 1 7 9 3
4 6 8 2 5 1 7 9 3
4 2 6 5 8 7 1 9 3
4 6 2 5 8 7 1 9 3
4 2 6 8 5 7 1 9 3
4 6 2 8 5 7 1 9 3
4 6 8 2 5 7 1 9 3
4 2 1 6 5 8 9 7 3
4 2 6 1 5 8 9 7 3
4 6 2 1 5 8 9 7 3
4 2 6 5 1 8 9 7 3
4 6 2 5 1 8 9 7 3
4 2 1 6 8 5 9 7 3
4 2 6 1 8 5 9 7 3
4 6 2 1 8 5 9 7 3
4 2 6 8 1 5 9 7 3
4 6 2 8 1 5 9 7 3
4 6 8 2 1 5 9 7 3
4 2 6 5 8 1 9 7 3
4 6 2 5 8 1 9 7 3
4 2 6 8 5 1 9 7 3
4 6 2 8 5 1 9 7 3
4 6 8 2 5 1 9 7 3
4 2 1 6 8 9 5 7 3
4 2 6 1 8 9 5 7 3
4 6 2 1 8 9 5 7 3
4 2 6 8 1 9 5 7 3
4 6 2 8 1 9 5 7 3
4 6 8 2 1 9 5 7 3
4 2 6 8 9 1 5 7 3
4 6 2 8 9 1 5 7 3
4 6 8 2 9 1 5 7 3
4 6 8 9 2 1 5 7 3
4 2 6 5 8 9 1 7 3
4 6 2 5 8 9 1 7 3
4 2 6 8 5 9 1 7 3
4 6 2 8 5 9 1 7 3
4 6 8 2 5 9 1 7 3
4 2 6 8 9 5 1 7 3
4 6 2 8 9 5 1 7 3
4 6 8 2 9 5 1 7 3
4 6 8 9 2 5 1 7 3
4 2 6 5 8 7 9 1 3
4 6 2 5 8 7 9 1 3
4 2 6 8 5 7 9 1 3
4 6 2 8 5 7 9 1 3
4 6 8 2 5 7 9 1 3
4 2 6 5 8 9 7 1 3
4 6 2 5 8 9 7 1 3
4 2 6 8 5 9 7 1 3
4 6 2 8 5 9 7 1 3
4 6 8 2 5 9 7 1 3
4 2 6 8 9 5 7 1 3
4 6 2 8 9 5 7 1 3
4 6 8 2 9 5 7 1 3
4 6 8 9 2 5 7 1 3
