47 37 27 17 10 3 4 6 29 30 38 40 46
47 37 27 17 3 10 4 6 29 30 38 40 46
47 37 27 3 17 10 4 6 29 30 38 40 46
47 37 3 27 17 10 4 6 29 30 38 40 46
47 3 37 27 17 10 4 6 29 30 38 40 46
3 47 37 27 17 10 4 6 29 30 38 40 46
47 37 27 17 3 4 10 6 29 30 38 40 46
47 37 27 3 17 4 10 6 29 30 38 40 46
47 37 3 27 17 4 10 6 29 30 38 40 46
47 3 37 27 17 4 10 6 29 30 38 40 46
3 47 37 27 17 4 10 6 29 30 38 40 46
47 37 27 3 4 17 10 6 29 30 38 40 46
47 37 3 27 4 17 10 6 29 30 38 40 46
47 3 37 27 4 17 10 6 29 30 38 40 46
3 47 37 27 4 17 10 6 29 30 38 40 46
47 37 3 4 27 17 10 6 29 30 38 40 46
47 3 37 4 27 17 10 6 29 30 38 40 46
3 47 37 4 27 17 10 6 29 30 38 40 46
47 3 4 37 27 17 10 6 29 30 38 40 46
3 47 4 37 27 17 10 6 29 30 38 40 46
3 4 47 37 27 17 10 6 29 30 38 40 46
47 37 27 17 3 4 10 29 6 30 38 40 46
47 37 27 3 17 4 10 29 6 30 38 40 46
47 37 3 27 17 4 10 29 6 30 38 40 46
47 3 37 27 17 4 10 29 6 30 38 40 46
3 47 37 27 17 4 10 29 6 30 38 40 46
47 37 27 3 4 17 10 29 6 30 38 40 46
47 37 3 27 4 17 10 29 6 30 38 40 46
47 3 37 27 4 17 10 29 6 30 38 40 46
3 47 37 27 4 17 10 29 6 30 38 40 46
47 37 3 4 27 17 10 29 6 30 38 40 46
47 3 37 4 27 17 10 29 6 30 38 40 46
3 47 37 4 27 17 10 29 6 30 38 40 46
47 3 4 37 27 17 10 29 6 30 38 40 46
3 47 4 37 27 17 10 29 6 30 38 40 46
3 4 47 37 27 17 10 29 6 30 38 40 46
47 37 27 3 4 17 29 10 6 30 38 40 46
47 37 3 27 4 17 29 10 6 30 38 40 46
47 3 37 27 4 17 29 10 6 30 38 40 46
3 47 37 27 4 17 29 10 6 30 38 40 46
47 37 3 4 27 17 29 10 6 30 38 40 46
47 3 37 4 27 17 29 10 6 30 38 40 46
3 47 37 4 27 17 29 10 6 30 38 40 46
47 3 4 37 27 17 29 10 6 30 38 40 46
3 47 4 37 27 17 29 10 6 30 38 40 46
3 4 47 37 27 17 29 10 6 30 38 40 46
47 37 3 4 27 29 17 10 6 30 38 40 46
47 3 37 4 27 29 17 10 6 30 38 40 46
3 47 37 4 27 29 17 10 6 30 38 40 46
47 3 4 37 27 29 17 10 6 30 38 40 46
3 47 4 37 27 29 17 10 6 30 38 40 46
3 4 47 37 27 29 17 10 6 30 38 40 46
47 3 4 27 37 29 17 10 6 30 38 40 46
3 47 4 27 37 29 17 10 6 30 38 40 46
3 4 47 27 37 29 17 10 6 30 38 40 46
3 4 27 47 37 29 17 10 6 30 38 40 46
47 37 27 17 3 4 10 29 30 6 38 40 46
47 37 27 3 17 4 10 29 30 6 38 40 46
47 37 3 27 17 4 10 29 30 6 38 40 46
47 3 37 27 17 4 10 29 30 6 38 40 46
3 47 37 27 17 4 10 29 30 6 38 40 46
47 37 27 3 4 17 10 29 30 6 38 40 46
47 37 3 27 4 17 10 29 30 6 38 40 46
47 3 37 27 4 17 10 29 30 6 38 40 46
3 47 37 27 4 17 10 29 30 6 38 40 46
47 37 3 4 27 17 10 29 30 6 38 40 46
47 3 37 4 27 17 10 29 30 6 38 40 46
3 47 37 4 27 17 10 29 30 6 38 40 46
47 3 4 37 27 17 10 29 30 6 38 40 46
3 47 4 37 27 17 10 29 30 6 38 40 46
3 4 47 37 27 17 10 29 30 6 38 40 46
47 37 27 3 4 17 29 10 30 6 38 40 46
47 37 3 27 4 17 29 10 30 6 38 40 46
47 3 37 27 4 17 29 10 30 6 38 40 46
3 47 37 27 4 17 29 10 30 6 38 40 46
47 37 3 4 27 17 29 10 30 6 38 40 46
47 3 37 4 27 17 29 10 30 6 38 40 46
3 47 37 4 27 17 29 10 30 6 38 40 46
47 3 4 37 27 17 29 10 30 6 38 40 46
3 47 4 37 27 17 29 10 30 6 38 40 46
3 4 47 37 27 17 29 10 30 6 38 40 46
47 37 3 4 27 29 17 10 30 6 38 40 46
47 3 37 4 27 29 17 10 30 6 38 40 46
3 47 37 4 27 29 17 10 30 6 38 40 46
47 3 4 37 27 29 17 10 30 6 38 40 46
3 47 4 37 27 29 17 10 30 6 38 40 46
3 4 47 37 27 29 17 10 30 6 38 40 46
47 3 4 27 37 29 17 10 30 6 38 40 46
3 47 4 27 37 29 17 10 30 6 38 40 46
3 4 47 27 37 29 17 10 30 6 38 40 46
3 4 27 47 37 29 17 10 30 6 38 40 46
47 37 27 3 4 17 29 30 10 6 38 40 46
47 37 3 27 4 17 29 30 10 6 38 40 46
47 3 37 27 4 17 29 30 10 6 38 40 46
3 47 37 27 4 17 29 30 10 6 38 40 46
47 37 3 4 27 17 29 30 10 6 38 40 46
47 3 37 4 27 17 29 30 10 6 38 40 46
3 47 37 4 27 17 29 30 10 6 38 40 46
47 3 4 37 27 17 29 30 10 6 38 40 46
3 47 4 37 27 17 29 30 10 6 38 40 46
3 4 47 37 27 17 29 30 10 6 38 40 46
47 37 3 4 27 29 17 30 10 6 38 40 46
47 3 37 4 27 29 17 30 10 6 38 40 46
3 47 37 4 27 29 17 30 10 6 38 40 46
47 3 4 37 27 29 17 30 10 6 38 40 46
3 47 4 37 27 29 17 30 10 6 38 40 46
3 4 47 37 27 29 17 30 10 6 38 40 46
47 3 4 27 37 29 17 30 10 6 38 40 46
3 47 4 27 37 29 17 30 10 6 38 40 46
3 4 47 27 37 29 17 30 10 6 38 40 46
3 4 27 47 37 29 17 30 10 6 38 40 46
47 37 3 4 27 29 30 17 10 6 38 40 46
47 3 37 4 27 29 30 17 10 6 38 40 46
3 47 37 4 27 29 30 17 10 6 38 40 46
47 3 4 37 27 29 30 17 10 6 38 40 46
3 47 4 37 27 29 30 17 10 6 38 40 46
3 4 47 37 27 29 30 17 10 6 38 40 46
47 3 4 27 37 29 30 17 10 6 38 40 46
3 47 4 27 37 29 30 17 10 6 38 40 46
3 4 47 27 37 29 30 17 10 6 38 40 46
3 4 27 47 37 29 30 17 10 6 38 40 46
47 3 4 27 29 37 30 17 10 6 38 40 46
3 47 4 27 29 37 30 17 10 6 38 40 46
3 4 47 27 29 37 30 17 10 6 38 40 46
3 4 27 47 29 37 30 17 10 6 38 40 46
3 4 27 29 47 37 30 17 10 6 38 40 46
47 37 27 17 3 4 10 29 30 38 6 40 46
47 37 27 3 17 4 10 29 30 38 6 40 46
47 37 3 27 17 4 10 29 30 38 6 40 46
47 3 37 27 17 4 10 29 30 38 6 40 46
3 47 37 27 17 4 10 29 30 38 6 40 46
47 37 27 3 4 17 10 29 30 38 6 40 46
47 37 3 27 4 17 10 29 30 38 6 40 46
47 3 37 27 4 17 10 29 30 38 6 40 46
3 47 37 27 4 17 10 29 30 38 6 40 46
47 37 3 4 27 17 10 29 30 38 6 40 46
47 3 37 4 27 17 10 29 30 38 6 40 46
3 47 37 4 27 17 10 29 30 38 6 40 46
47 3 4 37 27 17 10 29 30 38 6 40 46
3 47 4 37 27 17 10 29 30 38 6 40 46
3 4 47 37 27 17 10 29 30 38 6 40 46
47 37 27 3 4 17 29 10 30 38 6 40 46
47 37 3 27 4 17 29 10 30 38 6 40 46
47 3 37 27 4 17 29 10 30 38 6 40 46
3 47 37 27 4 17 29 10 30 38 6 40 46
47 37 3 4 27 17 29 10 30 38 6 40 46
47 3 37 4 27 17 29 10 30 38 6 40 46
3 47 37 4 27 17 29 10 30 38 6 40 46
47 3 4 37 27 17 29 10 30 38 6 40 46
3 47 4 37 27 17 29 10 30 38 6 40 46
3 4 47 37 27 17 29 10 30 38 6 40 46
47 37 3 4 27 29 17 10 30 38 6 40 46
47 3 37 4 27 29 17 10 30 38 6 40 46
3 47 37 4 27 29 17 10 30 38 6 40 46
47 3 4 37 27 29 17 10 30 38 6 40 46
3 47 4 37 27 29 17 10 30 38 6 40 46
3 4 47 37 27 29 17 10 30 38 6 40 46
47 3 4 27 37 29 17 10 30 38 6 40 46
3 47 4 27 37 29 17 10 30 38 6 40 46
3 4 47 27 37 29 17 10 30 38 6 40 46
3 4 27 47 37 29 17 10 30 38 6 40 46
47 37 27 3 4 17 29 30 10 38 6 40 46
47 37 3 27 4 17 29 30 10 38 6 40 46
47 3 37 27 4 17 29 30 10 38 6 40 46
3 47 37 27 4 17 29 30 10 38 6 40 46
47 37 3 4 27 17 29 30 10 38 6 40 46
47 3 37 4 27 17 29 30 10 38 6 40 46
3 47 37 4 27 17 29 30 10 38 6 40 46
47 3 4 37 27 17 29 30 10 38 6 40 46
3 47 4 37 27 17 29 30 10 38 6 40 46
3 4 47 37 27 17 29 30 10 38 6 40 46
47 37 3 4 27 29 17 30 10 38 6 40 46
47 3 37 4 27 29 17 30 10 38 6 40 46
3 47 37 4 27 29 17 30 10 38 6 40 46
47 3 4 37 27 29 17 30 10 38 6 40 46
3 47 4 37 27 29 17 30 10 38 6 40 46
3 4 47 37 27 29 17 30 10 38 6 40 46
47 3 4 27 37 29 17 30 10 38 6 40 46
3 47 4 27 37 29 17 30 10 38 6 40 46
3 4 47 27 37 29 17 30 10 38 6 40 46
3 4 27 47 37 29 17 30 10 38 6 40 46
47 37 3 4 27 29 30 17 10 38 6 40 46
47 3 37 4 27 29 30 17 10 38 6 40 46
3 47 37 4 27 29 30 17 10 38 6 40 46
47 3 4 37 27 29 30 17 10 38 6 40 46
3 47 4 37 27 29 30 17 10 38 6 40 46
3 4 47 37 27 29 30 17 10 38 6 40 46
47 3 4 27 37 29 30 17 10 38 6 40 46
3 47 4 27 37 29 30 17 10 38 6 40 46
3 4 47 27 37 29 30 17 10 38 6 40 46
3 4 27 47 37 29 30 17 10 38 6 40 46
47 3 4 27 29 37 30 17 10 38 6 40 46
3 47 4 27 29 37 30 17 10 38 6 40 46
3 4 47 27 29 37 30 17 10 38 6 40 46
3 4 27 47 29 37 30 17 10 38 6 40 46
3 4 27 29 47 37 30 17 10 38 6 40 46
47 37 27 3 4 17 29 30 38 10 6 40 46
47 37 3 27 4 17 29 30 38 10 6 40 46
47 3 37 27 4 17 29 30 38 10 6 40 46
3 47 37 27 4 17 29 30 38 10 6 40 46
47 37 3 4 27 17 29 30 38 10 6 40 46
47 3 37 4 27 17 29 30 38 10 6 40 46
3 47 37 4 27 17 29 30 38 10 6 40 46
47 3 4 37 27 17 29 30 38 10 6 40 46
3 47 4 37 27 17 29 30 38 10 6 40 46
3 4 47 37 27 17 29 30 38 10 6 40 46
47 37 3 4 27 29 17 30 38 10 6 40 46
47 3 37 4 27 29 17 30 38 10 6 40 46
3 47 37 4 27 29 17 30 38 10 6 40 46
47 3 4 37 27 29 17 30 38 10 6 40 46
3 47 4 37 27 29 17 30 38 10 6 40 46
3 4 47 37 27 29 17 30 38 10 6 40 46
47 3 4 27 37 29 17 30 38 10 6 40 46
3 47 4 27 37 29 17 30 38 10 6 40 46
3 4 47 27 37 29 17 30 38 10 6 40 46
3 4 27 47 37 29 17 30 38 10 6 40 46
47 37 3 4 27 29 30 17 38 10 6 40 46
47 3 37 4 27 29 30 17 38 10 6 40 46
3 47 37 4 27 29 30 17 38 10 6 40 46
47 3 4 37 27 29 30 17 38 10 6 40 46
3 47 4 37 27 29 30 17 38 10 6 40 46
3 4 47 37 27 29 30 17 38 10 6 40 46
47 3 4 27 37 29 30 17 38 10 6 40 46
3 47 4 27 37 29 30 17 38 10 6 40 46
3 4 47 27 37 29 30 17 38 10 6 40 46
3 4 27 47 37 29 30 17 38 10 6 40 46
47 3 4 27 29 37 30 17 38 10 6 40 46
3 47 4 27 29 37 30 17 38 10 6 40 46
3 4 47 27 29 37 30 17 38 10 6 40 46
3 4 27 47 29 37 30 17 38 10 6 40 46
3 4 27 29 47 37 30 17 38 10 6 40 46
47 37 3 4 27 29 30 38 17 10 6 40 46
47 3 37 4 27 29 30 38 17 10 6 40 46
3 47 37 4 27 29 30 38 17 10 6 40 46
47 3 4 37 27 29 30 38 17 10 6 40 46
3 47 4 37 27 29 30 38 17 10 6 40 46
3 4 47 37 27 29 30 38 17 10 6 40 46
47 3 4 27 37 29 30 38 17 10 6 40 46
3 47 4 27 37 29 30 38 17 10 6 40 46
3 4 47 27 37 29 30 38 17 10 6 40 46
3 4 27 47 37 29 30 38 17 10 6 40 46
47 3 4 27 29 37 30 38 17 10 6 40 46
3 47 4 27 29 37 30 38 17 10 6 40 46
3 4 47 27 29 37 30 38 17 10 6 40 46
3 4 27 47 29 37 30 38 17 10 6 40 46
3 4 27 29 47 37 30 38 17 10 6 40 46
47 3 4 27 29 37 38 30 17 10 6 40 46
3 47 4 27 29 37 38 30 17 10 6 40 46
3 4 47 27 29 37 38 30 17 10 6 40 46
3 4 27 47 29 37 38 30 17 10 6 40 46
3 4 27 29 47 37 38 30 17 10 6 40 46
3 4 27 29 37 47 38 30 17 10 6 40 46
47 37 27 17 3 4 10 29 30 38 40 6 46
47 37 27 3 17 4 10 29 30 38 40 6 46
47 37 3 27 17 4 10 29 30 38 40 6 46
47 3 37 27 17 4 10 29 30 38 40 6 46
3 47 37 27 17 4 10 29 30 38 40 6 46
47 37 27 3 4 17 10 29 30 38 40 6 46
47 37 3 27 4 17 10 29 30 38 40 6 46
47 3 37 27 4 17 10 29 30 38 40 6 46
3 47 37 27 4 17 10 29 30 38 40 6 46
47 37 3 4 27 17 10 29 30 38 40 6 46
47 3 37 4 27 17 10 29 30 38 40 6 46
3 47 37 4 27 17 10 29 30 38 40 6 46
47 3 4 37 27 17 10 29 30 38 40 6 46
3 47 4 37 27 17 10 29 30 38 40 6 46
3 4 47 37 27 17 10 29 30 38 40 6 46
47 37 27 3 4 17 29 10 30 38 40 6 46
47 37 3 27 4 17 29 10 30 38 40 6 46
47 3 37 27 4 17 29 10 30 38 40 6 46
3 47 37 27 4 17 29 10 30 38 40 6 46
47 37 3 4 27 17 29 10 30 38 40 6 46
47 3 37 4 27 17 29 10 30 38 40 6 46
3 47 37 4 27 17 29 10 30 38 40 6 46
47 3 4 37 27 17 29 10 30 38 40 6 46
3 47 4 37 27 17 29 10 30 38 40 6 46
3 4 47 37 27 17 29 10 30 38 40 6 46
47 37 3 4 27 29 17 10 30 38 40 6 46
47 3 37 4 27 29 17 10 30 38 40 6 46
3 47 37 4 27 29 17 10 30 38 40 6 46
47 3 4 37 27 29 17 10 30 38 40 6 46
3 47 4 37 27 29 17 10 30 38 40 6 46
3 4 47 37 27 29 17 10 30 38 40 6 46
47 3 4 27 37 29 17 10 30 38 40 6 46
3 47 4 27 37 29 17 10 30 38 40 6 46
3 4 47 27 37 29 17 10 30 38 40 6 46
3 4 27 47 37 29 17 10 30 38 40 6 46
47 37 27 3 4 17 29 30 10 38 40 6 46
47 37 3 27 4 17 29 30 10 38 40 6 46
47 3 37 27 4 17 29 30 10 38 40 6 46
3 47 37 27 4 17 29 30 10 38 40 6 46
47 37 3 4 27 17 29 30 10 38 40 6 46
47 3 37 4 27 17 29 30 10 38 40 6 46
3 47 37 4 27 17 29 30 10 38 40 6 46
47 3 4 37 27 17 29 30 10 38 40 6 46
3 47 4 37 27 17 29 30 10 38 40 6 46
3 4 47 37 27 17 29 30 10 38 40 6 46
47 37 3 4 27 29 17 30 10 38 40 6 46
47 3 37 4 27 29 17 30 10 38 40 6 46
3 47 37 4 27 29 17 30 10 38 40 6 46
47 3 4 37 27 29 17 30 10 38 40 6 46
3 47 4 37 27 29 17 30 10 38 40 6 46
3 4 47 37 27 29 17 30 10 38 40 6 46
47 3 4 27 37 29 17 30 10 38 40 6 46
3 47 4 27 37 29 17 30 10 38 40 6 46
3 4 47 27 37 29 17 30 10 38 40 6 46
3 4 27 47 37 29 17 30 10 38 40 6 46
47 37 3 4 27 29 30 17 10 38 40 6 46
47 3 37 4 27 29 30 17 10 38 40 6 46
3 47 37 4 27 29 30 17 10 38 40 6 46
47 3 4 37 27 29 30 17 10 38 40 6 46
3 47 4 37 27 29 30 17 10 38 40 6 46
3 4 47 37 27 29 30 17 10 38 40 6 46
47 3 4 27 37 29 30 17 10 38 40 6 46
3 47 4 27 37 29 30 17 10 38 40 6 46
3 4 47 27 37 29 30 17 10 38 40 6 46
3 4 27 47 37 29 30 17 10 38 40 6 46
47 3 4 27 29 37 30 17 10 38 40 6 46
3 47 4 27 29 37 30 17 10 38 40 6 46
3 4 47 27 29 37 30 17 10 38 40 6 46
3 4 27 47 29 37 30 17 10 38 40 6 46
3 4 27 29 47 37 30 17 10 38 40 6 46
47 37 27 3 4 17 29 30 38 10 40 6 46
47 37 3 27 4 17 29 30 38 10 40 6 46
47 3 37 27 4 17 29 30 38 10 40 6 46
3 47 37 27 4 17 29 30 38 10 40 6 46
47 37 3 4 27 17 29 30 38 10 40 6 46
47 3 37 4 27 17 29 30 38 10 40 6 46
3 47 37 4 27 17 29 30 38 10 40 6 46
47 3 4 37 27 17 29 30 38 10 40 6 46
3 47 4 37 27 17 29 30 38 10 40 6 46
3 4 47 37 27 17 29 30 38 10 40 6 46
47 37 3 4 27 29 17 30 38 10 40 6 46
47 3 37 4 27 29 17 30 38 10 40 6 46
3 47 37 4 27 29 17 30 38 10 40 6 46
47 3 4 37 27 29 17 30 38 10 40 6 46
3 47 4 37 27 29 17 30 38 10 40 6 46
3 4 47 37 27 29 17 30 38 10 40 6 46
47 3 4 27 37 29 17 30 38 10 40 6 46
3 47 4 27 37 29 17 30 38 10 40 6 46
3 4 47 27 37 29 17 30 38 10 40 6 46
3 4 27 47 37 29 17 30 38 10 40 6 46
47 37 3 4 27 29 30 17 38 10 40 6 46
47 3 37 4 27 29 30 17 38 10 40 6 46
3 47 37 4 27 29 30 17 38 10 40 6 46
47 3 4 37 27 29 30 17 38 10 40 6 46
3 47 4 37 27 29 30 17 38 10 40 6 46
3 4 47 37 27 29 30 17 38 10 40 6 46
47 3 4 27 37 29 30 17 38 10 40 6 46
3 47 4 27 37 29 30 17 38 10 40 6 46
3 4 47 27 37 29 30 17 38 10 40 6 46
3 4 27 47 37 29 30 17 38 10 40 6 46
47 3 4 27 29 37 30 17 38 10 40 6 46
3 47 4 27 29 37 30 17 38 10 40 6 46
3 4 47 27 29 37 30 17 38 10 40 6 46
3 4 27 47 29 37 30 17 38 10 40 6 46
3 4 27 29 47 37 30 17 38 10 40 6 46
47 37 3 4 27 29 30 38 17 10 40 6 46
47 3 37 4 27 29 30 38 17 10 40 6 46
3 47 37 4 27 29 30 38 17 10 40 6 46
47 3 4 37 27 29 30 38 17 10 40 6 46
3 47 4 37 27 29 30 38 17 10 40 6 46
3 4 47 37 27 29 30 38 17 10 40 6 46
47 3 4 27 37 29 30 38 17 10 40 6 46
3 47 4 27 37 29 30 38 17 10 40 6 46
3 4 47 27 37 29 30 38 17 10 40 6 46
3 4 27 47 37 29 30 38 17 10 40 6 46
47 3 4 27 29 37 30 38 17 10 40 6 46
3 47 4 27 29 37 30 38 17 10 40 6 46
3 4 47 27 29 37 30 38 17 10 40 6 46
3 4 27 47 29 37 30 38 17 10 40 6 46
3 4 27 29 47 37 30 38 17 10 40 6 46
47 3 4 27 29 37 38 30 17 10 40 6 46
3 47 4 27 29 37 38 30 17 10 40 6 46
3 4 47 27 29 37 38 30 17 10 40 6 46
3 4 27 47 29 37 38 30 17 10 40 6 46
3 4 27 29 47 37 38 30 17 10 40 6 46
3 4 27 29 37 47 38 30 17 10 40 6 46
47 37 27 3 4 17 29 30 38 40 10 6 46
47 37 3 27 4 17 29 30 38 40 10 6 46
47 3 37 27 4 17 29 30 38 40 10 6 46
3 47 37 27 4 17 29 30 38 40 10 6 46
47 37 3 4 27 17 29 30 38 40 10 6 46
47 3 37 4 27 17 29 30 38 40 10 6 46
3 47 37 4 27 17 29 30 38 40 10 6 46
47 3 4 37 27 17 29 30 38 40 10 6 46
3 47 4 37 27 17 29 30 38 40 10 6 46
3 4 47 37 27 17 29 30 38 40 10 6 46
47 37 3 4 27 29 17 30 38 40 10 6 46
47 3 37 4 27 29 17 30 38 40 10 6 46
3 47 37 4 27 29 17 30 38 40 10 6 46
47 3 4 37 27 29 17 30 38 40 10 6 46
3 47 4 37 27 29 17 30 38 40 10 6 46
3 4 47 37 27 29 17 30 38 40 10 6 46
47 3 4 27 37 29 17 30 38 40 10 6 46
3 47 4 27 37 29 17 30 38 40 10 6 46
3 4 47 27 37 29 17 30 38 40 10 6 46
3 4 27 47 37 29 17 30 38 40 10 6 46
47 37 3 4 27 29 30 17 38 40 10 6 46
47 3 37 4 27 29 30 17 38 40 10 6 46
3 47 37 4 27 29 30 17 38 40 10 6 46
47 3 4 37 27 29 30 17 38 40 10 6 46
3 47 4 37 27 29 30 17 38 40 10 6 46
3 4 47 37 27 29 30 17 38 40 10 6 46
47 3 4 27 37 29 30 17 38 40 10 6 46
3 47 4 27 37 29 30 17 38 40 10 6 46
3 4 47 27 37 29 30 17 38 40 10 6 46
3 4 27 47 37 29 30 17 38 40 10 6 46
47 3 4 27 29 37 30 17 38 40 10 6 46
3 47 4 27 29 37 30 17 38 40 10 6 46
3 4 47 27 29 37 30 17 38 40 10 6 46
3 4 27 47 29 37 30 17 38 40 10 6 46
3 4 27 29 47 37 30 17 38 40 10 6 46
47 37 3 4 27 29 30 38 17 40 10 6 46
47 3 37 4 27 29 30 38 17 40 10 6 46
3 47 37 4 27 29 30 38 17 40 10 6 46
47 3 4 37 27 29 30 38 17 40 10 6 46
3 47 4 37 27 29 30 38 17 40 10 6 46
3 4 47 37 27 29 30 38 17 40 10 6 46
47 3 4 27 37 29 30 38 17 40 10 6 46
3 47 4 27 37 29 30 38 17 40 10 6 46
3 4 47 27 37 29 30 38 17 40 10 6 46
3 4 27 47 37 29 30 38 17 40 10 6 46
47 3 4 27 29 37 30 38 17 40 10 6 46
3 47 4 27 29 37 30 38 17 40 10 6 46
3 4 47 27 29 37 30 38 17 40 10 6 46
3 4 27 47 29 37 30 38 17 40 10 6 46
3 4 27 29 47 37 30 38 17 40 10 6 46
47 3 4 27 29 37 38 30 17 40 10 6 46
3 47 4 27 29 37 38 30 17 40 10 6 46
3 4 47 27 29 37 38 30 17 40 10 6 46
3 4 27 47 29 37 38 30 17 40 10 6 46
3 4 27 29 47 37 38 30 17 40 10 6 46
3 4 27 29 37 47 38 30 17 40 10 6 46
47 37 3 4 27 29 30 38 40 17 10 6 46
47 3 37 4 27 29 30 38 40 17 10 6 46
3 47 37 4 27 29 30 38 40 17 10 6 46
47 3 4 37 27 29 30 38 40 17 10 6 46
3 47 4 37 27 29 30 38 40 17 10 6 46
3 4 47 37 27 29 30 38 40 17 10 6 46
47 3 4 27 37 29 30 38 40 17 10 6 46
3 47 4 27 37 29 30 38 40 17 10 6 46
3 4 47 27 37 29 30 38 40 17 10 6 46
3 4 27 47 37 29 30 38 40 17 10 6 46
47 3 4 27 29 37 30 38 40 17 10 6 46
3 47 4 27 29 37 30 38 40 17 10 6 46
3 4 47 27 29 37 30 38 40 17 10 6 46
3 4 27 47 29 37 30 38 40 17 10 6 46
3 4 27 29 47 37 30 38 40 17 10 6 46
47 3 4 27 29 37 38 30 40 17 10 6 46
3 47 4 27 29 37 38 30 40 17 10 6 46
3 4 47 27 29 37 38 30 40 17 10 6 46
3 4 27 47 29 37 38 30 40 17 10 6 46
3 4 27 29 47 37 38 30 40 17 10 6 46
3 4 27 29 37 47 38 30 40 17 10 6 46
47 3 4 27 29 37 38 40 30 17 10 6 46
3 47 4 27 29 37 38 40 30 17 10 6 46
3 4 47 27 29 37 38 40 30 17 10 6 46
3 4 27 47 29 37 38 40 30 17 10 6 46
3 4 27 29 47 37 38 40 30 17 10 6 46
3 4 27 29 37 47 38 40 30 17 10 6 46
3 4 27 29 37 38 47 40 30 17 10 6 46
47 37 27 17 3 4 10 29 30 38 40 46 6
47 37 27 3 17 4 10 29 30 38 40 46 6
47 37 3 27 17 4 10 29 30 38 40 46 6
47 3 37 27 17 4 10 29 30 38 40 46 6
3 47 37 27 17 4 10 29 30 38 40 46 6
47 37 27 3 4 17 10 29 30 38 40 46 6
47 37 3 27 4 17 10 29 30 38 40 46 6
47 3 37 27 4 17 10 29 30 38 40 46 6
3 47 37 27 4 17 10 29 30 38 40 46 6
47 37 3 4 27 17 10 29 30 38 40 46 6
47 3 37 4 27 17 10 29 30 38 40 46 6
3 47 37 4 27 17 10 29 30 38 40 46 6
47 3 4 37 27 17 10 29 30 38 40 46 6
3 47 4 37 27 17 10 29 30 38 40 46 6
3 4 47 37 27 17 10 29 30 38 40 46 6
47 37 27 3 4 17 29 10 30 38 40 46 6
47 37 3 27 4 17 29 10 30 38 40 46 6
47 3 37 27 4 17 29 10 30 38 40 46 6
3 47 37 27 4 17 29 10 30 38 40 46 6
47 37 3 4 27 17 29 10 30 38 40 46 6
47 3 37 4 27 17 29 10 30 38 40 46 6
3 47 37 4 27 17 29 10 30 38 40 46 6
47 3 4 37 27 17 29 10 30 38 40 46 6
3 47 4 37 27 17 29 10 30 38 40 46 6
3 4 47 37 27 17 29 10 30 38 40 46 6
47 37 3 4 27 29 17 10 30 38 40 46 6
47 3 37 4 27 29 17 10 30 38 40 46 6
3 47 37 4 27 29 17 10 30 38 40 46 6
47 3 4 37 27 29 17 10 30 38 40 46 6
3 47 4 37 27 29 17 10 30 38 40 46 6
3 4 47 37 27 29 17 10 30 38 40 46 6
47 3 4 27 37 29 17 10 30 38 40 46 6
3 47 4 27 37 29 17 10 30 38 40 46 6
3 4 47 27 37 29 17 10 30 38 40 46 6
3 4 27 47 37 29 17 10 30 38 40 46 6
47 37 27 3 4 17 29 30 10 38 40 46 6
47 37 3 27 4 17 29 30 10 38 40 46 6
47 3 37 27 4 17 29 30 10 38 40 46 6
3 47 37 27 4 17 29 30 10 38 40 46 6
47 37 3 4 27 17 29 30 10 38 40 46 6
47 3 37 4 27 17 29 30 10 38 40 46 6
3 47 37 4 27 17 29 30 10 38 40 46 6
47 3 4 37 27 17 29 30 10 38 40 46 6
3 47 4 37 27 17 29 30 10 38 40 46 6
3 4 47 37 27 17 29 30 10 38 40 46 6
47 37 3 4 27 29 17 30 10 38 40 46 6
47 3 37 4 27 29 17 30 10 38 40 46 6
3 47 37 4 27 29 17 30 10 38 40 46 6
47 3 4 37 27 29 17 30 10 38 40 46 6
3 47 4 37 27 29 17 30 10 38 40 46 6
3 4 47 37 27 29 17 30 10 38 40 46 6
47 3 4 27 37 29 17 30 10 38 40 46 6
3 47 4 27 37 29 17 30 10 38 40 46 6
3 4 47 27 37 29 17 30 10 38 40 46 6
3 4 27 47 37 29 17 30 10 38 40 46 6
47 37 3 4 27 29 30 17 10 38 40 46 6
47 3 37 4 27 29 30 17 10 38 40 46 6
3 47 37 4 27 29 30 17 10 38 40 46 6
47 3 4 37 27 29 30 17 10 38 40 46 6
3 47 4 37 27 29 30 17 10 38 40 46 6
3 4 47 37 27 29 30 17 10 38 40 46 6
47 3 4 27 37 29 30 17 10 38 40 46 6
3 47 4 27 37 29 30 17 10 38 40 46 6
3 4 47 27 37 29 30 17 10 38 40 46 6
3 4 27 47 37 29 30 17 10 38 40 46 6
47 3 4 27 29 37 30 17 10 38 40 46 6
3 47 4 27 29 37 30 17 10 38 40 46 6
3 4 47 27 29 37 30 17 10 38 40 46 6
3 4 27 47 29 37 30 17 10 38 40 46 6
3 4 27 29 47 37 30 17 10 38 40 46 6
47 37 27 3 4 17 29 30 38 10 40 46 6
47 37 3 27 4 17 29 30 38 10 40 46 6
47 3 37 27 4 17 29 30 38 10 40 46 6
3 47 37 27 4 17 29 30 38 10 40 46 6
47 37 3 4 27 17 29 30 38 10 40 46 6
47 3 37 4 27 17 29 30 38 10 40 46 6
3 47 37 4 27 17 29 30 38 10 40 46 6
47 3 4 37 27 17 29 30 38 10 40 46 6
3 47 4 37 27 17 29 30 38 10 40 46 6
3 4 47 37 27 17 29 30 38 10 40 46 6
47 37 3 4 27 29 17 30 38 10 40 46 6
47 3 37 4 27 29 17 30 38 10 40 46 6
3 47 37 4 27 29 17 30 38 10 40 46 6
47 3 4 37 27 29 17 30 38 10 40 46 6
3 47 4 37 27 29 17 30 38 10 40 46 6
3 4 47 37 27 29 17 30 38 10 40 46 6
47 3 4 27 37 29 17 30 38 10 40 46 6
3 47 4 27 37 29 17 30 38 10 40 46 6
3 4 47 27 37 29 17 30 38 10 40 46 6
3 4 27 47 37 29 17 30 38 10 40 46 6
47 37 3 4 27 29 30 17 38 10 40 46 6
47 3 37 4 27 29 30 17 38 10 40 46 6
3 47 37 4 27 29 30 17 38 10 40 46 6
47 3 4 37 27 29 30 17 38 10 40 46 6
3 47 4 37 27 29 30 17 38 10 40 46 6
3 4 47 37 27 29 30 17 38 10 40 46 6
47 3 4 27 37 29 30 17 38 10 40 46 6
3 47 4 27 37 29 30 17 38 10 40 46 6
3 4 47 27 37 29 30 17 38 10 40 46 6
3 4 27 47 37 29 30 17 38 10 40 46 6
47 3 4 27 29 37 30 17 38 10 40 46 6
3 47 4 27 29 37 30 17 38 10 40 46 6
3 4 47 27 29 37 30 17 38 10 40 46 6
3 4 27 47 29 37 30 17 38 10 40 46 6
3 4 27 29 47 37 30 17 38 10 40 46 6
47 37 3 4 27 29 30 38 17 10 40 46 6
47 3 37 4 27 29 30 38 17 10 40 46 6
3 47 37 4 27 29 30 38 17 10 40 46 6
47 3 4 37 27 29 30 38 17 10 40 46 6
3 47 4 37 27 29 30 38 17 10 40 46 6
3 4 47 37 27 29 30 38 17 10 40 46 6
47 3 4 27 37 29 30 38 17 10 40 46 6
3 47 4 27 37 29 30 38 17 10 40 46 6
3 4 47 27 37 29 30 38 17 10 40 46 6
3 4 27 47 37 29 30 38 17 10 40 46 6
47 3 4 27 29 37 30 38 17 10 40 46 6
3 47 4 27 29 37 30 38 17 10 40 46 6
3 4 47 27 29 37 30 38 17 10 40 46 6
3 4 27 47 29 37 30 38 17 10 40 46 6
3 4 27 29 47 37 30 38 17 10 40 46 6
47 3 4 27 29 37 38 30 17 10 40 46 6
3 47 4 27 29 37 38 30 17 10 40 46 6
3 4 47 27 29 37 38 30 17 10 40 46 6
3 4 27 47 29 37 38 30 17 10 40 46 6
3 4 27 29 47 37 38 30 17 10 40 46 6
3 4 27 29 37 47 38 30 17 10 40 46 6
47 37 27 3 4 17 29 30 38 40 10 46 6
47 37 3 27 4 17 29 30 38 40 10 46 6
47 3 37 27 4 17 29 30 38 40 10 46 6
3 47 37 27 4 17 29 30 38 40 10 46 6
47 37 3 4 27 17 29 30 38 40 10 46 6
47 3 37 4 27 17 29 30 38 40 10 46 6
3 47 37 4 27 17 29 30 38 40 10 46 6
47 3 4 37 27 17 29 30 38 40 10 46 6
3 47 4 37 27 17 29 30 38 40 10 46 6
3 4 47 37 27 17 29 30 38 40 10 46 6
47 37 3 4 27 29 17 30 38 40 10 46 6
47 3 37 4 27 29 17 30 38 40 10 46 6
3 47 37 4 27 29 17 30 38 40 10 46 6
47 3 4 37 27 29 17 30 38 40 10 46 6
3 47 4 37 27 29 17 30 38 40 10 46 6
3 4 47 37 27 29 17 30 38 40 10 46 6
47 3 4 27 37 29 17 30 38 40 10 46 6
3 47 4 27 37 29 17 30 38 40 10 46 6
3 4 47 27 37 29 17 30 38 40 10 46 6
3 4 27 47 37 29 17 30 38 40 10 46 6
47 37 3 4 27 29 30 17 38 40 10 46 6
47 3 37 4 27 29 30 17 38 40 10 46 6
3 47 37 4 27 29 30 17 38 40 10 46 6
47 3 4 37 27 29 30 17 38 40 10 46 6
3 47 4 37 27 29 30 17 38 40 10 46 6
3 4 47 37 27 29 30 17 38 40 10 46 6
47 3 4 27 37 29 30 17 38 40 10 46 6
3 47 4 27 37 29 30 17 38 40 10 46 6
3 4 47 27 37 29 30 17 38 40 10 46 6
3 4 27 47 37 29 30 17 38 40 10 46 6
47 3 4 27 29 37 30 17 38 40 10 46 6
3 47 4 27 29 37 30 17 38 40 10 46 6
3 4 47 27 29 37 30 17 38 40 10 46 6
3 4 27 47 29 37 30 17 38 40 10 46 6
3 4 27 29 47 37 30 17 38 40 10 46 6
47 37 3 4 27 29 30 38 17 40 10 46 6
47 3 37 4 27 29 30 38 17 40 10 46 6
3 47 37 4 27 29 30 38 17 40 10 46 6
47 3 4 37 27 29 30 38 17 40 10 46 6
3 47 4 37 27 29 30 38 17 40 10 46 6
3 4 47 37 27 29 30 38 17 40 10 46 6
47 3 4 27 37 29 30 38 17 40 10 46 6
3 47 4 27 37 29 30 38 17 40 10 46 6
3 4 47 27 37 29 30 38 17 40 10 46 6
3 4 27 47 37 29 30 38 17 40 10 46 6
47 3 4 27 29 37 30 38 17 40 10 46 6
3 47 4 27 29 37 30 38 17 40 10 46 6
3 4 47 27 29 37 30 38 17 40 10 46 6
3 4 27 47 29 37 30 38 17 40 10 46 6
3 4 27 29 47 37 30 38 17 40 10 46 6
47 3 4 27 29 37 38 30 17 40 10 46 6
3 47 4 27 29 37 38 30 17 40 10 46 6
3 4 47 27 29 37 38 30 17 40 10 46 6
3 4 27 47 29 37 38 30 17 40 10 46 6
3 4 27 29 47 37 38 30 17 40 10 46 6
3 4 27 29 37 47 38 30 17 40 10 46 6
47 37 3 4 27 29 30 38 40 17 10 46 6
47 3 37 4 27 29 30 38 40 17 10 46 6
3 47 37 4 27 29 30 38 40 17 10 46 6
47 3 4 37 27 29 30 38 40 17 10 46 6
3 47 4 37 27 29 30 38 40 17 10 46 6
3 4 47 37 27 29 30 38 40 17 10 46 6
47 3 4 27 37 29 30 38 40 17 10 46 6
3 47 4 27 37 29 30 38 40 17 10 46 6
3 4 47 27 37 29 30 38 40 17 10 46 6
3 4 27 47 37 29 30 38 40 17 10 46 6
47 3 4 27 29 37 30 38 40 17 10 46 6
3 47 4 27 29 37 30 38 40 17 10 46 6
3 4 47 27 29 37 30 38 40 17 10 46 6
3 4 27 47 29 37 30 38 40 17 10 46 6
3 4 27 29 47 37 30 38 40 17 10 46 6
47 3 4 27 29 37 38 30 40 17 10 46 6
3 47 4 27 29 37 38 30 40 17 10 46 6
3 4 47 27 29 37 38 30 40 17 10 46 6
3 4 27 47 29 37 38 30 40 17 10 46 6
3 4 27 29 47 37 38 30 40 17 10 46 6
3 4 27 29 37 47 38 30 40 17 10 46 6
47 3 4 27 29 37 38 40 30 17 10 46 6
3 47 4 27 29 37 38 40 30 17 10 46 6
3 4 47 27 29 37 38 40 30 17 10 46 6
3 4 27 47 29 37 38 40 30 17 10 46 6
3 4 27 29 47 37 38 40 30 17 10 46 6
3 4 27 29 37 47 38 40 30 17 10 46 6
3 4 27 29 37 38 47 40 30 17 10 46 6
47 37 27 3 4 17 29 30 38 40 46 10 6
47 37 3 27 4 17 29 30 38 40 46 10 6
47 3 37 27 4 17 29 30 38 40 46 10 6
3 47 37 27 4 17 29 30 38 40 46 10 6
47 37 3 4 27 17 29 30 38 40 46 10 6
47 3 37 4 27 17 29 30 38 40 46 10 6
3 47 37 4 27 17 29 30 38 40 46 10 6
47 3 4 37 27 17 29 30 38 40 46 10 6
3 47 4 37 27 17 29 30 38 40 46 10 6
3 4 47 37 27 17 29 30 38 40 46 10 6
47 37 3 4 27 29 17 30 38 40 46 10 6
47 3 37 4 27 29 17 30 38 40 46 10 6
3 47 37 4 27 29 17 30 38 40 46 10 6
47 3 4 37 27 29 17 30 38 40 46 10 6
3 47 4 37 27 29 17 30 38 40 46 10 6
3 4 47 37 27 29 17 30 38 40 46 10 6
47 3 4 27 37 29 17 30 38 40 46 10 6
3 47 4 27 37 29 17 30 38 40 46 10 6
3 4 47 27 37 29 17 30 38 40 46 10 6
3 4 27 47 37 29 17 30 38 40 46 10 6
47 37 3 4 27 29 30 17 38 40 46 10 6
47 3 37 4 27 29 30 17 38 40 46 10 6
3 47 37 4 27 29 30 17 38 40 46 10 6
47 3 4 37 27 29 30 17 38 40 46 10 6
3 47 4 37 27 29 30 17 38 40 46 10 6
3 4 47 37 27 29 30 17 38 40 46 10 6
47 3 4 27 37 29 30 17 38 40 46 10 6
3 47 4 27 37 29 30 17 38 40 46 10 6
3 4 47 27 37 29 30 17 38 40 46 10 6
3 4 27 47 37 29 30 17 38 40 46 10 6
47 3 4 27 29 37 30 17 38 40 46 10 6
3 47 4 27 29 37 30 17 38 40 46 10 6
3 4 47 27 29 37 30 17 38 40 46 10 6
3 4 27 47 29 37 30 17 38 40 46 10 6
3 4 27 29 47 37 30 17 38 40 46 10 6
47 37 3 4 27 29 30 38 17 40 46 10 6
47 3 37 4 27 29 30 38 17 40 46 10 6
3 47 37 4 27 29 30 38 17 40 46 10 6
47 3 4 37 27 29 30 38 17 40 46 10 6
3 47 4 37 27 29 30 38 17 40 46 10 6
3 4 47 37 27 29 30 38 17 40 46 10 6
47 3 4 27 37 29 30 38 17 40 46 10 6
3 47 4 27 37 29 30 38 17 40 46 10 6
3 4 47 27 37 29 30 38 17 40 46 10 6
3 4 27 47 37 29 30 38 17 40 46 10 6
47 3 4 27 29 37 30 38 17 40 46 10 6
3 47 4 27 29 37 30 38 17 40 46 10 6
3 4 47 27 29 37 30 38 17 40 46 10 6
3 4 27 47 29 37 30 38 17 40 46 10 6
3 4 27 29 47 37 30 38 17 40 46 10 6
47 3 4 27 29 37 38 30 17 40 46 10 6
3 47 4 27 29 37 38 30 17 40 46 10 6
3 4 47 27 29 37 38 30 17 40 46 10 6
3 4 27 47 29 37 38 30 17 40 46 10 6
3 4 27 29 47 37 38 30 17 40 46 10 6
3 4 27 29 37 47 38 30 17 40 46 10 6
47 37 3 4 27 29 30 38 40 17 46 10 6
47 3 37 4 27 29 30 38 40 17 46 10 6
3 47 37 4 27 29 30 38 40 17 46 10 6
47 3 4 37 27 29 30 38 40 17 46 10 6
3 47 4 37 27 29 30 38 40 17 46 10 6
3 4 47 37 27 29 30 38 40 17 46 10 6
47 3 4 27 37 29 30 38 40 17 46 10 6
3 47 4 27 37 29 30 38 40 17 46 10 6
3 4 47 27 37 29 30 38 40 17 46 10 6
3 4 27 47 37 29 30 38 40 17 46 10 6
47 3 4 27 29 37 30 38 40 17 46 10 6
3 47 4 27 29 37 30 38 40 17 46 10 6
3 4 47 27 29 37 30 38 40 17 46 10 6
3 4 27 47 29 37 30 38 40 17 46 10 6
3 4 27 29 47 37 30 38 40 17 46 10 6
47 3 4 27 29 37 38 30 40 17 46 10 6
3 47 4 27 29 37 38 30 40 17 46 10 6
3 4 47 27 29 37 38 30 40 17 46 10 6
3 4 27 47 29 37 38 30 40 17 46 10 6
3 4 27 29 47 37 38 30 40 17 46 10 6
3 4 27 29 37 47 38 30 40 17 46 10 6
47 3 4 27 29 37 38 40 30 17 46 10 6
3 47 4 27 29 37 38 40 30 17 46 10 6
3 4 47 27 29 37 38 40 30 17 46 10 6
3 4 27 47 29 37 38 40 30 17 46 10 6
3 4 27 29 47 37 38 40 30 17 46 10 6
3 4 27 29 37 47 38 40 30 17 46 10 6
3 4 27 29 37 38 47 40 30 17 46 10 6
47 37 3 4 27 29 30 38 40 46 17 10 6
47 3 37 4 27 29 30 38 40 46 17 10 6
3 47 37 4 27 29 30 38 40 46 17 10 6
47 3 4 37 27 29 30 38 40 46 17 10 6
3 47 4 37 27 29 30 38 40 46 17 10 6
3 4 47 37 27 29 30 38 40 46 17 10 6
47 3 4 27 37 29 30 38 40 46 17 10 6
3 47 4 27 37 29 30 38 40 46 17 10 6
3 4 47 27 37 29 30 38 40 46 17 10 6
3 4 27 47 37 29 30 38 40 46 17 10 6
47 3 4 27 29 37 30 38 40 46 17 10 6
3 47 4 27 29 37 30 38 40 46 17 10 6
3 4 47 27 29 37 30 38 40 46 17 10 6
3 4 27 47 29 37 30 38 40 46 17 10 6
3 4 27 29 47 37 30 38 40 46 17 10 6
47 3 4 27 29 37 38 30 40 46 17 10 6
3 47 4 27 29 37 38 30 40 46 17 10 6
3 4 47 27 29 37 38 30 40 46 17 10 6
3 4 27 47 29 37 38 30 40 46 17 10 6
3 4 27 29 47 37 38 30 40 46 17 10 6
3 4 27 29 37 47 38 30 40 46 17 10 6
47 3 4 27 29 37 38 40 30 46 17 10 6
3 47 4 27 29 37 38 40 30 46 17 10 6
3 4 47 27 29 37 38 40 30 46 17 10 6
3 4 27 47 29 37 38 40 30 46 17 10 6
3 4 27 29 47 37 38 40 30 46 17 10 6
3 4 27 29 37 47 38 40 30 46 17 10 6
3 4 27 29 37 38 47 40 30 46 17 10 6
47 3 4 27 29 37 38 40 46 30 17 10 6
3 47 4 27 29 37 38 40 46 30 17 10 6
3 4 47 27 29 37 38 40 46 30 17 10 6
3 4 27 47 29 37 38 40 46 30 17 10 6
3 4 27 29 47 37 38 40 46 30 17 10 6
3 4 27 29 37 47 38 40 46 30 17 10 6
3 4 27 29 37 38 47 40 46 30 17 10 6
3 4 27 29 37 38 40 47 46 30 17 10 6
