29 19 31 20 37 32 40 35 45 41 44
29 31 19 20 37 32 40 35 45 41 44
29 19 31 37 20 32 40 35 45 41 44
29 31 19 37 20 32 40 35 45 41 44
29 31 37 19 20 32 40 35 45 41 44
29 19 31 20 37 40 32 35 45 41 44
29 31 19 20 37 40 32 35 45 41 44
29 19 31 37 20 40 32 35 45 41 44
29 31 19 37 20 40 32 35 45 41 44
29 31 37 19 20 40 32 35 45 41 44
29 19 31 37 40 20 32 35 45 41 44
29 31 19 37 40 20 32 35 45 41 44
29 31 37 19 40 20 32 35 45 41 44
29 31 37 40 19 20 32 35 45 41 44
29 19 31 20 37 32 40 45 35 41 44
29 31 19 20 37 32 40 45 35 41 44
29 19 31 37 20 32 40 45 35 41 44
29 31 19 37 20 32 40 45 35 41 44
29 31 37 19 20 32 40 45 35 41 44
29 19 31 20 37 40 32 45 35 41 44
29 31 19 20 37 40 32 45 35 41 44
29 19 31 37 20 40 32 45 35 41 44
29 31 19 37 20 40 32 45 35 41 44
29 31 37 19 20 40 32 45 35 41 44
29 19 31 37 40 20 32 45 35 41 44
29 31 19 37 40 20 32 45 35 41 44
29 31 37 19 40 20 32 45 35 41 44
29 31 37 40 19 20 32 45 35 41 44
29 19 31 20 37 40 45 32 35 41 44
29 31 19 20 37 40 45 32 35 41 44
29 19 31 37 20 40 45 32 35 41 44
29 31 19 37 20 40 45 32 35 41 44
29 31 37 19 20 40 45 32 35 41 44
29 19 31 37 40 20 45 32 35 41 44
29 31 19 37 40 20 45 32 35 41 44
29 31 37 19 40 20 45 32 35 41 44
29 31 37 40 19 20 45 32 35 41 44
29 19 31 37 40 45 20 32 35 41 44
29 31 19 37 40 45 20 32 35 41 44
29 31 37 19 40 45 20 32 35 41 44
29 31 37 40 19 45 20 32 35 41 44
29 31 37 40 45 19 20 32 35 41 44
29 19 31 20 37 32 40 35 41 45 44
29 31 19 20 37 32 40 35 41 45 44
29 19 31 37 20 32 40 35 41 45 44
29 31 19 37 20 32 40 35 41 45 44
29 31 37 19 20 32 40 35 41 45 44
29 19 31 20 37 40 32 35 41 45 44
29 31 19 20 37 40 32 35 41 45 44
29 19 31 37 20 40 32 35 41 45 44
29 31 19 37 20 40 32 35 41 45 44
29 31 37 19 20 40 32 35 41 45 44
29 19 31 37 40 20 32 35 41 45 44
29 31 19 37 40 20 32 35 41 45 44
29 31 37 19 40 20 32 35 41 45 44
29 31 37 40 19 20 32 35 41 45 44
29 19 31 20 37 32 40 41 35 45 44
29 31 19 20 37 32 40 41 35 45 44
29 19 31 37 20 32 40 41 35 45 44
29 31 19 37 20 32 40 41 35 45 44
29 31 37 19 20 32 40 41 35 45 44
29 19 31 20 37 40 32 41 35 45 44
29 31 19 20 37 40 32 41 35 45 44
29 19 31 37 20 40 32 41 35 45 44
29 31 19 37 20 40 32 41 35 45 44
29 31 37 19 20 40 32 41 35 45 44
29 19 31 37 40 20 32 41 35 45 44
29 31 19 37 40 20 32 41 35 45 44
29 31 37 19 40 20 32 41 35 45 44
29 31 37 40 19 20 32 41 35 45 44
29 19 31 20 37 40 41 32 35 45 44
29 31 19 20 37 40 41 32 35 45 44
29 19 31 37 20 40 41 32 35 45 44
29 31 19 37 20 40 41 32 35 45 44
29 31 37 19 20 40 41 32 35 45 44
29 19 31 37 40 20 41 32 35 45 44
29 31 19 37 40 20 41 32 35 45 44
29 31 37 19 40 20 41 32 35 45 44
29 31 37 40 19 20 41 32 35 45 44
29 19 31 37 40 41 20 32 35 45 44
29 31 19 37 40 41 20 32 35 45 44
29 31 37 19 40 41 20 32 35 45 44
29 31 37 40 19 41 20 32 35 45 44
29 31 37 40 41 19 20 32 35 45 44
29 19 31 20 37 32 40 41 45 35 44
29 31 19 20 37 32 40 41 45 35 44
29 19 31 37 20 32 40 41 45 35 44
29 31 19 37 20 32 40 41 45 35 44
29 31 37 19 20 32 40 41 45 35 44
29 19 31 20 37 40 32 41 45 35 44
29 31 19 20 37 40 32 41 45 35 44
29 19 31 37 20 40 32 41 45 35 44
29 31 19 37 20 40 32 41 45 35 44
29 31 37 19 20 40 32 41 45 35 44
29 19 31 37 40 20 32 41 45 35 44
29 31 19 37 40 20 32 41 45 35 44
29 31 37 19 40 20 32 41 45 35 44
29 31 37 40 19 20 32 41 45 35 44
29 19 31 20 37 40 41 32 45 35 44
29 31 19 20 37 40 41 32 45 35 44
29 19 31 37 20 40 41 32 45 35 44
29 31 19 37 20 40 41 32 45 35 44
29 31 37 19 20 40 41 32 45 35 44
29 19 31 37 40 20 41 32 45 35 44
29 31 19 37 40 20 41 32 45 35 44
29 31 37 19 40 20 41 32 45 35 44
29 31 37 40 19 20 41 32 45 35 44
29 19 31 37 40 41 20 32 45 35 44
29 31 19 37 40 41 20 32 45 35 44
29 31 37 19 40 41 20 32 45 35 44
29 31 37 40 19 41 20 32 45 35 44
29 31 37 40 41 19 20 32 45 35 44
29 19 31 20 37 40 41 45 32 35 44
29 31 19 20 37 40 41 45 32 35 44
29 19 31 37 20 40 41 45 32 35 44
29 31 19 37 20 40 41 45 32 35 44
29 31 37 19 20 40 41 45 32 35 44
29 19 31 37 40 20 41 45 32 35 44
29 31 19 37 40 20 41 45 32 35 44
29 31 37 19 40 20 41 45 32 35 44
29 31 37 40 19 20 41 45 32 35 44
29 19 31 37 40 41 20 45 32 35 44
29 31 19 37 40 41 20 45 32 35 44
29 31 37 19 40 41 20 45 32 35 44
29 31 37 40 19 41 20 45 32 35 44
29 31 37 40 41 19 20 45 32 35 44
29 19 31 37 40 41 45 20 32 35 44
29 31 19 37 40 41 45 20 32 35 44
29 31 37 19 40 41 45 20 32 35 44
29 31 37 40 19 41 45 20 32 35 44
29 31 37 40 41 19 45 20 32 35 44
29 31 37 40 41 45 19 20 32 35 44
