22 8 5 3 38 23 9 44 41 46 47
22 8 5 38 3 23 9 44 41 46 47
22 8 38 5 3 23 9 44 41 46 47
22 38 8 5 3 23 9 44 41 46 47
22 8 5 38 23 3 9 44 41 46 47
22 8 38 5 23 3 9 44 41 46 47
22 38 8 5 23 3 9 44 41 46 47
22 8 38 23 5 3 9 44 41 46 47
22 38 8 23 5 3 9 44 41 46 47
22 8 5 38 23 9 3 44 41 46 47
22 8 38 5 23 9 3 44 41 46 47
22 38 8 5 23 9 3 44 41 46 47
22 8 38 23 5 9 3 44 41 46 47
22 38 8 23 5 9 3 44 41 46 47
22 8 5 3 38 23 44 9 41 46 47
22 8 5 38 3 23 44 9 41 46 47
22 8 38 5 3 23 44 9 41 46 47
22 38 8 5 3 23 44 9 41 46 47
22 8 5 38 23 3 44 9 41 46 47
22 8 38 5 23 3 44 9 41 46 47
22 38 8 5 23 3 44 9 41 46 47
22 8 38 23 5 3 44 9 41 46 47
22 38 8 23 5 3 44 9 41 46 47
22 8 5 3 38 44 23 9 41 46 47
22 8 5 38 3 44 23 9 41 46 47
22 8 38 5 3 44 23 9 41 46 47
22 38 8 5 3 44 23 9 41 46 47
22 8 5 38 44 3 23 9 41 46 47
22 8 38 5 44 3 23 9 41 46 47
22 38 8 5 44 3 23 9 41 46 47
22 8 38 44 5 3 23 9 41 46 47
22 38 8 44 5 3 23 9 41 46 47
22 38 44 8 5 3 23 9 41 46 47
22 8 5 38 23 44 3 9 41 46 47
22 8 38 5 23 44 3 9 41 46 47
22 38 8 5 23 44 3 9 41 46 47
22 8 38 23 5 44 3 9 41 46 47
22 38 8 23 5 44 3 9 41 46 47
22 8 5 38 44 23 3 9 41 46 47
22 8 38 5 44 23 3 9 41 46 47
22 38 8 5 44 23 3 9 41 46 47
22 8 38 44 5 23 3 9 41 46 47
22 38 8 44 5 23 3 9 41 46 47
22 38 44 8 5 23 3 9 41 46 47
22 8 38 23 44 5 3 9 41 46 47
22 38 8 23 44 5 3 9 41 46 47
22 8 38 44 23 5 3 9 41 46 47
22 38 8 44 23 5 3 9 41 46 47
22 38 44 8 23 5 3 9 41 46 47
22 8 5 38 23 9 44 3 41 46 47
22 8 38 5 23 9 44 3 41 46 47
22 38 8 5 23 9 44 3 41 46 47
22 8 38 23 5 9 44 3 41 46 47
22 38 8 23 5 9 44 3 41 46 47
22 8 5 38 23 44 9 3 41 46 47
22 8 38 5 23 44 9 3 41 46 47
22 38 8 5 23 44 9 3 41 46 47
22 8 38 23 5 44 9 3 41 46 47
22 38 8 23 5 44 9 3 41 46 47
22 8 5 38 44 23 9 3 41 46 47
22 8 38 5 44 23 9 3 41 46 47
22 38 8 5 44 23 9 3 41 46 47
22 8 38 44 5 23 9 3 41 46 47
22 38 8 44 5 23 9 3 41 46 47
22 38 44 8 5 23 9 3 41 46 47
22 8 38 23 44 5 9 3 41 46 47
22 38 8 23 44 5 9 3 41 46 47
22 8 38 44 23 5 9 3 41 46 47
22 38 8 44 23 5 9 3 41 46 47
22 38 44 8 23 5 9 3 41 46 47
22 8 5 3 38 23 44 41 9 46 47
22 8 5 38 3 23 44 41 9 46 47
22 8 38 5 3 23 44 41 9 46 47
22 38 8 5 3 23 44 41 9 46 47
22 8 5 38 23 3 44 41 9 46 47
22 8 38 5 23 3 44 41 9 46 47
22 38 8 5 23 3 44 41 9 46 47
22 8 38 23 5 3 44 41 9 46 47
22 38 8 23 5 3 44 41 9 46 47
22 8 5 3 38 44 23 41 9 46 47
22 8 5 38 3 44 23 41 9 46 47
22 8 38 5 3 44 23 41 9 46 47
22 38 8 5 3 44 23 41 9 46 47
22 8 5 38 44 3 23 41 9 46 47
22 8 38 5 44 3 23 41 9 46 47
22 38 8 5 44 3 23 41 9 46 47
22 8 38 44 5 3 23 41 9 46 47
22 38 8 44 5 3 23 41 9 46 47
22 38 44 8 5 3 23 41 9 46 47
22 8 5 38 23 44 3 41 9 46 47
22 8 38 5 23 44 3 41 9 46 47
22 38 8 5 23 44 3 41 9 46 47
22 8 38 23 5 44 3 41 9 46 47
22 38 8 23 5 44 3 41 9 46 47
22 8 5 38 44 23 3 41 9 46 47
22 8 38 5 44 23 3 41 9 46 47
22 38 8 5 44 23 3 41 9 46 47
22 8 38 44 5 23 3 41 9 46 47
22 38 8 44 5 23 3 41 9 46 47
22 38 44 8 5 23 3 41 9 46 47
22 8 38 23 44 5 3 41 9 46 47
22 38 8 23 44 5 3 41 9 46 47
22 8 38 44 23 5 3 41 9 46 47
22 38 8 44 23 5 3 41 9 46 47
22 38 44 8 23 5 3 41 9 46 47
22 8 5 38 23 44 41 3 9 46 47
22 8 38 5 23 44 41 3 9 46 47
22 38 8 5 23 44 41 3 9 46 47
22 8 38 23 5 44 41 3 9 46 47
22 38 8 23 5 44 41 3 9 46 47
22 8 5 38 44 23 41 3 9 46 47
22 8 38 5 44 23 41 3 9 46 47
22 38 8 5 44 23 41 3 9 46 47
22 8 38 44 5 23 41 3 9 46 47
22 38 8 44 5 23 41 3 9 46 47
22 38 44 8 5 23 41 3 9 46 47
22 8 38 23 44 5 41 3 9 46 47
22 38 8 23 44 5 41 3 9 46 47
22 8 38 44 23 5 41 3 9 46 47
22 38 8 44 23 5 41 3 9 46 47
22 38 44 8 23 5 41 3 9 46 47
22 8 38 23 44 41 5 3 9 46 47
22 38 8 23 44 41 5 3 9 46 47
22 8 38 44 23 41 5 3 9 46 47
22 38 8 44 23 41 5 3 9 46 47
22 38 44 8 23 41 5 3 9 46 47
22 8 5 38 23 9 44 41 3 46 47
22 8 38 5 23 9 44 41 3 46 47
22 38 8 5 23 9 44 41 3 46 47
22 8 38 23 5 9 44 41 3 46 47
22 38 8 23 5 9 44 41 3 46 47
22 8 5 38 23 44 9 41 3 46 47
22 8 38 5 23 44 9 41 3 46 47
22 38 8 5 23 44 9 41 3 46 47
22 8 38 23 5 44 9 41 3 46 47
22 38 8 23 5 44 9 41 3 46 47
22 8 5 38 44 23 9 41 3 46 47
22 8 38 5 44 23 9 41 3 46 47
22 38 8 5 44 23 9 41 3 46 47
22 8 38 44 5 23 9 41 3 46 47
22 38 8 44 5 23 9 41 3 46 47
22 38 44 8 5 23 9 41 3 46 47
22 8 38 23 44 5 9 41 3 46 47
22 38 8 23 44 5 9 41 3 46 47
22 8 38 44 23 5 9 41 3 46 47
22 38 8 44 23 5 9 41 3 46 47
22 38 44 8 23 5 9 41 3 46 47
22 8 5 38 23 44 41 9 3 46 47
22 8 38 5 23 44 41 9 3 46 47
22 38 8 5 23 44 41 9 3 46 47
22 8 38 23 5 44 41 9 3 46 47
22 38 8 23 5 44 41 9 3 46 47
22 8 5 38 44 23 41 9 3 46 47
22 8 38 5 44 23 41 9 3 46 47
22 38 8 5 44 23 41 9 3 46 47
22 8 38 44 5 23 41 9 3 46 47
22 38 8 44 5 23 41 9 3 46 47
22 38 44 8 5 23 41 9 3 46 47
22 8 38 23 44 5 41 9 3 46 47
22 38 8 23 44 5 41 9 3 46 47
22 8 38 44 23 5 41 9 3 46 47
22 38 8 44 23 5 41 9 3 46 47
22 38 44 8 23 5 41 9 3 46 47
22 8 38 23 44 41 5 9 3 46 47
22 38 8 23 44 41 5 9 3 46 47
22 8 38 44 23 41 5 9 3 46 47
22 38 8 44 23 41 5 9 3 46 47
22 38 44 8 23 41 5 9 3 46 47
22 8 5 3 38 23 9 44 46 41 47
22 8 5 38 3 23 9 44 46 41 47
22 8 38 5 3 23 9 44 46 41 47
22 38 8 5 3 23 9 44 46 41 47
22 8 5 38 23 3 9 44 46 41 47
22 8 38 5 23 3 9 44 46 41 47
22 38 8 5 23 3 9 44 46 41 47
22 8 38 23 5 3 9 44 46 41 47
22 38 8 23 5 3 9 44 46 41 47
22 8 5 38 23 9 3 44 46 41 47
22 8 38 5 23 9 3 44 46 41 47
22 38 8 5 23 9 3 44 46 41 47
22 8 38 23 5 9 3 44 46 41 47
22 38 8 23 5 9 3 44 46 41 47
22 8 5 3 38 23 44 9 46 41 47
22 8 5 38 3 23 44 9 46 41 47
22 8 38 5 3 23 44 9 46 41 47
22 38 8 5 3 23 44 9 46 41 47
22 8 5 38 23 3 44 9 46 41 47
22 8 38 5 23 3 44 9 46 41 47
22 38 8 5 23 3 44 9 46 41 47
22 8 38 23 5 3 44 9 46 41 47
22 38 8 23 5 3 44 9 46 41 47
22 8 5 3 38 44 23 9 46 41 47
22 8 5 38 3 44 23 9 46 41 47
22 8 38 5 3 44 23 9 46 41 47
22 38 8 5 3 44 23 9 46 41 47
22 8 5 38 44 3 23 9 46 41 47
22 8 38 5 44 3 23 9 46 41 47
22 38 8 5 44 3 23 9 46 41 47
22 8 38 44 5 3 23 9 46 41 47
22 38 8 44 5 3 23 9 46 41 47
22 38 44 8 5 3 23 9 46 41 47
22 8 5 38 23 44 3 9 46 41 47
22 8 38 5 23 44 3 9 46 41 47
22 38 8 5 23 44 3 9 46 41 47
22 8 38 23 5 44 3 9 46 41 47
22 38 8 23 5 44 3 9 46 41 47
22 8 5 38 44 23 3 9 46 41 47
22 8 38 5 44 23 3 9 46 41 47
22 38 8 5 44 23 3 9 46 41 47
22 8 38 44 5 23 3 9 46 41 47
22 38 8 44 5 23 3 9 46 41 47
22 38 44 8 5 23 3 9 46 41 47
22 8 38 23 44 5 3 9 46 41 47
22 38 8 23 44 5 3 9 46 41 47
22 8 38 44 23 5 3 9 46 41 47
22 38 8 44 23 5 3 9 46 41 47
22 38 44 8 23 5 3 9 46 41 47
22 8 5 38 23 9 44 3 46 41 47
22 8 38 5 23 9 44 3 46 41 47
22 38 8 5 23 9 44 3 46 41 47
22 8 38 23 5 9 44 3 46 41 47
22 38 8 23 5 9 44 3 46 41 47
22 8 5 38 23 44 9 3 46 41 47
22 8 38 5 23 44 9 3 46 41 47
22 38 8 5 23 44 9 3 46 41 47
22 8 38 23 5 44 9 3 46 41 47
22 38 8 23 5 44 9 3 46 41 47
22 8 5 38 44 23 9 3 46 41 47
22 8 38 5 44 23 9 3 46 41 47
22 38 8 5 44 23 9 3 46 41 47
22 8 38 44 5 23 9 3 46 41 47
22 38 8 44 5 23 9 3 46 41 47
22 38 44 8 5 23 9 3 46 41 47
22 8 38 23 44 5 9 3 46 41 47
22 38 8 23 44 5 9 3 46 41 47
22 8 38 44 23 5 9 3 46 41 47
22 38 8 44 23 5 9 3 46 41 47
22 38 44 8 23 5 9 3 46 41 47
22 8 5 3 38 23 44 46 9 41 47
22 8 5 38 3 23 44 46 9 41 47
22 8 38 5 3 23 44 46 9 41 47
22 38 8 5 3 23 44 46 9 41 47
22 8 5 38 23 3 44 46 9 41 47
22 8 38 5 23 3 44 46 9 41 47
22 38 8 5 23 3 44 46 9 41 47
22 8 38 23 5 3 44 46 9 41 47
22 38 8 23 5 3 44 46 9 41 47
22 8 5 3 38 44 23 46 9 41 47
22 8 5 38 3 44 23 46 9 41 47
22 8 38 5 3 44 23 46 9 41 47
22 38 8 5 3 44 23 46 9 41 47
22 8 5 38 44 3 23 46 9 41 47
22 8 38 5 44 3 23 46 9 41 47
22 38 8 5 44 3 23 46 9 41 47
22 8 38 44 5 3 23 46 9 41 47
22 38 8 44 5 3 23 46 9 41 47
22 38 44 8 5 3 23 46 9 41 47
22 8 5 38 23 44 3 46 9 41 47
22 8 38 5 23 44 3 46 9 41 47
22 38 8 5 23 44 3 46 9 41 47
22 8 38 23 5 44 3 46 9 41 47
22 38 8 23 5 44 3 46 9 41 47
22 8 5 38 44 23 3 46 9 41 47
22 8 38 5 44 23 3 46 9 41 47
22 38 8 5 44 23 3 46 9 41 47
22 8 38 44 5 23 3 46 9 41 47
22 38 8 44 5 23 3 46 9 41 47
22 38 44 8 5 23 3 46 9 41 47
22 8 38 23 44 5 3 46 9 41 47
22 38 8 23 44 5 3 46 9 41 47
22 8 38 44 23 5 3 46 9 41 47
22 38 8 44 23 5 3 46 9 41 47
22 38 44 8 23 5 3 46 9 41 47
22 8 5 3 38 44 46 23 9 41 47
22 8 5 38 3 44 46 23 9 41 47
22 8 38 5 3 44 46 23 9 41 47
22 38 8 5 3 44 46 23 9 41 47
22 8 5 38 44 3 46 23 9 41 47
22 8 38 5 44 3 46 23 9 41 47
22 38 8 5 44 3 46 23 9 41 47
22 8 38 44 5 3 46 23 9 41 47
22 38 8 44 5 3 46 23 9 41 47
22 38 44 8 5 3 46 23 9 41 47
22 8 5 38 44 46 3 23 9 41 47
22 8 38 5 44 46 3 23 9 41 47
22 38 8 5 44 46 3 23 9 41 47
22 8 38 44 5 46 3 23 9 41 47
22 38 8 44 5 46 3 23 9 41 47
22 38 44 8 5 46 3 23 9 41 47
22 8 38 44 46 5 3 23 9 41 47
22 38 8 44 46 5 3 23 9 41 47
22 38 44 8 46 5 3 23 9 41 47
22 38 44 46 8 5 3 23 9 41 47
22 8 5 38 23 44 46 3 9 41 47
22 8 38 5 23 44 46 3 9 41 47
22 38 8 5 23 44 46 3 9 41 47
22 8 38 23 5 44 46 3 9 41 47
22 38 8 23 5 44 46 3 9 41 47
22 8 5 38 44 23 46 3 9 41 47
22 8 38 5 44 23 46 3 9 41 47
22 38 8 5 44 23 46 3 9 41 47
22 8 38 44 5 23 46 3 9 41 47
22 38 8 44 5 23 46 3 9 41 47
22 38 44 8 5 23 46 3 9 41 47
22 8 38 23 44 5 46 3 9 41 47
22 38 8 23 44 5 46 3 9 41 47
22 8 38 44 23 5 46 3 9 41 47
22 38 8 44 23 5 46 3 9 41 47
22 38 44 8 23 5 46 3 9 41 47
22 8 5 38 44 46 23 3 9 41 47
22 8 38 5 44 46 23 3 9 41 47
22 38 8 5 44 46 23 3 9 41 47
22 8 38 44 5 46 23 3 9 41 47
22 38 8 44 5 46 23 3 9 41 47
22 38 44 8 5 46 23 3 9 41 47
22 8 38 44 46 5 23 3 9 41 47
22 38 8 44 46 5 23 3 9 41 47
22 38 44 8 46 5 23 3 9 41 47
22 38 44 46 8 5 23 3 9 41 47
22 8 38 23 44 46 5 3 9 41 47
22 38 8 23 44 46 5 3 9 41 47
22 8 38 44 23 46 5 3 9 41 47
22 38 8 44 23 46 5 3 9 41 47
22 38 44 8 23 46 5 3 9 41 47
22 8 38 44 46 23 5 3 9 41 47
22 38 8 44 46 23 5 3 9 41 47
22 38 44 8 46 23 5 3 9 41 47
22 38 44 46 8 23 5 3 9 41 47
22 8 5 38 23 9 44 46 3 41 47
22 8 38 5 23 9 44 46 3 41 47
22 38 8 5 23 9 44 46 3 41 47
22 8 38 23 5 9 44 46 3 41 47
22 38 8 23 5 9 44 46 3 41 47
22 8 5 38 23 44 9 46 3 41 47
22 8 38 5 23 44 9 46 3 41 47
22 38 8 5 23 44 9 46 3 41 47
22 8 38 23 5 44 9 46 3 41 47
22 38 8 23 5 44 9 46 3 41 47
22 8 5 38 44 23 9 46 3 41 47
22 8 38 5 44 23 9 46 3 41 47
22 38 8 5 44 23 9 46 3 41 47
22 8 38 44 5 23 9 46 3 41 47
22 38 8 44 5 23 9 46 3 41 47
22 38 44 8 5 23 9 46 3 41 47
22 8 38 23 44 5 9 46 3 41 47
22 38 8 23 44 5 9 46 3 41 47
22 8 38 44 23 5 9 46 3 41 47
22 38 8 44 23 5 9 46 3 41 47
22 38 44 8 23 5 9 46 3 41 47
22 8 5 38 23 44 46 9 3 41 47
22 8 38 5 23 44 46 9 3 41 47
22 38 8 5 23 44 46 9 3 41 47
22 8 38 23 5 44 46 9 3 41 47
22 38 8 23 5 44 46 9 3 41 47
22 8 5 38 44 23 46 9 3 41 47
22 8 38 5 44 23 46 9 3 41 47
22 38 8 5 44 23 46 9 3 41 47
22 8 38 44 5 23 46 9 3 41 47
22 38 8 44 5 23 46 9 3 41 47
22 38 44 8 5 23 46 9 3 41 47
22 8 38 23 44 5 46 9 3 41 47
22 38 8 23 44 5 46 9 3 41 47
22 8 38 44 23 5 46 9 3 41 47
22 38 8 44 23 5 46 9 3 41 47
22 38 44 8 23 5 46 9 3 41 47
22 8 5 38 44 46 23 9 3 41 47
22 8 38 5 44 46 23 9 3 41 47
22 38 8 5 44 46 23 9 3 41 47
22 8 38 44 5 46 23 9 3 41 47
22 38 8 44 5 46 23 9 3 41 47
22 38 44 8 5 46 23 9 3 41 47
22 8 38 44 46 5 23 9 3 41 47
22 38 8 44 46 5 23 9 3 41 47
22 38 44 8 46 5 23 9 3 41 47
22 38 44 46 8 5 23 9 3 41 47
22 8 38 23 44 46 5 9 3 41 47
22 38 8 23 44 46 5 9 3 41 47
22 8 38 44 23 46 5 9 3 41 47
22 38 8 44 23 46 5 9 3 41 47
22 38 44 8 23 46 5 9 3 41 47
22 8 38 44 46 23 5 9 3 41 47
22 38 8 44 46 23 5 9 3 41 47
22 38 44 8 46 23 5 9 3 41 47
22 38 44 46 8 23 5 9 3 41 47
22 8 5 3 38 23 44 41 46 9 47
22 8 5 38 3 23 44 41 46 9 47
22 8 38 5 3 23 44 41 46 9 47
22 38 8 5 3 23 44 41 46 9 47
22 8 5 38 23 3 44 41 46 9 47
22 8 38 5 23 3 44 41 46 9 47
22 38 8 5 23 3 44 41 46 9 47
22 8 38 23 5 3 44 41 46 9 47
22 38 8 23 5 3 44 41 46 9 47
22 8 5 3 38 44 23 41 46 9 47
22 8 5 38 3 44 23 41 46 9 47
22 8 38 5 3 44 23 41 46 9 47
22 38 8 5 3 44 23 41 46 9 47
22 8 5 38 44 3 23 41 46 9 47
22 8 38 5 44 3 23 41 46 9 47
22 38 8 5 44 3 23 41 46 9 47
22 8 38 44 5 3 23 41 46 9 47
22 38 8 44 5 3 23 41 46 9 47
22 38 44 8 5 3 23 41 46 9 47
22 8 5 38 23 44 3 41 46 9 47
22 8 38 5 23 44 3 41 46 9 47
22 38 8 5 23 44 3 41 46 9 47
22 8 38 23 5 44 3 41 46 9 47
22 38 8 23 5 44 3 41 46 9 47
22 8 5 38 44 23 3 41 46 9 47
22 8 38 5 44 23 3 41 46 9 47
22 38 8 5 44 23 3 41 46 9 47
22 8 38 44 5 23 3 41 46 9 47
22 38 8 44 5 23 3 41 46 9 47
22 38 44 8 5 23 3 41 46 9 47
22 8 38 23 44 5 3 41 46 9 47
22 38 8 23 44 5 3 41 46 9 47
22 8 38 44 23 5 3 41 46 9 47
22 38 8 44 23 5 3 41 46 9 47
22 38 44 8 23 5 3 41 46 9 47
22 8 5 38 23 44 41 3 46 9 47
22 8 38 5 23 44 41 3 46 9 47
22 38 8 5 23 44 41 3 46 9 47
22 8 38 23 5 44 41 3 46 9 47
22 38 8 23 5 44 41 3 46 9 47
22 8 5 38 44 23 41 3 46 9 47
22 8 38 5 44 23 41 3 46 9 47
22 38 8 5 44 23 41 3 46 9 47
22 8 38 44 5 23 41 3 46 9 47
22 38 8 44 5 23 41 3 46 9 47
22 38 44 8 5 23 41 3 46 9 47
22 8 38 23 44 5 41 3 46 9 47
22 38 8 23 44 5 41 3 46 9 47
22 8 38 44 23 5 41 3 46 9 47
22 38 8 44 23 5 41 3 46 9 47
22 38 44 8 23 5 41 3 46 9 47
22 8 38 23 44 41 5 3 46 9 47
22 38 8 23 44 41 5 3 46 9 47
22 8 38 44 23 41 5 3 46 9 47
22 38 8 44 23 41 5 3 46 9 47
22 38 44 8 23 41 5 3 46 9 47
22 8 5 3 38 23 44 46 41 9 47
22 8 5 38 3 23 44 46 41 9 47
22 8 38 5 3 23 44 46 41 9 47
22 38 8 5 3 23 44 46 41 9 47
22 8 5 38 23 3 44 46 41 9 47
22 8 38 5 23 3 44 46 41 9 47
22 38 8 5 23 3 44 46 41 9 47
22 8 38 23 5 3 44 46 41 9 47
22 38 8 23 5 3 44 46 41 9 47
22 8 5 3 38 44 23 46 41 9 47
22 8 5 38 3 44 23 46 41 9 47
22 8 38 5 3 44 23 46 41 9 47
22 38 8 5 3 44 23 46 41 9 47
22 8 5 38 44 3 23 46 41 9 47
22 8 38 5 44 3 23 46 41 9 47
22 38 8 5 44 3 23 46 41 9 47
22 8 38 44 5 3 23 46 41 9 47
22 38 8 44 5 3 23 46 41 9 47
22 38 44 8 5 3 23 46 41 9 47
22 8 5 38 23 44 3 46 41 9 47
22 8 38 5 23 44 3 46 41 9 47
22 38 8 5 23 44 3 46 41 9 47
22 8 38 23 5 44 3 46 41 9 47
22 38 8 23 5 44 3 46 41 9 47
22 8 5 38 44 23 3 46 41 9 47
22 8 38 5 44 23 3 46 41 9 47
22 38 8 5 44 23 3 46 41 9 47
22 8 38 44 5 23 3 46 41 9 47
22 38 8 44 5 23 3 46 41 9 47
22 38 44 8 5 23 3 46 41 9 47
22 8 38 23 44 5 3 46 41 9 47
22 38 8 23 44 5 3 46 41 9 47
22 8 38 44 23 5 3 46 41 9 47
22 38 8 44 23 5 3 46 41 9 47
22 38 44 8 23 5 3 46 41 9 47
22 8 5 3 38 44 46 23 41 9 47
22 8 5 38 3 44 46 23 41 9 47
22 8 38 5 3 44 46 23 41 9 47
22 38 8 5 3 44 46 23 41 9 47
22 8 5 38 44 3 46 23 41 9 47
22 8 38 5 44 3 46 23 41 9 47
22 38 8 5 44 3 46 23 41 9 47
22 8 38 44 5 3 46 23 41 9 47
22 38 8 44 5 3 46 23 41 9 47
22 38 44 8 5 3 46 23 41 9 47
22 8 5 38 44 46 3 23 41 9 47
22 8 38 5 44 46 3 23 41 9 47
22 38 8 5 44 46 3 23 41 9 47
22 8 38 44 5 46 3 23 41 9 47
22 38 8 44 5 46 3 23 41 9 47
22 38 44 8 5 46 3 23 41 9 47
22 8 38 44 46 5 3 23 41 9 47
22 38 8 44 46 5 3 23 41 9 47
22 38 44 8 46 5 3 23 41 9 47
22 38 44 46 8 5 3 23 41 9 47
22 8 5 38 23 44 46 3 41 9 47
22 8 38 5 23 44 46 3 41 9 47
22 38 8 5 23 44 46 3 41 9 47
22 8 38 23 5 44 46 3 41 9 47
22 38 8 23 5 44 46 3 41 9 47
22 8 5 38 44 23 46 3 41 9 47
22 8 38 5 44 23 46 3 41 9 47
22 38 8 5 44 23 46 3 41 9 47
22 8 38 44 5 23 46 3 41 9 47
22 38 8 44 5 23 46 3 41 9 47
22 38 44 8 5 23 46 3 41 9 47
22 8 38 23 44 5 46 3 41 9 47
22 38 8 23 44 5 46 3 41 9 47
22 8 38 44 23 5 46 3 41 9 47
22 38 8 44 23 5 46 3 41 9 47
22 38 44 8 23 5 46 3 41 9 47
22 8 5 38 44 46 23 3 41 9 47
22 8 38 5 44 46 23 3 41 9 47
22 38 8 5 44 46 23 3 41 9 47
22 8 38 44 5 46 23 3 41 9 47
22 38 8 44 5 46 23 3 41 9 47
22 38 44 8 5 46 23 3 41 9 47
22 8 38 44 46 5 23 3 41 9 47
22 38 8 44 46 5 23 3 41 9 47
22 38 44 8 46 5 23 3 41 9 47
22 38 44 46 8 5 23 3 41 9 47
22 8 38 23 44 46 5 3 41 9 47
22 38 8 23 44 46 5 3 41 9 47
22 8 38 44 23 46 5 3 41 9 47
22 38 8 44 23 46 5 3 41 9 47
22 38 44 8 23 46 5 3 41 9 47
22 8 38 44 46 23 5 3 41 9 47
22 38 8 44 46 23 5 3 41 9 47
22 38 44 8 46 23 5 3 41 9 47
22 38 44 46 8 23 5 3 41 9 47
22 8 5 38 23 44 41 46 3 9 47
22 8 38 5 23 44 41 46 3 9 47
22 38 8 5 23 44 41 46 3 9 47
22 8 38 23 5 44 41 46 3 9 47
22 38 8 23 5 44 41 46 3 9 47
22 8 5 38 44 23 41 46 3 9 47
22 8 38 5 44 23 41 46 3 9 47
22 38 8 5 44 23 41 46 3 9 47
22 8 38 44 5 23 41 46 3 9 47
22 38 8 44 5 23 41 46 3 9 47
22 38 44 8 5 23 41 46 3 9 47
22 8 38 23 44 5 41 46 3 9 47
22 38 8 23 44 5 41 46 3 9 47
22 8 38 44 23 5 41 46 3 9 47
22 38 8 44 23 5 41 46 3 9 47
22 38 44 8 23 5 41 46 3 9 47
22 8 38 23 44 41 5 46 3 9 47
22 38 8 23 44 41 5 46 3 9 47
22 8 38 44 23 41 5 46 3 9 47
22 38 8 44 23 41 5 46 3 9 47
22 38 44 8 23 41 5 46 3 9 47
22 8 5 38 23 44 46 41 3 9 47
22 8 38 5 23 44 46 41 3 9 47
22 38 8 5 23 44 46 41 3 9 47
22 8 38 23 5 44 46 41 3 9 47
22 38 8 23 5 44 46 41 3 9 47
22 8 5 38 44 23 46 41 3 9 47
22 8 38 5 44 23 46 41 3 9 47
22 38 8 5 44 23 46 41 3 9 47
22 8 38 44 5 23 46 41 3 9 47
22 38 8 44 5 23 46 41 3 9 47
22 38 44 8 5 23 46 41 3 9 47
22 8 38 23 44 5 46 41 3 9 47
22 38 8 23 44 5 46 41 3 9 47
22 8 38 44 23 5 46 41 3 9 47
22 38 8 44 23 5 46 41 3 9 47
22 38 44 8 23 5 46 41 3 9 47
22 8 5 38 44 46 23 41 3 9 47
22 8 38 5 44 46 23 41 3 9 47
22 38 8 5 44 46 23 41 3 9 47
22 8 38 44 5 46 23 41 3 9 47
22 38 8 44 5 46 23 41 3 9 47
22 38 44 8 5 46 23 41 3 9 47
22 8 38 44 46 5 23 41 3 9 47
22 38 8 44 46 5 23 41 3 9 47
22 38 44 8 46 5 23 41 3 9 47
22 38 44 46 8 5 23 41 3 9 47
22 8 38 23 44 46 5 41 3 9 47
22 38 8 23 44 46 5 41 3 9 47
22 8 38 44 23 46 5 41 3 9 47
22 38 8 44 23 46 5 41 3 9 47
22 38 44 8 23 46 5 41 3 9 47
22 8 38 44 46 23 5 41 3 9 47
22 38 8 44 46 23 5 41 3 9 47
22 38 44 8 46 23 5 41 3 9 47
22 38 44 46 8 23 5 41 3 9 47
22 8 38 23 44 41 46 5 3 9 47
22 38 8 23 44 41 46 5 3 9 47
22 8 38 44 23 41 46 5 3 9 47
22 38 8 44 23 41 46 5 3 9 47
22 38 44 8 23 41 46 5 3 9 47
22 8 38 23 44 46 41 5 3 9 47
22 38 8 23 44 46 41 5 3 9 47
22 8 38 44 23 46 41 5 3 9 47
22 38 8 44 23 46 41 5 3 9 47
22 38 44 8 23 46 41 5 3 9 47
22 8 38 44 46 23 41 5 3 9 47
22 38 8 44 46 23 41 5 3 9 47
22 38 44 8 46 23 41 5 3 9 47
22 38 44 46 8 23 41 5 3 9 47
22 8 5 38 23 9 44 41 46 3 47
22 8 38 5 23 9 44 41 46 3 47
22 38 8 5 23 9 44 41 46 3 47
22 8 38 23 5 9 44 41 46 3 47
22 38 8 23 5 9 44 41 46 3 47
22 8 5 38 23 44 9 41 46 3 47
22 8 38 5 23 44 9 41 46 3 47
22 38 8 5 23 44 9 41 46 3 47
22 8 38 23 5 44 9 41 46 3 47
22 38 8 23 5 44 9 41 46 3 47
22 8 5 38 44 23 9 41 46 3 47
22 8 38 5 44 23 9 41 46 3 47
22 38 8 5 44 23 9 41 46 3 47
22 8 38 44 5 23 9 41 46 3 47
22 38 8 44 5 23 9 41 46 3 47
22 38 44 8 5 23 9 41 46 3 47
22 8 38 23 44 5 9 41 46 3 47
22 38 8 23 44 5 9 41 46 3 47
22 8 38 44 23 5 9 41 46 3 47
22 38 8 44 23 5 9 41 46 3 47
22 38 44 8 23 5 9 41 46 3 47
22 8 5 38 23 44 41 9 46 3 47
22 8 38 5 23 44 41 9 46 3 47
22 38 8 5 23 44 41 9 46 3 47
22 8 38 23 5 44 41 9 46 3 47
22 38 8 23 5 44 41 9 46 3 47
22 8 5 38 44 23 41 9 46 3 47
22 8 38 5 44 23 41 9 46 3 47
22 38 8 5 44 23 41 9 46 3 47
22 8 38 44 5 23 41 9 46 3 47
22 38 8 44 5 23 41 9 46 3 47
22 38 44 8 5 23 41 9 46 3 47
22 8 38 23 44 5 41 9 46 3 47
22 38 8 23 44 5 41 9 46 3 47
22 8 38 44 23 5 41 9 46 3 47
22 38 8 44 23 5 41 9 46 3 47
22 38 44 8 23 5 41 9 46 3 47
22 8 38 23 44 41 5 9 46 3 47
22 38 8 23 44 41 5 9 46 3 47
22 8 38 44 23 41 5 9 46 3 47
22 38 8 44 23 41 5 9 46 3 47
22 38 44 8 23 41 5 9 46 3 47
22 8 5 38 23 9 44 46 41 3 47
22 8 38 5 23 9 44 46 41 3 47
22 38 8 5 23 9 44 46 41 3 47
22 8 38 23 5 9 44 46 41 3 47
22 38 8 23 5 9 44 46 41 3 47
22 8 5 38 23 44 9 46 41 3 47
22 8 38 5 23 44 9 46 41 3 47
22 38 8 5 23 44 9 46 41 3 47
22 8 38 23 5 44 9 46 41 3 47
22 38 8 23 5 44 9 46 41 3 47
22 8 5 38 44 23 9 46 41 3 47
22 8 38 5 44 23 9 46 41 3 47
22 38 8 5 44 23 9 46 41 3 47
22 8 38 44 5 23 9 46 41 3 47
22 38 8 44 5 23 9 46 41 3 47
22 38 44 8 5 23 9 46 41 3 47
22 8 38 23 44 5 9 46 41 3 47
22 38 8 23 44 5 9 46 41 3 47
22 8 38 44 23 5 9 46 41 3 47
22 38 8 44 23 5 9 46 41 3 47
22 38 44 8 23 5 9 46 41 3 47
22 8 5 38 23 44 46 9 41 3 47
22 8 38 5 23 44 46 9 41 3 47
22 38 8 5 23 44 46 9 41 3 47
22 8 38 23 5 44 46 9 41 3 47
22 38 8 23 5 44 46 9 41 3 47
22 8 5 38 44 23 46 9 41 3 47
22 8 38 5 44 23 46 9 41 3 47
22 38 8 5 44 23 46 9 41 3 47
22 8 38 44 5 23 46 9 41 3 47
22 38 8 44 5 23 46 9 41 3 47
22 38 44 8 5 23 46 9 41 3 47
22 8 38 23 44 5 46 9 41 3 47
22 38 8 23 44 5 46 9 41 3 47
22 8 38 44 23 5 46 9 41 3 47
22 38 8 44 23 5 46 9 41 3 47
22 38 44 8 23 5 46 9 41 3 47
22 8 5 38 44 46 23 9 41 3 47
22 8 38 5 44 46 23 9 41 3 47
22 38 8 5 44 46 23 9 41 3 47
22 8 38 44 5 46 23 9 41 3 47
22 38 8 44 5 46 23 9 41 3 47
22 38 44 8 5 46 23 9 41 3 47
22 8 38 44 46 5 23 9 41 3 47
22 38 8 44 46 5 23 9 41 3 47
22 38 44 8 46 5 23 9 41 3 47
22 38 44 46 8 5 23 9 41 3 47
22 8 38 23 44 46 5 9 41 3 47
22 38 8 23 44 46 5 9 41 3 47
22 8 38 44 23 46 5 9 41 3 47
22 38 8 44 23 46 5 9 41 3 47
22 38 44 8 23 46 5 9 41 3 47
22 8 38 44 46 23 5 9 41 3 47
22 38 8 44 46 23 5 9 41 3 47
22 38 44 8 46 23 5 9 41 3 47
22 38 44 46 8 23 5 9 41 3 47
22 8 5 38 23 44 41 46 9 3 47
22 8 38 5 23 44 41 46 9 3 47
22 38 8 5 23 44 41 46 9 3 47
22 8 38 23 5 44 41 46 9 3 47
22 38 8 23 5 44 41 46 9 3 47
22 8 5 38 44 23 41 46 9 3 47
22 8 38 5 44 23 41 46 9 3 47
22 38 8 5 44 23 41 46 9 3 47
22 8 38 44 5 23 41 46 9 3 47
22 38 8 44 5 23 41 46 9 3 47
22 38 44 8 5 23 41 46 9 3 47
22 8 38 23 44 5 41 46 9 3 47
22 38 8 23 44 5 41 46 9 3 47
22 8 38 44 23 5 41 46 9 3 47
22 38 8 44 23 5 41 46 9 3 47
22 38 44 8 23 5 41 46 9 3 47
22 8 38 23 44 41 5 46 9 3 47
22 38 8 23 44 41 5 46 9 3 47
22 8 38 44 23 41 5 46 9 3 47
22 38 8 44 23 41 5 46 9 3 47
22 38 44 8 23 41 5 46 9 3 47
22 8 5 38 23 44 46 41 9 3 47
22 8 38 5 23 44 46 41 9 3 47
22 38 8 5 23 44 46 41 9 3 47
22 8 38 23 5 44 46 41 9 3 47
22 38 8 23 5 44 46 41 9 3 47
22 8 5 38 44 23 46 41 9 3 47
22 8 38 5 44 23 46 41 9 3 47
22 38 8 5 44 23 46 41 9 3 47
22 8 38 44 5 23 46 41 9 3 47
22 38 8 44 5 23 46 41 9 3 47
22 38 44 8 5 23 46 41 9 3 47
22 8 38 23 44 5 46 41 9 3 47
22 38 8 23 44 5 46 41 9 3 47
22 8 38 44 23 5 46 41 9 3 47
22 38 8 44 23 5 46 41 9 3 47
22 38 44 8 23 5 46 41 9 3 47
22 8 5 38 44 46 23 41 9 3 47
22 8 38 5 44 46 23 41 9 3 47
22 38 8 5 44 46 23 41 9 3 47
22 8 38 44 5 46 23 41 9 3 47
22 38 8 44 5 46 23 41 9 3 47
22 38 44 8 5 46 23 41 9 3 47
22 8 38 44 46 5 23 41 9 3 47
22 38 8 44 46 5 23 41 9 3 47
22 38 44 8 46 5 23 41 9 3 47
22 38 44 46 8 5 23 41 9 3 47
22 8 38 23 44 46 5 41 9 3 47
22 38 8 23 44 46 5 41 9 3 47
22 8 38 44 23 46 5 41 9 3 47
22 38 8 44 23 46 5 41 9 3 47
22 38 44 8 23 46 5 41 9 3 47
22 8 38 44 46 23 5 41 9 3 47
22 38 8 44 46 23 5 41 9 3 47
22 38 44 8 46 23 5 41 9 3 47
22 38 44 46 8 23 5 41 9 3 47
22 8 38 23 44 41 46 5 9 3 47
22 38 8 23 44 41 46 5 9 3 47
22 8 38 44 23 41 46 5 9 3 47
22 38 8 44 23 41 46 5 9 3 47
22 38 44 8 23 41 46 5 9 3 47
22 8 38 23 44 46 41 5 9 3 47
22 38 8 23 44 46 41 5 9 3 47
22 8 38 44 23 46 41 5 9 3 47
22 38 8 44 23 46 41 5 9 3 47
22 38 44 8 23 46 41 5 9 3 47
22 8 38 44 46 23 41 5 9 3 47
22 38 8 44 46 23 41 5 9 3 47
22 38 44 8 46 23 41 5 9 3 47
22 38 44 46 8 23 41 5 9 3 47
22 8 5 3 38 23 9 44 46 47 41
22 8 5 38 3 23 9 44 46 47 41
22 8 38 5 3 23 9 44 46 47 41
22 38 8 5 3 23 9 44 46 47 41
22 8 5 38 23 3 9 44 46 47 41
22 8 38 5 23 3 9 44 46 47 41
22 38 8 5 23 3 9 44 46 47 41
22 8 38 23 5 3 9 44 46 47 41
22 38 8 23 5 3 9 44 46 47 41
22 8 5 38 23 9 3 44 46 47 41
22 8 38 5 23 9 3 44 46 47 41
22 38 8 5 23 9 3 44 46 47 41
22 8 38 23 5 9 3 44 46 47 41
22 38 8 23 5 9 3 44 46 47 41
22 8 5 3 38 23 44 9 46 47 41
22 8 5 38 3 23 44 9 46 47 41
22 8 38 5 3 23 44 9 46 47 41
22 38 8 5 3 23 44 9 46 47 41
22 8 5 38 23 3 44 9 46 47 41
22 8 38 5 23 3 44 9 46 47 41
22 38 8 5 23 3 44 9 46 47 41
22 8 38 23 5 3 44 9 46 47 41
22 38 8 23 5 3 44 9 46 47 41
22 8 5 3 38 44 23 9 46 47 41
22 8 5 38 3 44 23 9 46 47 41
22 8 38 5 3 44 23 9 46 47 41
22 38 8 5 3 44 23 9 46 47 41
22 8 5 38 44 3 23 9 46 47 41
22 8 38 5 44 3 23 9 46 47 41
22 38 8 5 44 3 23 9 46 47 41
22 8 38 44 5 3 23 9 46 47 41
22 38 8 44 5 3 23 9 46 47 41
22 38 44 8 5 3 23 9 46 47 41
22 8 5 38 23 44 3 9 46 47 41
22 8 38 5 23 44 3 9 46 47 41
22 38 8 5 23 44 3 9 46 47 41
22 8 38 23 5 44 3 9 46 47 41
22 38 8 23 5 44 3 9 46 47 41
22 8 5 38 44 23 3 9 46 47 41
22 8 38 5 44 23 3 9 46 47 41
22 38 8 5 44 23 3 9 46 47 41
22 8 38 44 5 23 3 9 46 47 41
22 38 8 44 5 23 3 9 46 47 41
22 38 44 8 5 23 3 9 46 47 41
22 8 38 23 44 5 3 9 46 47 41
22 38 8 23 44 5 3 9 46 47 41
22 8 38 44 23 5 3 9 46 47 41
22 38 8 44 23 5 3 9 46 47 41
22 38 44 8 23 5 3 9 46 47 41
22 8 5 38 23 9 44 3 46 47 41
22 8 38 5 23 9 44 3 46 47 41
22 38 8 5 23 9 44 3 46 47 41
22 8 38 23 5 9 44 3 46 47 41
22 38 8 23 5 9 44 3 46 47 41
22 8 5 38 23 44 9 3 46 47 41
22 8 38 5 23 44 9 3 46 47 41
22 38 8 5 23 44 9 3 46 47 41
22 8 38 23 5 44 9 3 46 47 41
22 38 8 23 5 44 9 3 46 47 41
22 8 5 38 44 23 9 3 46 47 41
22 8 38 5 44 23 9 3 46 47 41
22 38 8 5 44 23 9 3 46 47 41
22 8 38 44 5 23 9 3 46 47 41
22 38 8 44 5 23 9 3 46 47 41
22 38 44 8 5 23 9 3 46 47 41
22 8 38 23 44 5 9 3 46 47 41
22 38 8 23 44 5 9 3 46 47 41
22 8 38 44 23 5 9 3 46 47 41
22 38 8 44 23 5 9 3 46 47 41
22 38 44 8 23 5 9 3 46 47 41
22 8 5 3 38 23 44 46 9 47 41
22 8 5 38 3 23 44 46 9 47 41
22 8 38 5 3 23 44 46 9 47 41
22 38 8 5 3 23 44 46 9 47 41
22 8 5 38 23 3 44 46 9 47 41
22 8 38 5 23 3 44 46 9 47 41
22 38 8 5 23 3 44 46 9 47 41
22 8 38 23 5 3 44 46 9 47 41
22 38 8 23 5 3 44 46 9 47 41
22 8 5 3 38 44 23 46 9 47 41
22 8 5 38 3 44 23 46 9 47 41
22 8 38 5 3 44 23 46 9 47 41
22 38 8 5 3 44 23 46 9 47 41
22 8 5 38 44 3 23 46 9 47 41
22 8 38 5 44 3 23 46 9 47 41
22 38 8 5 44 3 23 46 9 47 41
22 8 38 44 5 3 23 46 9 47 41
22 38 8 44 5 3 23 46 9 47 41
22 38 44 8 5 3 23 46 9 47 41
22 8 5 38 23 44 3 46 9 47 41
22 8 38 5 23 44 3 46 9 47 41
22 38 8 5 23 44 3 46 9 47 41
22 8 38 23 5 44 3 46 9 47 41
22 38 8 23 5 44 3 46 9 47 41
22 8 5 38 44 23 3 46 9 47 41
22 8 38 5 44 23 3 46 9 47 41
22 38 8 5 44 23 3 46 9 47 41
22 8 38 44 5 23 3 46 9 47 41
22 38 8 44 5 23 3 46 9 47 41
22 38 44 8 5 23 3 46 9 47 41
22 8 38 23 44 5 3 46 9 47 41
22 38 8 23 44 5 3 46 9 47 41
22 8 38 44 23 5 3 46 9 47 41
22 38 8 44 23 5 3 46 9 47 41
22 38 44 8 23 5 3 46 9 47 41
22 8 5 3 38 44 46 23 9 47 41
22 8 5 38 3 44 46 23 9 47 41
22 8 38 5 3 44 46 23 9 47 41
22 38 8 5 3 44 46 23 9 47 41
22 8 5 38 44 3 46 23 9 47 41
22 8 38 5 44 3 46 23 9 47 41
22 38 8 5 44 3 46 23 9 47 41
22 8 38 44 5 3 46 23 9 47 41
22 38 8 44 5 3 46 23 9 47 41
22 38 44 8 5 3 46 23 9 47 41
22 8 5 38 44 46 3 23 9 47 41
22 8 38 5 44 46 3 23 9 47 41
22 38 8 5 44 46 3 23 9 47 41
22 8 38 44 5 46 3 23 9 47 41
22 38 8 44 5 46 3 23 9 47 41
22 38 44 8 5 46 3 23 9 47 41
22 8 38 44 46 5 3 23 9 47 41
22 38 8 44 46 5 3 23 9 47 41
22 38 44 8 46 5 3 23 9 47 41
22 38 44 46 8 5 3 23 9 47 41
22 8 5 38 23 44 46 3 9 47 41
22 8 38 5 23 44 46 3 9 47 41
22 38 8 5 23 44 46 3 9 47 41
22 8 38 23 5 44 46 3 9 47 41
22 38 8 23 5 44 46 3 9 47 41
22 8 5 38 44 23 46 3 9 47 41
22 8 38 5 44 23 46 3 9 47 41
22 38 8 5 44 23 46 3 9 47 41
22 8 38 44 5 23 46 3 9 47 41
22 38 8 44 5 23 46 3 9 47 41
22 38 44 8 5 23 46 3 9 47 41
22 8 38 23 44 5 46 3 9 47 41
22 38 8 23 44 5 46 3 9 47 41
22 8 38 44 23 5 46 3 9 47 41
22 38 8 44 23 5 46 3 9 47 41
22 38 44 8 23 5 46 3 9 47 41
22 8 5 38 44 46 23 3 9 47 41
22 8 38 5 44 46 23 3 9 47 41
22 38 8 5 44 46 23 3 9 47 41
22 8 38 44 5 46 23 3 9 47 41
22 38 8 44 5 46 23 3 9 47 41
22 38 44 8 5 46 23 3 9 47 41
22 8 38 44 46 5 23 3 9 47 41
22 38 8 44 46 5 23 3 9 47 41
22 38 44 8 46 5 23 3 9 47 41
22 38 44 46 8 5 23 3 9 47 41
22 8 38 23 44 46 5 3 9 47 41
22 38 8 23 44 46 5 3 9 47 41
22 8 38 44 23 46 5 3 9 47 41
22 38 8 44 23 46 5 3 9 47 41
22 38 44 8 23 46 5 3 9 47 41
22 8 38 44 46 23 5 3 9 47 41
22 38 8 44 46 23 5 3 9 47 41
22 38 44 8 46 23 5 3 9 47 41
22 38 44 46 8 23 5 3 9 47 41
22 8 5 38 23 9 44 46 3 47 41
22 8 38 5 23 9 44 46 3 47 41
22 38 8 5 23 9 44 46 3 47 41
22 8 38 23 5 9 44 46 3 47 41
22 38 8 23 5 9 44 46 3 47 41
22 8 5 38 23 44 9 46 3 47 41
22 8 38 5 23 44 9 46 3 47 41
22 38 8 5 23 44 9 46 3 47 41
22 8 38 23 5 44 9 46 3 47 41
22 38 8 23 5 44 9 46 3 47 41
22 8 5 38 44 23 9 46 3 47 41
22 8 38 5 44 23 9 46 3 47 41
22 38 8 5 44 23 9 46 3 47 41
22 8 38 44 5 23 9 46 3 47 41
22 38 8 44 5 23 9 46 3 47 41
22 38 44 8 5 23 9 46 3 47 41
22 8 38 23 44 5 9 46 3 47 41
22 38 8 23 44 5 9 46 3 47 41
22 8 38 44 23 5 9 46 3 47 41
22 38 8 44 23 5 9 46 3 47 41
22 38 44 8 23 5 9 46 3 47 41
22 8 5 38 23 44 46 9 3 47 41
22 8 38 5 23 44 46 9 3 47 41
22 38 8 5 23 44 46 9 3 47 41
22 8 38 23 5 44 46 9 3 47 41
22 38 8 23 5 44 46 9 3 47 41
22 8 5 38 44 23 46 9 3 47 41
22 8 38 5 44 23 46 9 3 47 41
22 38 8 5 44 23 46 9 3 47 41
22 8 38 44 5 23 46 9 3 47 41
22 38 8 44 5 23 46 9 3 47 41
22 38 44 8 5 23 46 9 3 47 41
22 8 38 23 44 5 46 9 3 47 41
22 38 8 23 44 5 46 9 3 47 41
22 8 38 44 23 5 46 9 3 47 41
22 38 8 44 23 5 46 9 3 47 41
22 38 44 8 23 5 46 9 3 47 41
22 8 5 38 44 46 23 9 3 47 41
22 8 38 5 44 46 23 9 3 47 41
22 38 8 5 44 46 23 9 3 47 41
22 8 38 44 5 46 23 9 3 47 41
22 38 8 44 5 46 23 9 3 47 41
22 38 44 8 5 46 23 9 3 47 41
22 8 38 44 46 5 23 9 3 47 41
22 38 8 44 46 5 23 9 3 47 41
22 38 44 8 46 5 23 9 3 47 41
22 38 44 46 8 5 23 9 3 47 41
22 8 38 23 44 46 5 9 3 47 41
22 38 8 23 44 46 5 9 3 47 41
22 8 38 44 23 46 5 9 3 47 41
22 38 8 44 23 46 5 9 3 47 41
22 38 44 8 23 46 5 9 3 47 41
22 8 38 44 46 23 5 9 3 47 41
22 38 8 44 46 23 5 9 3 47 41
22 38 44 8 46 23 5 9 3 47 41
22 38 44 46 8 23 5 9 3 47 41
22 8 5 3 38 23 44 46 47 9 41
22 8 5 38 3 23 44 46 47 9 41
22 8 38 5 3 23 44 46 47 9 41
22 38 8 5 3 23 44 46 47 9 41
22 8 5 38 23 3 44 46 47 9 41
22 8 38 5 23 3 44 46 47 9 41
22 38 8 5 23 3 44 46 47 9 41
22 8 38 23 5 3 44 46 47 9 41
22 38 8 23 5 3 44 46 47 9 41
22 8 5 3 38 44 23 46 47 9 41
22 8 5 38 3 44 23 46 47 9 41
22 8 38 5 3 44 23 46 47 9 41
22 38 8 5 3 44 23 46 47 9 41
22 8 5 38 44 3 23 46 47 9 41
22 8 38 5 44 3 23 46 47 9 41
22 38 8 5 44 3 23 46 47 9 41
22 8 38 44 5 3 23 46 47 9 41
22 38 8 44 5 3 23 46 47 9 41
22 38 44 8 5 3 23 46 47 9 41
22 8 5 38 23 44 3 46 47 9 41
22 8 38 5 23 44 3 46 47 9 41
22 38 8 5 23 44 3 46 47 9 41
22 8 38 23 5 44 3 46 47 9 41
22 38 8 23 5 44 3 46 47 9 41
22 8 5 38 44 23 3 46 47 9 41
22 8 38 5 44 23 3 46 47 9 41
22 38 8 5 44 23 3 46 47 9 41
22 8 38 44 5 23 3 46 47 9 41
22 38 8 44 5 23 3 46 47 9 41
22 38 44 8 5 23 3 46 47 9 41
22 8 38 23 44 5 3 46 47 9 41
22 38 8 23 44 5 3 46 47 9 41
22 8 38 44 23 5 3 46 47 9 41
22 38 8 44 23 5 3 46 47 9 41
22 38 44 8 23 5 3 46 47 9 41
22 8 5 3 38 44 46 23 47 9 41
22 8 5 38 3 44 46 23 47 9 41
22 8 38 5 3 44 46 23 47 9 41
22 38 8 5 3 44 46 23 47 9 41
22 8 5 38 44 3 46 23 47 9 41
22 8 38 5 44 3 46 23 47 9 41
22 38 8 5 44 3 46 23 47 9 41
22 8 38 44 5 3 46 23 47 9 41
22 38 8 44 5 3 46 23 47 9 41
22 38 44 8 5 3 46 23 47 9 41
22 8 5 38 44 46 3 23 47 9 41
22 8 38 5 44 46 3 23 47 9 41
22 38 8 5 44 46 3 23 47 9 41
22 8 38 44 5 46 3 23 47 9 41
22 38 8 44 5 46 3 23 47 9 41
22 38 44 8 5 46 3 23 47 9 41
22 8 38 44 46 5 3 23 47 9 41
22 38 8 44 46 5 3 23 47 9 41
22 38 44 8 46 5 3 23 47 9 41
22 38 44 46 8 5 3 23 47 9 41
22 8 5 38 23 44 46 3 47 9 41
22 8 38 5 23 44 46 3 47 9 41
22 38 8 5 23 44 46 3 47 9 41
22 8 38 23 5 44 46 3 47 9 41
22 38 8 23 5 44 46 3 47 9 41
22 8 5 38 44 23 46 3 47 9 41
22 8 38 5 44 23 46 3 47 9 41
22 38 8 5 44 23 46 3 47 9 41
22 8 38 44 5 23 46 3 47 9 41
22 38 8 44 5 23 46 3 47 9 41
22 38 44 8 5 23 46 3 47 9 41
22 8 38 23 44 5 46 3 47 9 41
22 38 8 23 44 5 46 3 47 9 41
22 8 38 44 23 5 46 3 47 9 41
22 38 8 44 23 5 46 3 47 9 41
22 38 44 8 23 5 46 3 47 9 41
22 8 5 38 44 46 23 3 47 9 41
22 8 38 5 44 46 23 3 47 9 41
22 38 8 5 44 46 23 3 47 9 41
22 8 38 44 5 46 23 3 47 9 41
22 38 8 44 5 46 23 3 47 9 41
22 38 44 8 5 46 23 3 47 9 41
22 8 38 44 46 5 23 3 47 9 41
22 38 8 44 46 5 23 3 47 9 41
22 38 44 8 46 5 23 3 47 9 41
22 38 44 46 8 5 23 3 47 9 41
22 8 38 23 44 46 5 3 47 9 41
22 38 8 23 44 46 5 3 47 9 41
22 8 38 44 23 46 5 3 47 9 41
22 38 8 44 23 46 5 3 47 9 41
22 38 44 8 23 46 5 3 47 9 41
22 8 38 44 46 23 5 3 47 9 41
22 38 8 44 46 23 5 3 47 9 41
22 38 44 8 46 23 5 3 47 9 41
22 38 44 46 8 23 5 3 47 9 41
22 8 5 3 38 44 46 47 23 9 41
22 8 5 38 3 44 46 47 23 9 41
22 8 38 5 3 44 46 47 23 9 41
22 38 8 5 3 44 46 47 23 9 41
22 8 5 38 44 3 46 47 23 9 41
22 8 38 5 44 3 46 47 23 9 41
22 38 8 5 44 3 46 47 23 9 41
22 8 38 44 5 3 46 47 23 9 41
22 38 8 44 5 3 46 47 23 9 41
22 38 44 8 5 3 46 47 23 9 41
22 8 5 38 44 46 3 47 23 9 41
22 8 38 5 44 46 3 47 23 9 41
22 38 8 5 44 46 3 47 23 9 41
22 8 38 44 5 46 3 47 23 9 41
22 38 8 44 5 46 3 47 23 9 41
22 38 44 8 5 46 3 47 23 9 41
22 8 38 44 46 5 3 47 23 9 41
22 38 8 44 46 5 3 47 23 9 41
22 38 44 8 46 5 3 47 23 9 41
22 38 44 46 8 5 3 47 23 9 41
22 8 5 38 44 46 47 3 23 9 41
22 8 38 5 44 46 47 3 23 9 41
22 38 8 5 44 46 47 3 23 9 41
22 8 38 44 5 46 47 3 23 9 41
22 38 8 44 5 46 47 3 23 9 41
22 38 44 8 5 46 47 3 23 9 41
22 8 38 44 46 5 47 3 23 9 41
22 38 8 44 46 5 47 3 23 9 41
22 38 44 8 46 5 47 3 23 9 41
22 38 44 46 8 5 47 3 23 9 41
22 8 38 44 46 47 5 3 23 9 41
22 38 8 44 46 47 5 3 23 9 41
22 38 44 8 46 47 5 3 23 9 41
22 38 44 46 8 47 5 3 23 9 41
22 38 44 46 47 8 5 3 23 9 41
22 8 5 38 23 44 46 47 3 9 41
22 8 38 5 23 44 46 47 3 9 41
22 38 8 5 23 44 46 47 3 9 41
22 8 38 23 5 44 46 47 3 9 41
22 38 8 23 5 44 46 47 3 9 41
22 8 5 38 44 23 46 47 3 9 41
22 8 38 5 44 23 46 47 3 9 41
22 38 8 5 44 23 46 47 3 9 41
22 8 38 44 5 23 46 47 3 9 41
22 38 8 44 5 23 46 47 3 9 41
22 38 44 8 5 23 46 47 3 9 41
22 8 38 23 44 5 46 47 3 9 41
22 38 8 23 44 5 46 47 3 9 41
22 8 38 44 23 5 46 47 3 9 41
22 38 8 44 23 5 46 47 3 9 41
22 38 44 8 23 5 46 47 3 9 41
22 8 5 38 44 46 23 47 3 9 41
22 8 38 5 44 46 23 47 3 9 41
22 38 8 5 44 46 23 47 3 9 41
22 8 38 44 5 46 23 47 3 9 41
22 38 8 44 5 46 23 47 3 9 41
22 38 44 8 5 46 23 47 3 9 41
22 8 38 44 46 5 23 47 3 9 41
22 38 8 44 46 5 23 47 3 9 41
22 38 44 8 46 5 23 47 3 9 41
22 38 44 46 8 5 23 47 3 9 41
22 8 38 23 44 46 5 47 3 9 41
22 38 8 23 44 46 5 47 3 9 41
22 8 38 44 23 46 5 47 3 9 41
22 38 8 44 23 46 5 47 3 9 41
22 38 44 8 23 46 5 47 3 9 41
22 8 38 44 46 23 5 47 3 9 41
22 38 8 44 46 23 5 47 3 9 41
22 38 44 8 46 23 5 47 3 9 41
22 38 44 46 8 23 5 47 3 9 41
22 8 5 38 44 46 47 23 3 9 41
22 8 38 5 44 46 47 23 3 9 41
22 38 8 5 44 46 47 23 3 9 41
22 8 38 44 5 46 47 23 3 9 41
22 38 8 44 5 46 47 23 3 9 41
22 38 44 8 5 46 47 23 3 9 41
22 8 38 44 46 5 47 23 3 9 41
22 38 8 44 46 5 47 23 3 9 41
22 38 44 8 46 5 47 23 3 9 41
22 38 44 46 8 5 47 23 3 9 41
22 8 38 44 46 47 5 23 3 9 41
22 38 8 44 46 47 5 23 3 9 41
22 38 44 8 46 47 5 23 3 9 41
22 38 44 46 8 47 5 23 3 9 41
22 38 44 46 47 8 5 23 3 9 41
22 8 38 23 44 46 47 5 3 9 41
22 38 8 23 44 46 47 5 3 9 41
22 8 38 44 23 46 47 5 3 9 41
22 38 8 44 23 46 47 5 3 9 41
22 38 44 8 23 46 47 5 3 9 41
22 8 38 44 46 23 47 5 3 9 41
22 38 8 44 46 23 47 5 3 9 41
22 38 44 8 46 23 47 5 3 9 41
22 38 44 46 8 23 47 5 3 9 41
22 8 38 44 46 47 23 5 3 9 41
22 38 8 44 46 47 23 5 3 9 41
22 38 44 8 46 47 23 5 3 9 41
22 38 44 46 8 47 23 5 3 9 41
22 38 44 46 47 8 23 5 3 9 41
22 8 5 38 23 9 44 46 47 3 41
22 8 38 5 23 9 44 46 47 3 41
22 38 8 5 23 9 44 46 47 3 41
22 8 38 23 5 9 44 46 47 3 41
22 38 8 23 5 9 44 46 47 3 41
22 8 5 38 23 44 9 46 47 3 41
22 8 38 5 23 44 9 46 47 3 41
22 38 8 5 23 44 9 46 47 3 41
22 8 38 23 5 44 9 46 47 3 41
22 38 8 23 5 44 9 46 47 3 41
22 8 5 38 44 23 9 46 47 3 41
22 8 38 5 44 23 9 46 47 3 41
22 38 8 5 44 23 9 46 47 3 41
22 8 38 44 5 23 9 46 47 3 41
22 38 8 44 5 23 9 46 47 3 41
22 38 44 8 5 23 9 46 47 3 41
22 8 38 23 44 5 9 46 47 3 41
22 38 8 23 44 5 9 46 47 3 41
22 8 38 44 23 5 9 46 47 3 41
22 38 8 44 23 5 9 46 47 3 41
22 38 44 8 23 5 9 46 47 3 41
22 8 5 38 23 44 46 9 47 3 41
22 8 38 5 23 44 46 9 47 3 41
22 38 8 5 23 44 46 9 47 3 41
22 8 38 23 5 44 46 9 47 3 41
22 38 8 23 5 44 46 9 47 3 41
22 8 5 38 44 23 46 9 47 3 41
22 8 38 5 44 23 46 9 47 3 41
22 38 8 5 44 23 46 9 47 3 41
22 8 38 44 5 23 46 9 47 3 41
22 38 8 44 5 23 46 9 47 3 41
22 38 44 8 5 23 46 9 47 3 41
22 8 38 23 44 5 46 9 47 3 41
22 38 8 23 44 5 46 9 47 3 41
22 8 38 44 23 5 46 9 47 3 41
22 38 8 44 23 5 46 9 47 3 41
22 38 44 8 23 5 46 9 47 3 41
22 8 5 38 44 46 23 9 47 3 41
22 8 38 5 44 46 23 9 47 3 41
22 38 8 5 44 46 23 9 47 3 41
22 8 38 44 5 46 23 9 47 3 41
22 38 8 44 5 46 23 9 47 3 41
22 38 44 8 5 46 23 9 47 3 41
22 8 38 44 46 5 23 9 47 3 41
22 38 8 44 46 5 23 9 47 3 41
22 38 44 8 46 5 23 9 47 3 41
22 38 44 46 8 5 23 9 47 3 41
22 8 38 23 44 46 5 9 47 3 41
22 38 8 23 44 46 5 9 47 3 41
22 8 38 44 23 46 5 9 47 3 41
22 38 8 44 23 46 5 9 47 3 41
22 38 44 8 23 46 5 9 47 3 41
22 8 38 44 46 23 5 9 47 3 41
22 38 8 44 46 23 5 9 47 3 41
22 38 44 8 46 23 5 9 47 3 41
22 38 44 46 8 23 5 9 47 3 41
22 8 5 38 23 44 46 47 9 3 41
22 8 38 5 23 44 46 47 9 3 41
22 38 8 5 23 44 46 47 9 3 41
22 8 38 23 5 44 46 47 9 3 41
22 38 8 23 5 44 46 47 9 3 41
22 8 5 38 44 23 46 47 9 3 41
22 8 38 5 44 23 46 47 9 3 41
22 38 8 5 44 23 46 47 9 3 41
22 8 38 44 5 23 46 47 9 3 41
22 38 8 44 5 23 46 47 9 3 41
22 38 44 8 5 23 46 47 9 3 41
22 8 38 23 44 5 46 47 9 3 41
22 38 8 23 44 5 46 47 9 3 41
22 8 38 44 23 5 46 47 9 3 41
22 38 8 44 23 5 46 47 9 3 41
22 38 44 8 23 5 46 47 9 3 41
22 8 5 38 44 46 23 47 9 3 41
22 8 38 5 44 46 23 47 9 3 41
22 38 8 5 44 46 23 47 9 3 41
22 8 38 44 5 46 23 47 9 3 41
22 38 8 44 5 46 23 47 9 3 41
22 38 44 8 5 46 23 47 9 3 41
22 8 38 44 46 5 23 47 9 3 41
22 38 8 44 46 5 23 47 9 3 41
22 38 44 8 46 5 23 47 9 3 41
22 38 44 46 8 5 23 47 9 3 41
22 8 38 23 44 46 5 47 9 3 41
22 38 8 23 44 46 5 47 9 3 41
22 8 38 44 23 46 5 47 9 3 41
22 38 8 44 23 46 5 47 9 3 41
22 38 44 8 23 46 5 47 9 3 41
22 8 38 44 46 23 5 47 9 3 41
22 38 8 44 46 23 5 47 9 3 41
22 38 44 8 46 23 5 47 9 3 41
22 38 44 46 8 23 5 47 9 3 41
22 8 5 38 44 46 47 23 9 3 41
22 8 38 5 44 46 47 23 9 3 41
22 38 8 5 44 46 47 23 9 3 41
22 8 38 44 5 46 47 23 9 3 41
22 38 8 44 5 46 47 23 9 3 41
22 38 44 8 5 46 47 23 9 3 41
22 8 38 44 46 5 47 23 9 3 41
22 38 8 44 46 5 47 23 9 3 41
22 38 44 8 46 5 47 23 9 3 41
22 38 44 46 8 5 47 23 9 3 41
22 8 38 44 46 47 5 23 9 3 41
22 38 8 44 46 47 5 23 9 3 41
22 38 44 8 46 47 5 23 9 3 41
22 38 44 46 8 47 5 23 9 3 41
22 38 44 46 47 8 5 23 9 3 41
22 8 38 23 44 46 47 5 9 3 41
22 38 8 23 44 46 47 5 9 3 41
22 8 38 44 23 46 47 5 9 3 41
22 38 8 44 23 46 47 5 9 3 41
22 38 44 8 23 46 47 5 9 3 41
22 8 38 44 46 23 47 5 9 3 41
22 38 8 44 46 23 47 5 9 3 41
22 38 44 8 46 23 47 5 9 3 41
22 38 44 46 8 23 47 5 9 3 41
22 8 38 44 46 47 23 5 9 3 41
22 38 8 44 46 47 23 5 9 3 41
22 38 44 8 46 47 23 5 9 3 41
22 38 44 46 8 47 23 5 9 3 41
22 38 44 46 47 8 23 5 9 3 41
22 8 5 3 38 23 44 41 46 47 9
22 8 5 38 3 23 44 41 46 47 9
22 8 38 5 3 23 44 41 46 47 9
22 38 8 5 3 23 44 41 46 47 9
22 8 5 38 23 3 44 41 46 47 9
22 8 38 5 23 3 44 41 46 47 9
22 38 8 5 23 3 44 41 46 47 9
22 8 38 23 5 3 44 41 46 47 9
22 38 8 23 5 3 44 41 46 47 9
22 8 5 3 38 44 23 41 46 47 9
22 8 5 38 3 44 23 41 46 47 9
22 8 38 5 3 44 23 41 46 47 9
22 38 8 5 3 44 23 41 46 47 9
22 8 5 38 44 3 23 41 46 47 9
22 8 38 5 44 3 23 41 46 47 9
22 38 8 5 44 3 23 41 46 47 9
22 8 38 44 5 3 23 41 46 47 9
22 38 8 44 5 3 23 41 46 47 9
22 38 44 8 5 3 23 41 46 47 9
22 8 5 38 23 44 3 41 46 47 9
22 8 38 5 23 44 3 41 46 47 9
22 38 8 5 23 44 3 41 46 47 9
22 8 38 23 5 44 3 41 46 47 9
22 38 8 23 5 44 3 41 46 47 9
22 8 5 38 44 23 3 41 46 47 9
22 8 38 5 44 23 3 41 46 47 9
22 38 8 5 44 23 3 41 46 47 9
22 8 38 44 5 23 3 41 46 47 9
22 38 8 44 5 23 3 41 46 47 9
22 38 44 8 5 23 3 41 46 47 9
22 8 38 23 44 5 3 41 46 47 9
22 38 8 23 44 5 3 41 46 47 9
22 8 38 44 23 5 3 41 46 47 9
22 38 8 44 23 5 3 41 46 47 9
22 38 44 8 23 5 3 41 46 47 9
22 8 5 38 23 44 41 3 46 47 9
22 8 38 5 23 44 41 3 46 47 9
22 38 8 5 23 44 41 3 46 47 9
22 8 38 23 5 44 41 3 46 47 9
22 38 8 23 5 44 41 3 46 47 9
22 8 5 38 44 23 41 3 46 47 9
22 8 38 5 44 23 41 3 46 47 9
22 38 8 5 44 23 41 3 46 47 9
22 8 38 44 5 23 41 3 46 47 9
22 38 8 44 5 23 41 3 46 47 9
22 38 44 8 5 23 41 3 46 47 9
22 8 38 23 44 5 41 3 46 47 9
22 38 8 23 44 5 41 3 46 47 9
22 8 38 44 23 5 41 3 46 47 9
22 38 8 44 23 5 41 3 46 47 9
22 38 44 8 23 5 41 3 46 47 9
22 8 38 23 44 41 5 3 46 47 9
22 38 8 23 44 41 5 3 46 47 9
22 8 38 44 23 41 5 3 46 47 9
22 38 8 44 23 41 5 3 46 47 9
22 38 44 8 23 41 5 3 46 47 9
22 8 5 3 38 23 44 46 41 47 9
22 8 5 38 3 23 44 46 41 47 9
22 8 38 5 3 23 44 46 41 47 9
22 38 8 5 3 23 44 46 41 47 9
22 8 5 38 23 3 44 46 41 47 9
22 8 38 5 23 3 44 46 41 47 9
22 38 8 5 23 3 44 46 41 47 9
22 8 38 23 5 3 44 46 41 47 9
22 38 8 23 5 3 44 46 41 47 9
22 8 5 3 38 44 23 46 41 47 9
22 8 5 38 3 44 23 46 41 47 9
22 8 38 5 3 44 23 46 41 47 9
22 38 8 5 3 44 23 46 41 47 9
22 8 5 38 44 3 23 46 41 47 9
22 8 38 5 44 3 23 46 41 47 9
22 38 8 5 44 3 23 46 41 47 9
22 8 38 44 5 3 23 46 41 47 9
22 38 8 44 5 3 23 46 41 47 9
22 38 44 8 5 3 23 46 41 47 9
22 8 5 38 23 44 3 46 41 47 9
22 8 38 5 23 44 3 46 41 47 9
22 38 8 5 23 44 3 46 41 47 9
22 8 38 23 5 44 3 46 41 47 9
22 38 8 23 5 44 3 46 41 47 9
22 8 5 38 44 23 3 46 41 47 9
22 8 38 5 44 23 3 46 41 47 9
22 38 8 5 44 23 3 46 41 47 9
22 8 38 44 5 23 3 46 41 47 9
22 38 8 44 5 23 3 46 41 47 9
22 38 44 8 5 23 3 46 41 47 9
22 8 38 23 44 5 3 46 41 47 9
22 38 8 23 44 5 3 46 41 47 9
22 8 38 44 23 5 3 46 41 47 9
22 38 8 44 23 5 3 46 41 47 9
22 38 44 8 23 5 3 46 41 47 9
22 8 5 3 38 44 46 23 41 47 9
22 8 5 38 3 44 46 23 41 47 9
22 8 38 5 3 44 46 23 41 47 9
22 38 8 5 3 44 46 23 41 47 9
22 8 5 38 44 3 46 23 41 47 9
22 8 38 5 44 3 46 23 41 47 9
22 38 8 5 44 3 46 23 41 47 9
22 8 38 44 5 3 46 23 41 47 9
22 38 8 44 5 3 46 23 41 47 9
22 38 44 8 5 3 46 23 41 47 9
22 8 5 38 44 46 3 23 41 47 9
22 8 38 5 44 46 3 23 41 47 9
22 38 8 5 44 46 3 23 41 47 9
22 8 38 44 5 46 3 23 41 47 9
22 38 8 44 5 46 3 23 41 47 9
22 38 44 8 5 46 3 23 41 47 9
22 8 38 44 46 5 3 23 41 47 9
22 38 8 44 46 5 3 23 41 47 9
22 38 44 8 46 5 3 23 41 47 9
22 38 44 46 8 5 3 23 41 47 9
22 8 5 38 23 44 46 3 41 47 9
22 8 38 5 23 44 46 3 41 47 9
22 38 8 5 23 44 46 3 41 47 9
22 8 38 23 5 44 46 3 41 47 9
22 38 8 23 5 44 46 3 41 47 9
22 8 5 38 44 23 46 3 41 47 9
22 8 38 5 44 23 46 3 41 47 9
22 38 8 5 44 23 46 3 41 47 9
22 8 38 44 5 23 46 3 41 47 9
22 38 8 44 5 23 46 3 41 47 9
22 38 44 8 5 23 46 3 41 47 9
22 8 38 23 44 5 46 3 41 47 9
22 38 8 23 44 5 46 3 41 47 9
22 8 38 44 23 5 46 3 41 47 9
22 38 8 44 23 5 46 3 41 47 9
22 38 44 8 23 5 46 3 41 47 9
22 8 5 38 44 46 23 3 41 47 9
22 8 38 5 44 46 23 3 41 47 9
22 38 8 5 44 46 23 3 41 47 9
22 8 38 44 5 46 23 3 41 47 9
22 38 8 44 5 46 23 3 41 47 9
22 38 44 8 5 46 23 3 41 47 9
22 8 38 44 46 5 23 3 41 47 9
22 38 8 44 46 5 23 3 41 47 9
22 38 44 8 46 5 23 3 41 47 9
22 38 44 46 8 5 23 3 41 47 9
22 8 38 23 44 46 5 3 41 47 9
22 38 8 23 44 46 5 3 41 47 9
22 8 38 44 23 46 5 3 41 47 9
22 38 8 44 23 46 5 3 41 47 9
22 38 44 8 23 46 5 3 41 47 9
22 8 38 44 46 23 5 3 41 47 9
22 38 8 44 46 23 5 3 41 47 9
22 38 44 8 46 23 5 3 41 47 9
22 38 44 46 8 23 5 3 41 47 9
22 8 5 38 23 44 41 46 3 47 9
22 8 38 5 23 44 41 46 3 47 9
22 38 8 5 23 44 41 46 3 47 9
22 8 38 23 5 44 41 46 3 47 9
22 38 8 23 5 44 41 46 3 47 9
22 8 5 38 44 23 41 46 3 47 9
22 8 38 5 44 23 41 46 3 47 9
22 38 8 5 44 23 41 46 3 47 9
22 8 38 44 5 23 41 46 3 47 9
22 38 8 44 5 23 41 46 3 47 9
22 38 44 8 5 23 41 46 3 47 9
22 8 38 23 44 5 41 46 3 47 9
22 38 8 23 44 5 41 46 3 47 9
22 8 38 44 23 5 41 46 3 47 9
22 38 8 44 23 5 41 46 3 47 9
22 38 44 8 23 5 41 46 3 47 9
22 8 38 23 44 41 5 46 3 47 9
22 38 8 23 44 41 5 46 3 47 9
22 8 38 44 23 41 5 46 3 47 9
22 38 8 44 23 41 5 46 3 47 9
22 38 44 8 23 41 5 46 3 47 9
22 8 5 38 23 44 46 41 3 47 9
22 8 38 5 23 44 46 41 3 47 9
22 38 8 5 23 44 46 41 3 47 9
22 8 38 23 5 44 46 41 3 47 9
22 38 8 23 5 44 46 41 3 47 9
22 8 5 38 44 23 46 41 3 47 9
22 8 38 5 44 23 46 41 3 47 9
22 38 8 5 44 23 46 41 3 47 9
22 8 38 44 5 23 46 41 3 47 9
22 38 8 44 5 23 46 41 3 47 9
22 38 44 8 5 23 46 41 3 47 9
22 8 38 23 44 5 46 41 3 47 9
22 38 8 23 44 5 46 41 3 47 9
22 8 38 44 23 5 46 41 3 47 9
22 38 8 44 23 5 46 41 3 47 9
22 38 44 8 23 5 46 41 3 47 9
22 8 5 38 44 46 23 41 3 47 9
22 8 38 5 44 46 23 41 3 47 9
22 38 8 5 44 46 23 41 3 47 9
22 8 38 44 5 46 23 41 3 47 9
22 38 8 44 5 46 23 41 3 47 9
22 38 44 8 5 46 23 41 3 47 9
22 8 38 44 46 5 23 41 3 47 9
22 38 8 44 46 5 23 41 3 47 9
22 38 44 8 46 5 23 41 3 47 9
22 38 44 46 8 5 23 41 3 47 9
22 8 38 23 44 46 5 41 3 47 9
22 38 8 23 44 46 5 41 3 47 9
22 8 38 44 23 46 5 41 3 47 9
22 38 8 44 23 46 5 41 3 47 9
22 38 44 8 23 46 5 41 3 47 9
22 8 38 44 46 23 5 41 3 47 9
22 38 8 44 46 23 5 41 3 47 9
22 38 44 8 46 23 5 41 3 47 9
22 38 44 46 8 23 5 41 3 47 9
22 8 38 23 44 41 46 5 3 47 9
22 38 8 23 44 41 46 5 3 47 9
22 8 38 44 23 41 46 5 3 47 9
22 38 8 44 23 41 46 5 3 47 9
22 38 44 8 23 41 46 5 3 47 9
22 8 38 23 44 46 41 5 3 47 9
22 38 8 23 44 46 41 5 3 47 9
22 8 38 44 23 46 41 5 3 47 9
22 38 8 44 23 46 41 5 3 47 9
22 38 44 8 23 46 41 5 3 47 9
22 8 38 44 46 23 41 5 3 47 9
22 38 8 44 46 23 41 5 3 47 9
22 38 44 8 46 23 41 5 3 47 9
22 38 44 46 8 23 41 5 3 47 9
22 8 5 3 38 23 44 46 47 41 9
22 8 5 38 3 23 44 46 47 41 9
22 8 38 5 3 23 44 46 47 41 9
22 38 8 5 3 23 44 46 47 41 9
22 8 5 38 23 3 44 46 47 41 9
22 8 38 5 23 3 44 46 47 41 9
22 38 8 5 23 3 44 46 47 41 9
22 8 38 23 5 3 44 46 47 41 9
22 38 8 23 5 3 44 46 47 41 9
22 8 5 3 38 44 23 46 47 41 9
22 8 5 38 3 44 23 46 47 41 9
22 8 38 5 3 44 23 46 47 41 9
22 38 8 5 3 44 23 46 47 41 9
22 8 5 38 44 3 23 46 47 41 9
22 8 38 5 44 3 23 46 47 41 9
22 38 8 5 44 3 23 46 47 41 9
22 8 38 44 5 3 23 46 47 41 9
22 38 8 44 5 3 23 46 47 41 9
22 38 44 8 5 3 23 46 47 41 9
22 8 5 38 23 44 3 46 47 41 9
22 8 38 5 23 44 3 46 47 41 9
22 38 8 5 23 44 3 46 47 41 9
22 8 38 23 5 44 3 46 47 41 9
22 38 8 23 5 44 3 46 47 41 9
22 8 5 38 44 23 3 46 47 41 9
22 8 38 5 44 23 3 46 47 41 9
22 38 8 5 44 23 3 46 47 41 9
22 8 38 44 5 23 3 46 47 41 9
22 38 8 44 5 23 3 46 47 41 9
22 38 44 8 5 23 3 46 47 41 9
22 8 38 23 44 5 3 46 47 41 9
22 38 8 23 44 5 3 46 47 41 9
22 8 38 44 23 5 3 46 47 41 9
22 38 8 44 23 5 3 46 47 41 9
22 38 44 8 23 5 3 46 47 41 9
22 8 5 3 38 44 46 23 47 41 9
22 8 5 38 3 44 46 23 47 41 9
22 8 38 5 3 44 46 23 47 41 9
22 38 8 5 3 44 46 23 47 41 9
22 8 5 38 44 3 46 23 47 41 9
22 8 38 5 44 3 46 23 47 41 9
22 38 8 5 44 3 46 23 47 41 9
22 8 38 44 5 3 46 23 47 41 9
22 38 8 44 5 3 46 23 47 41 9
22 38 44 8 5 3 46 23 47 41 9
22 8 5 38 44 46 3 23 47 41 9
22 8 38 5 44 46 3 23 47 41 9
22 38 8 5 44 46 3 23 47 41 9
22 8 38 44 5 46 3 23 47 41 9
22 38 8 44 5 46 3 23 47 41 9
22 38 44 8 5 46 3 23 47 41 9
22 8 38 44 46 5 3 23 47 41 9
22 38 8 44 46 5 3 23 47 41 9
22 38 44 8 46 5 3 23 47 41 9
22 38 44 46 8 5 3 23 47 41 9
22 8 5 38 23 44 46 3 47 41 9
22 8 38 5 23 44 46 3 47 41 9
22 38 8 5 23 44 46 3 47 41 9
22 8 38 23 5 44 46 3 47 41 9
22 38 8 23 5 44 46 3 47 41 9
22 8 5 38 44 23 46 3 47 41 9
22 8 38 5 44 23 46 3 47 41 9
22 38 8 5 44 23 46 3 47 41 9
22 8 38 44 5 23 46 3 47 41 9
22 38 8 44 5 23 46 3 47 41 9
22 38 44 8 5 23 46 3 47 41 9
22 8 38 23 44 5 46 3 47 41 9
22 38 8 23 44 5 46 3 47 41 9
22 8 38 44 23 5 46 3 47 41 9
22 38 8 44 23 5 46 3 47 41 9
22 38 44 8 23 5 46 3 47 41 9
22 8 5 38 44 46 23 3 47 41 9
22 8 38 5 44 46 23 3 47 41 9
22 38 8 5 44 46 23 3 47 41 9
22 8 38 44 5 46 23 3 47 41 9
22 38 8 44 5 46 23 3 47 41 9
22 38 44 8 5 46 23 3 47 41 9
22 8 38 44 46 5 23 3 47 41 9
22 38 8 44 46 5 23 3 47 41 9
22 38 44 8 46 5 23 3 47 41 9
22 38 44 46 8 5 23 3 47 41 9
22 8 38 23 44 46 5 3 47 41 9
22 38 8 23 44 46 5 3 47 41 9
22 8 38 44 23 46 5 3 47 41 9
22 38 8 44 23 46 5 3 47 41 9
22 38 44 8 23 46 5 3 47 41 9
22 8 38 44 46 23 5 3 47 41 9
22 38 8 44 46 23 5 3 47 41 9
22 38 44 8 46 23 5 3 47 41 9
22 38 44 46 8 23 5 3 47 41 9
22 8 5 3 38 44 46 47 23 41 9
22 8 5 38 3 44 46 47 23 41 9
22 8 38 5 3 44 46 47 23 41 9
22 38 8 5 3 44 46 47 23 41 9
22 8 5 38 44 3 46 47 23 41 9
22 8 38 5 44 3 46 47 23 41 9
22 38 8 5 44 3 46 47 23 41 9
22 8 38 44 5 3 46 47 23 41 9
22 38 8 44 5 3 46 47 23 41 9
22 38 44 8 5 3 46 47 23 41 9
22 8 5 38 44 46 3 47 23 41 9
22 8 38 5 44 46 3 47 23 41 9
22 38 8 5 44 46 3 47 23 41 9
22 8 38 44 5 46 3 47 23 41 9
22 38 8 44 5 46 3 47 23 41 9
22 38 44 8 5 46 3 47 23 41 9
22 8 38 44 46 5 3 47 23 41 9
22 38 8 44 46 5 3 47 23 41 9
22 38 44 8 46 5 3 47 23 41 9
22 38 44 46 8 5 3 47 23 41 9
22 8 5 38 44 46 47 3 23 41 9
22 8 38 5 44 46 47 3 23 41 9
22 38 8 5 44 46 47 3 23 41 9
22 8 38 44 5 46 47 3 23 41 9
22 38 8 44 5 46 47 3 23 41 9
22 38 44 8 5 46 47 3 23 41 9
22 8 38 44 46 5 47 3 23 41 9
22 38 8 44 46 5 47 3 23 41 9
22 38 44 8 46 5 47 3 23 41 9
22 38 44 46 8 5 47 3 23 41 9
22 8 38 44 46 47 5 3 23 41 9
22 38 8 44 46 47 5 3 23 41 9
22 38 44 8 46 47 5 3 23 41 9
22 38 44 46 8 47 5 3 23 41 9
22 38 44 46 47 8 5 3 23 41 9
22 8 5 38 23 44 46 47 3 41 9
22 8 38 5 23 44 46 47 3 41 9
22 38 8 5 23 44 46 47 3 41 9
22 8 38 23 5 44 46 47 3 41 9
22 38 8 23 5 44 46 47 3 41 9
22 8 5 38 44 23 46 47 3 41 9
22 8 38 5 44 23 46 47 3 41 9
22 38 8 5 44 23 46 47 3 41 9
22 8 38 44 5 23 46 47 3 41 9
22 38 8 44 5 23 46 47 3 41 9
22 38 44 8 5 23 46 47 3 41 9
22 8 38 23 44 5 46 47 3 41 9
22 38 8 23 44 5 46 47 3 41 9
22 8 38 44 23 5 46 47 3 41 9
22 38 8 44 23 5 46 47 3 41 9
22 38 44 8 23 5 46 47 3 41 9
22 8 5 38 44 46 23 47 3 41 9
22 8 38 5 44 46 23 47 3 41 9
22 38 8 5 44 46 23 47 3 41 9
22 8 38 44 5 46 23 47 3 41 9
22 38 8 44 5 46 23 47 3 41 9
22 38 44 8 5 46 23 47 3 41 9
22 8 38 44 46 5 23 47 3 41 9
22 38 8 44 46 5 23 47 3 41 9
22 38 44 8 46 5 23 47 3 41 9
22 38 44 46 8 5 23 47 3 41 9
22 8 38 23 44 46 5 47 3 41 9
22 38 8 23 44 46 5 47 3 41 9
22 8 38 44 23 46 5 47 3 41 9
22 38 8 44 23 46 5 47 3 41 9
22 38 44 8 23 46 5 47 3 41 9
22 8 38 44 46 23 5 47 3 41 9
22 38 8 44 46 23 5 47 3 41 9
22 38 44 8 46 23 5 47 3 41 9
22 38 44 46 8 23 5 47 3 41 9
22 8 5 38 44 46 47 23 3 41 9
22 8 38 5 44 46 47 23 3 41 9
22 38 8 5 44 46 47 23 3 41 9
22 8 38 44 5 46 47 23 3 41 9
22 38 8 44 5 46 47 23 3 41 9
22 38 44 8 5 46 47 23 3 41 9
22 8 38 44 46 5 47 23 3 41 9
22 38 8 44 46 5 47 23 3 41 9
22 38 44 8 46 5 47 23 3 41 9
22 38 44 46 8 5 47 23 3 41 9
22 8 38 44 46 47 5 23 3 41 9
22 38 8 44 46 47 5 23 3 41 9
22 38 44 8 46 47 5 23 3 41 9
22 38 44 46 8 47 5 23 3 41 9
22 38 44 46 47 8 5 23 3 41 9
22 8 38 23 44 46 47 5 3 41 9
22 38 8 23 44 46 47 5 3 41 9
22 8 38 44 23 46 47 5 3 41 9
22 38 8 44 23 46 47 5 3 41 9
22 38 44 8 23 46 47 5 3 41 9
22 8 38 44 46 23 47 5 3 41 9
22 38 8 44 46 23 47 5 3 41 9
22 38 44 8 46 23 47 5 3 41 9
22 38 44 46 8 23 47 5 3 41 9
22 8 38 44 46 47 23 5 3 41 9
22 38 8 44 46 47 23 5 3 41 9
22 38 44 8 46 47 23 5 3 41 9
22 38 44 46 8 47 23 5 3 41 9
22 38 44 46 47 8 23 5 3 41 9
22 8 5 38 23 44 41 46 47 3 9
22 8 38 5 23 44 41 46 47 3 9
22 38 8 5 23 44 41 46 47 3 9
22 8 38 23 5 44 41 46 47 3 9
22 38 8 23 5 44 41 46 47 3 9
22 8 5 38 44 23 41 46 47 3 9
22 8 38 5 44 23 41 46 47 3 9
22 38 8 5 44 23 41 46 47 3 9
22 8 38 44 5 23 41 46 47 3 9
22 38 8 44 5 23 41 46 47 3 9
22 38 44 8 5 23 41 46 47 3 9
22 8 38 23 44 5 41 46 47 3 9
22 38 8 23 44 5 41 46 47 3 9
22 8 38 44 23 5 41 46 47 3 9
22 38 8 44 23 5 41 46 47 3 9
22 38 44 8 23 5 41 46 47 3 9
22 8 38 23 44 41 5 46 47 3 9
22 38 8 23 44 41 5 46 47 3 9
22 8 38 44 23 41 5 46 47 3 9
22 38 8 44 23 41 5 46 47 3 9
22 38 44 8 23 41 5 46 47 3 9
22 8 5 38 23 44 46 41 47 3 9
22 8 38 5 23 44 46 41 47 3 9
22 38 8 5 23 44 46 41 47 3 9
22 8 38 23 5 44 46 41 47 3 9
22 38 8 23 5 44 46 41 47 3 9
22 8 5 38 44 23 46 41 47 3 9
22 8 38 5 44 23 46 41 47 3 9
22 38 8 5 44 23 46 41 47 3 9
22 8 38 44 5 23 46 41 47 3 9
22 38 8 44 5 23 46 41 47 3 9
22 38 44 8 5 23 46 41 47 3 9
22 8 38 23 44 5 46 41 47 3 9
22 38 8 23 44 5 46 41 47 3 9
22 8 38 44 23 5 46 41 47 3 9
22 38 8 44 23 5 46 41 47 3 9
22 38 44 8 23 5 46 41 47 3 9
22 8 5 38 44 46 23 41 47 3 9
22 8 38 5 44 46 23 41 47 3 9
22 38 8 5 44 46 23 41 47 3 9
22 8 38 44 5 46 23 41 47 3 9
22 38 8 44 5 46 23 41 47 3 9
22 38 44 8 5 46 23 41 47 3 9
22 8 38 44 46 5 23 41 47 3 9
22 38 8 44 46 5 23 41 47 3 9
22 38 44 8 46 5 23 41 47 3 9
22 38 44 46 8 5 23 41 47 3 9
22 8 38 23 44 46 5 41 47 3 9
22 38 8 23 44 46 5 41 47 3 9
22 8 38 44 23 46 5 41 47 3 9
22 38 8 44 23 46 5 41 47 3 9
22 38 44 8 23 46 5 41 47 3 9
22 8 38 44 46 23 5 41 47 3 9
22 38 8 44 46 23 5 41 47 3 9
22 38 44 8 46 23 5 41 47 3 9
22 38 44 46 8 23 5 41 47 3 9
22 8 38 23 44 41 46 5 47 3 9
22 38 8 23 44 41 46 5 47 3 9
22 8 38 44 23 41 46 5 47 3 9
22 38 8 44 23 41 46 5 47 3 9
22 38 44 8 23 41 46 5 47 3 9
22 8 38 23 44 46 41 5 47 3 9
22 38 8 23 44 46 41 5 47 3 9
22 8 38 44 23 46 41 5 47 3 9
22 38 8 44 23 46 41 5 47 3 9
22 38 44 8 23 46 41 5 47 3 9
22 8 38 44 46 23 41 5 47 3 9
22 38 8 44 46 23 41 5 47 3 9
22 38 44 8 46 23 41 5 47 3 9
22 38 44 46 8 23 41 5 47 3 9
22 8 5 38 23 44 46 47 41 3 9
22 8 38 5 23 44 46 47 41 3 9
22 38 8 5 23 44 46 47 41 3 9
22 8 38 23 5 44 46 47 41 3 9
22 38 8 23 5 44 46 47 41 3 9
22 8 5 38 44 23 46 47 41 3 9
22 8 38 5 44 23 46 47 41 3 9
22 38 8 5 44 23 46 47 41 3 9
22 8 38 44 5 23 46 47 41 3 9
22 38 8 44 5 23 46 47 41 3 9
22 38 44 8 5 23 46 47 41 3 9
22 8 38 23 44 5 46 47 41 3 9
22 38 8 23 44 5 46 47 41 3 9
22 8 38 44 23 5 46 47 41 3 9
22 38 8 44 23 5 46 47 41 3 9
22 38 44 8 23 5 46 47 41 3 9
22 8 5 38 44 46 23 47 41 3 9
22 8 38 5 44 46 23 47 41 3 9
22 38 8 5 44 46 23 47 41 3 9
22 8 38 44 5 46 23 47 41 3 9
22 38 8 44 5 46 23 47 41 3 9
22 38 44 8 5 46 23 47 41 3 9
22 8 38 44 46 5 23 47 41 3 9
22 38 8 44 46 5 23 47 41 3 9
22 38 44 8 46 5 23 47 41 3 9
22 38 44 46 8 5 23 47 41 3 9
22 8 38 23 44 46 5 47 41 3 9
22 38 8 23 44 46 5 47 41 3 9
22 8 38 44 23 46 5 47 41 3 9
22 38 8 44 23 46 5 47 41 3 9
22 38 44 8 23 46 5 47 41 3 9
22 8 38 44 46 23 5 47 41 3 9
22 38 8 44 46 23 5 47 41 3 9
22 38 44 8 46 23 5 47 41 3 9
22 38 44 46 8 23 5 47 41 3 9
22 8 5 38 44 46 47 23 41 3 9
22 8 38 5 44 46 47 23 41 3 9
22 38 8 5 44 46 47 23 41 3 9
22 8 38 44 5 46 47 23 41 3 9
22 38 8 44 5 46 47 23 41 3 9
22 38 44 8 5 46 47 23 41 3 9
22 8 38 44 46 5 47 23 41 3 9
22 38 8 44 46 5 47 23 41 3 9
22 38 44 8 46 5 47 23 41 3 9
22 38 44 46 8 5 47 23 41 3 9
22 8 38 44 46 47 5 23 41 3 9
22 38 8 44 46 47 5 23 41 3 9
22 38 44 8 46 47 5 23 41 3 9
22 38 44 46 8 47 5 23 41 3 9
22 38 44 46 47 8 5 23 41 3 9
22 8 38 23 44 46 47 5 41 3 9
22 38 8 23 44 46 47 5 41 3 9
22 8 38 44 23 46 47 5 41 3 9
22 38 8 44 23 46 47 5 41 3 9
22 38 44 8 23 46 47 5 41 3 9
22 8 38 44 46 23 47 5 41 3 9
22 38 8 44 46 23 47 5 41 3 9
22 38 44 8 46 23 47 5 41 3 9
22 38 44 46 8 23 47 5 41 3 9
22 8 38 44 46 47 23 5 41 3 9
22 38 8 44 46 47 23 5 41 3 9
22 38 44 8 46 47 23 5 41 3 9
22 38 44 46 8 47 23 5 41 3 9
22 38 44 46 47 8 23 5 41 3 9
22 8 38 23 44 41 46 47 5 3 9
22 38 8 23 44 41 46 47 5 3 9
22 8 38 44 23 41 46 47 5 3 9
22 38 8 44 23 41 46 47 5 3 9
22 38 44 8 23 41 46 47 5 3 9
22 8 38 23 44 46 41 47 5 3 9
22 38 8 23 44 46 41 47 5 3 9
22 8 38 44 23 46 41 47 5 3 9
22 38 8 44 23 46 41 47 5 3 9
22 38 44 8 23 46 41 47 5 3 9
22 8 38 44 46 23 41 47 5 3 9
22 38 8 44 46 23 41 47 5 3 9
22 38 44 8 46 23 41 47 5 3 9
22 38 44 46 8 23 41 47 5 3 9
22 8 38 23 44 46 47 41 5 3 9
22 38 8 23 44 46 47 41 5 3 9
22 8 38 44 23 46 47 41 5 3 9
22 38 8 44 23 46 47 41 5 3 9
22 38 44 8 23 46 47 41 5 3 9
22 8 38 44 46 23 47 41 5 3 9
22 38 8 44 46 23 47 41 5 3 9
22 38 44 8 46 23 47 41 5 3 9
22 38 44 46 8 23 47 41 5 3 9
22 8 38 44 46 47 23 41 5 3 9
22 38 8 44 46 47 23 41 5 3 9
22 38 44 8 46 47 23 41 5 3 9
22 38 44 46 8 47 23 41 5 3 9
22 38 44 46 47 8 23 41 5 3 9
22 8 5 38 23 9 44 41 46 47 3
22 8 38 5 23 9 44 41 46 47 3
22 38 8 5 23 9 44 41 46 47 3
22 8 38 23 5 9 44 41 46 47 3
22 38 8 23 5 9 44 41 46 47 3
22 8 5 38 23 44 9 41 46 47 3
22 8 38 5 23 44 9 41 46 47 3
22 38 8 5 23 44 9 41 46 47 3
22 8 38 23 5 44 9 41 46 47 3
22 38 8 23 5 44 9 41 46 47 3
22 8 5 38 44 23 9 41 46 47 3
22 8 38 5 44 23 9 41 46 47 3
22 38 8 5 44 23 9 41 46 47 3
22 8 38 44 5 23 9 41 46 47 3
22 38 8 44 5 23 9 41 46 47 3
22 38 44 8 5 23 9 41 46 47 3
22 8 38 23 44 5 9 41 46 47 3
22 38 8 23 44 5 9 41 46 47 3
22 8 38 44 23 5 9 41 46 47 3
22 38 8 44 23 5 9 41 46 47 3
22 38 44 8 23 5 9 41 46 47 3
22 8 5 38 23 44 41 9 46 47 3
22 8 38 5 23 44 41 9 46 47 3
22 38 8 5 23 44 41 9 46 47 3
22 8 38 23 5 44 41 9 46 47 3
22 38 8 23 5 44 41 9 46 47 3
22 8 5 38 44 23 41 9 46 47 3
22 8 38 5 44 23 41 9 46 47 3
22 38 8 5 44 23 41 9 46 47 3
22 8 38 44 5 23 41 9 46 47 3
22 38 8 44 5 23 41 9 46 47 3
22 38 44 8 5 23 41 9 46 47 3
22 8 38 23 44 5 41 9 46 47 3
22 38 8 23 44 5 41 9 46 47 3
22 8 38 44 23 5 41 9 46 47 3
22 38 8 44 23 5 41 9 46 47 3
22 38 44 8 23 5 41 9 46 47 3
22 8 38 23 44 41 5 9 46 47 3
22 38 8 23 44 41 5 9 46 47 3
22 8 38 44 23 41 5 9 46 47 3
22 38 8 44 23 41 5 9 46 47 3
22 38 44 8 23 41 5 9 46 47 3
22 8 5 38 23 9 44 46 41 47 3
22 8 38 5 23 9 44 46 41 47 3
22 38 8 5 23 9 44 46 41 47 3
22 8 38 23 5 9 44 46 41 47 3
22 38 8 23 5 9 44 46 41 47 3
22 8 5 38 23 44 9 46 41 47 3
22 8 38 5 23 44 9 46 41 47 3
22 38 8 5 23 44 9 46 41 47 3
22 8 38 23 5 44 9 46 41 47 3
22 38 8 23 5 44 9 46 41 47 3
22 8 5 38 44 23 9 46 41 47 3
22 8 38 5 44 23 9 46 41 47 3
22 38 8 5 44 23 9 46 41 47 3
22 8 38 44 5 23 9 46 41 47 3
22 38 8 44 5 23 9 46 41 47 3
22 38 44 8 5 23 9 46 41 47 3
22 8 38 23 44 5 9 46 41 47 3
22 38 8 23 44 5 9 46 41 47 3
22 8 38 44 23 5 9 46 41 47 3
22 38 8 44 23 5 9 46 41 47 3
22 38 44 8 23 5 9 46 41 47 3
22 8 5 38 23 44 46 9 41 47 3
22 8 38 5 23 44 46 9 41 47 3
22 38 8 5 23 44 46 9 41 47 3
22 8 38 23 5 44 46 9 41 47 3
22 38 8 23 5 44 46 9 41 47 3
22 8 5 38 44 23 46 9 41 47 3
22 8 38 5 44 23 46 9 41 47 3
22 38 8 5 44 23 46 9 41 47 3
22 8 38 44 5 23 46 9 41 47 3
22 38 8 44 5 23 46 9 41 47 3
22 38 44 8 5 23 46 9 41 47 3
22 8 38 23 44 5 46 9 41 47 3
22 38 8 23 44 5 46 9 41 47 3
22 8 38 44 23 5 46 9 41 47 3
22 38 8 44 23 5 46 9 41 47 3
22 38 44 8 23 5 46 9 41 47 3
22 8 5 38 44 46 23 9 41 47 3
22 8 38 5 44 46 23 9 41 47 3
22 38 8 5 44 46 23 9 41 47 3
22 8 38 44 5 46 23 9 41 47 3
22 38 8 44 5 46 23 9 41 47 3
22 38 44 8 5 46 23 9 41 47 3
22 8 38 44 46 5 23 9 41 47 3
22 38 8 44 46 5 23 9 41 47 3
22 38 44 8 46 5 23 9 41 47 3
22 38 44 46 8 5 23 9 41 47 3
22 8 38 23 44 46 5 9 41 47 3
22 38 8 23 44 46 5 9 41 47 3
22 8 38 44 23 46 5 9 41 47 3
22 38 8 44 23 46 5 9 41 47 3
22 38 44 8 23 46 5 9 41 47 3
22 8 38 44 46 23 5 9 41 47 3
22 38 8 44 46 23 5 9 41 47 3
22 38 44 8 46 23 5 9 41 47 3
22 38 44 46 8 23 5 9 41 47 3
22 8 5 38 23 44 41 46 9 47 3
22 8 38 5 23 44 41 46 9 47 3
22 38 8 5 23 44 41 46 9 47 3
22 8 38 23 5 44 41 46 9 47 3
22 38 8 23 5 44 41 46 9 47 3
22 8 5 38 44 23 41 46 9 47 3
22 8 38 5 44 23 41 46 9 47 3
22 38 8 5 44 23 41 46 9 47 3
22 8 38 44 5 23 41 46 9 47 3
22 38 8 44 5 23 41 46 9 47 3
22 38 44 8 5 23 41 46 9 47 3
22 8 38 23 44 5 41 46 9 47 3
22 38 8 23 44 5 41 46 9 47 3
22 8 38 44 23 5 41 46 9 47 3
22 38 8 44 23 5 41 46 9 47 3
22 38 44 8 23 5 41 46 9 47 3
22 8 38 23 44 41 5 46 9 47 3
22 38 8 23 44 41 5 46 9 47 3
22 8 38 44 23 41 5 46 9 47 3
22 38 8 44 23 41 5 46 9 47 3
22 38 44 8 23 41 5 46 9 47 3
22 8 5 38 23 44 46 41 9 47 3
22 8 38 5 23 44 46 41 9 47 3
22 38 8 5 23 44 46 41 9 47 3
22 8 38 23 5 44 46 41 9 47 3
22 38 8 23 5 44 46 41 9 47 3
22 8 5 38 44 23 46 41 9 47 3
22 8 38 5 44 23 46 41 9 47 3
22 38 8 5 44 23 46 41 9 47 3
22 8 38 44 5 23 46 41 9 47 3
22 38 8 44 5 23 46 41 9 47 3
22 38 44 8 5 23 46 41 9 47 3
22 8 38 23 44 5 46 41 9 47 3
22 38 8 23 44 5 46 41 9 47 3
22 8 38 44 23 5 46 41 9 47 3
22 38 8 44 23 5 46 41 9 47 3
22 38 44 8 23 5 46 41 9 47 3
22 8 5 38 44 46 23 41 9 47 3
22 8 38 5 44 46 23 41 9 47 3
22 38 8 5 44 46 23 41 9 47 3
22 8 38 44 5 46 23 41 9 47 3
22 38 8 44 5 46 23 41 9 47 3
22 38 44 8 5 46 23 41 9 47 3
22 8 38 44 46 5 23 41 9 47 3
22 38 8 44 46 5 23 41 9 47 3
22 38 44 8 46 5 23 41 9 47 3
22 38 44 46 8 5 23 41 9 47 3
22 8 38 23 44 46 5 41 9 47 3
22 38 8 23 44 46 5 41 9 47 3
22 8 38 44 23 46 5 41 9 47 3
22 38 8 44 23 46 5 41 9 47 3
22 38 44 8 23 46 5 41 9 47 3
22 8 38 44 46 23 5 41 9 47 3
22 38 8 44 46 23 5 41 9 47 3
22 38 44 8 46 23 5 41 9 47 3
22 38 44 46 8 23 5 41 9 47 3
22 8 38 23 44 41 46 5 9 47 3
22 38 8 23 44 41 46 5 9 47 3
22 8 38 44 23 41 46 5 9 47 3
22 38 8 44 23 41 46 5 9 47 3
22 38 44 8 23 41 46 5 9 47 3
22 8 38 23 44 46 41 5 9 47 3
22 38 8 23 44 46 41 5 9 47 3
22 8 38 44 23 46 41 5 9 47 3
22 38 8 44 23 46 41 5 9 47 3
22 38 44 8 23 46 41 5 9 47 3
22 8 38 44 46 23 41 5 9 47 3
22 38 8 44 46 23 41 5 9 47 3
22 38 44 8 46 23 41 5 9 47 3
22 38 44 46 8 23 41 5 9 47 3
22 8 5 38 23 9 44 46 47 41 3
22 8 38 5 23 9 44 46 47 41 3
22 38 8 5 23 9 44 46 47 41 3
22 8 38 23 5 9 44 46 47 41 3
22 38 8 23 5 9 44 46 47 41 3
22 8 5 38 23 44 9 46 47 41 3
22 8 38 5 23 44 9 46 47 41 3
22 38 8 5 23 44 9 46 47 41 3
22 8 38 23 5 44 9 46 47 41 3
22 38 8 23 5 44 9 46 47 41 3
22 8 5 38 44 23 9 46 47 41 3
22 8 38 5 44 23 9 46 47 41 3
22 38 8 5 44 23 9 46 47 41 3
22 8 38 44 5 23 9 46 47 41 3
22 38 8 44 5 23 9 46 47 41 3
22 38 44 8 5 23 9 46 47 41 3
22 8 38 23 44 5 9 46 47 41 3
22 38 8 23 44 5 9 46 47 41 3
22 8 38 44 23 5 9 46 47 41 3
22 38 8 44 23 5 9 46 47 41 3
22 38 44 8 23 5 9 46 47 41 3
22 8 5 38 23 44 46 9 47 41 3
22 8 38 5 23 44 46 9 47 41 3
22 38 8 5 23 44 46 9 47 41 3
22 8 38 23 5 44 46 9 47 41 3
22 38 8 23 5 44 46 9 47 41 3
22 8 5 38 44 23 46 9 47 41 3
22 8 38 5 44 23 46 9 47 41 3
22 38 8 5 44 23 46 9 47 41 3
22 8 38 44 5 23 46 9 47 41 3
22 38 8 44 5 23 46 9 47 41 3
22 38 44 8 5 23 46 9 47 41 3
22 8 38 23 44 5 46 9 47 41 3
22 38 8 23 44 5 46 9 47 41 3
22 8 38 44 23 5 46 9 47 41 3
22 38 8 44 23 5 46 9 47 41 3
22 38 44 8 23 5 46 9 47 41 3
22 8 5 38 44 46 23 9 47 41 3
22 8 38 5 44 46 23 9 47 41 3
22 38 8 5 44 46 23 9 47 41 3
22 8 38 44 5 46 23 9 47 41 3
22 38 8 44 5 46 23 9 47 41 3
22 38 44 8 5 46 23 9 47 41 3
22 8 38 44 46 5 23 9 47 41 3
22 38 8 44 46 5 23 9 47 41 3
22 38 44 8 46 5 23 9 47 41 3
22 38 44 46 8 5 23 9 47 41 3
22 8 38 23 44 46 5 9 47 41 3
22 38 8 23 44 46 5 9 47 41 3
22 8 38 44 23 46 5 9 47 41 3
22 38 8 44 23 46 5 9 47 41 3
22 38 44 8 23 46 5 9 47 41 3
22 8 38 44 46 23 5 9 47 41 3
22 38 8 44 46 23 5 9 47 41 3
22 38 44 8 46 23 5 9 47 41 3
22 38 44 46 8 23 5 9 47 41 3
22 8 5 38 23 44 46 47 9 41 3
22 8 38 5 23 44 46 47 9 41 3
22 38 8 5 23 44 46 47 9 41 3
22 8 38 23 5 44 46 47 9 41 3
22 38 8 23 5 44 46 47 9 41 3
22 8 5 38 44 23 46 47 9 41 3
22 8 38 5 44 23 46 47 9 41 3
22 38 8 5 44 23 46 47 9 41 3
22 8 38 44 5 23 46 47 9 41 3
22 38 8 44 5 23 46 47 9 41 3
22 38 44 8 5 23 46 47 9 41 3
22 8 38 23 44 5 46 47 9 41 3
22 38 8 23 44 5 46 47 9 41 3
22 8 38 44 23 5 46 47 9 41 3
22 38 8 44 23 5 46 47 9 41 3
22 38 44 8 23 5 46 47 9 41 3
22 8 5 38 44 46 23 47 9 41 3
22 8 38 5 44 46 23 47 9 41 3
22 38 8 5 44 46 23 47 9 41 3
22 8 38 44 5 46 23 47 9 41 3
22 38 8 44 5 46 23 47 9 41 3
22 38 44 8 5 46 23 47 9 41 3
22 8 38 44 46 5 23 47 9 41 3
22 38 8 44 46 5 23 47 9 41 3
22 38 44 8 46 5 23 47 9 41 3
22 38 44 46 8 5 23 47 9 41 3
22 8 38 23 44 46 5 47 9 41 3
22 38 8 23 44 46 5 47 9 41 3
22 8 38 44 23 46 5 47 9 41 3
22 38 8 44 23 46 5 47 9 41 3
22 38 44 8 23 46 5 47 9 41 3
22 8 38 44 46 23 5 47 9 41 3
22 38 8 44 46 23 5 47 9 41 3
22 38 44 8 46 23 5 47 9 41 3
22 38 44 46 8 23 5 47 9 41 3
22 8 5 38 44 46 47 23 9 41 3
22 8 38 5 44 46 47 23 9 41 3
22 38 8 5 44 46 47 23 9 41 3
22 8 38 44 5 46 47 23 9 41 3
22 38 8 44 5 46 47 23 9 41 3
22 38 44 8 5 46 47 23 9 41 3
22 8 38 44 46 5 47 23 9 41 3
22 38 8 44 46 5 47 23 9 41 3
22 38 44 8 46 5 47 23 9 41 3
22 38 44 46 8 5 47 23 9 41 3
22 8 38 44 46 47 5 23 9 41 3
22 38 8 44 46 47 5 23 9 41 3
22 38 44 8 46 47 5 23 9 41 3
22 38 44 46 8 47 5 23 9 41 3
22 38 44 46 47 8 5 23 9 41 3
22 8 38 23 44 46 47 5 9 41 3
22 38 8 23 44 46 47 5 9 41 3
22 8 38 44 23 46 47 5 9 41 3
22 38 8 44 23 46 47 5 9 41 3
22 38 44 8 23 46 47 5 9 41 3
22 8 38 44 46 23 47 5 9 41 3
22 38 8 44 46 23 47 5 9 41 3
22 38 44 8 46 23 47 5 9 41 3
22 38 44 46 8 23 47 5 9 41 3
22 8 38 44 46 47 23 5 9 41 3
22 38 8 44 46 47 23 5 9 41 3
22 38 44 8 46 47 23 5 9 41 3
22 38 44 46 8 47 23 5 9 41 3
22 38 44 46 47 8 23 5 9 41 3
22 8 5 38 23 44 41 46 47 9 3
22 8 38 5 23 44 41 46 47 9 3
22 38 8 5 23 44 41 46 47 9 3
22 8 38 23 5 44 41 46 47 9 3
22 38 8 23 5 44 41 46 47 9 3
22 8 5 38 44 23 41 46 47 9 3
22 8 38 5 44 23 41 46 47 9 3
22 38 8 5 44 23 41 46 47 9 3
22 8 38 44 5 23 41 46 47 9 3
22 38 8 44 5 23 41 46 47 9 3
22 38 44 8 5 23 41 46 47 9 3
22 8 38 23 44 5 41 46 47 9 3
22 38 8 23 44 5 41 46 47 9 3
22 8 38 44 23 5 41 46 47 9 3
22 38 8 44 23 5 41 46 47 9 3
22 38 44 8 23 5 41 46 47 9 3
22 8 38 23 44 41 5 46 47 9 3
22 38 8 23 44 41 5 46 47 9 3
22 8 38 44 23 41 5 46 47 9 3
22 38 8 44 23 41 5 46 47 9 3
22 38 44 8 23 41 5 46 47 9 3
22 8 5 38 23 44 46 41 47 9 3
22 8 38 5 23 44 46 41 47 9 3
22 38 8 5 23 44 46 41 47 9 3
22 8 38 23 5 44 46 41 47 9 3
22 38 8 23 5 44 46 41 47 9 3
22 8 5 38 44 23 46 41 47 9 3
22 8 38 5 44 23 46 41 47 9 3
22 38 8 5 44 23 46 41 47 9 3
22 8 38 44 5 23 46 41 47 9 3
22 38 8 44 5 23 46 41 47 9 3
22 38 44 8 5 23 46 41 47 9 3
22 8 38 23 44 5 46 41 47 9 3
22 38 8 23 44 5 46 41 47 9 3
22 8 38 44 23 5 46 41 47 9 3
22 38 8 44 23 5 46 41 47 9 3
22 38 44 8 23 5 46 41 47 9 3
22 8 5 38 44 46 23 41 47 9 3
22 8 38 5 44 46 23 41 47 9 3
22 38 8 5 44 46 23 41 47 9 3
22 8 38 44 5 46 23 41 47 9 3
22 38 8 44 5 46 23 41 47 9 3
22 38 44 8 5 46 23 41 47 9 3
22 8 38 44 46 5 23 41 47 9 3
22 38 8 44 46 5 23 41 47 9 3
22 38 44 8 46 5 23 41 47 9 3
22 38 44 46 8 5 23 41 47 9 3
22 8 38 23 44 46 5 41 47 9 3
22 38 8 23 44 46 5 41 47 9 3
22 8 38 44 23 46 5 41 47 9 3
22 38 8 44 23 46 5 41 47 9 3
22 38 44 8 23 46 5 41 47 9 3
22 8 38 44 46 23 5 41 47 9 3
22 38 8 44 46 23 5 41 47 9 3
22 38 44 8 46 23 5 41 47 9 3
22 38 44 46 8 23 5 41 47 9 3
22 8 38 23 44 41 46 5 47 9 3
22 38 8 23 44 41 46 5 47 9 3
22 8 38 44 23 41 46 5 47 9 3
22 38 8 44 23 41 46 5 47 9 3
22 38 44 8 23 41 46 5 47 9 3
22 8 38 23 44 46 41 5 47 9 3
22 38 8 23 44 46 41 5 47 9 3
22 8 38 44 23 46 41 5 47 9 3
22 38 8 44 23 46 41 5 47 9 3
22 38 44 8 23 46 41 5 47 9 3
22 8 38 44 46 23 41 5 47 9 3
22 38 8 44 46 23 41 5 47 9 3
22 38 44 8 46 23 41 5 47 9 3
22 38 44 46 8 23 41 5 47 9 3
22 8 5 38 23 44 46 47 41 9 3
22 8 38 5 23 44 46 47 41 9 3
22 38 8 5 23 44 46 47 41 9 3
22 8 38 23 5 44 46 47 41 9 3
22 38 8 23 5 44 46 47 41 9 3
22 8 5 38 44 23 46 47 41 9 3
22 8 38 5 44 23 46 47 41 9 3
22 38 8 5 44 23 46 47 41 9 3
22 8 38 44 5 23 46 47 41 9 3
22 38 8 44 5 23 46 47 41 9 3
22 38 44 8 5 23 46 47 41 9 3
22 8 38 23 44 5 46 47 41 9 3
22 38 8 23 44 5 46 47 41 9 3
22 8 38 44 23 5 46 47 41 9 3
22 38 8 44 23 5 46 47 41 9 3
22 38 44 8 23 5 46 47 41 9 3
22 8 5 38 44 46 23 47 41 9 3
22 8 38 5 44 46 23 47 41 9 3
22 38 8 5 44 46 23 47 41 9 3
22 8 38 44 5 46 23 47 41 9 3
22 38 8 44 5 46 23 47 41 9 3
22 38 44 8 5 46 23 47 41 9 3
22 8 38 44 46 5 23 47 41 9 3
22 38 8 44 46 5 23 47 41 9 3
22 38 44 8 46 5 23 47 41 9 3
22 38 44 46 8 5 23 47 41 9 3
22 8 38 23 44 46 5 47 41 9 3
22 38 8 23 44 46 5 47 41 9 3
22 8 38 44 23 46 5 47 41 9 3
22 38 8 44 23 46 5 47 41 9 3
22 38 44 8 23 46 5 47 41 9 3
22 8 38 44 46 23 5 47 41 9 3
22 38 8 44 46 23 5 47 41 9 3
22 38 44 8 46 23 5 47 41 9 3
22 38 44 46 8 23 5 47 41 9 3
22 8 5 38 44 46 47 23 41 9 3
22 8 38 5 44 46 47 23 41 9 3
22 38 8 5 44 46 47 23 41 9 3
22 8 38 44 5 46 47 23 41 9 3
22 38 8 44 5 46 47 23 41 9 3
22 38 44 8 5 46 47 23 41 9 3
22 8 38 44 46 5 47 23 41 9 3
22 38 8 44 46 5 47 23 41 9 3
22 38 44 8 46 5 47 23 41 9 3
22 38 44 46 8 5 47 23 41 9 3
22 8 38 44 46 47 5 23 41 9 3
22 38 8 44 46 47 5 23 41 9 3
22 38 44 8 46 47 5 23 41 9 3
22 38 44 46 8 47 5 23 41 9 3
22 38 44 46 47 8 5 23 41 9 3
22 8 38 23 44 46 47 5 41 9 3
22 38 8 23 44 46 47 5 41 9 3
22 8 38 44 23 46 47 5 41 9 3
22 38 8 44 23 46 47 5 41 9 3
22 38 44 8 23 46 47 5 41 9 3
22 8 38 44 46 23 47 5 41 9 3
22 38 8 44 46 23 47 5 41 9 3
22 38 44 8 46 23 47 5 41 9 3
22 38 44 46 8 23 47 5 41 9 3
22 8 38 44 46 47 23 5 41 9 3
22 38 8 44 46 47 23 5 41 9 3
22 38 44 8 46 47 23 5 41 9 3
22 38 44 46 8 47 23 5 41 9 3
22 38 44 46 47 8 23 5 41 9 3
22 8 38 23 44 41 46 47 5 9 3
22 38 8 23 44 41 46 47 5 9 3
22 8 38 44 23 41 46 47 5 9 3
22 38 8 44 23 41 46 47 5 9 3
22 38 44 8 23 41 46 47 5 9 3
22 8 38 23 44 46 41 47 5 9 3
22 38 8 23 44 46 41 47 5 9 3
22 8 38 44 23 46 41 47 5 9 3
22 38 8 44 23 46 41 47 5 9 3
22 38 44 8 23 46 41 47 5 9 3
22 8 38 44 46 23 41 47 5 9 3
22 38 8 44 46 23 41 47 5 9 3
22 38 44 8 46 23 41 47 5 9 3
22 38 44 46 8 23 41 47 5 9 3
22 8 38 23 44 46 47 41 5 9 3
22 38 8 23 44 46 47 41 5 9 3
22 8 38 44 23 46 47 41 5 9 3
22 38 8 44 23 46 47 41 5 9 3
22 38 44 8 23 46 47 41 5 9 3
22 8 38 44 46 23 47 41 5 9 3
22 38 8 44 46 23 47 41 5 9 3
22 38 44 8 46 23 47 41 5 9 3
22 38 44 46 8 23 47 41 5 9 3
22 8 38 44 46 47 23 41 5 9 3
22 38 8 44 46 47 23 41 5 9 3
22 38 44 8 46 47 23 41 5 9 3
22 38 44 46 8 47 23 41 5 9 3
22 38 44 46 47 8 23 41 5 9 3
