8 7 5 1 6 2 3 4
8 7 5 6 1 2 3 4
8 5 7 6 1 2 3 4
5 8 7 6 1 2 3 4
8 5 1 7 6 2 3 4
8 5 7 1 6 2 3 4
5 8 7 1 6 2 3 4
5 1 8 7 6 2 3 4
5 8 1 7 6 2 3 4
8 7 5 1 2 6 3 4
8 7 1 5 2 6 3 4
8 1 7 5 2 6 3 4
1 8 7 5 2 6 3 4
8 7 1 5 6 2 3 4
8 1 7 5 6 2 3 4
1 8 7 5 6 2 3 4
8 1 5 7 6 2 3 4
1 8 5 7 6 2 3 4
1 5 8 7 6 2 3 4
8 5 1 7 2 6 3 4
8 5 7 1 2 6 3 4
5 8 7 1 2 6 3 4
5 1 8 7 2 6 3 4
5 8 1 7 2 6 3 4
8 5 1 2 7 6 3 4
8 1 5 2 7 6 3 4
1 8 5 2 7 6 3 4
8 1 5 7 2 6 3 4
1 8 5 7 2 6 3 4
1 5 8 7 2 6 3 4
5 1 8 2 7 6 3 4
5 8 1 2 7 6 3 4
5 1 2 8 7 6 3 4
1 5 2 8 7 6 3 4
1 5 8 2 7 6 3 4
8 7 5 1 2 3 6 4
8 7 1 5 2 3 6 4
8 1 7 5 2 3 6 4
1 8 7 5 2 3 6 4
8 7 1 2 5 3 6 4
8 1 7 2 5 3 6 4
1 8 7 2 5 3 6 4
8 1 2 7 5 3 6 4
1 8 2 7 5 3 6 4
1 2 8 7 5 3 6 4
8 7 1 2 5 6 3 4
8 1 7 2 5 6 3 4
1 8 7 2 5 6 3 4
8 1 2 7 5 6 3 4
1 8 2 7 5 6 3 4
1 2 8 7 5 6 3 4
8 1 2 5 7 6 3 4
1 8 2 5 7 6 3 4
1 2 8 5 7 6 3 4
1 2 5 8 7 6 3 4
8 5 1 7 2 3 6 4
8 5 7 1 2 3 6 4
5 8 7 1 2 3 6 4
5 1 8 7 2 3 6 4
5 8 1 7 2 3 6 4
8 5 1 2 7 3 6 4
8 1 5 2 7 3 6 4
1 8 5 2 7 3 6 4
8 1 5 7 2 3 6 4
1 8 5 7 2 3 6 4
1 5 8 7 2 3 6 4
5 1 8 2 7 3 6 4
5 8 1 2 7 3 6 4
5 1 2 8 7 3 6 4
1 5 2 8 7 3 6 4
1 5 8 2 7 3 6 4
8 5 1 2 3 7 6 4
8 1 5 2 3 7 6 4
1 8 5 2 3 7 6 4
8 1 2 5 3 7 6 4
1 8 2 5 3 7 6 4
1 2 8 5 3 7 6 4
8 1 2 5 7 3 6 4
1 8 2 5 7 3 6 4
1 2 8 5 7 3 6 4
1 2 5 8 7 3 6 4
5 1 8 2 3 7 6 4
5 8 1 2 3 7 6 4
5 1 2 8 3 7 6 4
1 5 2 8 3 7 6 4
1 5 8 2 3 7 6 4
5 1 2 3 8 7 6 4
1 5 2 3 8 7 6 4
1 2 5 3 8 7 6 4
1 2 5 8 3 7 6 4
