144
4 1 4 2
4 2 4 3
3 1 4 1
2 1 3 1
1 1 2 1
4 1 4 2
1 4 2 4
4 4 3 4
5 30 6 30
5 31 6 31
6 31 7 31
11 34 10 34
11 35 10 35
10 35 9 35
9 35 9 34
9 34 9 33
11 36 10 36
10 36 9 36
9 36 8 36
8 36 8 35
8 35 8 34
8 34 8 33
8 33 8 32
13 6 14 6
22 11 23 11
23 11 24 11
24 11 25 11
25 11 26 11
26 11 27 11
27 11 28 11
28 11 29 11
29 11 30 11
30 11 31 11
31 11 32 11
32 11 33 11
33 11 34 11
34 11 35 11
35 11 36 11
36 11 37 11
37 11 38 11
38 11 39 11
39 11 39 12
39 12 39 13
39 13 39 14
39 14 39 15
22 6 21 6
16 5 15 5
19 5 20 5
19 39 20 39
20 39 21 39
21 39 22 39
22 39 22 40
21 38 21 39
20 38 21 38
23 36 23 37
24 35 24 36
24 36 24 37
24 37 24 38
27 36 28 36
28 36 29 36
29 36 30 36
30 36 31 36
31 36 32 36
32 36 33 36
33 36 34 36
34 36 35 36
35 36 36 36
36 36 37 36
37 36 38 36
38 36 39 36
39 36 39 35
39 35 39 34
39 34 39 33
39 33 39 32
39 32 39 31
39 31 39 30
39 30 39 29
39 29 39 28
39 28 39 27
39 27 39 26
39 26 39 25
39 25 39 24
39 24 39 23
28 37 29 37
29 37 30 37
30 37 31 37
31 37 32 37
32 37 33 37
33 37 34 37
34 37 35 37
35 37 36 37
36 37 37 37
37 37 38 37
38 37 38 36
38 36 38 35
38 35 38 34
38 34 38 33
38 33 38 32
38 32 38 31
38 31 38 30
38 30 38 29
38 29 38 28
38 28 38 27
38 27 38 26
38 26 38 25
38 25 38 24
38 24 38 23
38 23 38 22
29 39 28 39
28 39 27 39
27 39 26 39
26 39 25 39
37 19 36 19
36 19 35 19
38 18 38 17
38 17 38 16
38 19 38 18
41 19 42 19
42 19 43 19
40 19 41 19
39 19 40 19
41 19 42 19
42 19 42 20
40 19 41 19
41 19 42 19
42 19 42 18
40 20 41 20
41 20 41 21
39 20 40 20
40 20 40 21
40 21 40 22
39 21 38 21
38 21 37 21
38 20 37 20
37 20 36 20
40 18 41 18
41 18 41 17
39 18 40 18
40 18 40 17
40 17 40 16
39 17 38 17
38 17 37 17
38 18 37 18
37 18 36 18
