304
1 6 1 5
1 9 1 8
2 12 2 13
2 13 2 14
1 12 2 12
3 23 3 22
3 22 3 21
3 24 3 23
4 7 3 7
3 7 2 7
2 7 2 8
2 8 2 9
5 12 4 12
4 12 3 12
2 12 2 13
3 12 2 12
5 18 4 18
4 18 3 18
3 18 2 18
2 18 2 19
6 18 5 18
5 18 4 18
4 18 3 18
3 18 2 18
2 18 1 18
5 28 6 28
6 28 7 28
7 28 7 27
7 27 7 26
7 1 6 1
6 1 5 1
5 1 4 1
4 1 3 1
3 1 3 2
6 4 5 4
5 4 5 3
8 24 7 24
7 24 6 24
6 24 6 25
9 6 9 5
9 5 9 4
9 4 9 3
9 3 9 2
11 3 12 3
12 3 12 2
13 5 13 4
13 4 13 3
13 3 13 2
13 29 13 28
14 2 15 2
15 2 16 2
18 1 18 2
18 26 18 27
18 27 18 28
19 4 20 4
20 4 20 3
22 32 23 32
23 32 23 31
22 1 23 1
21 1 22 1
27 7 27 6
28 7 27 7
31 7 31 6
27 6 27 5
27 5 27 4
28 6 27 6
29 28 30 28
29 30 28 30
28 30 28 29
28 29 28 28
30 2 29 2
29 2 28 2
28 2 27 2
27 2 26 2
26 2 25 2
31 29 31 28
34 28 34 27
34 27 34 26
36 25 37 25
37 25 37 26
37 26 37 27
38 2 37 2
37 2 37 3
39 2 38 2
40 2 41 2
41 2 41 3
41 3 41 4
39 26 39 25
43 1 44 1
44 1 45 1
45 1 46 1
47 1 48 1
46 1 47 1
44 2 45 2
45 2 46 2
47 26 48 26
48 26 49 26
49 26 50 26
49 20 50 20
50 20 50 21
50 21 50 22
51 4 50 4
50 4 49 4
52 21 53 21
53 21 53 20
51 25 51 24
52 25 51 25
52 2 51 2
51 2 50 2
50 2 49 2
56 12 56 13
57 12 56 12
56 5 56 6
56 6 56 7
56 7 56 8
56 4 56 5
56 5 55 5
55 5 55 6
55 6 55 7
63 91 64 91
64 91 65 91
66 91 66 92
65 91 66 91
64 71 65 71
65 71 66 71
66 71 67 71
64 77 65 77
65 77 66 77
64 80 65 80
66 80 66 81
66 81 66 82
65 80 66 80
64 81 65 81
65 81 66 81
64 87 65 87
66 89 66 90
65 89 66 89
65 94 66 94
66 94 67 94
67 94 67 93
66 66 67 66
67 66 68 66
66 70 66 71
66 71 66 72
66 72 66 73
68 80 67 80
67 80 67 79
67 79 67 78
70 95 69 95
73 97 74 97
74 61 75 61
76 61 77 61
75 61 76 61
75 95 75 96
75 96 75 97
75 58 75 59
75 59 75 60
77 99 77 98
77 98 77 97
79 60 79 61
79 62 79 63
79 61 79 62
83 65 84 65
84 65 84 66
84 66 84 67
83 100 84 100
84 100 85 100
85 100 86 100
87 100 88 100
86 100 87 100
84 91 84 92
84 92 84 93
84 93 84 94
86 91 86 92
86 92 86 93
86 94 86 95
86 93 86 94
89 66 90 66
87 100 87 99
88 93 88 94
88 94 88 95
88 95 88 96
88 96 88 97
91 66 92 66
92 66 92 67
91 70 92 70
92 70 93 70
93 70 94 70
94 70 94 69
91 91 92 91
92 91 93 91
93 91 94 91
95 91 96 91
97 91 98 91
98 91 99 91
96 91 97 91
94 91 95 91
91 97 91 98
91 98 91 99
91 99 91 100
91 96 91 97
91 97 90 97
90 97 89 97
89 98 89 99
89 97 89 98
93 97 94 97
94 97 95 97
95 97 96 97
97 97 98 97
98 97 99 97
96 97 97 97
93 84 94 84
94 84 95 84
95 84 96 84
96 84 97 84
97 84 98 84
98 84 99 84
99 84 100 84
92 93 93 93
93 93 94 93
94 93 95 93
95 93 96 93
96 93 97 93
97 93 98 93
98 93 99 93
93 100 92 100
91 100 90 100
92 100 91 100
95 100 96 100
93 67 93 68
95 77 96 77
96 77 97 77
97 77 98 77
98 77 99 77
99 77 99 76
94 77 95 77
95 77 96 77
96 77 97 77
97 77 98 77
93 87 94 87
94 87 95 87
95 87 96 87
96 87 97 87
97 87 98 87
98 87 99 87
99 87 99 86
93 92 94 92
94 92 95 92
95 92 96 92
96 92 97 92
97 92 98 92
98 92 99 92
99 92 100 92
94 74 95 74
95 74 96 74
96 74 97 74
99 74 100 74
100 74 100 75
98 74 99 74
97 74 98 74
95 73 96 73
96 73 97 73
95 82 96 82
96 82 97 82
97 82 98 82
98 82 99 82
95 85 96 85
96 85 97 85
97 85 98 85
98 85 99 85
95 91 96 91
97 91 98 91
96 91 97 91
97 79 98 79
98 79 99 79
96 79 97 79
97 79 98 79
98 79 98 78
97 88 98 88
98 88 99 88
99 88 100 88
96 88 97 88
97 88 98 88
98 88 99 88
99 88 99 89
96 96 97 96
97 96 98 96
98 96 99 96
99 96 99 95
99 95 99 94
97 97 98 97
98 97 98 98
97 100 97 99
98 73 98 72
98 72 98 71
98 81 99 81
100 81 100 80
99 81 100 81
99 69 98 69
98 69 97 69
97 69 97 70
100 68 99 68
99 68 98 68
98 68 98 69
