100 100
0 99 91
0 75 0
0 93 40
0 93 12
0 93 9
0 92 94
0 92 41
0 91 95
0 91 44
0 91 29
0 89 94
0 89 80
0 89 75
0 89 63
0 89 41
0 89 8
0 89 1
0 88 85
0 88 82
0 88 32
0 88 22
0 88 11
0 87 91
0 87 89
0 87 83
0 87 77
0 87 61
0 87 38
0 87 37
0 87 31
0 87 21
0 86 90
0 86 86
0 86 79
0 86 53
0 86 48
0 86 43
0 86 40
0 86 18
0 86 10
0 86 6
0 85 73
0 85 50
0 85 49
0 85 43
0 85 42
0 85 26
0 85 18
0 85 17
0 85 14
0 84 96
0 84 91
0 84 87
0 84 76
0 84 63
0 84 34
0 84 19
0 84 16
0 83 87
0 83 74
0 83 65
0 83 63
0 83 61
0 83 52
0 83 48
0 83 45
0 83 34
0 83 0
0 82 97
0 82 95
0 82 93
0 82 92
0 82 87
0 82 77
0 82 74
0 82 67
0 82 42
0 82 36
0 82 35
0 82 34
0 82 14
0 82 8
0 82 6
0 81 95
0 81 88
0 81 76
0 81 75
0 81 72
0 81 60
0 81 52
0 81 48
0 81 15
0 81 3
0 80 97
0 80 96
0 80 90
0 80 86
0 80 84
0 80 59
0 80 57
0 80 54
0 80 45
0 80 40
0 80 33
0 80 27
0 80 25
0 80 19
0 80 14
0 80 10
0 79 90
0 79 85
0 79 76
0 79 66
0 79 63
0 79 62
0 79 60
0 79 59
0 79 56
0 79 47
0 79 40
0 79 38
0 79 35
0 79 25
0 79 19
0 79 15
0 79 10
0 79 9
0 79 8
0 79 3
0 78 97
0 78 95
0 78 92
0 78 90
0 78 84
0 78 79
0 78 77
0 78 75
0 78 73
0 78 72
0 78 68
0 78 65
0 78 64
0 78 59
0 78 57
0 78 53
0 78 51
0 78 49
0 78 42
0 78 36
0 78 34
0 78 32
0 78 31
0 78 28
0 78 27
0 78 25
0 78 23
0 78 20
0 78 16
0 78 15
0 78 12
0 78 11
0 78 7
0 78 2
0 78 0
0 77 96
0 77 92
0 77 91
0 77 86
0 77 85
0 77 84
0 77 83
0 77 80
0 77 79
0 77 78
0 77 77
0 77 75
0 77 74
0 77 72
0 77 68
0 77 67
0 77 59
0 77 55
0 77 54
0 77 53
0 77 49
0 77 47
0 77 44
0 77 41
0 77 35
0 77 34
0 77 31
0 77 30
0 77 29
0 77 28
0 77 27
0 77 26
0 77 25
0 77 22
0 77 18
0 77 16
0 77 12
0 77 11
0 77 10
0 77 7
0 77 5
0 77 3
0 77 2
0 77 0
0 76 89
0 76 88
0 76 87
0 76 86
0 76 84
0 76 82
0 76 81
0 76 79
0 76 76
0 76 75
0 76 73
0 76 72
0 76 70
0 76 69
0 76 68
0 76 67
0 76 65
0 76 62
0 76 58
0 76 53
0 76 49
0 76 47
0 76 44
0 76 43
0 76 41
0 76 39
0 76 38
0 76 37
0 76 34
0 76 33
0 76 29
0 76 28
0 76 27
0 76 26
0 76 22
0 76 21
0 76 16
0 76 13
0 76 12
0 76 11
0 76 8
0 76 7
0 76 6
0 76 2
0 76 1
0 76 0
0 75 99
0 75 98
0 75 96
0 75 95
0 75 94
0 75 93
0 75 92
0 75 89
0 75 84
0 75 83
0 75 82
0 75 81
0 75 79
0 75 78
0 75 74
0 75 72
0 75 71
0 75 69
0 75 66
0 75 65
0 75 64
0 75 63
0 75 62
0 75 60
0 75 59
0 75 58
0 75 57
0 75 55
0 75 54
0 75 52
0 75 51
0 75 50
0 75 49
0 75 48
0 75 47
0 75 46
0 75 45
0 75 43
0 75 42
0 75 40
0 75 39
0 75 38
0 75 37
0 75 36
0 75 35
0 75 34
0 75 30
0 75 29
0 75 28
0 75 26
0 75 25
0 75 23
0 75 22
0 75 20
0 75 19
0 75 18
0 75 17
0 75 16
0 75 15
0 75 13
0 75 11
0 75 9
0 75 8
0 75 7
0 75 6
0 75 4
0 75 3
0 75 1
0 74 49
0 74 3
0 73 58
0 73 7
0 72 82
0 72 61
0 91 51
0 72 17
0 73 74
0 73 75
0 72 48
0 91 53
0 72 49
0 72 42
0 91 45
0 72 43
0 69 97
0 69 98
0 68 90
0 68 91
0 68 14
0 68 15
0 80 89
0 66 88
0 78 89
0 64 91
0 61 45
0 61 46
0 60 76
0 75 61
0 59 80
0 72 12
0 72 10
0 72 4
0 54 85
0 54 54
0 54 55
0 53 39
0 53 41
0 51 18
0 51 21
0 49 79
0 49 80
0 48 65
0 67 17
0 67 11
0 48 56
0 66 87
0 48 63
0 66 64
0 48 23
0 47 81
0 47 82
0 47 40
0 47 44
0 64 80
0 64 75
0 64 45
0 46 97
0 62 54
0 62 58
0 45 82
0 42 18
0 42 32
0 59 12
0 41 35
0 58 65
0 58 66
0 58 64
0 58 50
0 40 5
0 58 24
0 39 60
0 37 56
0 37 66
0 56 16
0 56 28
0 36 81
0 36 69
0 36 76
0 55 92
0 36 45
0 36 17
0 55 79
0 55 71
0 34 23
0 54 62
0 34 27
0 52 52
0 31 7
0 52 19
0 30 36
0 28 84
0 51 67
0 29 11
0 49 49
0 49 90
0 23 81
0 22 87
0 49 29
0 23 15
0 48 12
0 48 25
0 48 15
0 47 94
0 48 0
0 21 46
0 20 64
0 47 24
0 47 18
0 46 31
0 46 56
0 19 59
0 45 96
0 46 0
0 18 77
0 43 63
0 16 98
0 16 62
0 42 96
0 16 66
0 13 72
0 13 78
0 35 61
0 12 63
0 31 85
0 32 0
0 10 43
0 30 70
0 9 64
0 29 13
0 28 78
0 28 32
0 8 25
0 28 30
0 28 2
0 27 85
0 27 48
0 27 36
0 8 13
0 27 12
0 8 0
0 26 58
0 26 87
0 26 60
0 22 39
0 22 42
0 6 34
0 6 27
0 22 0
0 6 32
0 20 73
0 20 99
0 6 18
0 19 83
0 20 3
0 19 96
0 19 43
0 19 75
0 5 85
0 17 47
0 17 73
0 17 51
0 16 85
0 17 15
0 5 5
0 14 94
0 15 44
0 15 32
0 14 91
0 14 62
0 14 53
0 4 42
0 12 70
0 4 9
0 12 29
0 12 37
0 12 19
0 12 13
0 12 3
0 11 65
0 4 0
0 10 47
0 10 53
0 3 54
0 8 80
0 9 48
0 3 49
0 8 28
0 3 5
0 7 21
0 7 54
0 7 48
0 2 47
0 2 55
0 5 67
0 5 77
0 5 65
0 5 56
0 5 45
0 4 94
0 1 72
0 4 78
0 4 83
0 4 69
0 4 61
0 4 57
0 4 34
0 1 59
0 1 30
0 4 25
0 3 97
0 2 61
0 2 65
0 1 93
0 0 78
0 0 84
0 0 24
0 0 26
0 0 52
0 0 35
0 0 0
0 0 12
0 0 90
0 0 64
0 1 4
0 1 42
0 0 69
0 2 85
0 2 87
0 3 43
0 3 52
0 1 18
0 4 31
0 4 91
0 5 88
0 5 95
0 6 16
0 2 1
0 2 37
0 6 86
0 6 22
0 7 57
0 7 68
0 2 74
0 7 95
0 8 60
0 8 58
0 9 75
0 10 29
0 11 20
0 11 34
0 12 68
0 13 4
0 12 80
0 4 13
0 4 17
0 13 26
0 14 36
0 15 13
0 15 48
0 15 68
0 16 12
0 16 17
0 16 27
0 16 33
0 4 87
0 16 49
0 17 44
0 17 75
0 18 6
0 18 25
0 18 70
0 18 94
0 20 20
0 20 44
0 20 61
0 20 66
0 21 25
0 21 27
0 21 40
0 22 32
0 22 59
0 22 62
0 6 36
0 6 46
0 6 71
0 6 74
0 22 79
0 23 74
0 7 24
0 7 31
0 7 41
0 23 83
0 25 90
0 25 96
0 26 95
0 27 40
0 28 75
0 29 43
0 29 23
0 29 50
0 8 46
0 8 52
0 29 72
0 42 68
0 30 31
0 8 93
0 8 97
0 31 44
0 31 29
0 9 67
0 31 46
0 32 8
0 32 37
0 32 77
0 10 50
0 33 6
0 11 18
0 33 46
0 33 67
0 33 85
0 11 84
0 34 21
0 12 6
0 34 31
0 34 78
0 35 56
0 36 5
0 35 79
0 36 12
0 36 36
0 36 41
0 12 82
0 36 67
0 36 84
0 13 42
0 13 59
0 13 66
0 37 82
0 36 98
0 14 9
0 14 30
0 37 85
0 14 49
0 38 54
0 38 94
0 14 76
0 39 13
0 39 31
0 39 33
0 39 89
0 15 34
0 15 40
0 39 95
0 40 91
0 41 8
0 16 10
0 41 41
0 41 76
0 16 19
0 41 81
0 16 30
0 42 13
0 16 39
0 42 54
0 16 60
0 43 49
0 43 51
0 16 72
0 44 12
0 43 91
0 44 19
0 17 31
0 44 43
0 44 90
0 45 48
0 17 71
0 45 57
0 45 74
0 45 79
0 18 16
0 45 80
0 46 20
0 46 21
0 46 24
0 19 40
0 46 67
0 46 68
0 19 68
0 46 73
0 19 79
0 46 79
0 46 91
0 47 2
0 47 6
0 47 8
0 47 11
0 47 33
0 47 34
0 20 69
0 47 35
0 20 92
0 47 52
0 21 7
0 21 22
0 47 59
0 47 83
0 21 38
0 48 8
0 48 31
0 48 32
0 22 16
0 22 23
0 22 26
0 48 38
0 48 64
0 48 70
0 22 45
0 22 49
0 48 77
0 48 99
0 22 68
0 49 9
0 49 42
0 49 47
0 23 17
0 23 20
0 23 27
0 23 54
0 23 63
0 23 66
0 23 70
0 49 99
0 50 0
0 50 5
0 23 88
0 24 14
0 24 34
0 24 56
0 24 95
0 25 13
0 50 10
0 25 93
0 50 40
0 26 4
0 26 27
0 50 51
0 50 65
0 26 75
0 50 68
0 50 72
0 50 95
0 27 24
0 50 96
0 51 7
0 51 12
0 27 62
0 27 70
0 51 14
0 51 29
0 51 38
0 51 40
0 51 53
0 51 55
0 51 73
0 51 79
0 51 85
0 51 87
0 51 90
0 51 99
0 29 53
0 29 55
0 29 69
0 52 0
0 29 74
0 29 83
0 29 99
0 30 5
0 30 19
0 52 51
0 52 48
0 30 42
0 30 65
0 52 75
0 52 72
0 31 10
0 31 22
0 31 24
0 52 76
0 31 38
0 53 0
0 53 18
0 31 50
0 31 53
0 31 55
0 31 59
0 31 76
0 53 22
0 31 95
0 53 50
0 32 4
0 53 59
0 53 78
0 32 49
0 53 79
0 32 90
0 53 88
0 33 28
0 33 39
0 33 41
0 54 3
0 33 63
0 33 65
0 54 30
0 33 80
0 54 42
0 34 12
0 34 18
0 54 50
0 54 71
0 54 72
0 54 74
0 34 40
0 34 57
0 34 64
0 34 68
0 54 81
0 35 9
0 55 3
0 55 10
0 35 72
0 55 21
0 35 91
0 55 45
0 55 56
0 36 14
0 55 80
0 55 83
0 36 39
0 56 3
0 55 96
0 36 65
0 56 6
0 56 25
0 56 44
0 56 47
0 56 48
0 36 95
0 56 56
0 37 15
0 37 22
0 37 40
0 37 53
0 56 98
0 56 65
0 37 71
0 37 79
0 56 99
0 57 34
0 37 87
0 38 6
0 38 17
0 38 36
0 38 38
0 38 43
0 57 35
0 38 58
0 38 83
0 38 90
0 57 63
0 38 99
0 39 2
0 57 89
0 39 15
0 39 23
0 39 26
0 57 99
0 58 32
0 58 29
0 39 74
0 58 33
0 58 69
0 58 70
0 40 9
0 40 30
0 40 38
0 40 68
0 40 88
0 58 75
0 40 98
0 59 22
0 59 17
0 59 26
0 41 49
0 41 51
0 41 64
0 59 39
0 59 61
0 41 85
0 41 95
0 42 4
0 59 65
0 42 16
0 59 96
0 59 79
0 59 98
0 42 61
0 42 69
0 42 83
0 42 89
0 60 14
0 43 30
0 43 34
0 43 36
0 43 41
0 43 45
0 60 36
0 60 70
0 43 56
0 60 73
0 43 67
0 43 88
0 60 81
0 44 3
0 61 12
0 61 24
0 44 24
0 44 26
0 44 32
0 61 26
0 44 61
0 44 70
0 61 53
0 45 36
0 45 41
0 61 85
0 62 13
0 45 62
0 45 65
0 45 66
0 45 68
0 62 17
0 45 78
0 62 46
0 62 61
0 62 62
0 45 84
0 45 89
0 62 64
0 45 97
0 62 99
0 46 9
0 46 19
0 63 17
0 63 38
0 63 40
0 46 25
0 63 54
0 46 32
0 46 37
0 46 52
0 63 62
0 46 62
0 46 66
0 63 85
0 64 1
0 46 70
0 64 2
0 46 74
0 46 76
0 64 27
0 46 86
0 46 87
0 46 88
0 64 85
0 64 84
0 64 88
0 47 3
0 47 4
0 64 94
0 65 1
0 47 9
0 65 9
0 47 12
0 47 16
0 65 18
0 47 19
0 47 20
0 65 40
0 65 49
0 65 57
0 65 59
0 65 76
0 65 67
0 47 46
0 47 49
0 65 77
0 47 54
0 47 55
0 65 88
0 47 62
0 47 63
0 47 67
0 47 68
0 66 24
0 66 0
0 66 33
0 47 90
0 66 37
0 47 96
0 47 99
0 66 43
0 48 4
0 48 6
0 66 53
0 66 62
0 66 67
0 66 66
0 66 68
0 66 76
0 66 82
0 66 86
0 48 41
0 48 45
0 48 46
0 48 47
0 48 55
0 67 7
0 67 8
0 67 10
0 67 19
0 67 20
0 48 72
0 67 21
0 48 81
0 48 82
0 48 83
0 48 86
0 48 87
0 48 94
0 67 27
0 49 0
0 67 46
0 49 22
0 49 27
0 67 51
0 49 31
0 49 36
0 49 37
0 49 40
0 67 58
0 67 69
0 67 74
0 49 50
0 49 56
0 49 59
0 49 61
0 49 66
0 49 68
0 49 70
0 49 71
0 49 72
0 49 75
0 68 2
0 67 75
0 49 82
0 49 83
0 49 89
0 68 3
0 49 93
0 49 96
0 68 12
0 68 18
0 50 1
0 68 21
0 50 7
0 68 24
0 50 12
0 50 13
0 50 14
0 50 16
0 50 19
0 50 24
0 50 25
0 50 26
0 50 29
0 50 31
0 50 32
0 50 36
0 50 38
0 68 28
0 50 44
0 50 46
0 50 48
0 68 57
0 50 53
0 50 54
0 50 61
0 50 64
0 68 69
0 50 67
0 68 79
0 50 69
0 50 70
0 50 71
0 68 86
0 50 77
0 50 82
0 68 94
0 69 0
0 50 98
0 50 99
0 51 6
0 69 1
0 51 9
0 69 9
0 51 13
0 69 13
0 51 17
0 69 23
0 69 18
0 51 22
0 51 25
0 51 28
0 69 24
0 51 30
0 69 34
0 69 38
0 51 41
0 51 46
0 69 39
0 69 45
0 51 57
0 51 59
0 69 47
0 51 69
0 51 70
0 51 72
0 69 54
0 69 63
0 51 80
0 69 64
0 51 86
0 69 68
0 69 73
0 51 97
0 51 98
0 69 75
0 69 81
0 52 5
0 52 6
0 52 7
0 52 9
0 52 14
0 52 16
0 52 17
0 52 18
0 69 83
0 52 22
0 52 23
0 52 25
0 52 27
0 52 28
0 52 32
0 52 37
0 52 38
0 52 41
0 52 44
0 52 47
0 70 1
0 70 24
0 70 27
0 52 58
0 52 59
0 52 60
0 52 63
0 52 64
0 52 65
0 52 70
0 70 29
0 70 44
0 70 47
0 52 78
0 52 79
0 52 80
0 52 92
0 52 93
0 52 94
0 52 98
0 52 99
0 70 48
0 53 3
0 53 4
0 53 5
0 53 6
0 70 67
0 53 21
0 70 77
0 53 25
0 53 34
0 53 36
0 70 90
0 70 81
0 53 42
0 53 44
0 53 47
0 53 48
0 53 49
0 70 91
0 53 51
0 53 55
0 53 56
0 71 5
0 53 64
0 53 67
0 53 69
0 53 70
0 71 13
0 71 23
0 53 80
0 53 83
0 53 87
0 71 25
0 53 89
0 53 96
0 54 0
0 71 32
0 54 8
0 54 9
0 54 10
0 54 18
0 54 21
0 54 22
0 54 26
0 54 29
0 71 41
0 54 33
0 54 34
0 54 39
0 54 41
0 71 58
0 54 43
0 54 47
0 54 49
0 71 68
0 71 80
0 71 76
0 54 56
0 54 57
0 54 60
0 71 81
0 54 63
0 54 64
0 54 65
0 54 67
0 71 91
0 72 1
0 72 2
0 54 79
0 54 80
0 72 14
0 72 13
0 54 87
0 54 88
0 54 91
0 54 93
0 54 98
0 54 99
0 55 0
0 72 15
0 55 5
0 55 8
0 55 9
0 72 33
0 55 11
0 55 20
0 72 41
0 55 28
0 55 29
0 55 38
0 72 46
0 55 50
0 55 52
0 55 54
0 72 54
0 55 67
0 72 62
0 55 72
0 55 74
0 55 75
0 55 78
0 72 66
0 72 77
0 72 78
0 55 85
0 72 81
0 55 93
0 55 95
0 72 84
0 55 99
0 72 90
0 72 94
0 56 8
0 56 9
0 56 10
0 56 14
0 56 15
0 72 96
0 56 18
0 56 23
0 15 3
0 73 8
0 56 32
0 56 35
0 56 41
0 73 17
0 73 24
0 73 27
0 56 52
0 73 29
0 56 57
0 56 58
0 56 62
0 56 63
0 73 32
0 56 66
0 56 78
0 56 79
0 56 80
0 56 81
0 56 87
0 56 89
0 56 94
0 56 95
0 56 96
0 73 42
0 73 65
0 57 8
0 57 9
0 57 15
0 57 16
0 57 23
0 57 24
0 57 28
0 73 67
0 73 82
0 57 37
0 57 39
0 57 43
0 57 44
0 57 45
0 57 47
0 57 48
0 57 50
0 57 51
0 57 52
0 57 54
0 57 56
0 57 62
0 73 84
0 57 65
0 57 66
0 57 72
0 57 73
0 57 82
0 57 83
0 57 84
0 57 86
0 74 13
0 57 90
0 57 93
0 57 94
0 57 96
0 74 30
0 58 0
0 58 5
0 58 12
0 58 16
0 58 17
0 58 20
0 58 22
0 58 23
0 74 40
0 58 28
0 74 59
0 74 62
0 74 65
0 58 34
0 58 35
0 58 37
0 58 44
0 58 47
0 74 66
0 58 54
0 74 79
0 74 83
0 74 84
0 58 67
0 74 87
0 74 90
0 58 73
0 74 92
0 58 82
0 58 83
0 58 84
0 58 86
0 58 87
0 58 89
0 58 94
0 59 5
0 59 8
0 59 9
0 59 11
0 74 96
0 59 13
0 59 16
0 75 21
0 59 18
0 75 27
0 75 31
0 59 29
0 59 30
0 59 34
0 75 33
0 59 51
0 59 54
0 59 55
0 59 56
0 59 57
0 59 59
0 59 60
0 38 1
0 59 64
0 75 41
0 59 67
0 59 69
0 59 70
0 59 73
0 59 74
0 59 75
0 75 76
0 75 75
0 59 84
0 59 89
0 59 92
0 59 95
0 75 77
0 75 88
0 59 99
0 60 0
0 75 91
0 60 16
0 60 17
0 60 23
0 60 24
0 60 26
0 60 29
0 60 30
0 60 32
0 60 33
0 60 34
0 75 97
0 60 37
0 60 38
0 60 39
0 60 44
0 60 45
0 60 46
0 60 51
0 60 57
0 60 63
0 60 64
0 60 69
0 76 18
0 60 71
0 5 47
0 76 42
0 60 78
0 76 48
0 60 83
0 60 86
0 60 88
0 60 93
0 60 99
0 76 54
0 61 19
0 61 21
0 61 23
0 76 66
0 61 25
0 76 74
0 61 28
0 61 29
0 61 30
0 61 38
0 61 39
0 61 44
0 76 93
0 76 77
0 76 94
0 61 54
0 61 61
0 61 64
0 61 67
0 76 98
0 61 95
0 61 96
0 61 97
0 61 99
0 62 12
0 77 8
0 62 15
0 77 19
0 62 21
0 62 26
0 62 30
0 62 31
0 62 33
0 62 39
0 62 40
0 62 43
0 62 45
0 77 24
0 62 49
0 62 51
0 62 53
0 77 43
0 62 55
0 62 57
0 77 51
0 62 59
0 77 57
0 77 62
0 77 63
0 62 70
0 62 73
0 62 86
0 62 88
0 62 90
0 36 26
0 63 1
0 63 6
0 63 13
0 63 16
0 77 65
0 63 19
0 63 22
0 63 23
0 63 33
0 63 36
0 77 87
0 63 39
0 77 99
0 63 53
0 78 3
0 63 55
0 63 61
0 78 8
0 63 65
0 63 67
0 63 68
0 63 70
0 63 72
0 63 78
0 63 79
0 78 14
0 63 91
0 63 93
0 63 97
0 63 98
0 63 99
0 64 0
0 78 29
0 78 43
0 64 8
0 64 10
0 64 17
0 64 26
0 78 46
0 64 35
0 64 36
0 64 42
0 64 43
0 78 55
0 64 47
0 64 54
0 64 55
0 64 57
0 64 58
0 64 59
0 64 62
0 78 66
0 64 76
0 11 74
0 78 81
0 78 87
0 78 93
0 78 91
0 64 92
0 64 93
0 78 94
0 64 97
0 64 98
0 64 99
0 65 0
0 79 2
0 65 2
0 65 8
0 79 12
0 65 10
0 65 12
0 65 16
0 79 18
0 65 20
0 65 29
0 65 30
0 65 33
0 65 39
0 79 26
0 65 45
0 65 46
0 65 47
0 65 48
0 79 37
0 65 52
0 65 53
0 79 48
0 65 58
0 79 54
0 65 60
0 79 57
0 65 74
0 65 75
0 79 61
0 79 68
0 65 80
0 65 82
0 65 84
0 65 85
0 65 86
0 65 87
0 79 69
0 65 89
0 65 94
0 65 95
0 65 98
0 65 99
0 79 84
0 66 4
0 66 8
0 66 9
0 66 10
0 66 11
0 66 12
0 66 13
0 66 14
0 66 20
0 66 22
0 66 23
0 79 96
0 80 20
0 66 35
0 66 36
0 80 22
0 66 38
0 66 39
0 66 40
0 33 50
0 66 44
0 66 45
0 66 46
0 66 47
0 66 48
0 66 52
0 80 28
0 66 54
0 66 57
0 66 58
0 66 59
0 66 60
0 80 49
0 66 63
0 80 61
0 66 65
1 22 10
0 80 65
0 80 72
0 66 72
0 66 75
0 80 74
0 66 77
0 66 80
0 80 80
0 66 85
0 80 85
0 80 93
0 80 92
0 66 89
0 66 90
0 66 92
0 66 93
0 66 94
0 66 95
0 66 97
0 66 98
0 66 99
0 67 3
0 67 4
0 67 5
0 67 6
0 80 94
0 81 23
0 67 9
0 81 25
0 81 29
0 67 12
0 67 13
0 67 16
0 81 31
0 81 39
0 81 41
0 81 44
0 67 22
0 67 23
0 67 26
0 33 43
0 67 28
0 67 31
0 67 35
0 67 36
0 67 37
0 67 38
0 67 39
0 67 40
0 67 41
0 67 42
0 67 43
0 67 44
0 67 45
0 81 45
0 67 47
0 67 48
0 67 50
0 81 82
0 67 52
0 67 53
0 67 54
0 67 55
0 67 56
0 67 57
0 81 89
0 67 59
0 67 62
0 67 63
0 67 64
0 67 65
0 67 66
0 67 67
0 67 68
0 82 4
0 67 70
0 67 71
0 82 21
0 82 28
0 67 76
0 67 77
0 67 78
0 67 79
0 67 82
0 67 84
0 67 85
0 67 86
0 67 87
0 67 88
0 67 89
0 67 90
0 67 91
0 67 92
0 67 93
0 67 94
0 67 95
0 67 96
0 67 97
0 67 98
0 67 99
0 68 0
0 68 1
0 82 29
0 82 78
0 68 4
0 68 5
0 68 6
0 68 7
0 68 8
0 68 9
0 68 10
0 68 11
0 42 98
0 68 13
0 83 3
0 82 79
0 68 16
0 68 17
0 83 4
0 68 19
0 68 20
0 83 12
0 68 22
0 68 23
0 83 18
0 68 25
0 68 26
0 68 27
0 83 24
0 68 29
0 68 30
0 68 31
0 68 32
0 68 33
0 68 34
0 68 35
0 68 36
0 68 37
0 68 38
0 68 39
0 68 40
0 68 41
0 68 42
0 68 43
0 68 44
0 68 45
0 68 46
0 68 47
0 68 48
0 68 49
0 68 50
0 68 51
0 68 52
0 68 53
0 68 54
0 68 55
0 68 56
0 83 32
0 68 58
0 68 59
0 68 65
0 68 66
0 68 67
0 68 68
0 83 90
0 68 70
0 68 71
0 68 72
0 68 73
0 68 74
0 68 75
0 68 76
0 68 77
0 68 78
0 84 4
0 68 81
0 68 82
0 68 84
0 68 85
0 84 23
0 68 87
0 68 88
0 68 89
0 84 43
0 84 33
0 68 92
0 68 93
0 84 44
0 68 95
0 68 96
0 68 97
0 68 98
0 68 99
0 84 51
0 84 64
0 69 2
0 69 3
0 69 4
0 69 5
0 69 6
0 69 7
0 69 8
0 84 66
0 69 10
0 69 11
0 69 12
0 84 82
0 69 14
0 69 15
0 69 16
0 69 17
0 84 90
0 69 19
0 69 20
0 69 21
0 69 22
0 84 99
0 85 10
0 69 25
0 69 26
0 69 27
0 69 28
0 69 29
0 69 30
0 69 31
0 69 32
0 69 33
0 85 12
0 69 35
0 69 36
0 69 37
0 85 32
0 85 40
0 69 40
0 69 41
0 69 42
0 69 43
0 69 44
0 85 41
0 69 46
0 85 53
0 69 48
0 69 49
0 69 50
0 69 51
0 69 52
0 69 53
0 85 57
0 69 55
0 69 56
0 69 57
0 69 58
0 69 59
0 69 60
0 69 61
0 85 72
0 85 88
0 69 65
0 69 66
0 69 67
0 85 90
0 69 69
0 69 70
0 69 71
0 69 72
0 85 98
0 69 74
0 28 18
0 69 76
0 69 77
0 69 78
0 69 79
0 69 80
0 86 7
0 69 82
0 86 24
0 69 84
0 69 85
0 69 86
0 69 87
0 69 88
0 69 89
0 69 90
0 69 91
0 69 92
0 69 93
0 69 94
0 69 95
0 69 96
0 86 57
0 86 28
0 69 99
0 70 0
0 86 58
0 70 2
0 70 3
0 70 4
0 70 5
0 70 6
0 70 7
0 70 8
0 70 9
0 70 10
0 70 11
0 70 12
0 70 13
0 70 14
0 70 15
0 70 16
0 70 17
0 70 18
0 70 19
0 70 20
0 70 21
0 70 22
0 70 23
0 86 66
0 70 25
0 70 26
1 17 35
0 70 28
0 87 12
0 70 30
0 70 31
0 70 32
0 70 33
0 70 34
0 70 35
0 70 36
0 70 37
0 70 38
0 70 39
0 70 40
0 70 41
0 70 42
0 70 43
0 87 22
0 70 45
0 70 46
0 87 51
0 87 57
0 70 49
0 70 50
0 70 51
0 70 52
0 70 53
0 70 54
0 70 55
0 70 56
0 70 57
0 70 58
0 70 59
0 70 60
0 70 61
0 70 62
0 70 63
0 70 64
0 70 65
0 70 66
0 87 59
0 70 68
0 70 69
0 70 70
0 70 71
0 70 72
0 70 73
0 70 74
0 70 75
0 70 76
0 87 97
0 70 78
0 70 79
0 70 80
0 88 17
0 70 82
0 70 83
0 70 84
0 70 85
0 70 86
0 70 87
0 70 88
0 70 89
0 88 26
0 88 43
0 70 92
0 70 93
0 70 94
0 70 95
0 70 96
0 70 97
0 70 98
0 70 99
0 71 0
0 71 1
0 71 2
0 71 3
0 71 4
0 88 45
0 71 6
0 71 7
0 71 8
0 71 9
0 71 10
0 71 11
0 71 12
0 88 73
0 71 14
0 71 15
0 71 16
0 71 17
0 71 18
0 71 19
0 71 20
0 71 21
0 71 22
0 88 89
0 71 24
0 89 10
0 71 26
0 71 27
0 71 28
0 71 29
0 71 30
0 71 31
1 26 32
0 71 33
0 71 34
0 71 35
0 71 36
0 71 37
0 71 38
0 71 39
0 71 40
0 89 13
0 71 42
0 71 43
0 71 44
0 71 45
0 71 46
0 71 47
0 71 48
0 71 49
0 71 50
0 71 51
0 71 52
0 71 53
0 71 54
0 71 55
0 71 56
0 71 57
0 89 46
0 71 59
0 71 60
0 71 61
0 71 62
0 71 63
0 71 64
0 71 65
0 71 66
0 71 67
0 89 79
0 71 69
0 71 70
0 71 71
0 71 72
0 71 73
0 71 74
0 71 75
0 90 0
0 71 77
0 71 78
0 71 79
0 90 16
0 90 24
0 71 82
0 71 83
0 71 84
0 71 85
0 71 86
0 71 87
0 71 88
0 71 89
0 71 90
0 90 26
0 71 92
0 71 93
0 71 94
0 71 95
0 71 96
0 71 97
0 71 98
0 71 99
0 72 0
0 90 46
0 90 66
0 72 3
0 90 68
0 72 5
0 72 6
0 72 7
0 72 8
0 72 9
0 94 19
0 72 11
0 90 72
1 6 84
0 94 20
0 5 81
0 72 16
0 94 27
0 72 18
0 72 19
0 72 20
0 72 21
0 72 22
0 72 23
0 72 24
0 72 25
0 72 26
0 72 27
0 72 28
0 72 29
0 72 30
0 72 31
0 72 32
0 94 33
0 72 34
0 72 35
0 72 36
0 72 37
0 72 38
0 72 39
0 72 40
0 90 87
0 91 50
0 94 66
0 72 44
0 72 45
0 94 85
0 72 47
0 94 92
0 94 96
0 72 50
0 72 51
0 72 52
0 72 53
0 94 98
0 72 55
0 72 56
0 72 57
0 72 58
0 72 59
0 72 60
0 95 8
0 91 65
0 72 63
0 72 64
0 72 65
0 95 22
0 72 67
0 72 68
0 72 69
0 72 70
0 72 71
0 72 72
0 72 73
0 72 74
0 72 75
0 72 76
0 91 93
1 15 84
0 72 79
0 72 80
0 95 32
0 95 62
0 72 83
0 92 24
0 72 85
0 72 86
0 72 87
0 72 88
0 72 89
0 92 37
0 72 91
0 72 92
0 72 93
0 92 49
0 72 95
0 92 57
0 72 97
0 72 98
0 72 99
0 73 0
0 73 1
0 73 2
0 73 3
0 73 4
0 73 5
0 73 6
0 95 63
0 96 14
0 73 9
0 73 10
0 73 11
0 73 12
0 73 13
0 73 14
0 73 15
0 73 16
0 96 15
0 73 18
0 73 19
0 73 20
0 73 21
0 73 22
0 73 23
0 14 70
0 73 25
0 73 26
0 92 62
0 73 28
0 14 88
0 73 30
0 73 31
0 93 23
0 73 33
0 73 34
0 73 35
0 73 36
0 73 37
0 73 38
0 73 39
0 73 40
0 73 41
1 38 75
0 73 43
0 73 44
0 73 45
0 73 46
0 73 47
0 73 48
0 73 49
0 73 50
0 73 51
0 73 52
0 73 53
0 73 54
0 73 55
0 73 56
0 73 57
0 96 33
0 73 59
0 73 60
0 73 61
0 73 62
0 73 63
0 73 64
0 97 15
0 73 66
0 97 29
0 73 68
0 73 69
0 73 70
0 73 71
0 73 72
0 73 73
0 97 33
0 93 33
0 73 76
0 73 77
0 73 78
0 73 79
0 73 80
0 73 81
0 25 37
0 73 83
0 97 48
0 73 85
0 73 86
0 73 87
0 73 88
0 73 89
0 73 90
0 73 91
0 73 92
0 73 93
0 73 94
0 73 95
0 73 96
0 73 97
0 73 98
0 73 99
0 74 0
0 74 1
0 74 2
0 97 67
0 74 4
0 74 5
0 74 6
0 74 7
0 74 8
0 74 9
0 74 10
0 74 11
0 74 12
0 98 5
0 74 14
0 74 15
0 74 16
0 74 17
0 74 18
0 74 19
0 74 20
0 74 21
0 74 22
0 74 23
0 74 24
0 74 25
0 74 26
0 74 27
0 74 28
0 74 29
0 98 25
0 74 31
0 74 32
0 74 33
0 74 34
0 74 35
0 74 36
0 74 37
0 74 38
0 74 39
0 44 85
0 74 41
0 74 42
0 74 43
0 74 44
0 74 45
0 74 46
0 74 47
0 74 48
0 98 60
0 74 50
0 74 51
0 74 52
0 74 53
0 74 54
0 74 55
0 74 56
0 74 57
0 74 58
0 38 72
0 74 60
0 74 61
1 38 65
0 74 63
0 74 64
0 98 97
1 14 14
0 74 67
0 74 68
0 74 69
0 74 70
0 74 71
0 74 72
0 74 73
0 74 74
0 74 75
0 74 76
0 74 77
0 74 78
0 38 28
0 74 80
0 74 81
0 74 82
1 38 8
0 99 30
0 74 85
0 74 86
0 99 68
0 74 88
0 74 89
0 99 73
0 74 91
1 13 61
0 74 93
0 74 94
0 74 95
0 99 79
0 74 97
0 74 98
0 74 99
0 0 0
1 0 58
0 75 2
3 54 66
2 4 39
0 75 5
3 36 77
1 0 59
1 29 60
1 0 32
0 75 10
1 40 28
0 75 12
1 34 4
0 75 14
1 27 19
3 14 24
1 56 58
0 12 56
0 48 17
0 9 0
1 44 95
2 34 29
1 5 24
0 75 24
1 22 45
2 55 9
1 37 60
3 48 71
2 0 75
0 0 87
0 13 55
0 75 32
0 12 97
2 20 9
2 14 20
3 30 83
3 0 18
2 59 39
2 25 48
3 61 89
1 37 50
2 26 74
3 28 26
0 75 44
0 20 77
0 45 91
0 28 26
2 20 0
0 28 4
3 19 48
3 6 30
0 18 81
0 75 53
0 19 33
2 25 62
0 75 56
0 17 19
0 9 64
2 16 31
0 19 96
1 44 81
1 60 43
3 17 69
0 50 0
2 23 14
3 56 23
0 75 67
0 75 68
3 35 47
0 75 70
3 10 25
1 55 54
0 75 73
3 23 12
0 44 73
0 5 79
0 5 72
0 12 75
3 9 92
0 75 80
2 0 0
0 63 5
1 37 40
3 0 17
0 75 85
0 75 86
0 75 87
1 12 50
2 13 65
0 75 90
0 12 47
2 62 82
0 4 29
2 34 70
2 8 93
1 12 9
1 44 29
0 0 75
0 12 32
1 49 29
3 48 41
1 44 15
0 76 3
0 76 4
0 76 5
3 8 53
2 28 49
1 5 83
0 76 9
0 76 10
1 42 14
2 33 31
2 39 36
0 76 14
0 76 15
0 0 0
0 76 17
0 44 0
0 76 19
0 76 20
2 32 13
2 60 62
0 76 23
0 76 24
0 76 25
3 55 17
2 0 11
0 44 27
1 49 6
0 76 30
0 76 31
0 76 32
0 34 85
0 26 0
0 76 35
0 76 36
3 58 84
3 0 49
1 49 85
0 76 40
1 28 65
0 25 19
2 43 77
3 61 9
0 76 45
0 76 46
1 13 7
0 24 86
2 22 44
0 76 50
0 76 51
0 76 52
0 30 97
0 25 23
0 76 55
0 76 56
0 76 57
0 29 43
0 76 59
0 76 60
0 76 61
0 47 23
0 76 63
0 76 64
1 42 74
0 43 93
3 57 0
1 7 19
3 19 92
3 60 18
0 76 71
1 46 13
3 62 59
1 24 71
2 1 16
0 33 23
0 24 68
0 76 78
1 61 71
0 76 80
1 24 56
0 60 94
0 76 83
1 47 82
0 76 85
0 64 27
1 21 82
3 49 34
3 0 31
0 76 90
0 76 91
0 76 92
1 5 14
1 4 20
0 76 95
0 76 96
0 76 97
1 43 82
0 76 99
3 63 14
0 77 1
3 47 53
0 2 89
0 77 4
0 19 57
0 77 6
1 53 31
0 37 4
0 77 9
1 62 75
0 15 0
0 22 33
0 77 13
0 77 14
0 77 15
1 23 89
0 77 17
3 39 9
1 36 43
0 77 20
0 77 21
1 30 34
0 77 23
1 37 19
0 24 28
1 0 54
1 28 7
3 34 56
2 61 0
0 12 2
1 18 60
0 77 32
0 77 33
3 43 62
0 3 93
0 77 36
0 77 37
0 77 38
0 77 39
0 77 40
1 8 89
0 77 42
0 43 99
2 19 11
0 77 45
0 77 46
3 9 71
0 77 48
0 18 23
0 77 50
1 36 10
0 77 52
2 5 97
0 7 42
3 35 90
0 77 56
1 36 1
0 77 58
2 10 59
0 77 60
0 77 61
1 12 11
0 12 0
0 77 64
0 12 15
0 77 66
1 32 10
1 13 98
0 77 69
0 77 70
0 77 71
0 52 86
0 77 73
0 37 88
1 15 92
0 77 76
1 52 37
0 62 49
2 62 79
1 42 0
0 77 81
0 77 82
2 36 24
1 41 7
1 42 0
0 43 32
0 43 78
0 77 88
0 77 89
0 77 90
3 4 34
0 19 42
0 77 93
0 77 94
0 77 95
2 54 3
0 77 97
0 77 98
1 24 41
0 0 93
0 78 1
0 34 15
0 24 37
0 78 4
0 78 5
0 78 6
1 38 93
1 24 43
0 78 9
0 78 10
3 0 65
1 40 51
0 78 13
1 43 76
0 7 55
1 10 52
0 78 17
0 78 18
0 78 19
3 35 75
0 78 21
0 78 22
0 0 83
0 78 24
2 22 59
0 78 26
3 45 92
0 24 38
0 43 66
0 78 30
1 32 94
2 41 43
0 78 33
0 0 6
0 78 35
1 32 18
0 78 37
0 78 38
0 78 39
0 78 40
0 78 41
1 45 39
0 24 25
0 78 44
0 78 45
0 24 21
0 78 47
0 78 48
3 22 3
0 78 50
2 11 84
0 78 52
0 22 96
0 78 54
1 24 26
0 78 56
0 8 77
0 78 58
1 3 68
0 78 60
0 78 61
0 78 62
0 78 63
3 25 0
1 11 54
0 43 65
0 78 67
1 0 3
0 78 69
0 78 70
0 78 71
2 20 83
3 3 4
0 78 74
3 9 43
0 78 76
1 4 75
0 78 78
3 40 48
0 78 80
1 35 51
0 78 82
0 78 83
2 57 77
0 78 85
0 78 86
1 11 49
0 78 88
1 11 38
0 55 91
1 10 82
1 4 58
0 3 99
0 3 18
0 3 49
0 78 96
2 62 33
0 78 98
0 78 99
0 79 0
0 79 1
0 35 22
0 17 92
0 79 4
0 79 5
0 79 6
0 79 7
3 16 0
2 1 14
0 27 88
0 79 11
0 35 93
0 79 13
0 79 14
3 27 15
0 79 16
0 79 17
1 34 29
0 6 74
0 79 20
0 79 21
0 79 22
0 79 23
0 79 24
2 17 29
1 34 0
0 79 27
0 79 28
0 79 29
0 79 30
0 79 31
0 79 32
0 79 33
0 79 34
3 23 91
0 79 36
0 34 37
1 3 11
0 79 39
0 0 79
0 79 41
0 79 42
0 79 43
0 79 44
0 79 45
0 79 46
1 17 47
1 43 22
0 79 49
0 79 50
0 79 51
0 79 52
0 79 53
0 23 58
0 79 55
2 4 64
1 22 99
0 79 58
0 3 77
1 5 0
1 24 6
3 33 83
1 32 66
0 79 64
0 79 65
0 32 55
0 79 67
0 10 62
0 10 46
0 79 70
0 79 71
0 79 72
0 79 73
0 79 74
0 79 75
1 25 45
0 79 77
0 79 78
0 79 79
0 79 80
0 79 81
0 79 82
0 79 83
1 43 9
2 10 11
0 79 86
0 79 87
0 79 88
0 79 89
1 24 98
0 79 91
0 79 92
0 79 93
0 79 94
0 79 95
0 43 25
0 79 97
0 79 98
0 79 99
0 80 0
0 80 1
0 80 2
0 80 3
0 80 4
0 80 5
0 80 6
0 80 7
0 80 8
0 80 9
3 12 35
0 80 11
0 80 12
0 80 13
3 25 0
0 80 15
0 80 16
0 80 17
0 80 18
3 21 53
0 10 41
0 80 21
1 10 35
0 80 23
0 80 24
1 53 73
0 80 26
3 19 50
0 33 72
0 80 29
0 80 30
0 80 31
0 80 32
3 63 24
0 80 34
0 80 35
0 80 36
0 80 37
0 80 38
0 80 39
3 12 39
0 80 41
0 80 42
0 80 43
0 80 44
0 2 44
0 80 46
0 80 47
0 80 48
1 33 76
0 80 50
0 80 51
0 80 52
0 80 53
1 0 92
0 80 55
0 80 56
0 1 86
0 80 58
0 0 39
0 80 60
1 21 89
0 80 62
0 80 63
0 80 64
1 21 55
0 80 66
0 80 67
0 80 68
0 80 69
0 80 70
0 80 71
1 10 21
0 80 73
0 9 57
0 80 75
0 80 76
0 80 77
0 80 78
0 80 79
0 45 51
0 80 81
0 80 82
0 80 83
2 16 37
1 20 85
3 37 0
0 80 87
0 80 88
0 20 76
2 9 84
0 80 91
1 21 35
0 2 51
0 2 23
0 80 95
1 10 28
1 11 22
0 80 98
0 80 99
0 81 0
0 81 1
0 81 2
1 19 74
0 81 4
0 81 5
0 81 6
0 81 7
0 81 8
0 81 9
0 81 10
0 81 11
0 81 12
0 81 13
0 81 14
0 34 0
0 81 16
0 81 17
0 81 18
0 81 19
0 81 20
0 81 21
0 81 22
1 8 99
0 81 24
0 8 91
0 81 26
0 81 27
0 81 28
1 9 2
0 81 30
0 32 62
0 81 32
0 81 33
0 81 34
0 81 35
0 81 36
0 81 37
0 81 38
0 32 47
0 81 40
0 8 77
0 81 42
0 81 43
1 8 38
0 8 87
0 81 46
0 81 47
1 28 11
0 81 49
0 81 50
0 81 51
2 0 45
0 81 53
0 81 54
0 81 55
0 81 56
0 81 57
0 81 58
0 81 59
0 31 14
0 81 61
0 81 62
0 81 63
0 81 64
0 81 65
0 81 66
0 81 67
0 81 68
0 81 69
0 81 70
0 81 71
2 41 56
0 81 73
0 81 74
1 64 30
2 29 78
0 81 77
0 81 78
0 81 79
0 81 80
0 81 81
0 32 26
0 81 83
0 81 84
0 81 85
0 81 86
0 81 87
1 44 5
0 31 82
0 81 90
0 81 91
0 81 92
0 81 93
0 81 94
2 34 98
0 81 96
0 81 97
0 81 98
0 81 99
0 82 0
0 82 1
0 82 2
0 82 3
0 32 41
0 82 5
0 34 6
0 82 7
1 11 89
0 82 9
0 82 10
0 82 11
0 82 12
0 82 13
2 39 60
0 82 15
0 82 16
0 82 17
0 82 18
0 82 19
0 82 20
0 19 23
0 82 22
0 82 23
0 82 24
0 82 25
0 82 26
0 82 27
1 19 18
1 19 27
0 82 30
0 82 31
0 82 32
0 82 33
1 34 44
0 53 48
1 22 63
0 82 37
0 82 38
0 82 39
0 82 40
0 82 41
1 8 9
0 82 43
0 82 44
0 82 45
0 82 46
0 82 47
0 82 48
0 82 49
0 82 50
0 82 51
0 82 52
0 82 53
0 82 54
0 82 55
0 82 56
0 82 57
0 82 58
0 82 59
0 82 60
0 82 61
0 82 62
0 82 63
0 82 64
0 82 65
0 82 66
0 44 55
0 82 68
0 82 69
0 82 70
0 82 71
0 82 72
0 82 73
1 0 36
0 82 75
0 82 76
2 1 25
0 8 22
1 8 17
0 82 80
0 82 81
0 82 82
0 82 83
0 82 84
0 82 85
0 82 86
0 18 35
0 82 88
0 82 89
0 82 90
0 82 91
0 38 46
3 31 69
0 82 94
0 31 92
0 82 96
1 7 39
0 82 98
0 82 99
1 0 72
0 83 1
0 83 2
0 2 10
0 1 79
0 83 5
0 83 6
0 83 7
0 83 8
0 83 9
0 83 10
0 83 11
1 18 99
0 83 13
0 83 14
0 83 15
0 83 16
0 83 17
0 18 90
0 83 19
0 83 20
0 83 21
0 83 22
0 83 23
0 19 5
0 83 25
0 83 26
0 83 27
0 83 28
0 83 29
0 83 30
0 83 31
1 42 92
0 83 33
3 39 62
0 83 35
0 83 36
0 83 37
0 83 38
0 83 39
0 83 40
0 83 41
0 83 42
0 83 43
0 83 44
3 0 97
0 83 46
0 83 47
0 22 46
0 83 49
0 83 50
0 83 51
2 44 52
0 83 53
0 83 54
0 83 55
0 83 56
0 83 57
0 83 58
0 83 59
0 83 60
0 9 75
0 83 62
0 30 31
0 83 64
3 38 55
0 83 66
0 83 67
0 83 68
0 83 69
0 83 70
0 83 71
0 83 72
0 83 73
3 25 89
0 83 75
0 83 76
0 83 77
0 83 78
0 83 79
0 83 80
0 83 81
0 83 82
0 83 83
0 83 84
0 83 85
0 83 86
0 5 30
0 83 88
0 83 89
0 45 11
0 83 91
0 83 92
0 83 93
0 83 94
0 83 95
0 83 96
0 83 97
0 83 98
0 83 99
0 84 0
0 84 1
0 84 2
0 84 3
1 45 6
0 84 5
0 84 6
0 84 7
0 84 8
0 84 9
0 84 10
0 84 11
0 84 12
0 84 13
0 84 14
0 84 15
1 62 68
0 84 17
0 84 18
3 27 35
0 84 20
0 84 21
0 84 22
0 42 78
0 84 24
0 84 25
0 84 26
0 84 27
0 84 28
0 84 29
0 84 30
0 84 31
0 84 32
1 42 73
2 6 90
0 84 35
0 84 36
0 84 37
0 84 38
0 84 39
0 84 40
0 84 41
0 84 42
0 1 63
0 0 99
0 84 45
0 84 46
0 84 47
0 84 48
0 84 49
0 84 50
1 42 86
0 84 52
0 84 53
0 84 54
0 84 55
0 84 56
0 84 57
0 84 58
0 84 59
0 84 60
0 84 61
0 84 62
1 7 7
0 31 33
0 84 65
1 31 3
0 84 67
0 84 68
0 84 69
0 84 70
0 84 71
0 84 72
0 84 73
0 84 74
0 84 75
0 13 16
0 84 77
0 84 78
0 84 79
0 84 80
0 84 81
1 31 78
0 84 83
0 84 84
0 84 85
0 84 86
2 37 63
0 84 88
0 84 89
1 30 89
0 23 18
0 84 92
0 84 93
0 84 94
0 84 95
2 9 31
0 84 97
0 84 98
1 30 61
0 85 0
0 85 1
0 85 2
0 85 3
0 85 4
0 85 5
0 85 6
0 85 7
0 85 8
0 85 9
1 7 62
0 85 11
0 7 50
0 85 13
2 10 4
0 85 15
0 85 16
1 49 60
1 16 15
0 85 19
0 85 20
0 85 21
0 85 22
0 85 23
0 85 24
0 85 25
0 12 70
0 85 27
0 85 28
0 85 29
0 85 30
0 85 31
0 30 58
0 85 33
0 85 34
0 85 35
0 85 36
0 85 37
0 85 38
0 85 39
0 30 21
0 29 96
3 37 33
1 35 97
0 85 44
0 85 45
0 85 46
0 85 47
0 85 48
1 32 59
1 13 21
0 85 51
0 85 52
1 29 85
0 85 54
0 85 55
0 85 56
0 28 94
0 85 58
0 85 59
0 85 60
0 85 61
0 85 62
0 85 63
0 85 64
0 85 65
0 85 66
0 85 67
0 85 68
0 85 69
0 85 70
0 85 71
1 28 47
0 13 25
0 85 74
0 85 75
0 85 76
0 85 77
0 85 78
0 85 79
0 85 80
0 85 81
0 85 82
0 85 83
0 85 84
0 85 85
0 85 86
0 85 87
0 18 46
0 85 89
0 17 79
0 85 91
0 85 92
0 85 93
0 85 94
0 85 95
0 85 96
0 85 97
1 18 84
0 85 99
0 86 0
0 86 1
0 86 2
0 86 3
0 86 4
0 86 5
1 30 97
0 28 28
0 86 8
0 86 9
1 3 65
0 86 11
0 86 12
0 86 13
0 86 14
0 86 15
0 86 16
0 86 17
0 37 41
0 86 19
0 86 20
0 86 21
0 86 22
0 86 23
0 28 6
0 86 25
0 86 26
0 86 27
1 27 68
0 86 29
0 86 30
0 86 31
0 86 32
0 86 33
0 86 34
0 86 35
0 86 36
0 86 37
0 86 38
0 86 39
1 17 41
0 86 41
0 86 42
3 17 54
0 86 44
0 86 45
0 86 46
0 86 47
3 18 86
0 86 49
0 86 50
0 86 51
0 86 52
1 30 85
0 86 54
0 86 55
0 86 56
1 0 87
1 0 75
0 86 59
0 86 60
0 86 61
0 86 62
0 86 63
0 86 64
0 86 65
1 45 1
0 86 67
0 86 68
0 86 69
0 86 70
0 86 71
0 86 72
0 86 73
0 86 74
0 86 75
0 86 76
0 86 77
0 86 78
3 21 71
0 86 80
0 86 81
0 86 82
0 86 83
0 86 84
0 86 85
0 22 7
0 86 87
0 86 88
0 86 89
0 28 0
0 86 91
0 86 92
0 86 93
0 86 94
0 86 95
0 86 96
0 86 97
0 86 98
0 86 99
0 87 0
0 87 1
0 87 2
0 87 3
0 87 4
0 87 5
0 87 6
0 87 7
0 87 8
0 87 9
0 87 10
0 87 11
0 44 98
0 87 13
0 87 14
0 87 15
0 87 16
0 87 17
0 87 18
0 87 19
0 87 20
1 24 50
1 17 9
0 87 23
0 87 24
0 87 25
0 87 26
0 87 27
0 87 28
0 87 29
0 87 30
1 25 11
0 87 32
0 87 33
0 87 34
0 87 35
0 87 36
1 17 65
3 52 12
0 87 39
0 87 40
0 87 41
0 87 42
0 87 43
0 87 44
0 87 45
0 87 46
0 87 47
0 87 48
0 87 49
0 87 50
0 42 39
0 87 52
0 87 53
0 87 54
0 87 55
0 87 56
0 16 89
0 87 58
0 16 82
0 87 60
0 25 78
0 87 62
0 87 63
0 87 64
0 87 65
0 87 66
0 87 67
0 87 68
0 87 69
0 87 70
0 87 71
0 87 72
0 87 73
0 87 74
0 87 75
0 87 76
1 26 72
0 87 78
0 87 79
0 87 80
0 87 81
0 87 82
1 26 82
0 87 84
0 87 85
0 87 86
0 87 87
0 87 88
1 6 7
0 87 90
3 27 76
0 87 92
0 87 93
0 87 94
0 87 95
0 87 96
0 45 4
0 87 98
0 87 99
0 88 0
0 88 1
0 88 2
0 88 3
0 88 4
0 88 5
0 88 6
0 88 7
0 88 8
0 88 9
0 88 10
0 5 98
0 88 12
0 88 13
0 88 14
0 88 15
0 88 16
0 27 64
0 88 18
0 88 19
0 88 20
0 88 21
0 15 53
0 88 23
0 88 24
0 88 25
0 26 34
0 88 27
0 88 28
0 88 29
0 88 30
0 88 31
1 28 56
0 88 33
0 88 34
0 88 35
0 88 36
0 88 37
0 88 38
0 88 39
0 88 40
0 88 41
0 88 42
1 7 26
0 88 44
0 7 15
0 88 46
0 88 47
0 88 48
0 88 49
0 88 50
0 88 51
0 88 52
0 88 53
0 88 54
0 88 55
0 88 56
0 88 57
0 88 58
0 88 59
0 88 60
0 88 61
0 88 62
0 88 63
0 88 64
0 88 65
0 88 66
0 88 67
0 88 68
0 88 69
0 88 70
0 88 71
0 88 72
1 42 1
0 88 74
0 88 75
0 88 76
0 88 77
0 88 78
0 88 79
0 88 80
0 88 81
0 28 60
0 88 83
0 88 84
3 29 40
0 88 86
0 88 87
0 88 88
0 41 43
0 88 90
0 88 91
0 88 92
0 88 93
0 88 94
0 88 95
0 88 96
0 88 97
0 88 98
0 88 99
0 89 0
0 16 96
0 89 2
0 89 3
0 89 4
0 89 5
0 89 6
0 89 7
1 39 70
0 89 9
0 26 16
0 89 11
0 89 12
0 26 8
0 89 14
0 89 15
0 89 16
0 89 17
0 89 18
0 89 19
0 89 20
0 89 21
0 89 22
0 89 23
0 89 24
0 89 25
0 89 26
0 89 27
0 89 28
0 89 29
0 89 30
0 89 31
0 89 32
0 89 33
0 89 34
0 89 35
0 89 36
0 89 37
0 89 38
0 89 39
0 89 40
0 11 93
0 89 42
0 89 43
0 89 44
0 89 45
0 42 24
0 89 47
0 89 48
0 89 49
0 89 50
0 89 51
0 89 52
0 89 53
0 89 54
0 89 55
0 89 56
0 89 57
0 89 58
0 89 59
0 89 60
0 89 61
0 89 62
2 32 88
0 89 64
0 89 65
0 89 66
0 89 67
0 89 68
0 89 69
0 89 70
0 89 71
0 89 72
0 89 73
0 89 74
3 33 53
0 89 76
0 89 77
0 89 78
1 45 34
1 33 34
0 89 81
0 89 82
0 89 83
0 89 84
0 89 85
0 89 86
0 89 87
0 89 88
0 89 89
0 89 90
0 89 91
0 89 92
0 89 93
3 0 32
0 89 95
0 89 96
0 89 97
0 89 98
0 89 99
0 41 18
0 90 1
0 90 2
0 90 3
0 90 4
0 90 5
0 90 6
0 90 7
0 90 8
0 90 9
0 90 10
0 90 11
0 90 12
0 90 13
0 90 14
0 90 15
1 41 11
0 90 17
0 90 18
0 90 19
0 90 20
0 90 21
0 90 22
0 90 23
0 7 10
0 90 25
0 7 3
0 90 27
0 90 28
0 90 29
0 90 30
0 90 31
0 90 32
0 90 33
0 90 34
0 90 35
0 90 36
0 90 37
0 90 38
0 90 39
0 90 40
0 90 41
0 90 42
0 90 43
0 90 44
0 90 45
0 41 22
0 90 47
0 90 48
0 90 49
0 90 50
0 90 51
0 90 52
0 90 53
0 90 54
0 90 55
0 90 56
0 90 57
0 90 58
0 90 59
0 90 60
0 90 61
0 90 62
0 90 63
0 90 64
0 90 65
1 16 45
0 90 67
1 16 36
0 90 69
0 90 70
0 90 71
1 16 57
0 90 73
0 90 74
0 90 75
0 90 76
0 90 77
0 90 78
0 90 79
0 90 80
0 90 81
0 90 82
0 90 83
0 90 84
0 90 85
0 90 86
0 6 93
0 90 88
0 90 89
0 90 90
0 90 91
0 90 92
0 90 93
0 90 94
0 90 95
0 90 96
0 90 97
0 90 98
0 90 99
0 91 0
0 91 1
0 91 2
0 91 3
0 91 4
0 91 5
0 91 6
0 91 7
0 91 8
0 91 9
0 91 10
0 91 11
0 91 12
0 91 13
0 91 14
0 91 15
0 91 16
0 91 17
0 91 18
0 91 19
0 91 20
0 91 21
0 91 22
0 91 23
0 91 24
0 91 25
0 91 26
0 91 27
0 91 28
1 10 17
0 91 30
0 91 31
0 91 32
0 91 33
0 91 34
0 91 35
0 91 36
0 91 37
0 91 38
0 91 39
0 91 40
0 91 41
0 91 42
0 91 43
3 17 6
0 40 96
0 91 46
0 91 47
0 91 48
0 91 49
0 0 68
0 0 59
0 91 52
1 0 71
0 91 54
0 91 55
0 91 56
0 91 57
0 91 58
0 91 59
0 91 60
0 91 61
0 91 62
0 91 63
0 91 64
0 0 40
0 91 66
0 91 67
0 91 68
0 91 69
0 91 70
0 91 71
0 91 72
0 91 73
0 91 74
0 91 75
0 91 76
0 91 77
0 91 78
0 91 79
0 91 80
0 91 81
0 91 82
0 91 83
0 91 84
0 91 85
0 91 86
0 91 87
0 91 88
0 91 89
0 91 90
0 91 91
0 91 92
0 25 62
0 91 94
3 34 25
0 91 96
0 91 97
0 91 98
0 91 99
0 92 0
0 92 1
0 92 2
0 92 3
0 92 4
0 92 5
0 92 6
0 92 7
0 92 8
0 92 9
0 92 10
0 92 11
0 92 12
0 92 13
0 92 14
0 92 15
0 92 16
0 92 17
0 92 18
0 92 19
0 92 20
0 92 21
0 92 22
0 92 23
1 39 81
0 92 25
0 92 26
0 92 27
0 92 28
0 92 29
0 92 30
0 92 31
0 92 32
0 92 33
0 92 34
0 92 35
0 92 36
0 15 86
0 92 38
0 92 39
0 92 40
3 34 70
0 92 42
0 92 43
0 92 44
0 92 45
0 92 46
0 92 47
0 92 48
1 39 52
0 92 50
0 92 51
0 92 52
0 92 53
0 92 54
0 92 55
0 92 56
0 15 59
0 92 58
0 92 59
0 92 60
0 92 61
0 15 6
0 92 63
0 92 64
0 92 65
0 92 66
0 92 67
0 92 68
0 92 69
0 92 70
0 92 71
0 92 72
0 92 73
0 92 74
0 92 75
0 92 76
0 92 77
0 92 78
0 92 79
0 92 80
0 92 81
0 92 82
0 92 83
0 92 84
0 92 85
0 92 86
0 92 87
0 92 88
0 92 89
0 92 90
0 92 91
0 92 92
0 92 93
3 34 94
0 92 95
0 92 96
0 92 97
0 92 98
0 92 99
0 93 0
0 93 1
0 93 2
0 93 3
0 93 4
0 93 5
0 93 6
0 93 7
0 93 8
1 35 33
0 93 10
0 93 11
3 23 69
0 93 13
0 93 14
0 93 15
0 93 16
0 93 17
0 93 18
0 93 19
0 93 20
0 93 21
0 93 22
0 14 64
0 93 24
0 93 25
0 93 26
0 93 27
0 93 28
0 93 29
0 93 30
0 93 31
0 93 32
1 39 45
0 93 34
0 93 35
0 93 36
0 93 37
0 93 38
0 93 39
1 38 12
0 93 41
0 93 42
0 93 43
0 93 44
0 93 45
0 93 46
0 93 47
0 93 48
0 93 49
0 93 50
0 93 51
0 93 52
0 93 53
0 93 54
0 93 55
0 93 56
0 93 57
0 93 58
0 93 59
0 93 60
0 93 61
0 93 62
0 93 63
0 93 64
0 93 65
0 93 66
0 93 67
0 93 68
0 93 69
0 93 70
0 93 71
0 93 72
0 93 73
0 93 74
0 93 75
0 93 76
0 93 77
0 93 78
0 93 79
0 93 80
0 93 81
0 93 82
0 93 83
0 93 84
0 93 85
0 93 86
0 93 87
0 93 88
0 93 89
0 93 90
0 93 91
0 93 92
0 93 93
0 93 94
0 93 95
0 93 96
0 93 97
0 93 98
0 93 99
0 94 0
0 94 1
0 94 2
0 94 3
0 94 4
0 94 5
0 94 6
0 94 7
0 94 8
0 94 9
0 94 10
0 94 11
0 94 12
0 94 13
0 94 14
0 94 15
0 94 16
0 94 17
0 94 18
1 45 16
0 0 2
0 94 21
0 94 22
0 94 23
0 94 24
0 94 25
0 94 26
1 6 51
0 94 28
0 94 29
0 94 30
0 94 31
0 94 32
0 29 25
0 94 34
0 94 35
0 94 36
0 94 37
0 94 38
0 94 39
0 94 40
0 94 41
0 94 42
0 94 43
0 94 44
0 94 45
0 94 46
0 94 47
0 94 48
0 94 49
0 94 50
0 94 51
0 94 52
0 94 53
0 94 54
0 94 55
0 94 56
0 94 57
0 94 58
0 94 59
0 94 60
0 94 61
0 94 62
0 94 63
0 94 64
0 94 65
0 41 3
0 94 67
0 94 68
0 94 69
0 94 70
0 94 71
0 94 72
0 94 73
0 94 74
0 94 75
0 94 76
0 94 77
0 94 78
0 94 79
0 94 80
0 94 81
0 94 82
0 94 83
0 94 84
2 39 79
0 94 86
0 94 87
0 94 88
0 94 89
0 94 90
0 94 91
1 40 86
0 94 93
0 94 94
0 94 95
0 0 39
0 94 97
1 0 49
0 94 99
0 95 0
0 95 1
0 95 2
0 95 3
0 95 4
0 95 5
0 95 6
0 95 7
0 40 20
0 95 9
0 95 10
0 95 11
0 95 12
0 95 13
0 95 14
0 95 15
0 95 16
0 95 17
0 95 18
0 95 19
0 95 20
0 95 21
1 32 73
0 95 23
0 95 24
0 95 25
0 95 26
0 95 27
0 95 28
0 95 29
0 95 30
0 95 31
1 25 54
0 95 33
0 95 34
0 95 35
0 95 36
0 95 37
0 95 38
0 95 39
0 95 40
0 95 41
0 95 42
0 95 43
0 95 44
0 95 45
0 95 46
0 95 47
0 95 48
0 95 49
0 95 50
0 95 51
0 95 52
0 95 53
0 95 54
0 95 55
0 95 56
0 95 57
0 95 58
0 95 59
0 95 60
0 95 61
1 15 74
1 23 76
0 95 64
0 95 65
0 95 66
0 95 67
0 95 68
0 95 69
0 95 70
0 95 71
0 95 72
0 95 73
0 95 74
0 95 75
0 95 76
0 95 77
0 95 78
0 95 79
0 95 80
0 95 81
0 95 82
0 95 83
0 95 84
0 95 85
0 95 86
0 95 87
0 95 88
0 95 89
0 95 90
0 95 91
0 95 92
0 95 93
0 95 94
0 95 95
0 95 96
0 95 97
0 95 98
0 95 99
0 96 0
0 96 1
0 96 2
0 96 3
0 96 4
0 96 5
0 96 6
0 96 7
0 96 8
0 96 9
0 96 10
0 96 11
0 96 12
0 96 13
1 39 10
0 40 17
0 96 16
0 96 17
0 96 18
0 96 19
0 96 20
0 96 21
0 96 22
0 96 23
0 96 24
0 96 25
0 96 26
0 96 27
0 96 28
0 96 29
0 96 30
0 96 31
0 96 32
1 14 97
0 96 34
0 96 35
0 96 36
0 96 37
0 96 38
0 96 39
0 96 40
0 96 41
0 96 42
0 96 43
0 96 44
0 96 45
0 96 46
0 96 47
0 96 48
0 96 49
0 96 50
0 96 51
0 96 52
0 96 53
0 96 54
0 96 55
0 96 56
0 96 57
0 96 58
0 96 59
0 96 60
0 96 61
0 96 62
0 96 63
0 96 64
0 96 65
0 96 66
0 96 67
0 96 68
0 96 69
0 96 70
0 96 71
0 96 72
0 96 73
0 96 74
0 96 75
0 96 76
0 96 77
0 96 78
0 96 79
0 96 80
0 96 81
0 96 82
0 96 83
0 96 84
0 96 85
0 96 86
0 96 87
0 96 88
0 96 89
0 96 90
0 96 91
0 96 92
0 96 93
0 96 94
0 96 95
0 96 96
0 96 97
0 96 98
0 96 99
0 97 0
0 97 1
0 97 2
0 97 3
0 97 4
0 97 5
0 97 6
0 97 7
0 97 8
0 97 9
0 97 10
0 97 11
0 97 12
0 97 13
0 97 14
2 38 70
0 97 16
0 97 17
0 97 18
0 97 19
0 97 20
0 97 21
0 97 22
0 97 23
0 97 24
0 97 25
0 97 26
0 97 27
0 97 28
0 14 52
0 97 30
0 97 31
0 97 32
1 14 46
0 97 34
0 97 35
0 97 36
0 97 37
0 97 38
0 97 39
0 97 40
0 97 41
0 97 42
0 97 43
0 97 44
0 97 45
0 97 46
0 97 47
1 0 22
0 97 49
0 97 50
0 97 51
0 97 52
0 97 53
0 97 54
0 97 55
0 97 56
0 97 57
0 97 58
0 97 59
0 97 60
0 97 61
0 97 62
0 97 63
0 97 64
0 97 65
0 97 66
0 25 30
0 97 68
0 97 69
0 97 70
0 97 71
0 97 72
0 97 73
0 97 74
0 97 75
0 97 76
0 97 77
0 97 78
0 97 79
0 97 80
0 97 81
0 97 82
0 97 83
0 97 84
0 97 85
0 97 86
0 97 87
0 97 88
0 97 89
0 97 90
0 97 91
0 97 92
0 97 93
0 97 94
0 97 95
0 97 96
0 97 97
0 97 98
0 97 99
0 98 0
0 98 1
0 98 2
0 98 3
0 98 4
3 38 68
0 98 6
0 98 7
0 98 8
0 98 9
0 98 10
0 98 11
0 98 12
0 98 13
0 98 14
0 98 15
0 98 16
0 98 17
0 98 18
0 98 19
0 98 20
0 98 21
0 98 22
0 98 23
0 98 24
1 45 46
0 98 26
0 98 27
0 98 28
0 98 29
0 98 30
0 98 31
0 98 32
0 98 33
0 98 34
0 98 35
0 98 36
0 98 37
0 98 38
0 98 39
0 98 40
0 98 41
0 98 42
0 98 43
0 98 44
0 98 45
0 98 46
0 98 47
0 98 48
0 98 49
0 98 50
0 98 51
0 98 52
0 98 53
0 98 54
0 98 55
0 98 56
0 98 57
0 98 58
0 98 59
1 44 92
0 98 61
0 98 62
0 98 63
0 98 64
0 98 65
0 98 66
0 98 67
0 98 68
0 98 69
0 98 70
0 98 71
0 98 72
0 98 73
0 98 74
0 98 75
0 98 76
0 98 77
0 98 78
0 98 79
0 98 80
0 98 81
0 98 82
0 98 83
0 98 84
0 98 85
0 98 86
0 98 87
0 98 88
0 98 89
0 98 90
0 98 91
0 98 92
0 98 93
0 98 94
0 98 95
0 98 96
0 38 32
0 98 98
0 98 99
0 99 0
0 99 1
0 99 2
0 99 3
0 99 4
0 99 5
0 99 6
0 99 7
0 99 8
0 99 9
0 99 10
0 99 11
0 99 12
0 99 13
0 99 14
0 99 15
0 99 16
0 99 17
0 99 18
0 99 19
0 99 20
0 99 21
0 99 22
0 99 23
0 99 24
0 99 25
0 99 26
0 99 27
0 99 28
0 99 29
0 14 43
0 99 31
0 99 32
0 99 33
0 99 34
0 99 35
0 99 36
0 99 37
0 99 38
0 99 39
0 99 40
0 99 41
0 99 42
0 99 43
0 99 44
0 99 45
0 99 46
0 99 47
0 99 48
0 99 49
0 99 50
0 99 51
0 99 52
0 99 53
0 99 54
0 99 55
0 99 56
0 99 57
0 99 58
0 99 59
0 99 60
0 99 61
0 99 62
0 99 63
0 99 64
0 99 65
0 99 66
0 99 67
1 13 90
0 99 69
0 99 70
0 99 71
0 99 72
0 13 86
0 99 74
0 99 75
0 99 76
0 99 77
0 99 78
1 13 81
0 99 80
0 99 81
0 99 82
0 99 83
0 99 84
0 99 85
0 99 86
0 99 87
0 99 88
0 99 89
0 99 90
1 13 83
0 99 92
0 99 93
0 99 94
0 99 95
0 99 96
0 99 97
0 99 98
0 99 99
