-1
-1
-1
-1
-1
-1
-1
-1
-1
-1
949
-1
-1
-1
-1
-1
-1
-1
-1
-1
-1
-1
-1
-1
-1
-1
-1
-1
-1
-1
-1
-1
671
-1
-1
-1
501
-1
-1
315
-1
-1
-1
-1
-1
-1
-1
-1
-1
-1
313
-1
-1
-1
-1
-1
448
-1
739
768
-1
-1
-1
768
-1
-1
743
-1
269
681
-1
398
-1
768
295
120
514
-1
-1
-1
-1
111
-1
192
-1
324
-1
-1
-1
917
813
970
330
1025
-1
-1
470
-1
1004
-1
983
705
363
121
566
146
1025
779
-1
564
459
434
-1
925
599
779
740
69
485
-1
-1
1004
420
914
-1
-1
485
510
543
157
680
957
161
240
449
708
242
734
891
-1
1027
1138
776
437
995
396
892
375
708
616
216
818
193
231
1096
231
437
285
454
782
633
1146
1080
321
648
1016
828
529
1186
917
1186
738
669
553
488
1147
673
754
957
1147
605
515
916
1056
839
610
1045
871
1152
745
693
1093
657
1142
683
683
619
806
1214
1043
1102
1314
1029
1204
657
1025
1350
956
999
1065
889
1340
1117
884
737
1179
1065
934
1117
884
1139
1262
1238
859
1055
819
1124
1369
1395
1024
999
1408
1062
915
1085
1213
1120
979
1120
1089
923
1104
1370
1103
1142
1403
1095
1186
1151
896
1120
1235
943
1374
1019
1142
1186
1438
987
1529
1354
1023
1200
1149
1149
1451
1290
1023
1639
1621
1015
1006
1034
1191
1218
1430
1120
1466
1371
1685
1323
1077
1035
1374
1464
1195
1169
1177
1594
1080
1026
1344
1086
1045
1162
1338
1141
1034
1162
1288
1370
1245
1282
1217
1136
1123
1344
1212
1335
1697
1255
1180
1115
1551
1400
1551
1398
1345
1563
1184
1629
1288
1255
1108
1288
1596
1108
1134
1082
1690
1220
1535
1202
1739
1440
1222
1469
1128
1109
1633
1301
1136
1115
1405
1120
1017
1029
1327
1208
1611
1481
1165
1223
1382
1407
1169
1169
1131
1169
1048
1227
1022
1179
1223
1169
1258
1211
1333
1378
1163
1045
1467
1397
1063
1380
1063
1271
1205
1089
1225
1309
1466
1082
1632
1428
1251
1387
1168
1091
1358
1397
1277
1202
1029
1346
1029
1225
1024
920
1460
1443
961
1266
1202
1189
1067
960
946
1451
1100
1558
1323
1264
1245
1219
1013
1120
1050
1506
1568
1198
1264
1607
1402
1477
1198
1679
1085
1071
1192
1516
1380
1080
1409
1336
1205
1092
1409
1231
1700
1352
1297
1666
1247
1264
1142
1181
1131
1442
1274
1157
1323
1429
1250
1526
1310
1661
1431
1170
1664
1563
1229
1134
1665
1667
1587
1176
1345
1332
1184
1296
1603
1753
1763
1247
1457
1651
1578
1255
1232
1530
1763
1494
1389
1273
1296
1687
1457
1755
1373
1600
1236
1266
1625
1695
1362
1761
1600
1555
1230
1255
1600
1235
1760
1316
1816
1308
1473
1814
1436
1736
1408
1653
1397
1591
1843
1300
1440
1434
1345
1274
1397
1436
1623
1579
1590
1797
1739
1877
1875
1619
1814
1721
1675
1876
1748
1742
1515
1482
1607
1740
1642
1630
1487
1482
1712
1450
2039
1431
1983
1568
1601
1509
1492
1668
1479
1645
1917
1635
1851
1506
1667
1817
1908
1655
1521
1488
1699
1834
1631
2079
1913
1678
1833
1723
1704
2166
1543
2058
1717
1901
1626
1626
1635
1859
1675
1617
1667
1636
1567
1851
2018
1636
1954
1806
1638
1667
1547
1664
1667
1490
1536
1814
1580
1851
1855
1766
1636
1632
1565
1491
1571
1571
1497
1681
1527
1983
1732
1841
1687
1681
1851
1793
1491
1617
1557
1546
1509
1685
2055
1537
2028
1486
1646
1803
1691
1507
1650
2134
2023
1529
1888
1692
1655
1511
1828
1627
1714
1865
1583
1565
2070
1854
1680
2115
1529
1740
1837
1731
1776
1534
1609
1654
1708
1691
1766
1615
1892
2079
1539
1831
1571
2060
1554
1719
1535
1604
1547
1766
1676
1892
2115
1654
1713
1567
1973
2053
1710
1595
1606
1532
1594
1525
2061
1757
1623
1571
1700
1845
1532
1940
1553
2172
2091
1905
1548
1777
2061
1650
2091
1582
1645
1567
1581
1768
1849
1684
1684
1536
1730
1733
1650
1688
1548
1897
1887
1522
1545
1569
1569
1710
1556
1861
1645
1605
1684
1611
1556
1698
2151
1493
1948
1489
1857
1598
2046
1623
1649
1701
1662
1732
1590
1680
1635
2216
1677
2025
1755
1797
1909
1716
1797
1761
1784
1989
1758
2263
2263
2096
2343
2118
1809
2192
1773
2159
2048
2322
2053
2364
2089
2152
2143
1842
1797
2253
1826
2086
1770
1934
1842
2031
1765
1986
1784
1701
1777
1766
2163
2251
2060
1701
2306
2346
2337
2327
1915
1834
1953
1899
1949
2018
2002
2250
2163
1929
2048
2090
2258
2277
1760
2083
1712
1860
1713
2217
1808
2050
1790
1893
1726
1762
1779
1712
2209
1855
1758
1750
1991
1667
1771
1714
2042
1795
2129
1860
2209
1948
2275
1762
1762
1968
1757
1927
1862
2096
2050
1992
2396
2026
1872
2020
2165
1939
1929
2208
2050
1944
2222
2092
2050
2178
1946
1951
2003
1932
2120
2158
2262
2033
2122
1968
2178
1982
2430
2099
2518
2122
1937
1932
2179
2027
2573
2397
2079
2083
2173
1927
2310
1961
2228
2046
1905
2287
2075
2012
1929
2362
2108
1967
2453
1884
2172
2287
2172
2479
2092
2346
2092
1905
2423
2083
1979
2077
2012
1899
2046
2040
2075
2362
1926
2329
1992
2127
1852
2048
1884
2422
2443
2037
2058
1984
1934
2352
1955
2083
1793
2267
2388
2335
1921
2131
2123
1903
2401
2094
2401
2401
2110
1840
2238
2026
2017
2295
2047
2295
1992
1781
1864
2260
1809
1771
2050
2095
1761
2065
2074
2000
2110
2274
1991
1877
2356
1911
2071
1926
2356
2081
1868
1834
1872
1971
2314
2144
2080
2206
1928
1813
1961
2275
1794
2012
2023
1782
2058
2260
2149
2182
1735
1830
2040
2103
2169
1773
2019
1740
1938
1977
2069
2096
1938
1765
1907
1957
2032
1897
1740
1826
1924
1945
2156
1963
2291
2332
1831
2311
1717
2011
1766
2151
1819
1719
1885
2015
1737
1686
2285
1733
1958
2139
2216
1691
2039
1935
1713
1808
2046
1882
1729
1696
1729
1976
1910
2143
1825
1652
1817
2004
1724
1771
1947
1879
1713
1858
1954
1877
1736
1781
1724
1941
2222
2195
1787
1774
2025
1941
2028
1977
1954
2240
2009
1769
1732
1891
1717
1909
2102
1769
1653
1748
2222
1846
2032
1852
1680
2052
1844
1733
2242
1694
1881
1801
2151
1893
2212
2045
1833
2232
1757
1724
1687
1861
2124
1971
2169
2291
1853
1715
2230
1811
1967
1816
2112
2113
1793
1973
1834
1981
1793
2314
2146
1808
2236
1897
1930
1800
2236
2161
2246
1897
2079
2360
2294
2168
2572
1949
2050
2113
2481
2249
2111
2297
2032
2018
1914
2490
2121
1978
2095
2016
2028
1942
2472
2411
2267
2099
2016
2132
2126
1933
2258
2012
2020
2014
2601
2105
2182
2258
2237
2038
2044
2008
2182
2076
2467
2397
2149
2182
1947
2291
2325
2418
2238
2452
2176
2065
2135
2109
2070
2260
2059
2341
2135
2556
2142
2203
2148
2459
2270
2203
2643
2352
2061
2140
2146
1979
1965
2528
2349
2201
2208
1947
1954
2131
2258
1934
2462
1965
2570
2061
2030
2127
1962
2513
2434
2513
1884
2007
2211
1929
2026
2208
2222
2073
2040
2267
1955
2149
2025
2513
2012
1911
2201
2044
2195
2193
1995
2351
2197
1899
2311
2001
2222
1994
2029
2357
1860
2413
1978
2193
2017
2190
1913
2197
1901
1877
1978
1860
1827
1978
2468
2183
2377
2083
2152
2325
2023
1845
2426
1832
1960
2106
2222
2106
1930
2190
1832
2358
1852
2201
1959
1889
2474
1888
2125
2134
2258
1917
1925
1936
2020
2353
2147
2363
1822
1850
1945
2357
1992
2021
2479
2012
1945
2392
2041
2400
2151
2458
1892
1873
2174
2222
1941
2419
1984
2295
2159
2138
1978
2295
1901
1939
1894
2160
2251
2341
1913
2090
1989
1950
2213
2167
2078
2337
2364
2510
2058
1911
2444
2444
2107
2014
2062
1953
2376
1913
2030
2504
2025
1938
2043
1913
2042
1873
1945
1966
2423
2219
2061
2110
2020
2394
1869
2053
2462
2219
2016
2014
2483
2010
2299
1913
1896
1938
2016
2110
2316
2016
2283
1899
1925
1943
2119
1862
2181
2167
1902
1970
2244
2357
2039
2190
1894
2438
2045
2007
2078
2508
2251
2067
1968
2359
2395
1955
2081
2186
2114
2395
1942
1942
1966
2193
2244
2121
2324
2542
2162
2056
2189
2027
2171
2559
2539
2685
2630
2118
2197
2323
2177
2126
2585
2080
2119
2577
2050
2480
2344
2473
2226
2345
2100
2264
2306
2120
2387
2201
2316
2348
2443
2094
2181
2226
2120
2435
2479
2172
2175
2375
2170
2277
2393
2405
2611
2627
2439
2244
2338
2348
2691
2457
2377
2329
2311
2250
2207
2218
2423
2131
2283
2626
1986
2132
2318
2115
2051
2250
2115
2101
2311
2165
2229
2130
1998
2269
2547
2087
2352
2242
2075
2359
2613
2075
2126
2293
2240
2146
2482
2328
2386
2067
2523
2490
2348
2578
2307
2066
2523
2522
2292
2095
2570
2263
2208
2133
2074
2286
2122
2007
2153
2243
2407
2170
2151
2296
2227
2118
2469
1976
2051
1989
2521
2124
1976
2160
2068
1879
2217
1974
1963
2078
2474
2103
2217
2043
1968
2178
2153
2357
1911
2052
1904
2430
2034
2164
1921
2156
2114
2150
2046
2333
2455
1910
2205
2225
2440
2273
1981
2270
2002
2270
1971
2207
2388
2227
2260
2305
2250
2400
2015
2134
2235
2247
1972
1932
1934
2391
1973
2194
1928
2278
2034
2542
2106
2118
1928
2252
1959
2139
2492
2388
2288
2545
2041
2457
2388
2296
2347
2332
2263
2249
2205
2054
2589
1993
1987
2227
1972
2095
2017
2132
2086
2285
2255
2063
2603
2065
2095
1988
2304
2298
2116
2058
2349
2140
2308
2412
2167
2582
2255
2239
2165
2115
2173
2481
2362
2181
2442
2066
1989
2021
2107
2550
2023
2329
1941
2167
2252
2167
2265
2036
2036
2165
2320
2134
1986
2140
2480
2201
2352
2455
1991
2546
2153
2142
2110
2013
2496
1996
2075
2000
2021
2467
2048
1915
1905
1942
2204
2360
1943
2239
1892
2021
1961
1816
2125
1852
2308
1816
1852
2091
1972
2012
2012
1943
2308
2409
1822
2343
2140
1978
2363
1958
2061
1761
1828
1842
2064
2012
1993
1781
2122
2091
1885
1880
2235
1778
1848
2316
2003
2081
1981
2012
2299
2091
1919
1816
1802
2136
2012
1861
2087
2316
1802
2160
1772
2129
2122
1898
2386
1891
1870
1795
1787
2017
1896
1781
1992
1960
1803
2014
1879
1961
1808
1935
1879
1904
1722
2222
1840
2207
1764
1840
1953
1855
1859
1859
2359
1868
1940
2168
2054
2008
1971
1935
1971
1925
2108
1865
1931
1970
2035
2084
1846
1893
1747
2080
2264
1929
1904
2035
2029
2183
2150
2244
1995
1847
1794
2134
1796
1867
1839
1796
2255
1840
1901
2005
1966
2456
2356
2017
2209
1966
1830
2042
2255
1872
1822
1868
1791
2399
2179
2037
2009
2457
2165
2210
1840
2305
1972
2055
1858
2210
1852
1846
1840
1971
2193
2084
1899
1910
2038
2067
2047
2064
2350
2279
2215
2193
2042
1899
2157
1891
1932
2032
2009
1902
2199
1884
1917
2213
1985
2082
2247
2163
2176
2035
1884
1996
2415
2017
1970
2051
2525
1946
2037
2101
1901
2119
2074
2068
2119
2414
2250
2349
1946
2165
1935
2074
1898
2382
2205
2163
1987
2337
1920
2086
2415
2337
1935
1920
2063
2051
2192
2279
1970
2109
2031
2555
2351
2109
2454
2173
2042
2051
1936
2499
2263
2200
2012
1910
2541
2062
1938
1995
2032
1912
2460
2158
1833
1880
1851
1839
2203
2207
1990
2089
2364
2147
1962
2233
2214
1851
1863
2241
2051
2291
2491
1957
2047
2161
2038
2049
2338
2211
2031
2093
2408
2013
2166
2212
2209
2175
2338
2193
2137
2622
2260
2664
2234
2225
2176
2023
2240
2386
2040
2142
2331
2338
2190
2033
2023
2325
2234
2137
2287
2332
2057
2165
2570
2191
2090
2050
2255
2135
2505
2082
2454
2156
2384
2609
2171
2027
2069
2014
2169
2001
2007
2225
2331
2302
2037
2142
2174
2583
2222
2260
2135
2258
2105
2331
2554
2664
2344
2065
2070
2176
2207
2213
2325
2521
2452
2205
2325
2315
2553
2443
2169
2065
2347
2028
2438
2220
2259
2452
2093
2152
2510
2382
2093
2139
2555
2075
2048
2594
2311
2012
2120
1944
2486
2347
2447
2016
1972
2538
2427
2077
2009
1924
2149
2070
2516
2146
2454
2193
2271
2409
2191
2075
1947
1981
2030
2081
1961
1962
2597
2154
2109
2299
2013
2021
2054
2032
2548
2337
2557
2174
2206
2401
2049
2189
2538
2337
2158
2081
2370
2209
2540
2606
2132
2045
2505
2279
2206
2119
2012
2209
2081
2286
2279
2538
2024
2154
2288
2472
2648
2648
2254
2328
2540
2472
2087
2069
2139
2540
2007
2381
2288
2593
2309
2108
2402
2069
2336
2117
1952
2080
2074
1963
2052
2084
2206
2477
2111
2169
2140
1962
2255
2076
2096
1894
2460
2255
2012
2002
1988
1988
1954
1838
1921
2031
2289
1837
2194
1896
1889
1802
1944
1992
1891
2363
1819
1934
1810
2085
2077
2102
2133
2056
2230
1909
1967
1802
1777
2197
2014
1863
2363
1839
2170
2048
1862
1790
2190
2485
1960
2064
1883
2239
2330
2318
1946
2429
2116
2098
2110
2046
2097
2485
1950
1941
2199
2328
2101
2220
2136
2430
2089
2000
2032
1905
2013
1941
2018
2178
2098
2224
2071
1998
1949
2122
2474
2071
2036
2287
2245
2344
1924
2377
2081
2318
2232
2232
2319
2474
2287
2510
2389
1999
2216
2171
2056
2057
2353
2318
2377
2565
1949
2232
1942
1941
2170
2036
2226
2232
1942
2049
1975
2319
2161
2170
2141
2103
1930
2474
1962
2053
2443
2296
1949
2194
1907
2225
1996
2587
2032
2028
2360
2416
2080
2357
2154
2204
2599
2271
2170
2425
2149
2330
2768
2557
2341
2462
2622
2536
2282
2264
2409
2291
2791
2844
2275
2558
2308
2734
2629
2210
2294
2834
2468
2650
2326
2540
2784
2578
2405
2331
2367
2917
2930
2457
2407
2873
2543
2418
2528
2357
2640
2569
2427
2952
2414
2368
2494
2350
2350
2569
2706
2479
2370
2344
2479
2518
2667
2987
2447
2614
2486
2462
2331
2404
2384
2781
2569
2404
2687
2284
2375
2587
2551
2446
2731
2312
2475
2532
2442
2669
2462
2658
2624
2475
2357
2457
2413
2593
2641
2651
2433
2552
2674
2880
2618
2419
2899
2585
2529
2357
2574
2451
2377
2585
2357
2537
2386
2869
2590
2436
2451
2599
2865
2438
2551
2681
2501
2413
2734
2537
2641
2538
2345
2804
2709
2421
2669
2734
2451
2519
2492
2357
2535
2521
2880
2357
2641
2356
2377
2379
2572
2351
2474
2735
2359
2520
2620
2421
2670
2620
2383
2735
2503
2540
2369
2511
2827
2893
2492
2408
2345
2484
2395
2720
2580
2526
2313
2559
2433
2392
2588
2298
2495
2497
2601
2383
2733
2517
2725
2450
2355
2450
2585
2689
2581
2368
2569
2505
2486
2421
2887
2279
2413
2445
2848
2324
2300
2717
2335
2487
2400
2330
2717
2644
2383
2676
2610
2338
2549
2835
2738
2335
2901
2901
2658
2414
2738
2771
2481
2335
2421
2492
2504
2335
2403
2327
2832
2888
2384
2492
2558
2464
2658
2771
2574
2602
2492
2492
2384
2416
2681
2524
2478
2509
2866
2515
2472
2492
2363
2426
2457
2856
2367
2372
2875
2540
2848
2625
2552
2566
2991
2611
2511
2752
2478
2958
3101
2785
2760
2592
2790
2741
2460
2671
2496
2561
2493
2478
2579
2695
2716
2650
2542
2929
2563
2836
2698
2862
2577
3067
2964
2776
2691
2865
3028
3193
2908
2632
2585
2754
2798
3050
2599
2558
2880
2761
2604
2998
2752
3015
2580
2742
2657
2998
2799
2580
2843
2779
2854
2808
2872
2973
2851
2985
2672
2665
3044
3102
2819
2745
2956
2974
3270
3237
3272
2825
2886
3054
2890
2730
3068
3359
2890
3159
2757
2858
2789
2751
2777
2775
2942
2887
2837
2739
3145
2758
3256
3054
2941
2955
2874
2990
3374
3088
3103
2874
2978
2941
3023
3321
2941
3429
2968
2883
2830
2941
2862
3106
2967
3118
3069
2868
3161
3040
3179
3117
2962
3142
2873
3231
3281
3191
2923
3290
2861
3421
2837
2939
3017
3426
2833
2952
2865
3148
3360
3064
3426
3193
3148
3256
2878
3042
2863
3026
3099
2994
3023
2869
3426
3201
3201
3042
2939
3108
3426
3129
3148
2980
2869
3025
3413
3017
2989
2925
3037
2744
3040
2881
2799
2992
3120
2988
3051
2943
2779
2985
2930
2839
2634
2779
2869
2949
2653
2658
3118
2829
3036
3028
3165
2881
2880
2746
2690
2871
2662
3214
2794
2665
3192
2931
3247
3239
2941
3069
2801
3014
2857
2825
2896
2868
3096
2884
2989
2783
3264
3186
2944
3035
2807
3124
2983
2737
2740
2664
2679
2742
2781
2633
3093
2998
3169
2958
2949
2670
3048
2874
3214
2742
2863
2634
3169
2703
3064
3161
3227
2804
2949
2800
2868
3038
2864
2984
2907
2868
3038
2988
2883
2739
3353
3096
2968
2845
2979
2815
3062
3231
3283
2847
3128
2849
2902
3053
2910
2940
2932
3393
2821
3272
3170
3417
3060
3475
2979
2923
2882
2822
2841
3472
3451
3042
2856
3194
3042
2845
3127
2878
3158
2962
2778
2999
2883
2850
3093
2921
3158
3079
2917
2805
2941
3004
2954
2673
3268
3102
2829
3151
2735
2847
3014
2771
2786
2735
3105
2702
2765
3138
2931
3015
3083
2727
2835
3014
2992
2992
2965
3304
2717
2863
3054
2816
2931
2835
2895
2963
3153
2882
2803
2992
2735
2770
2720
3182
2722
2841
2689
3325
2841
3009
2965
2785
2702
2717
2945
2841
2773
2856
2880
3076
2922
3208
3002
2772
2973
2934
3246
3307
3147
2863
3079
2824
3203
3182
2890
3123
2919
3058
3008
3302
3376
3448
3281
2932
3232
3002
3124
3118
3223
3029
3084
2935
3314
3105
2885
3039
2974
3048
2863
3178
3047
3164
3212
2863
2867
3002
3006
2855
2885
3379
3266
3150
2985
3412
2913
3088
3069
3245
2933
2883
2953
2985
2945
3061
3163
3163
3161
3206
3455
3379
3445
2950
3094
3412
2952
3015
3244
3093
3104
2965
3026
2924
3270
3094
3046
3061
3081
3239
3513
3244
3125
2952
3122
3487
3191
3609
3310
3454
3103
3530
3091
3091
3095
2956
3184
3128
3498
3579
3579
2980
3070
3035
2951
3248
2977
2932
3009
3250
3271
3270
3168
2951
3038
3246
3091
3122
3120
2891
3081
3526
2960
3081
2936
3087
3305
3484
2891
3526
2899
3214
2899
3087
2921
2899
2903
3010
3131
3147
3556
3556
3543
3333
3227
3050
3325
3333
3538
3503
3030
3297
3011
3023
3320
3055
3059
3160
2989
3282
3143
2981
2969
3327
3144
3083
3266
3083
2969
3126
2970
3505
3256
3545
3107
3217
3113
3280
3674
3235
3436
3126
3207
3150
3328
3231
3362
3646
3148
3161
3413
3166
3038
3577
3200
3349
3186
3387
3281
3307
3371
3153
3141
2969
3259
2969
3102
3492
3166
3336
3032
3656
3315
3378
3336
3162
3021
3336
3089
3409
3493
3157
3175
3297
2933
3132
3003
3072
2939
3136
3024
3452
3386
2927
3136
3168
3549
3191
3520
3168
3200
3236
3007
3310
3226
3122
3224
3369
3089
3021
3533
3501
3077
3284
2994
3544
3135
3098
3183
3220
3501
3501
2994
3017
3122
3250
3408
3127
3157
3036
3375
3366
3092
3196
3411
3267
3495
3400
3044
3245
3267
3265
3104
3066
3629
3149
3042
3580
3302
3197
3351
3552
3250
3483
3265
3357
3184
3164
3297
3745
3502
3677
3696
3325
3361
3232
3344
3611
3476
3156
3512
3696
3461
3676
3308
3098
3591
3423
3488
3111
3330
3448
3393
3181
3618
3550
3254
3025
3031
3101
3236
3230
3340
3234
3114
3099
3199
3099
3170
3327
3300
3055
3025
3024
3138
3144
3230
3413
3375
3266
3455
3393
3209
3256
3298
3138
3044
3221
3138
3201
3131
3105
3094
3389
3660
3552
3639
3111
3162
3099
3066
3173
3212
3514
3094
3307
3103
3591
3342
3245
3156
3214
3317
3067
3218
3099
3628
3105
3395
3099
3266
3324
3131
3107
3228
3228
3645
3515
3279
3465
3293
3420
3209
3416
3274
3515
3227
3120
3458
3170
3367
3220
3248
3109
3515
3625
3403
3277
3625
3133
3227
3490
3120
3205
3266
3416
3285
3099
3087
3673
3422
3151
3265
3200
3325
3579
3435
3147
3644
3132
3226
3550
3228
3543
3488
3131
3233
3113
3150
3085
2999
3085
2949
3093
2949
2949
3241
3232
2916
3267
3096
3073
2974
2996
2918
2829
2903
3125
2867
3358
3098
2968
2891
2831
3019
2834
3098
3347
3246
2808
2968
3253
3019
2964
2968
3201
2872
2908
2983
3118
3181
3017
2898
2809
2828
3014
3149
3156
3258
2810
2899
2895
2653
2635
3195
3234
2635
2964
2709
2961
3128
2746
2832
2878
2711
3027
2711
2843
2775
2708
3090
2969
3114
2942
3191
2857
3302
2699
2652
2675
2898
2775
3020
2760
2856
2929
2894
2929
2752
2743
3027
2812
2762
2671
2940
3147
3036
2665
2759
2864
2760
2973
2845
2823
2805
2657
2738
3173
2958
2999
2943
2958
3006
3203
3072
2973
2878
2685
2833
3079
2860
2681
3006
2999
2972
2634
2860
2890
2762
2776
2999
2999
3072
2643
2768
3284
2728
2594
2586
2859
2586
2663
2606
3104
2630
2677
2761
2562
2743
2869
2663
2964
2973
2580
2562
2869
2997
2619
3085
2624
2544
2734
2594
2964
2973
2691
2713
2663
2676
2666
2641
2584
2595
2733
3082
2523
2544
2479
2483
2762
2574
2676
2517
2666
2778
2900
2913
3152
2639
3086
2856
2991
3154
2783
3015
2612
2840
2988
2775
2746
2828
2987
2783
2744
3233
2738
3000
2812
2706
2889
3174
3010
2934
3112
2812
3379
2748
2928
2763
3158
3158
3104
2813
3337
2824
3337
2812
2891
3279
2774
2804
3087
2958
3260
2919
3132
3043
2913
2800
3080
2881
2887
2952
2929
2844
2768
2977
2846
3158
3313
2779
2729
3334
2794
3122
2807
2846
2744
3059
2758
2795
2747
2715
2775
2877
2519
2742
2690
2923
2804
2727
2997
2627
2638
2958
2927
2883
2626
2671
3001
3071
3133
2797
2673
2754
3023
2786
2700
2884
3178
3242
2869
2660
3087
2640
2658
2634
2837
2951
2634
2725
2672
2613
2940
2837
3172
3163
2634
3172
2773
2725
2673
2868
3042
2655
2804
2992
3120
3042
2821
2626
2709
2676
2563
2978
3124
2742
2881
2575
2639
2611
2838
2728
2641
2717
2737
2773
2574
2760
3122
2624
2889
2540
2676
2605
2710
3095
2568
2691
2459
2536
2648
2760
2566
2881
2605
2733
2733
2584
2527
2555
2452
2611
2940
2775
2787
2571
2844
2462
2495
2723
3014
2659
2659
2904
2415
2621
2598
2439
2686
2594
2494
2706
2500
2528
2808
2445
2857
2876
2605
2561
2477
2510
2477
2429
2516
2789
2508
2411
2694
2476
2608
2704
2981
2529
2617
2448
2544
2561
2444
2401
2734
2425
2538
2889
2889
2550
2925
2357
2925
2421
2668
2440
2759
2550
2768
2759
2872
2576
2660
2521
2804
2880
2808
2759
2425
2872
2389
2375
2472
2492
2837
2701
2352
2345
2332
2389
2341
2480
2747
2341
2857
2363
2860
2478
2511
2474
2525
2656
2599
2722
2722
2413
2460
2341
2546
2729
2519
2371
2701
2371
2377
2454
2780
2957
2606
2620
2606
2494
2494
2894
2960
2826
2551
2960
2669
2423
2518
2462
2859
2669
2447
2960
2422
2808
2577
2631
2590
2486
2311
2806
2805
2808
2583
2267
2332
2198
2483
2214
2293
2679
2801
2510
2714
2575
2427
2293
2199
2767
2314
2232
2650
2511
2217
2383
2282
2295
2187
2537
2371
2473
2453
2284
2379
2363
2371
2502
2617
2199
2506
2334
2195
2199
2371
2576
2365
2217
2712
2436
2205
2370
2188
2161
2473
2353
2518
2620
2345
2217
2161
2335
2230
2167
2715
2525
2197
2288
2155
2473
2575
2206
2685
2217
2402
2306
2584
2353
2584
2173
2202
2688
2304
2628
2113
2214
2100
2246
2262
2655
2636
2312
2113
2387
2181
2279
2564
2395
2625
2197
2450
2278
2559
2489
2592
2693
2305
2226
2094
2309
2100
2396
2635
2245
2468
2680
2208
2156
2525
2172
2460
2566
2142
2347
2599
2411
2402
2292
2314
2166
2402
2750
2312
2320
2136
2550
2130
2663
2432
2287
2205
2438
2283
2210
2459
2121
2180
2249
2445
2212
2166
2750
2716
2341
2729
2130
2147
2747
2524
2506
2671
2528
2401
2368
2607
2702
2561
2584
2711
2435
2519
2481
2294
2484
2379
2982
2415
2839
2587
2353
2473
2756
3021
2686
2848
3132
2571
2590
3142
2760
2629
2627
3092
3001
2834
2514
2516
2564
2974
2671
2798
2716
2893
2622
2608
2462
2754
2536
2716
2460
3118
2634
2792
2495
2552
2756
2712
2559
2657
2610
2851
2473
2625
2750
2447
2633
3034
2753
2650
2592
2460
3055
2864
2937
2613
2581
2703
3142
2581
2773
2703
2641
2804
2609
2800
2665
2447
2686
2686
2533
2435
2702
2928
2542
2583
2796
2610
2793
2448
2504
2516
2570
2475
2814
2646
2947
2542
2547
2787
2752
2784
3005
2765
2738
2742
3054
3118
2635
3116
2710
2597
3005
3034
2861
3034
2759
2620
3067
2670
2894
2701
3038
3067
3119
2683
2620
3155
3168
3189
2887
2759
2939
2894
2825
2651
2569
2594
2841
2943
2749
2655
2899
2611
2768
2890
2611
2963
2643
2620
2631
2611
2649
2784
2655
2851
2896
2767
2775
2944
2971
2940
2729
2846
2818
2684
2726
3243
3014
2812
2811
2746
3246
3194
2706
3014
2942
3282
3161
2808
2746
3149
2722
2705
2681
2949
2949
2657
2722
3014
2742
2969
2982
2982
3055
3025
2815
2988
3426
3041
3127
3347
3356
3235
2959
3098
3176
2996
2963
3106
2925
3275
2963
2901
3426
3041
2888
2881
2892
3217
3037
3314
2913
2989
2892
2871
3045
2875
2940
3026
3191
3111
3031
3326
2838
2995
2858
2847
3249
3117
3042
2978
2843
2847
2927
2992
2961
2890
2883
2894
3349
3261
2822
2814
3055
3339
2909
2883
3064
2959
3202
3137
3407
2959
2987
2866
2789
2866
2880
3113
2764
3121
3307
3141
2974
2802
3199
2682
2886
2839
3114
2896
2941
2752
2860
2782
3209
2841
2744
2738
2661
3112
2856
3034
3030
2952
2710
3071
3030
2806
2895
3125
2715
3099
2743
3068
2951
3170
2741
2867
3203
2984
3026
2756
3100
2916
3020
2824
2818
3155
2736
2631
2759
2935
2607
2587
2655
2702
2736
2726
2682
2682
2697
2862
3205
2826
2664
3194
2682
2738
2821
3133
2943
2849
3125
2810
3263
2730
2986
3045
3038
2825
3150
3059
3059
2863
3386
2951
2998
3037
2810
3100
3121
2955
3419
2919
3020
2875
3026
2911
3198
3026
2879
3141
2931
3161
3150
3442
3440
3508
3060
3124
3230
3201
2960
3034
3279
3105
3629
3425
3177
3483
3276
3030
3055
3068
3192
3142
3359
3671
3042
3302
3055
3345
3629
3048
3563
3348
3063
3311
3149
3424
3047
3466
3322
3404
3229
3302
3338
3528
3210
3232
3040
3580
3650
3332
3036
3210
3197
3104
3042
3547
3114
3093
3008
2997
2973
3331
3291
3073
3331
3468
3201
3162
3229
3584
3295
3714
3218
3407
3277
3268
3352
3242
3446
3428
3430
3661
3327
3491
3308
3748
3140
3494
3133
3214
3153
3407
3247
3140
3308
3548
3324
3428
3153
3214
3491
3769
3494
3458
3339
3345
3327
3285
3223
3253
3324
3138
3242
3164
3769
3146
3363
3128
3281
3307
3688
3409
3281
3285
3133
3449
3178
3564
3203
3727
3555
3304
3318
3367
3197
3141
3283
3317
3700
3236
3442
3303
3749
3452
3156
3297
3791
3579
3150
3680
3700
3141
3544
3329
3680
3192
3431
3570
3245
3422
3545
3570
3160
3544
3458
3397
3160
3297
3749
3619
3200
3334
3361
3224
3471
3683
3297
3346
3683
3222
3165
3220
3496
3265
3671
3243
3178
3261
3522
3164
3522
3498
3659
3310
3457
3449
3522
3365
3661
3142
3202
3375
3400
3564
3223
3669
3240
3285
3324
3669
3164
3457
3658
3285
3164
3175
3260
3345
3453
3592
3557
3169
3492
3214
3296
3586
3481
3765
3487
3602
3348
3529
3285
3328
3383
3328
3561
3635
3356
3716
3561
3627
3271
3182
3371
3463
3242
3387
3565
3741
3323
3381
3452
3319
3439
3417
3312
3390
3311
3611
3484
3284
3778
3349
3590
3823
3215
3532
3375
3349
3619
3505
3414
3426
3722
3461
3677
3689
3755
3549
3483
3480
3119
3091
3474
3361
3329
3256
3361
3397
3339
3329
3474
3218
3665
3420
3256
3256
3322
3304
3152
3524
3215
3668
3284
3411
3129
3293
3502
3354
3281
3615
3622
3194
3256
3160
3654
3228
3424
3499
3358
3220
3297
3195
3362
3377
3311
3188
3325
3377
3188
3496
3480
3329
3647
3380
3548
3368
3253
3253
3647
3216
3647
3377
3389
3516
3481
3173
3368
3402
3646
3434
3276
3142
3386
3193
3225
3265
3187
3728
3191
3191
3241
3176
3280
3215
3327
3210
3347
3214
3163
3314
3445
3173
3697
3256
3304
3327
3348
3288
3606
3383
3199
3532
3179
3409
3635
3128
3507
3143
3187
3173
3333
3336
3155
3151
3547
3649
3271
3317
3571
3255
3208
3244
3226
3526
3454
3340
3480
3526
3602
3582
3407
3768
3489
3410
3419
3218
3574
3241
3341
3320
3375
3233
3311
3410
3225
3283
3284
3807
3481
3340
3428
3595
3462
3445
3566
3581
3661
3238
3208
3209
3728
3353
3216
3673
3344
3210
3219
3420
3395
3279
3535
3828
3221
3291
3358
3570
3358
3425
3825
3395
3780
3644
3449
3391
3496
3515
3563
3349
3500
3328
3616
3553
3469
3496
3624
3736
3417
3736
3594
3620
3848
3463
3685
3739
3469
3536
3914
3664
3757
3440
3600
3326
3461
3358
3858
3382
3907
3928
3682
3806
3507
3664
3382
3394
3505
3377
3551
3308
3662
3373
3452
3960
3517
3405
3556
3444
3357
3575
3575
3918
3499
3575
3497
3524
3926
3519
3658
3524
3520
3586
3648
3340
3735
3382
3881
3939
3900
3487
3493
3472
3873
3586
3475
3612
4032
3725
3443
3912
4058
3548
3624
3863
3777
3567
3661
3654
4072
3842
3821
3584
3575
3704
3666
4000
3635
3680
3681
3812
3640
4083
3810
3792
3640
3777
4095
3644
3870
3621
3750
3612
3689
3667
3667
3934
3841
3934
3704
4025
3787
3962
3864
4025
3977
3983
3795
4056
4192
3774
3713
3942
3929
3929
3746
3669
3794
4063
3993
3927
3990
3838
3817
3707
3883
3669
3929
3780
3778
3641
3905
3872
3824
3696
3524
3657
3512
3743
3723
3620
3653
4092
3497
3824
3625
3542
3717
3753
3607
3685
3787
3704
3778
3798
3685
3625
3518
3688
3827
3872
3752
4147
3705
3741
3741
3796
3483
3597
3469
3573
3844
3520
4009
3813
3409
3531
3682
3402
3341
3781
3449
3469
3321
3527
3430
3498
3847
3527
3814
3686
3506
3686
3391
3572
3498
3645
3866
3506
3710
3498
3637
3588
3902
3428
3572
3690
3391
3785
3449
3469
3498
3517
3714
3530
3566
3648
3309
3715
3512
3574
3474
3295
3748
3541
3328
3808
3429
3441
3563
3921
4055
3986
3671
4167
3592
3664
3798
4067
3631
3550
3564
3670
3648
3516
3462
3444
3879
3462
3512
3506
3728
3577
3707
3796
3744
3796
3755
3673
3789
3637
3545
3895
3444
4067
3605
3792
3374
3480
3441
3721
3409
3365
3428
3409
3344
3333
3414
3442
3390
3280
3456
3555
3563
3382
3519
3611
3547
3374
3288
3490
3796
3429
3445
3877
3673
3599
3673
3776
3578
3427
3230
3344
3298
3374
3369
3512
3459
3586
3578
3702
3122
3510
3545
3331
3702
3552
3431
3646
3166
3228
3333
3437
3552
3646
3219
3647
3702
3295
3235
3482
3116
3141
3141
3736
3649
3314
3269
3715
3273
3190
3418
3278
3278
3283
3569
3757
3649
3196
3241
3122
3333
3416
3235
3377
3227
3216
3232
3255
3615
3484
3161
3351
3229
3688
3754
3335
3197
3302
3235
3317
3447
3436
3250
3197
3484
3206
3485
3267
3696
3169
3280
3193
3584
3145
3669
3236
3197
3375
3108
3298
3195
3265
3093
3355
3581
3398
3145
3614
3512
3163
3236
3385
3178
3581
3208
3125
3449
3339
3119
3260
3395
3215
3350
3320
3340
3384
3217
3523
3382
3153
3583
3435
3344
3216
3166
3520
3273
3228
3391
3311
3714
3352
3338
3596
3495
3113
3072
3723
3265
3178
3403
3189
3254
3115
3477
3634
3375
3283
3254
3314
3198
3403
3702
3644
3386
3266
3311
3042
3021
3168
3070
2885
2906
3242
3158
2854
2878
3071
3073
2943
2988
3257
2842
3378
2854
2792
2798
2825
2875
3192
3278
3165
2901
3131
2970
2902
3165
3213
2920
3037
3279
2934
3248
2829
2822
3056
3151
3058
2773
2877
2836
2786
2849
3094
3265
3003
3026
2827
2775
2996
2871
2736
2939
2903
3160
2757
2980
2849
3344
3265
2825
2920
2941
3032
2738
3094
2875
3189
3344
2886
2906
2961
3153
2825
2760
2901
2711
3038
3129
2866
3195
2678
2765
2860
3224
3129
2831
3133
2759
2801
2868
2866
2847
2572
2728
2717
2490
2566
2727
2592
3121
2562
2900
3049
2476
2943
2492
2668
2841
2793
2629
2503
2552
3019
3028
2558
2528
3063
3133
2531
2828
3063
2982
2712
2785
3063
2593
2693
2638
2978
2887
2563
3011
2695
3054
2966
2695
2813
3004
2565
2980
2652
2830
2561
2921
2663
2663
2631
2702
3004
2557
2646
3137
2797
3101
3092
2747
2730
2704
2637
2830
2625
2823
2704
3171
2708
2730
2665
2788
2589
2637
2980
2626
2492
2923
2634
2923
2540
2733
2756
3053
2573
2528
2616
2849
3014
2501
2665
2726
2472
2573
2540
2605
2701
2479
2549
2449
2918
2856
2986
2757
2643
2852
2666
2687
2668
2490
2679
2675
2514
2757
2678
2832
2655
2633
2590
2630
2912
2716
2790
2881
2833
2735
2708
2551
2669
2682
2462
2789
2633
2930
2705
2367
2725
2679
2617
2686
2617
2579
2413
2822
2618
2376
2174
2179
2544
2113
2140
2573
2712
2413
2431
2216
2275
2214
2487
2712
2297
2293
2476
2272
2534
2175
2186
2329
2596
2598
2595
2383
2083
2286
2259
2102
2087
2439
2248
2315
2074
2655
2377
2599
2111
2149
2196
2294
2352
2200
2167
2167
2237
2373
2260
2166
2260
2146
2458
2443
2202
2145
2223
2593
2446
2281
2326
2128
2330
2247
2275
2748
2409
2247
2318
2153
2339
2210
2318
2326
2714
2436
2290
2295
2290
2659
2343
2449
2343
2253
2208
2446
2210
2170
2326
2170
2105
2341
2522
2170
2131
2105
2201
2348
2505
2325
2668
2425
2181
2398
2710
2280
2060
2087
2267
2223
2563
2322
2608
2294
2168
2784
2268
2517
2579
2333
2321
2241
2356
2672
2265
2285
2381
2315
2289
2300
2470
2300
2226
2127
2261
2187
2298
2320
2510
2283
2326
2415
2303
2255
2605
2417
2677
2289
2231
2669
2326
2210
2677
2417
2298
2261
2142
2506
2513
2413
2511
2771
2330
2810
2532
2258
2285
2797
2286
2216
2293
2278
2204
2317
2510
2394
2658
2193
2212
2315
2297
2264
2432
2421
2204
2622
2486
2211
2504
2397
2615
2316
2362
2560
2230
2316
2604
2514
2770
2184
2562
2201
2182
2218
2250
2586
2272
2394
2661
2725
2628
2517
2395
2270
2452
2349
2375
2795
2349
2837
2526
2407
2132
2726
2139
2406
2280
2452
2201
2726
2259
2452
2483
2521
2230
2452
2278
2289
2342
2152
2448
2677
2427
2132
2326
2246
2383
2228
2493
2209
2437
2260
2140
2536
2318
2667
2330
2322
2387
2386
2254
2368
2346
2194
2579
2744
2196
2196
2337
2323
2519
2673
2290
2529
2460
2357
2357
2210
2415
2435
2357
2205
2127
2261
2262
2427
2166
2222
2301
2222
2228
2186
2139
2473
2408
2455
2678
2645
2420
2524
2260
2356
2356
2446
2356
2434
2540
2418
2510
2313
2420
2252
2771
2453
2391
2352
2389
2167
2663
2259
2585
2661
2420
2618
2171
2273
2215
2202
2230
2519
2616
2436
2436
2308
2403
2290
2356
2258
2282
2486
2478
2368
2260
2177
2273
2366
2217
2374
2364
2395
2558
2714
2540
2331
2550
2502
2282
2332
2260
2397
2378
2403
2304
2724
2695
2565
2454
2777
2445
2463
2579
2376
2424
2541
2651
2619
2437
2561
3045
2410
2416
2719
2660
2557
2490
2483
2432
2530
2425
2412
2501
2398
2466
2708
2557
2460
2831
2595
2497
2490
2798
2589
2619
2352
2979
2674
2439
2410
2812
2478
2526
2516
2518
2349
2323
2242
2836
2262
2787
2493
2298
2333
2337
2511
2191
2198
2746
2772
2347
2302
2157
2423
2386
2254
2265
2350
2546
2169
2692
2389
2276
2240
2205
2408
2488
2463
2463
2244
2194
2385
2167
2562
2463
2107
2374
2310
2103
2212
2734
2291
2449
2244
2395
2372
2247
2517
2186
2711
2212
2286
2236
2781
2286
2442
2275
2343
2556
2312
2597
2175
2463
2197
2280
2376
2236
2236
2463
2235
2442
2312
2555
2314
2479
2286
2760
2276
2354
2381
2381
2666
2326
2335
2492
2457
2466
2326
2383
2669
2136
2255
2735
2178
2438
2530
2454
2428
2148
2383
2667
2506
2669
2315
2777
2289
2722
2218
2198
2183
2320
2408
2150
2298
2756
2318
2502
2334
2183
2172
2735
2530
2289
2255
2148
2318
2696
2250
2465
2351
2237
2677
2250
2250
2283
2419
2688
2175
2244
2296
2175
2169
2416
2203
2203
2112
2169
2201
2101
2572
2345
2161
2537
2572
2229
2218
2464
2333
2513
2360
2537
2513
2257
2537
2517
2389
2310
2742
2193
2223
2296
2161
2572
2268
2255
2513
2185
2763
2185
2157
2276
2149
2161
2472
2443
2378
2509
2378
2608
2357
2348
2156
2368
2391
2150
2208
2439
2512
2291
2394
2229
2323
2441
2650
2650
2690
2295
2751
2807
2591
2307
2378
2468
2301
2477
2233
2423
2257
2340
2513
2401
2340
2340
2456
2340
2372
2340
2372
2374
2333
2340
2751
2335
2296
2419
2577
2588
2462
2824
2525
2427
2378
2546
2357
2267
2405
2690
2275
2311
2328
2690
2661
2242
2506
2275
2392
2326
2376
2599
2311
2555
2415
2690
2427
2320
2339
2405
2818
2588
2738
2335
2517
2367
2737
2291
2729
2488
2442
2347
2321
2275
2483
2602
2474
2563
2441
2364
2446
2925
2904
2403
2437
2403
2346
2963
2452
2496
2452
2771
2419
2692
2575
2695
2410
2829
2439
2588
2389
2470
2324
2662
2590
2294
2544
2874
2523
2326
2425
2848
2299
2718
2381
2448
2464
2282
2579
2249
2567
2557
2240
2567
2869
2400
2747
2324
2439
2570
2429
2567
2402
2567
2323
2287
2299
2551
2343
2526
2393
2771
2810
2567
2236
2247
2540
2742
2540
2330
2640
2567
2236
2574
2244
2229
2323
2362
2567
2445
2445
2197
2695
2164
2265
2763
2485
2379
2482
2354
2456
2714
2436
2805
2331
2265
2289
2169
2363
2800
2315
2732
2842
2348
2509
2403
2287
2516
2358
2557
2296
2213
2531
2403
2516
2403
2571
2519
2320
2761
2567
2348
2226
2490
2328
2703
2355
2504
2517
2645
2456
2766
2355
2613
2492
2622
2871
2390
2458
2841
2375
2536
2806
2773
2527
2779
2523
2481
3010
2588
2839
2798
2832
3189
2873
2984
2695
3079
2746
2590
2759
2783
3189
3079
2628
2637
2491
2653
2556
2657
3041
2537
2891
2473
2556
2473
2645
2493
2637
2891
2757
2567
2567
2988
2502
2811
2607
2773
2762
2706
2717
2782
2697
2795
2642
2613
2949
2916
2933
2647
2715
2697
2949
2490
2497
2843
2691
2599
3021
2727
2490
2581
2810
2810
2506
2927
2758
2494
2390
2332
2477
2587
2901
2644
2340
2914
2526
2681
2710
2526
2462
2917
2490
2657
2401
2479
2390
2405
2605
2342
2502
2672
2562
2651
2454
2672
2446
2804
2549
2669
2302
2431
2729
2762
2499
2585
2684
2338
2693
2634
2884
2426
2446
2397
2276
2302
2444
2572
2297
2463
2262
2404
2262
2768
2836
2518
2433
2427
2710
2328
2611
2525
2302
2592
2341
2710
2328
2719
2656
2470
2910
2850
2850
2443
2437
2562
2365
2592
2441
2525
2910
2592
2281
2441
2788
2755
2326
2290
2474
2281
2370
2640
2435
2346
2412
2831
2619
2259
2566
2396
2263
2480
2674
2776
2236
2743
2501
2447
2255
2758
2474
2159
2163
2430
2230
2326
2413
2290
2310
2032
2068
2135
2123
2497
2064
2114
2627
2038
2423
2357
2129
2224
2346
2046
2160
2179
2353
2160
2066
2053
2226
2284
2343
2053
2034
2391
2627
2497
2066
2218
2349
2274
2274
2045
2153
2384
2075
2147
2526
2053
2070
2275
2207
2131
2561
2061
2245
2391
2227
1973
1972
2288
2146
2517
2417
2254
2016
2425
1946
1985
2137
2531
1923
2198
1900
2080
2215
2359
1976
2146
1952
2326
2089
1881
1965
2086
2089
2285
2310
2080
1908
2450
2215
2080
2388
2173
2009
2188
2045
2263
2122
2436
2090
2104
2155
2279
2217
2436
2504
2189
2292
2199
2182
2470
2404
2138
2695
2286
2170
2452
2210
2368
2087
2331
2210
2041
2375
2056
2055
2326
1956
2012
2549
1950
2275
2152
2403
2149
2370
2222
2069
2403
2148
2324
2591
1962
2103
2425
1912
1975
1942
2324
1946
2348
2258
2077
1931
1900
2009
1927
1877
1921
2197
2120
2043
1971
1933
2392
2288
2010
2140
1901
2159
2134
2357
1831
1979
1940
2037
1831
1868
2246
2246
1851
2255
1906
1862
2182
1958
2367
1912
2113
2133
2266
2221
2214
1906
2078
1887
2446
2095
2053
2142
2437
2204
1929
2361
2495
2111
2152
2482
2086
2482
2168
1914
2325
1943
2168
2015
2266
2165
2332
2052
2004
2052
2203
2080
2245
2171
2471
2578
2036
2150
2487
2169
2320
2438
2009
2198
2020
2200
2030
2661
2570
2139
2276
2547
2560
2560
1989
2019
2355
2070
2169
2113
1890
2165
1909
2006
2161
2124
1797
1938
1869
1926
1935
2277
1932
1754
1992
1982
1926
2051
1893
2102
1934
2165
1754
1785
2233
2172
1885
1920
2066
1753
1721
1850
2156
1982
1822
2244
1761
1731
1800
1815
2355
1925
2300
1714
1960
1752
1995
1865
1876
2300
1881
1732
2143
2016
2084
2134
1995
1738
1739
1845
1923
1980
1980
2089
1819
2266
1750
1751
1886
1979
1766
2014
1808
2005
2058
2319
1926
2215
2064
1858
1764
1797
1849
1826
2277
1899
2276
2332
2387
2027
1944
1832
2140
2244
1899
2345
2244
2167
1772
1808
2044
1805
2303
2028
2358
1777
1858
1968
1852
2413
2101
1858
1968
1847
1951
2128
1934
2371
1939
1867
2416
1948
2077
2407
2486
2147
1998
1952
2465
1991
1961
2462
1954
1852
2077
2150
1928
2483
2088
2088
2462
2030
1984
2482
2303
2217
2579
2301
2195
2217
2055
2310
2343
2253
2162
1955
2096
2180
2398
2275
2339
1962
2475
2266
2192
2308
1970
2048
2478
2270
1955
2217
2319
1936
1981
2096
2270
2052
2315
2291
2073
2109
2079
2177
2403
2024
2097
1876
2073
2232
2236
2461
2395
2099
2225
2192
2232
2061
1963
2013
1862
2046
1879
2461
2183
1981
1995
1965
2236
2503
2315
2327
1880
2013
2061
1909
1924
2225
1845
1966
1960
1952
1969
2088
1808
1987
1882
1788
2165
1921
2099
2390
2320
2016
1808
2088
1902
1921
1921
2085
2042
1806
1775
1817
2250
1850
2038
1809
1865
1935
2333
2444
2169
1922
1985
1877
2487
1965
1948
2236
1876
1944
1874
2170
1913
2077
2024
2118
2282
2448
1880
1948
1868
1948
2346
2094
2182
2063
2043
2210
2046
2412
2412
2041
2377
2204
2114
2094
1889
1921
1991
1998
2377
1915
2179
2090
2499
1998
2409
2388
2102
1911
1846
2138
2144
2435
1961
2115
1886
2456
2202
1861
1822
2409
2125
2409
2308
2045
2343
1807
1819
2362
1964
2123
2019
2120
2303
2244
2003
2303
2224
2180
1997
2195
2121
1951
2018
1977
1979
2045
1870
2231
2018
2301
2016
1870
2165
2204
2340
1856
1962
2278
1962
1856
2127
1891
1891
2044
2046
1941
2450
1851
2111
1891
2238
2450
1834
1923
2081
1928
2090
2172
1891
1842
2408
2244
2272
1895
1992
2057
2057
1992
2040
2186
2060
1890
2048
1961
2063
2304
1868
1885
2304
2476
2255
2037
1845
2421
2455
1986
1852
2156
1935
2127
1990
2061
2496
2127
2024
2013
1960
2496
2256
2127
2311
2589
2413
2101
2547
2185
2146
2201
1958
2089
2124
1939
1984
2159
2076
2170
2031
2021
2391
2133
2040
2143
2025
2135
1887
2007
2126
2224
1872
1854
2323
1904
2110
1928
2091
2217
2296
2303
2052
2052
2376
2481
2124
2407
1898
2453
1850
1830
1818
2168
2114
1963
1869
2293
2113
1927
1831
1914
1881
1828
2249
1948
2008
1880
2085
2019
1954
1867
1982
2044
2104
2084
1958
2455
2203
2112
2025
1893
2001
2454
2000
1943
2058
1878
1859
1886
1873
1963
2176
2000
1920
2071
2534
2094
2343
2044
1963
2111
2578
2193
1902
1898
2286
1883
2171
1978
1942
2006
1942
2045
1934
2049
2139
2045
2269
1948
1902
2000
2043
2009
2093
2210
1853
1883
1933
2168
2049
2058
2380
1914
2409
2411
1953
2089
2343
2193
2095
2477
2159
2159
2408
1962
2221
2520
1917
2080
2398
2265
2254
2320
1971
2079
2064
2170
1924
2029
2154
1853
1981
2187
2360
2044
2403
2029
2403
2029
2157
2053
2102
1965
2018
1949
2247
2234
2423
1930
2045
2512
1925
2049
2129
2148
2433
2139
2148
2491
1902
1910
2171
1910
2321
2192
2345
2478
2054
2025
2109
1939
2138
1939
2286
2491
1861
2062
2405
2118
1989
1858
2065
2314
1925
2011
2519
1890
1990
2419
2042
2580
2129
2092
2295
2370
2025
2606
2191
2436
2024
2158
2679
2205
2220
2076
2637
2340
2408
2049
2111
1994
1871
1845
1988
2421
1840
1986
2014
2127
2333
1847
1877
1954
2033
2025
2033
2165
1871
1873
2107
1921
2366
2164
1968
1826
1986
2230
2421
2201
2014
1871
2366
2165
1868
2421
2114
1835
1960
2196
1755
2051
1857
1846
1896
1980
1829
2163
2138
2303
1923
1954
1823
1761
1999
2138
1900
1933
2276
1927
2401
2048
2110
1921
2533
1902
1942
2076
2287
1904
1943
2286
2006
2017
2422
2045
2433
2192
2184
2452
1930
2533
2072
2109
1934
2138
2222
2312
1910
1974
1871
2136
1821
1838
1797
2249
2188
1869
1971
1965
2055
1913
1880
1818
1999
2103
2016
2520
2328
2432
2087
2189
2016
2364
2242
2049
2629
2053
2629
2603
2129
2593
2262
2251
2149
2206
2653
2506
2729
2239
2558
2633
2256
2351
2249
2319
2406
2633
2275
2342
2444
2751
2809
2319
2597
2358
2319
2254
2588
2597
2271
2254
2478
2284
2220
2292
2228
2324
2535
2261
2740
2604
2313
2751
2400
2290
2708
2400
2248
2502
2540
2201
2518
2740
2228
2486
2339
2353
2203
2318
2311
2556
2606
2366
2684
2248
2684
2385
2333
2655
2222
2397
2504
2318
2511
2606
2268
2423
2260
2442
2615
2348
2267
2239
2341
2727
2171
2532
2212
2336
2218
2291
2456
2144
2185
2603
2250
2463
2152
2468
2150
2176
2224
2394
2669
2239
2289
2156
2591
2419
2295
2328
2300
2322
2233
2291
2143
2355
2291
2271
2176
2144
2438
2189
2340
2688
2353
2155
2129
2501
2430
2174
2373
2698
2594
2403
2538
2861
2457
2282
2586
2352
2367
2410
2382
2245
2315
2353
2267
2550
2238
2271
2253
2819
2435
2859
2476
2347
2840
2511
2460
2462
2457
2673
2807
2663
2889
2709
2581
2820
2477
2503
2401
2503
2405
2463
2727
2672
2472
2416
2681
2750
2661
2591
2740
2533
2492
2626
2643
2854
2777
2862
2583
2898
2570
2926
2579
2627
2679
2646
2847
2651
2546
2968
3118
2568
2685
2532
2961
2926
3092
2685
2665
2551
2558
2477
2718
2686
2456
2472
2453
2711
2904
2528
2833
2622
2720
2528
2654
2901
2589
2589
2556
2846
2867
2556
2728
2718
2624
2781
2776
2636
2518
2829
2522
2721
2522
2686
2694
2750
2719
2814
2853
2602
2754
2799
3095
3157
2926
2698
2779
2603
2732
3054
2595
2699
2701
2614
2672
2893
2972
2519
2594
2699
2718
2703
2524
2791
2811
2785
3074
2623
2619
2665
2670
2757
2957
2668
3006
2932
3231
2644
2665
2702
3047
2706
2644
2795
2706
2587
2944
3047
2629
2906
2914
2822
3005
2747
3080
2632
2526
2890
2652
2537
2570
2556
2838
2719
2886
2731
2520
2582
2525
2537
2850
2595
3050
3070
2556
2665
2910
2728
2567
2727
2456
3001
2718
3067
2689
3122
3001
2583
3069
2838
2553
2639
2668
2931
2713
2504
2674
2507
2906
2709
3003
2819
2539
2986
2994
2527
2690
2984
2951
2535
2467
2873
2700
2922
2655
2655
2768
2504
3049
2698
2811
2561
3139
2599
3050
2536
2605
2533
2703
2765
2536
2525
2670
2666
2676
2672
2984
2765
2626
2628
3113
2588
2693
2943
2596
2729
2594
2532
3047
2514
2835
2832
2588
2661
2519
2704
2729
2795
3107
2537
2505
3086
2523
2677
2985
2802
2952
2505
3107
3107
2505
2582
2606
2606
2916
2795
2686
2497
2850
2562
2577
2712
2776
3158
3028
2716
2880
2645
2755
2645
2571
2726
2515
2724
2679
2526
2680
2406
2693
2411
2418
2709
2552
2961
2392
2648
2426
2775
2599
2618
2426
2463
2443
2421
2521
2733
2616
2523
2568
2459
2386
2354
2398
2446
2473
2586
2298
2307
2528
2491
2403
2330
2292
2651
2359
2548
2435
2342
2403
2842
2471
2446
2435
2626
2300
2486
2366
2174
2483
2698
2588
2319
2440
2186
2358
2682
2426
2221
2425
2627
2411
2313
2300
2264
2090
2090
2406
2099
2085
2521
2328
2302
2376
2423
2718
2189
2324
2540
2296
2257
2187
2414
2367
2252
2379
2239
2263
2187
2289
2209
2723
2814
2704
2296
2231
2192
2231
2163
2181
2565
2264
2219
2341
2324
2204
2390
2254
2122
2283
2658
2446
2186
2082
2072
2541
2235
2311
2069
2167
2336
2141
2534
2083
2054
2193
2282
2187
2187
2246
2274
1962
2274
2076
2200
2047
1949
2442
1954
1956
2265
2246
2097
2220
2443
2331
2021
2055
2355
2049
1912
1964
1914
2101
2148
2183
2322
1916
2501
1893
2443
1952
2297
2109
2122
2292
2007
2426
2589
2028
2169
2109
2015
2143
1970
1968
2051
2327
2531
2014
2327
2126
2111
2317
2187
2419
2249
2388
2249
2368
2132
2377
2716
2452
2143
2096
2146
2695
2229
2737
2300
2149
2290
2430
2386
2099
2169
2210
2387
2386
2268
2357
2068
2035
2150
2134
2704
2384
2333
2221
2221
2087
2404
2134
2626
2199
2176
2191
2426
2176
2158
2626
2295
2094
2117
2039
2176
2564
2031
2181
2332
2225
2613
2316
2380
2032
2061
2108
2231
2071
2128
2502
2593
2248
2045
2229
2486
2119
2279
2574
2136
2166
2223
2244
2635
2402
2149
2184
2235
2319
2319
2319
2383
2633
2235
2149
2281
2127
2465
2458
2538
2203
2410
2292
2292
2298
2410
2120
2177
2120
2188
2221
2494
2337
2459
2349
2220
2688
2532
2438
2375
2337
2263
2533
2317
2532
2591
2494
2156
2355
2185
2375
2138
2185
2688
2494
2532
2286
2427
2567
2235
2184
2600
2221
2301
2676
2412
2521
2070
2203
2302
2480
2317
2245
2274
2352
2418
2224
2105
2153
2608
2073
2105
2220
2092
2339
2079
2263
2302
2462
2214
2369
2565
2266
2117
2218
2224
2520
2313
2105
2203
2143
2211
2262
2176
2191
2221
2125
2453
2157
2681
2292
2432
2302
2810
2349
2810
2169
2187
2316
2298
2456
2259
2407
2255
2443
2299
2489
2344
2273
2354
2238
2377
2553
2199
2652
2273
2466
2443
2495
2685
2830
2760
2539
2224
2796
2421
2215
2296
2210
2296
2394
2246
2400
2751
2357
2646
2796
2489
2227
2796
2445
2438
2443
2438
2460
2807
2318
2478
2875
2290
2395
2671
2290
2427
2371
2423
2351
2705
2326
2293
2824
2491
2857
2364
2516
2945
2395
2401
2945
2473
2638
2574
2561
2359
2435
2377
2766
2580
2268
2569
2292
2675
2747
2514
2239
2212
2792
2524
2498
2462
2818
2305
2350
2717
2772
2850
2681
2542
2753
3048
2730
2639
2537
3017
3038
2451
3103
2540
2699
2547
2690
3002
3006
2690
2694
2845
3157
2852
2839
2670
2649
3035
2931
2721
2739
3136
2688
2727
2966
2662
2727
3006
2575
2690
2966
2862
3198
3253
2978
3198
3162
2941
2893
2942
3143
2763
2707
2794
2914
2654
2896
2828
2882
2921
2743
2847
2601
2855
2782
2900
2562
2962
2722
2705
2677
2536
2576
2640
2741
2716
2851
2532
2935
2743
2808
2835
2785
2520
2890
2686
2529
2764
2949
2654
2828
2488
2570
2802
2598
2433
2689
2598
2503
2610
2782
2587
2444
2418
2623
2470
2450
2522
2737
3028
2425
2803
2910
2548
2529
2529
2731
2921
2435
2551
2486
2378
2690
2436
2373
2911
2727
2663
2540
2642
2559
2545
2690
2559
2755
2826
2607
2447
2947
2911
2528
2756
2888
2452
2965
3021
2485
2646
2976
2615
2554
2904
2670
2743
2521
2554
2619
2798
2592
2538
2900
2521
2482
2582
2477
2809
2477
2650
2714
2637
2900
2968
2725
3049
2965
2993
2779
2832
2808
2937
2873
3099
2838
2824
2824
2885
2747
3158
2920
2940
2767
2800
3125
2747
3061
2785
2767
3291
3255
2887
3291
2824
3265
3023
2741
3068
2904
2719
2779
3158
2951
2723
2856
2817
3246
3068
3007
3238
3061
2779
3304
2696
3030
3255
2787
3013
3061
2869
3278
2894
2896
2951
3004
3209
2762
2762
2918
2938
3137
2955
2969
2822
3096
2809
3006
2951
2918
3200
2951
2969
2950
3137
2821
3321
2885
3166
2853
3085
2962
2854
3381
2980
2865
2895
3201
3106
3280
2952
2869
3038
2863
2833
3358
2841
2907
2913
3222
3007
3447
3009
2863
3156
2878
2818
2980
2909
3296
2960
2946
2958
3288
3482
3034
3023
3002
3004
3008
2997
2993
3147
3124
3019
3393
3377
2969
3037
2969
3393
3259
3104
3114
3275
3043
3507
3282
3426
3377
3556
3174
3278
3071
3352
3156
3213
3323
2994
2926
3275
3410
3015
2917
3114
3348
2918
3341
3193
3091
3096
3059
3026
2994
2827
2890
3115
3178
2947
3210
2889
2840
3280
3284
2977
2832
2966
2968
2815
3030
2994
3346
2962
3435
3061
3268
3013
2827
2916
3071
2916
3123
2868
2747
2792
3085
2766
3150
2875
2668
3240
3219
2836
2766
2750
2994
3068
2846
2801
2993
3019
3159
2718
2928
2752
2732
2617
2694
2779
3130
2891
2746
2965
2635
2617
2899
2955
2679
2929
2782
3086
3249
2896
2736
2769
2583
2889
2753
2886
2755
2607
2901
3040
3212
2782
2583
3055
2677
2620
2784
2782
2620
2782
3162
2976
2749
3201
2910
2769
2837
2894
2612
3022
2616
3152
2749
2792
2890
2753
2983
2890
2870
2887
3085
2970
2824
2742
2991
2675
2889
2923
2838
2661
2720
2959
2737
2913
2824
2720
2936
2696
2735
2729
2753
3254
2696
2787
2801
2676
2997
3028
2814
2959
2681
3254
2857
2786
3026
3193
3160
2871
2891
2908
2729
3365
2881
2926
2775
2906
2729
3098
3080
3026
3153
2729
3026
2766
2939
3365
2875
2827
2903
3090
2825
3118
2875
3016
2914
2729
3042
3087
3049
3024
3087
2885
2891
2865
3226
2923
2832
2876
3323
3255
3069
2823
3219
2706
2819
3153
2884
3427
3023
2872
2800
3314
3010
3297
3138
3313
2820
2816
2897
3271
3131
2953
2835
2959
3332
2897
2934
3255
3401
3197
2927
3001
2930
3052
3381
3017
3224
3118
3387
2958
3194
3041
2913
3203
3124
3351
3455
3224
3157
3054
3375
3023
3073
2923
3160
2973
3113
2997
3009
3248
3113
3048
3055
3105
3074
2965
3074
2973
3352
3107
3003
3103
2935
3102
2959
3543
3202
3076
3074
3289
2985
3005
3134
3015
3330
3172
3129
3545
3066
3116
3166
3172
3262
3614
3232
3230
3317
3317
3513
3027
3168
3062
3027
3451
3048
3069
3004
3499
3507
3145
3340
3245
3284
3008
3245
3386
3181
3607
3464
3004
3119
3041
3245
3052
3281
2983
3016
3238
2972
3140
3458
3026
3094
3167
2941
2895
2871
2877
2873
2984
2971
2910
3087
3163
2827
2886
3203
3048
2934
3048
2934
3366
2892
3408
2886
2849
2849
2949
3023
2879
3048
2886
2809
2862
3161
2841
3069
3308
3236
2892
3167
3029
3073
2892
3103
2798
2972
2935
3304
3202
3143
2779
3147
2859
2887
3107
3180
3316
3207
3105
3105
3025
3045
3218
2937
2803
2833
2787
2942
2867
3236
2755
2885
2909
2838
2548
2734
2740
2529
2929
2518
2795
2511
3205
2665
2951
2710
2831
2767
2971
2592
3083
2560
2567
2693
2871
2740
2675
3075
2559
2741
3040
2788
2936
2675
2656
2628
2667
2857
3141
2834
2560
2740
3162
2674
2593
2916
2788
3075
2744
2777
2552
2695
2867
3141
3092
2860
2732
2740
2744
2624
3011
3128
3162
2857
3102
2542
2971
2622
2823
2617
2722
2699
2709
2617
2695
2704
3162
2857
2899
2548
2768
2986
2669
3165
3064
2768
2803
2602
2881
2641
3002
3107
2667
3028
2747
2568
2760
2728
2760
2890
2927
2824
2766
2615
2762
3062
3074
2924
2659
2924
2615
2651
2808
2614
2911
2691
2776
2762
2645
2888
2642
3169
2855
2741
2627
2811
2645
2627
2642
2820
2983
3139
2651
2869
2551
2564
2539
2854
2738
2598
2741
2610
2565
2602
2465
2554
2487
2688
2697
2537
2669
2965
2530
2554
2674
2517
2812
3062
2550
2694
2907
2615
2791
2906
2563
2592
2613
2907
2674
2526
3111
3043
2875
3098
2692
3111
3132
2669
2512
2981
2710
2868
2661
2616
2902
2720
2703
2648
2703
2836
2972
2546
2611
2718
2610
2687
2687
2718
2715
2734
2578
2655
2587
2851
3135
2989
2747
2972
2613
3110
2880
2826
2864
2578
2634
2608
2704
2887
3124
3211
2603
2986
2694
2921
2863
2738
3151
3027
2920
2629
2773
2705
2705
2597
2627
3020
2961
2591
2627
2906
2638
2781
2633
2731
2951
3248
3179
3182
2928
2816
2649
2967
2921
2802
2682
2761
3248
2781
3012
2689
2629
2953
2650
3091
3129
2840
2767
2698
2703
3191
3056
3162
2904
2773
2877
3014
2939
2965
2801
2830
2665
3179
3179
3247
2667
3052
2620
2749
2699
3052
2833
3085
3207
2701
2706
2688
2777
2943
2771
2769
2738
2629
2777
2715
2701
2911
3035
3215
3302
2857
3170
3093
2817
2992
2986
3193
2882
3242
2960
2967
3109
3273
3255
3005
3135
3080
3117
3190
3041
3056
3234
3497
3096
2934
3223
2931
3363
2984
2973
3109
3428
2915
3012
2984
3017
3264
3458
3094
3031
3041
2972
3360
2980
3028
3165
3098
3325
3536
3031
3146
3197
3424
3230
3303
3528
3061
3111
3297
3350
3039
3556
3381
3260
3221
3346
3050
3042
3611
3433
3435
3051
3320
3174
3091
3092
3494
3278
3436
3055
3192
3510
3077
3066
3127
3221
3278
3237
3127
3341
3136
3366
3283
3197
3231
3386
3231
3407
3293
3315
3164
3531
3092
3611
3350
3258
3289
3452
3472
3315
3114
3268
3096
3137
3294
3266
3205
3154
3106
3500
3352
3268
3045
3150
3040
3075
3497
3161
3045
3045
3320
3275
3142
3263
3226
3078
3307
3240
3270
3334
3115
3421
3240
3567
3082
3539
3607
3254
3127
3058
3070
3506
3477
3364
3170
3437
3083
3022
3094
2999
3280
3225
3188
3568
3026
3055
3094
3402
2999
3026
3207
3072
2996
3023
3136
3221
3584
3166
3140
3116
3221
3238
3424
3356
3173
3205
3186
3072
3140
3116
3289
3289
3140
3187
3207
3140
3080
3510
3156
3110
3426
3449
3281
3589
3286
3157
3744
3723
3308
3765
3560
3166
3124
3657
3424
3129
3480
3225
3198
3160
3426
3275
3684
3160
3426
3314
3577
3157
3204
3361
3275
3652
3313
3460
3277
3198
3141
3099
3217
3066
3223
3519
3185
3104
3066
3301
3345
3256
3312
3248
3374
3436
3461
3080
3596
3395
3422
3262
3303
3071
3301
3535
3303
3191
3219
3347
3083
3225
3613
3467
3090
3262
3219
3072
3387
3671
3501
3158
3467
3191
3554
3449
3172
3303
3276
3672
3187
3401
3288
3636
3288
3460
3378
3253
3077
3378
3198
3727
3411
3481
3128
3100
3284
3119
3584
3480
3685
3727
3103
3253
3122
3100
3104
3092
3539
3268
3237
3122
3555
3342
3205
3727
3122
3727
3233
3181
3219
3636
3365
3160
3303
3442
3688
3428
3418
3612
3603
3144
3209
3144
3278
3176
3055
3290
3351
3155
3194
3280
3254
3361
3472
3372
3205
3146
3413
3061
3196
3406
3155
3242
3060
3162
3466
3371
3572
3572
3153
3454
3187
3694
3311
3350
3225
3415
3497
3424
3376
3824
3755
3344
3225
3344
3811
3619
3588
3442
3442
3240
3340
3379
3424
3342
3263
3563
3722
3321
3321
3436
3275
3329
3434
3524
3569
3327
3746
3672
3396
3295
3897
3313
3475
3359
3378
3742
3287
3827
3651
3746
3697
3409
3418
3261
3331
3782
3447
3784
3523
3716
3431
3837
3257
3325
3251
3507
3354
3498
3313
3293
3680
3402
3302
3449
3263
3782
3572
3350
3237
3766
3525
3421
3460
3599
3755
3311
3481
3504
3237
3690
3436
3533
3723
3599
3421
3723
3261
3581
3261
3775
3527
3376
3230
3357
3239
3374
3501
3386
3207
3328
3196
3189
3704
3290
3427
3496
3290
3636
3471
3566
3452
3791
3489
3196
3417
3757
3791
3350
3382
3486
3369
3500
3427
3534
3183
3770
3171
3443
3303
3444
3749
3230
3215
3437
3662
3211
3598
3770
3188
3520
3770
3492
3546
3591
3500
3227
3372
3126
3492
3293
3126
3279
3428
3136
3212
3447
3164
3341
3277
3624
3283
3447
3372
3258
3546
3337
3144
3418
3341
3522
3239
3556
3374
3522
3132
3241
3442
3139
3259
3726
3429
3364
3145
3457
3493
3118
3726
3222
3448
3213
3241
3165
3174
3311
3442
3326
3278
3278
3280
3165
3660
3132
3373
3307
3202
3600
3707
3668
3438
3122
3658
3474
3258
3219
3521
3386
3386
3124
3557
3129
3096
3306
3058
3174
3069
3244
3648
3187
3140
3017
3567
3325
3108
3567
3169
3082
3537
3119
3472
3049
3084
3152
3665
3102
3178
3599
3113
3116
3596
3256
3429
3245
3358
3396
3381
3148
3180
3167
3104
3099
3460
3246
3374
3167
3303
3228
3217
3535
3366
3240
3433
3217
3050
3579
3124
3624
3074
3367
3433
3071
3052
3133
3294
3266
3339
3573
3199
3429
3186
3303
3396
3154
3129
3137
3467
3302
3154
3288
3634
3257
3283
3573
3121
3321
3645
3290
3169
3553
3368
3166
3635
3267
3499
3246
3134
3141
3160
3629
2946
3441
3057
3191
3338
2980
3055
3050
3395
3428
3338
3094
2993
2993
3100
3107
3061
2992
2966
3305
3128
3574
3300
3405
3190
3044
3572
3570
3206
3320
3223
3049
3402
3219
3254
3504
3206
3045
3250
3142
3049
3320
3235
3373
3641
3206
3093
3596
3342
3426
3223
3056
2971
3120
3135
3565
3006
3161
2942
3360
3209
3023
3341
3073
3476
3023
3290
3191
3246
3226
3385
3061
3097
3168
3292
3431
3283
3541
3303
3544
3123
3257
3311
3319
3209
3336
3209
3061
3086
3406
3234
3667
3674
3360
3333
3327
3186
3491
3449
3577
3833
3778
3449
3333
3327
3400
3372
3458
3333
3797
3342
3280
3807
3437
3283
3400
3238
3846
3555
3562
3272
3788
3528
3380
3716
3294
3426
3261
3458
3528
3572
3494
3716
3366
3432
3374
3346
3669
3305
3498
3830
3357
3736
3579
3596
3846
3264
3679
3231
3592
3259
3312
3555
3401
3320
3784
3451
3859
3584
3406
3377
3866
3425
3442
3260
3282
3445
3609
3832
3436
3554
3682
3640
3397
3218
3439
3386
3290
3209
3337
3209
3525
3229
3218
3439
3529
3764
3421
3351
3476
3570
3673
3240
3483
3323
3361
3483
3673
3355
3754
3570
3786
3306
3438
3571
3330
3446
3342
3519
3528
3491
3621
3371
3556
3813
3796
3461
3426
3304
3865
3829
3380
3461
3412
3809
3526
3535
3670
3411
3571
3925
3338
3904
3319
3577
3391
3395
3880
3637
3675
3870
3870
3601
3313
3641
3506
3539
3634
3636
3673
3480
3355
3506
3888
3406
3954
3685
3402
3627
3456
3696
3785
4071
3647
3840
3680
3579
3840
3840
3579
3776
3740
4091
3772
3680
4160
3981
3645
3694
3791
4014
3948
3545
3802
3875
3713
3558
3900
3692
4071
3950
4060
3547
3592
3581
3924
3633
3776
3767
3999
3752
3648
4047
3601
3917
3606
3401
3852
3583
3728
3614
3502
3485
3793
3828
3479
3513
3479
3828
3578
3823
3525
3404
3576
3758
3857
3684
3925
3717
3487
3478
3517
3828
3594
3748
3406
3923
3671
3786
3582
3821
3755
3571
3576
3588
3591
3664
3857
3594
3664
3638
3692
3588
3996
3757
3491
3773
3996
4054
3770
3493
3780
3744
3817
3625
3698
3545
3866
4086
3744
3557
3915
3714
3853
3675
3626
3557
3533
3531
3563
3711
3793
3760
3760
3814
3924
3773
4056
3572
4056
3594
3839
3608
3709
3644
3618
3957
3677
4080
3874
3760
4226
3873
3645
4092
3784
3794
4021
4047
4125
3665
3728
3993
4213
3900
3978
4223
4100
3638
3721
3640
3734
3817
3883
3784
3616
3688
3727
3652
3607
4031
3931
3727
3874
3612
3965
3997
3958
3662
3644
4073
4194
3718
4078
3711
3896
3949
3828
4015
3781
3731
3620
3684
3891
3990
3656
3689
3766
3584
3888
3723
4201
3749
3638
3716
3823
4054
3734
3760
3909
3990
4284
3740
4064
3900
3740
3823
3745
4054
4248
3998
4284
4045
3981
4230
4309
3805
4059
3703
3743
3684
3698
3940
3710
4067
3805
3993
3858
3908
3742
3682
4251
3842
3708
3753
3928
3810
3928
3663
3950
3661
3728
3625
3667
3720
3824
3897
3824
3676
4061
3631
3804
3687
3643
3792
3821
4224
3946
3707
3731
3872
3786
3584
3652
3670
3851
3718
3807
3766
4092
3914
3540
3492
3898
3679
4022
3525
3700
3614
4109
3592
3669
3958
4030
3768
4075
3863
3507
3717
3741
4082
3795
3766
3666
4115
3799
3978
3831
3670
3620
3899
4049
3831
3626
3821
4004
4020
3717
3876
3696
3664
3666
4195
3948
3519
3710
3631
3830
3692
3568
3726
3633
4064
3894
3790
3680
3901
3616
3835
4064
3795
3682
3490
3664
3471
3712
3928
3801
3856
3910
3707
3679
3590
3634
3883
3869
3590
3590
3566
3554
3673
3833
3776
3760
3819
3661
3501
3489
3507
3902
3545
3525
3593
4038
3826
3888
3762
4121
3666
3764
4113
3692
3817
3576
3710
3708
3536
3847
3856
3550
3598
3626
3728
3587
3905
3522
3454
3683
3717
3444
3576
3700
3491
3482
3759
3646
3690
3628
4043
4043
3595
3529
3634
3511
3730
3499
3980
3602
3730
3535
3602
3550
3757
3980
3633
3882
3526
3621
4024
3544
3782
3601
3612
3608
3517
4146
4086
3882
3856
3834
3889
3632
4137
4137
3681
3973
3787
3854
3739
3859
4000
3700
4021
3839
3667
4127
3964
3896
3612
3645
4092
3779
3843
3944
3816
3758
4186
4079
3632
3708
3822
3997
3705
3848
3879
3707
4148
3842
3893
4164
3827
3893
3658
3845
3646
3655
3659
3740
3733
3759
3683
3608
4028
3622
3683
3926
3682
4003
4002
3759
3798
3688
3608
3933
3670
4249
3938
3821
3681
3585
3728
3889
3701
3610
3851
3844
3931
3687
3902
3726
4069
3569
3618
4066
4069
3861
3902
3836
3487
3769
3524
3972
3552
3691
3575
3557
3553
3826
3462
3481
3462
3507
3936
3655
3553
3622
3622
3619
3440
4060
3971
3622
3473
3686
3431
3502
3651
3481
3897
3573
3451
3664
3488
3730
3489
3635
3976
3442
3540
3418
3750
3438
3459
3392
3552
3656
3430
3392
3503
3573
3389
3431
3488
3475
3430
3597
3430
3754
3681
3508
3413
3684
3823
3781
4028
3947
3411
3573
3626
3442
3382
3453
3693
3581
3466
3477
3429
3649
3567
3769
3459
3426
3706
3612
3491
3426
3406
3473
3638
3645
3638
3320
3518
3510
3630
3487
3499
3446
3413
3574
3599
3413
3525
3409
3441
3374
3506
3365
3968
3327
3608
3968
3693
3422
3369
3389
3511
3542
3369
3635
3877
3422
3947
3459
3756
3573
3562
3529
3489
3377
3857
3868
3409
3697
3378
3858
3332
3337
3683
3693
3574
3446
3780
3926
3626
3698
3574
3620
3799
3303
3295
3291
3271
3180
3317
3647
3674
3131
3265
3217
3200
3188
3755
3106
3235
3675
3105
3217
3170
3307
3241
3104
3416
3078
3047
3253
3093
3279
3143
3244
3193
3143
3592
3089
3641
3244
3371
3357
3128
3128
3412
3128
3060
3321
3271
3484
2995
3168
3307
3166
3077
3012
2897
3217
3006
2999
3168
3507
3195
3143
3104
3447
3020
3077
2923
3282
3066
3066
2938
3385
3049
3054
2892
3001
3179
2990
3418
3340
3143
3020
2897
3006
2937
3040
2904
3040
3066
2897
3195
3006
3216
3166
3420
3143
3417
3168
3202
2894
3073
3181
2970
3023
3135
2906
3219
3176
3221
3063
3585
3095
3155
3006
2944
2950
3097
3246
2977
2962
3069
2962
3091
3192
3184
3548
3029
3369
3044
3133
3066
3421
3525
3285
3301
3411
3205
3160
3555
3285
3086
3555
3282
3584
3383
3402
3205
3496
3349
3635
3381
3282
3205
3304
3392
3710
3356
3517
3119
3353
3163
3673
3426
3199
3497
3288
3573
3573
3278
3216
3222
3426
3631
3355
3113
3210
3419
3649
3073
3113
3068
3662
3088
3593
3426
3458
3363
3214
3384
3230
3175
3419
3429
3069
3289
3009
3292
3270
3537
3427
3226
3058
2913
3086
3107
3175
2906
3262
3408
3070
2957
3034
2929
2852
3141
3243
2784
3377
3230
3259
2947
2794
2812
2876
2841
2976
3102
2976
3344
2951
2907
2845
2990
2934
3044
2875
3023
2883
2884
3366
2866
2928
3015
2947
3141
2875
3023
2984
3298
3331
2866
3163
2839
3286
2866
3374
2795
3089
3212
2953
3250
2971
3097
3364
3036
3355
3190
3244
2902
2902
3317
3135
2939
3000
3203
3487
3341
2983
3508
3090
3251
3035
3000
3508
3217
3167
2893
3035
3244
3421
2930
2902
3078
3087
2930
3125
3160
3041
3055
3217
3144
3418
3487
2900
3050
3070
3213
2906
2926
3183
3307
3023
3090
2943
3148
3056
3438
3036
3413
3093
3333
3217
3151
3143
3235
3054
3113
3559
3346
3111
3297
3295
3178
3382
3178
3128
3034
3030
3169
3657
3052
3657
3566
3096
3260
3269
3176
3559
3305
3058
3034
3067
3580
3414
3173
3200
3312
3210
3222
3320
3518
3237
3187
3173
3173
3145
3032
3032
3123
3082
3386
3210
3456
3115
3345
3237
3173
3139
3235
3200
3126
3155
3626
3167
3167
3372
3237
3404
3276
3457
3459
3175
3289
3193
3195
3394
3413
3356
3475
3308
3136
3315
3410
3681
3263
3567
3241
3126
3456
3241
3215
3122
3054
3216
3087
3054
3235
3235
3315
3403
3582
3682
3500
3167
3409
3098
3190
3180
3320
3347
3659
3137
3318
3113
3175
3143
3413
3532
3121
3186
3016
3535
3088
3082
3201
3040
3272
3400
3354
3449
3137
3133
3105
3416
2971
3386
3174
3125
3591
3078
3327
3666
3058
3215
3172
3061
3025
3072
3105
3105
3182
3163
3036
3581
3067
3198
3213
3037
3043
3356
3361
3425
3064
3572
3132
3323
3630
3672
3106
3360
3139
3437
3301
3532
3170
3290
3105
3097
3034
3105
3119
3105
3052
3293
3264
3251
3022
3592
3010
3022
3613
3187
3571
3123
3346
3287
2997
2986
3571
3162
2978
3425
3152
3168
3328
3034
3522
2990
3014
3008
3027
2948
3113
3161
3025
3093
3036
3387
3220
2920
2971
3196
2957
2941
3287
3360
3232
2942
3135
2986
2942
3205
3170
3010
3389
3006
2962
3043
3010
3298
2929
3170
3226
3262
3113
3100
3375
3253
3514
3583
3137
3544
2984
3379
2998
3082
2935
3256
2949
2926
3433
3054
3476
3086
3207
3404
3088
3049
3137
3235
3080
2892
2906
2913
2975
3487
2911
3147
3083
2913
3257
3147
3521
3226
2987
3054
3366
2937
3097
3052
2975
3180
3091
3275
2901
2987
2937
3033
2906
3222
2981
2926
3226
2901
2926
3136
3081
3337
3099
3434
3103
3091
3063
3076
3028
3142
3446
3143
3152
3058
2993
3355
3450
2849
2845
3267
3030
3161
3296
2856
2993
2800
3381
2946
2948
3032
3325
2920
3074
3190
3415
3042
2952
2962
2997
2831
2877
3381
3189
2923
3139
3027
2797
3371
2819
2925
2929
2968
3028
2891
2808
2971
2854
3392
2923
3018
2873
2917
3033
3037
2897
3408
3099
3426
2889
2863
3009
2952
3007
3044
3106
3387
2978
2974
3201
2974
3029
3129
2889
3119
2860
3033
3291
3078
3223
3350
3072
3117
2939
3111
3236
2807
3170
2817
2969
3177
3163
3170
2807
2946
3155
2875
2871
2840
2971
2903
2903
3163
3097
2794
2840
3068
2884
2780
3012
2985
3111
2985
2918
3227
2954
2847
2916
3216
3259
3157
3045
2883
3032
3260
3186
2940
2960
2951
2856
3055
2937
2905
3195
3006
2962
3143
3202
2967
3303
3177
3026
3157
2994
2962
3312
2860
3041
3442
3042
3022
2925
3054
2890
3161
2994
2938
3115
3374
2990
3158
2868
2967
3473
3492
3271
3502
2967
3295
3030
3188
3177
3144
2946
2850
3116
2876
3139
2832
2939
2876
3031
2832
3355
3180
3004
3070
3242
3044
3385
3138
2791
3173
3294
2894
2962
3110
3107
2806
2840
3348
3365
2806
3346
2995
3375
3062
3123
3154
2876
3428
2843
3019
2820
3031
2843
3011
3039
2942
3181
2878
3313
3013
3185
2934
3039
3446
3132
3358
3062
3450
3217
3041
3280
3319
3255
3145
2909
3157
3028
3336
3244
3104
3492
3037
3189
3056
2956
3132
3141
3411
3188
3157
3483
3234
3188
3411
2948
3056
3089
3132
3336
3039
3114
3048
3157
3340
3200
3401
3467
3217
3568
3150
3588
3200
3113
3568
3456
3258
3398
3546
3173
3725
3337
3316
3150
3777
3330
3425
3474
3474
3557
3877
3578
3524
3292
3811
3881
3519
3350
3435
3881
3939
3714
3577
3981
3487
3655
3465
3493
3873
3435
3519
3596
3632
3387
3536
3551
3524
3612
3655
3640
3493
3871
3426
3352
3365
3443
3352
3939
3519
3331
3423
3531
3445
3477
3537
3650
3492
3417
3447
3984
3551
3555
3560
3727
3517
3404
3431
3716
3615
3440
3510
3738
3980
3711
3480
3641
3542
3544
4050
3562
3562
3657
3559
3460
3603
3687
3443
3408
3998
3956
3469
3508
3375
3697
3803
3545
3396
3634
3409
3453
3487
3672
3459
3619
3461
3732
3696
3556
3583
3545
3461
3986
3622
3668
3722
3485
3722
3416
3899
3603
3930
3474
3596
3551
3501
3637
3451
3721
3414
3647
3486
3436
3391
3417
3795
3941
3501
4041
3708
3501
3694
3547
3891
4021
3669
3621
3496
3751
3623
3679
3801
3541
3578
3752
3478
3522
3822
3665
4042
3554
3526
3758
3932
4153
3518
3691
3594
3510
3616
3826
4023
3883
3625
3614
3784
3797
3852
3572
3804
4019
3637
3522
3955
3701
4061
3528
3614
3658
3881
3561
3549
3630
3826
3553
3606
3664
3947
3630
3693
3840
3664
4061
3874
3585
3553
3678
3644
3832
3630
3589
3532
3716
3547
3539
3528
3609
3595
3498
3513
3676
3627
4121
3468
3475
4000
3516
3486
3600
3733
3603
3840
3733
3542
3773
3873
3564
4067
4015
3764
4058
3715
3603
3970
3531
3819
3887
3716
3719
3732
3527
3719
3715
4152
3627
3591
3645
3595
4057
3706
3915
3716
4024
3669
3563
3525
3819
3745
3642
3551
3584
3622
3704
3564
3942
3642
3883
3584
3863
3747
3772
3772
3988
3702
4085
3577
3853
3816
3686
3891
3660
4065
4066
3552
3719
4065
3864
3541
3571
3714
3837
3697
3791
3734
3647
3688
4033
3734
3963
4097
4031
3688
3649
3649
4118
3651
3523
4039
3540
3503
3545
3573
4097
4048
3609
3653
3630
3410
3479
3748
3691
3408
3366
3539
3460
3694
3442
3440
3574
3507
3575
3410
3565
3826
3982
3982
3624
3955
3659
3460
4008
3633
3530
3909
3546
3694
3465
3563
3465
3753
3379
3581
3745
3837
3574
3717
3673
4112
4156
3613
3812
4099
4037
3901
3613
3995
3800
3702
3597
3922
3872
3572
3511
3723
3572
3639
3600
3881
3536
3642
3457
3815
3648
3642
3773
3619
3687
3553
4002
3547
4051
3905
3648
3585
3477
4051
3499
3503
3555
3603
3767
4093
3752
4038
3826
3777
3614
3752
3707
3653
3692
3513
3817
3768
3686
3413
3597
3624
3734
3742
3611
3438
3534
3689
3846
3398
3689
3796
3527
3750
3529
4156
3677
3629
3711
3506
3705
3807
3565
3695
3557
3601
3553
3610
3607
3785
3520
3808
3778
3648
3791
3800
4066
3847
3687
3681
3758
3800
3857
4134
4030
3713
4088
4244
3941
4060
3774
3851
3780
3878
4057
3813
3769
4024
3973
3698
4046
3595
3528
3782
3528
3805
3688
3602
3988
3798
3637
3552
3632
3525
3766
3520
3539
3676
3609
3609
3628
4118
4076
4097
3724
3813
4071
3992
3632
3808
3763
3554
4028
3516
3459
3517
4028
3489
3798
3504
3493
3763
3862
3721
3475
3516
3973
3475
3543
3622
3460
3448
3632
3561
3528
3640
3973
3480
3771
3895
3689
4041
3632
3723
3895
3467
3574
3454
4083
3514
3517
3684
4077
3789
3912
3522
3912
3650
3931
3620
3653
3958
3602
3800
4058
3987
3846
4016
3746
3809
3885
3769
3707
4164
3713
4085
3881
3829
3920
3934
3818
4097
3792
3818
3963
3817
3984
4162
4297
4133
3803
3843
4182
4031
3935
3902
4436
4027
4134
4402
3902
3998
4366
3973
3999
4387
4134
4066
4267
4319
4222
4189
3864
4355
3894
3775
4135
3914
4400
4029
4135
3951
4135
4455
4226
4276
4386
4317
4132
4144
3939
3902
4517
4153
4227
3944
3911
4087
4362
3983
4423
4061
4138
4072
4499
4173
3988
3971
3988
3995
4009
3958
3995
3890
3876
3979
4462
3888
4270
3977
4343
4101
4130
3948
4204
4322
4030
4277
4146
4479
3915
3960
4063
4100
3966
3927
4259
4043
4423
3996
3934
4122
4120
4565
4043
4123
3934
4159
4457
3934
4239
4389
4020
4070
4222
4037
4094
4102
4062
4473
4619
4551
4171
4376
4338
4415
4095
4394
4037
4661
4045
4119
4024
4071
4407
4038
4250
4312
4619
4145
4213
4089
4512
4329
4128
4212
4229
4024
4210
4204
4339
4388
4165
4096
4115
4293
4613
4380
4316
4232
4168
4585
4311
4242
4033
4166
4406
4176
4000
4137
4627
4301
4173
4383
4280
4341
4119
4655
4069
4399
4432
4060
4409
4271
4385
4211
4296
4129
4072
4376
4311
4181
4207
4252
4092
4246
4335
4430
4066
4554
4238
4175
4554
4642
4312
4419
4138
4130
4492
4056
4235
4252
3985
4559
3978
4413
4326
4413
4014
4447
4111
4129
4014
3996
4145
3983
4511
4071
4645
4149
4440
4126
4179
4197
4257
4097
4348
4208
4376
4645
4082
4420
4412
4082
4248
4128
4165
4457
4264
4029
4412
4142
4139
4363
4190
3976
4215
3961
3979
4145
4476
4476
4372
4484
4094
4110
4261
4068
4018
4261
3955
4372
4018
3981
4133
4018
4017
4243
4473
3961
4123
4313
3948
4065
4097
3988
3997
3964
4099
3964
4099
4065
3982
4157
4258
4560
4490
3982
4526
4393
4232
4041
4393
4151
4369
4261
4240
4306
4539
4212
4438
4091
4409
4124
4052
4335
4091
4175
4122
4258
4526
4155
3958
4130
4270
4242
4065
4296
4122
4157
4155
4270
4168
4381
4044
4246
4209
4610
4290
4367
4748
4307
4341
4490
4608
4226
4238
4320
4544
4230
4320
4425
4221
4390
4235
4291
4831
4327
4267
4339
4455
4561
4470
4443
4852
4253
4525
4499
4289
4443
4784
4452
4894
4623
4534
4609
4794
4500
4258
4367
4385
4328
4534
4455
4490
4267
4413
4861
4352
4454
4580
4402
4631
4770
4626
4770
4766
4485
4463
4491
4491
4831
4593
4468
4337
4696
4387
4339
4315
4339
4491
4454
4500
4383
4499
4609
4463
4667
4582
4630
4434
4538
4691
4488
4849
4455
4721
5033
4731
4721
4742
4532
5012
4882
4418
5033
4446
4603
4475
4963
4570
4787
4808
5054
4776
4981
4423
4399
4352
4436
4366
4370
4347
4573
4373
4664
4809
4976
4501
4441
4336
4521
4594
4484
4568
4369
4775
4524
4758
4475
4339
4637
4685
4520
4373
4685
4425
4685
4397
4855
5006
4432
4709
4644
4802
4631
4685
4650
4699
4703
4849
4580
4260
4497
4715
4260
4781
4800
4382
4288
4382
4452
4292
4306
4371
4375
4668
4805
4805
4491
4431
4553
4915
4286
4452
4704
4646
4584
4774
4694
4471
4549
4617
4301
4337
4609
4538
4499
4695
4593
4491
4334
4518
4404
4721
4306
4448
4387
4315
4619
4545
4520
4531
4455
4596
5044
5044
4612
5031
4636
5134
4553
4585
4668
5085
4891
4853
4540
4586
4752
4582
4988
4617
4782
4535
4898
4560
4714
4697
4725
4955
4610
4585
5068
4552
4621
4843
4535
4549
4636
5095
4688
4571
4624
4560
4548
4515
5109
4510
5043
4708
4782
4672
4635
4756
4524
5041
4880
5008
4522
4663
4635
4729
4833
5151
4678
4573
4715
4810
4839
5117
4812
4617
4996
4713
4650
4967
4849
5151
4545
4887
4650
4650
4613
4852
4831
5080
4530
4640
4575
4818
4658
4721
4544
5138
5138
4664
4672
4625
4841
5008
4696
4831
4644
4630
4924
5092
4796
4950
4841
4975
5188
4982
4965
5243
4769
4986
5027
5093
5051
4881
4596
5146
5025
4832
4707
4852
5091
5177
4654
5186
4722
4653
4687
4646
5089
4683
4882
4787
5177
5166
4803
5177
5196
4687
4711
4748
4731
5222
4818
4711
4938
4835
4669
5212
4607
4761
5191
5157
5040
5121
4571
4751
5157
4722
4633
4577
4690
4672
4685
4879
4696
5191
4750
4896
4653
4755
4806
5000
4863
4852
4621
5104
5000
4718
5191
4722
4609
5052
4914
4970
4606
5025
4671
4875
4888
5025
4951
5081
5130
4810
4541
4715
4733
4746
4461
4658
4481
4876
4822
4925
4786
4691
4650
4825
4641
4743
4635
4641
4920
4949
4635
4871
5050
4706
4952
4652
4851
4761
4709
4631
4680
4695
4904
4727
4989
5239
4836
4900
4699
4695
4764
5180
4699
5302
4938
4729
4768
4700
4762
5302
4762
5151
4849
4688
5215
4990
5000
4796
4893
4757
5215
4707
4700
4954
4687
4835
5147
4635
4607
4844
5147
5147
5062
4730
5056
4829
5177
4728
4899
5247
4632
4829
4652
5213
4919
4752
4713
4823
4789
4942
4942
4864
4677
5022
5322
5262
4927
4850
4743
5006
4761
5050
4960
5054
4775
4941
4826
4858
4998
5072
5347
4978
4891
4830
5415
4917
5151
4933
4888
5110
5167
5117
4952
5119
4939
5388
5136
4956
4747
4956
4898
4978
4842
5033
4997
4956
4931
5022
5346
5164
5041
4982
5027
5003
4970
5187
5125
5207
5481
5062
4900
4900
5046
4939
4989
4961
4928
5026
5047
5096
5044
5181
5129
5319
5224
5296
5114
5434
5126
5165
5141
5054
5621
5531
5052
5039
5293
5102
5282
5063
5037
5180
5113
5282
5154
5152
5542
5600
5134
5111
5428
5299
5310
5335
5761
5653
5573
5650
5428
5585
5540
5335
5422
5234
5357
5262
5386
5235
5492
5243
5173
5336
5230
5151
5032
5135
5395
5342
5143
5086
5171
5444
5153
5323
5293
5490
5620
5571
5350
5060
5095
5514
4975
5061
5381
5042
5075
4919
5302
4946
5458
5230
5461
5130
5014
5496
5326
5405
4828
4878
4802
5048
5225
5019
4908
5112
4857
5281
4797
4783
4863
4965
4934
4895
5112
5153
5369
4973
5091
4977
4929
5412
5141
5446
4908
4843
4856
4850
5034
5297
4963
5034
5385
4858
5238
4939
5125
5043
5394
5006
5377
5091
5485
4930
5046
4963
4924
4861
5264
4862
5200
5046
5226
4887
4880
5037
5290
5069
5050
4906
5264
4920
5116
5178
5233
4950
4968
4948
5058
4945
4852
5160
4804
4885
4802
5386
5219
4813
5081
4885
5202
4817
5003
5038
5407
4917
4852
4783
4840
5264
4948
4757
4776
4970
4949
5122
4996
5345
5319
4974
5051
4862
4784
5074
5077
4873
4845
5309
5212
5154
5179
5195
5031
4949
4878
4926
4921
4819
4974
5036
4799
4799
5398
4883
5012
5417
5262
4848
4830
5069
4929
4959
4844
5044
5112
5163
5364
4908
4845
5393
5154
5068
5269
5357
4971
5054
5221
4995
5316
4938
5223
4957
5177
5223
5105
5167
4968
5136
4995
5242
5007
5105
5419
5295
5213
5046
4931
5068
5147
5232
5020
5020
5266
5112
5658
5045
5121
4958
5163
5220
5263
5621
5154
5203
5134
5019
5247
4992
5163
5212
5600
5007
5197
5642
4918
5375
5236
5540
5110
5095
4916
5459
5117
4851
4889
5439
4994
5271
5278
4994
5441
5011
5324
5092
5153
5252
5185
5125
5190
5016
5335
5336
5202
5196
5011
5626
5442
5139
5306
5566
5138
5031
5566
5107
5204
5380
5592
5163
5605
5626
5081
5056
5024
5504
5285
5435
5287
5018
5138
5336
5372
5298
5547
5459
5461
5176
5571
5004
5109
5129
5479
5051
5158
5112
5062
5273
5222
5282
5241
5603
5025
5546
5087
5612
5543
5211
5152
5216
5236
5161
5024
5468
5317
5016
5183
5393
5189
5231
5232
5177
5347
5411
5473
5190
5412
5544
5813
5712
5220
5834
5855
5264
5758
5375
5401
5504
5436
5645
5436
5604
5340
5408
5705
5951
5701
5530
5345
5343
5587
5367
5343
5529
5796
5579
5939
5477
5298
5399
5628
5661
5449
5497
5316
5535
5839
5664
5360
5577
5303
5828
5580
5298
5621
5607
5720
5531
5448
5668
5273
5469
5471
5455
5279
5581
5629
5285
5588
5392
5424
5702
5278
5463
5283
5315
5565
5670
5355
5739
5810
5524
5396
5464
5357
5383
5292
5388
5694
5530
5582
5576
5481
5908
5557
5919
5634
5479
5411
5576
5624
5378
5490
5696
5634
6042
5474
5737
5531
5758
5758
5758
5652
5667
5570
5786
5764
5826
5702
5492
5925
5925
5673
5997
5822
5492
5658
5542
5900
5648
5717
5732
5477
5407
5444
5598
5527
5555
5420
5465
5794
5802
5857
6014
5728
5851
5481
6080
5593
5584
5504
5493
6028
5863
5515
5600
5571
5834
5667
5683
5554
5783
5506
5830
5566
5563
5600
5739
5745
5593
5663
5707
6229
5663
5767
5721
5805
5594
5588
5606
6024
5750
5605
5624
5750
5780
6177
5659
5849
5689
5661
6197
5939
5837
5761
5752
5800
5713
5639
6219
5788
6078
5840
5861
6016
6307
5782
5790
5922
5672
5811
6052
6225
5846
6310
6196
5835
5796
5944
5774
5872
5798
5863
5842
6180
5802
6041
6089
6229
5995
6060
6123
5911
5959
5922
5846
5822
5950
5777
6116
5855
5766
5971
6081
5842
6032
5917
6078
5940
5890
5775
5729
5937
6040
5940
6017
5889
6324
6094
6174
5743
6191
5917
6221
5853
5942
5866
5909
5785
5826
6420
6194
6109
5985
5967
6073
6042
6325
6318
6101
5835
5840
6262
6222
5946
5868
6140
5865
6010
6288
6049
5910
5871
5910
5971
6222
6012
6324
5876
6150
6150
5953
6082
5971
5953
6330
6119
6021
6125
6485
5986
6207
6466
6040
6188
6234
6115
6049
6364
6595
6246
6430
6202
6500
6188
6053
6356
6110
6360
6073
6060
6327
6082
6026
6053
6225
6304
6281
6723
6134
6396
6157
6277
6665
6449
6304
6553
6306
6160
6303
6162
6142
6490
6162
6210
6141
6405
6171
6308
6162
6335
6130
6286
6480
6314
6449
6050
6060
6041
6097
6075
6515
6249
6067
6100
6246
6519
6169
6267
6075
6248
6548
6322
6375
6124
6668
6503
6265
6133
6373
6126
6088
6593
6447
6694
6408
6348
6370
6306
6258
6584
6401
6172
6202
6484
6197
6317
6668
6347
6372
6462
6240
6585
6240
6494
6651
6533
6748
6748
6394
6348
6536
6814
6348
6589
6277
6494
6540
6461
6609
6509
6495
6459
6313
6461
6279
6506
6737
6266
6599
6216
6645
6301
6663
6440
6446
6414
6491
6446
6322
6392
6570
6468
6390
6485
6535
6301
6556
6630
6413
6527
6890
6360
6660
6641
6377
6479
6466
6803
6471
6399
6673
6823
6748
6586
6479
6618
6651
6812
6661
6508
6519
6613
6729
7044
6741
6787
6730
6565
6726
6713
6836
6909
6815
6935
6713
6469
6367
6486
6632
6782
6903
6822
6682
6655
6625
6668
6928
6557
6367
6445
6342
6873
6504
6416
6504
6941
6941
6360
6354
6983
6360
6619
6507
6712
6777
6811
6483
6684
6597
6663
6444
6981
6690
6501
6477
6629
6923
6915
6913
6515
6981
6913
6923
6400
6483
6433
6402
6643
6548
6826
6608
6927
6430
6599
6562
6697
6916
6670
6759
7100
6782
6613
6874
6633
7065
6902
7016
6628
6578
6768
6776
6470
7078
6657
6989
6509
6739
6509
6472
6476
6577
6760
7018
6553
6988
6620
6648
7057
6654
6577
6611
6449
6470
6788
6814
6669
6714
6609
6553
6604
6952
6536
6621
6701
7021
6851
6473
6403
6359
6940
6810
6366
6436
6940
6961
6474
6806
6521
6366
6484
6600
6314
6350
6899
6336
6462
6386
6305
6852
6568
6634
6441
6435
6485
6321
6351
6386
6367
6402
6321
6869
6389
6436
6488
6827
6695
6525
6486
6810
6525
6448
6611
6374
6400
6279
6279
6484
6838
6818
6683
6662
6505
6588
6487
6505
6617
6468
6391
6821
6323
6790
6302
6266
6355
6413
6374
6392
6444
6471
6265
6454
6884
6820
6489
6655
6681
6492
6468
6455
6822
6777
6671
6857
6541
6945
6725
6561
6589
6905
5458
