851.831000
233.992800 521.209500
723.023900 277.481100
454.177200 140.006700
278.018900 891.883500
615.982400 960.159700
804.802800 407.934300
993.262700 145.870500
942.422600 257.676900
376.478000 933.218600
968.725300 552.742500
679.971700 111.755800
901.013500 967.887900
918.776300 976.349700
396.447800 866.868200
643.629900 977.835800
638.496700 448.829300
853.953600 225.052300
515.039700 760.440000
756.132900 35.684000
473.034700 174.735500
937.367300 541.607600
580.821900 794.570200
665.579300 913.408500
348.096400 868.490200
731.572400 867.285700
839.001600 347.010400
