43 3193
1446 100
1483 100
1650 100
1704 100
1781 100
1962 100
1963 100
2972 100
3214 100
3330 100
3591 100
3839 100
4017 100
4241 100
4318 100
4471 100
4487 100
4529 100
4930 100
4947 100
5206 100
5251 100
5253 100
5374 100
5659 100
5868 100
5947 100
5964 100
6459 100
6551 100
6770 100
6908 100
6940 100
7019 100
7429 100
7434 100
7442 100
7655 100
7856 100
8434 100
8462 100
8581 100
8780 100
8987 100
9016 100
9046 100
9329 100
9421 100
9444 100
9572 100
9617 100
9754 100
9835 100
9958 100
1311 99
1554 99
1556 99
1744 99
1812 99
2359 99
2681 99
2886 99
3037 99
3060 99
3119 99
3394 99
3602 99
3777 99
3821 99
3934 99
4131 99
4432 99
4806 99
4845 99
5250 99
5295 99
5704 99
5852 99
6156 99
6205 99
6393 99
6482 99
6567 99
6672 99
6759 99
6796 99
6814 99
6941 99
7142 99
7281 99
7456 99
7560 99
7654 99
7917 99
8166 99
8192 99
8268 99
8514 99
8790 99
8806 99
9018 99
9232 99
1249 98
1310 98
1387 98
1541 98
1735 98
1760 98
2168 98
2265 98
2455 98
2521 98
2913 98
3045 98
3126 98
3274 98
3565 98
3679 98
3856 98
3884 98
3977 98
4089 98
4180 98
4395 98
4433 98
4595 98
4759 98
4866 98
4914 98
5093 98
5115 98
5226 98
5242 98
5720 98
5764 98
6071 98
6086 98
6888 98
6938 98
7216 98
7233 98
7350 98
7396 98
8017 98
8057 98
8430 98
8952 98
9361 98
9429 98
9684 98
9755 98
9810 98
9938 98
1035 97
1109 97
1120 97
1224 97
1291 97
1854 97
2116 97
2569 97
2718 97
2763 97
3244 97
3388 97
3449 97
3465 97
3593 97
3831 97
3883 97
4146 97
4516 97
4957 97
5330 97
5394 97
5419 97
5718 97
5798 97
5926 97
6246 97
6525 97
6988 97
7138 97
7160 97
7391 97
7705 97
8067 97
8235 97
8956 97
9133 97
9397 97
9591 97
9742 97
9850 97
1127 96
1325 96
1359 96
1698 96
1718 96
2106 96
2439 96
3252 96
3337 96
3725 96
3811 96
3951 96
4036 96
4078 96
4090 96
4101 96
4267 96
4292 96
4354 96
4413 96
4774 96
4954 96
5022 96
5124 96
5166 96
5296 96
5730 96
5856 96
5860 96
6030 96
6373 96
6410 96
6518 96
6544 96
6615 96
6914 96
6974 96
7360 96
7551 96
7764 96
7878 96
7879 96
7949 96
7967 96
8188 96
8557 96
8698 96
8893 96
9312 96
9698 96
1079 95
1118 95
1119 95
1166 95
1328 95
1331 95
1397 95
1506 95
1514 95
1824 95
2015 95
2084 95
2169 95
2337 95
2607 95
2691 95
2703 95
3098 95
3111 95
3305 95
3444 95
3505 95
3675 95
3751 95
3864 95
3984 95
4034 95
4044 95
4239 95
4522 95
4638 95
5522 95
5698 95
6022 95
6111 95
6819 95
7017 95
7130 95
7220 95
7529 95
7543 95
8250 95
8402 95
8662 95
8773 95
8818 95
8820 95
8920 95
8980 95
9488 95
9567 95
1419 94
1586 94
1655 94
1875 94
1879 94
2226 94
2589 94
3624 94
3829 94
4009 94
4149 94
5147 94
5276 94
5418 94
5434 94
5453 94
5473 94
5766 94
5801 94
5838 94
6050 94
6075 94
6398 94
6465 94
6523 94
6866 94
6926 94
7214 94
7245 94
7573 94
7581 94
7866 94
8529 94
8622 94
8845 94
8879 94
9374 94
9533 94
9682 94
9708 94
9902 94
9948 94
1096 93
1124 93
1297 93
1580 93
2057 93
2254 93
2370 93
2404 93
2802 93
2815 93
3057 93
3294 93
3586 93
3757 93
3879 93
3897 93
3976 93
4392 93
4474 93
4993 93
5056 93
5628 93
5829 93
6155 93
7187 93
7254 93
7314 93
7604 93
7763 93
7793 93
8275 93
8453 93
8542 93
8652 93
8802 93
9122 93
9210 93
9281 93
9825 93
9991 93
1017 92
1183 92
1500 92
1603 92
1694 92
1845 92
2105 92
2157 92
2374 92
2618 92
2986 92
3030 92
3068 92
3317 92
3403 92
4121 92
4165 92
4483 92
4563 92
4989 92
4995 92
5050 92
5084 92
5361 92
5445 92
5447 92
5481 92
5572 92
5740 92
6026 92
6150 92
6228 92
6432 92
6659 92
7183 92
7299 92
7376 92
7414 92
7467 92
7503 92
7968 92
8004 92
8007 92
8033 92
8356 92
8482 92
8611 92
8692 92
8800 92
9111 92
9145 92
9405 92
9855 92
1022 91
1116 91
1393 91
1394 91
1598 91
2516 91
2711 91
3217 91
3309 91
3492 91
4426 91
4473 91
4495 91
5177 91
5293 91
5697 91
6412 91
6456 91
6730 91
6809 91
6846 91
6850 91
7469 91
7541 91
7683 91
7937 91
8450 91
8533 91
8735 91
8946 91
9081 91
9142 91
9273 91
9675 91
9846 91
2199 90
2282 90
2356 90
2534 90
2596 90
2603 90
2757 90
2780 90
2876 90
2955 90
3035 90
3110 90
3490 90
3544 90
3834 90
4096 90
4227 90
4875 90
5000 90
5449 90
5563 90
5623 90
5753 90
5924 90
6126 90
6271 90
6354 90
6520 90
6630 90
6865 90
6879 90
7501 90
7725 90
8191 90
8289 90
8632 90
8724 90
8822 90
8972 90
9090 90
9324 90
9549 90
9600 90
9633 90
1091 89
1103 89
1134 89
1200 89
1204 89
1340 89
1369 89
1440 89
1566 89
1645 89
1691 89
1692 89
1755 89
1857 89
1914 89
1967 89
1995 89
2122 89
2126 89
2222 89
2357 89
2410 89
2441 89
2465 89
2492 89
2536 89
2584 89
2692 89
2710 89
2742 89
2793 89
3071 89
3160 89
3299 89
3416 89
3438 89
3441 89
3543 89
3562 89
3581 89
3708 89
3719 89
4056 89
4058 89
4277 89
4291 89
4311 89
4364 89
4384 89
4542 89
4694 89
4709 89
4838 89
5007 89
5139 89
5146 89
5386 89
5387 89
5466 89
5547 89
5600 89
5602 89
6320 89
6343 89
6365 89
6386 89
6452 89
6474 89
6762 89
6789 89
6805 89
6930 89
6963 89
7181 89
7248 89
7317 89
7346 89
7353 89
7468 89
7802 89
7803 89
7813 89
8205 89
8335 89
8352 89
8563 89
8642 89
8756 89
8953 89
8985 89
9064 89
9101 89
9188 89
9200 89
9320 89
9411 89
9437 89
9482 89
9611 89
9690 89
9748 89
1029 88
1056 88
1196 88
1259 88
1357 88
1421 88
1520 88
1534 88
1557 88
1672 88
1680 88
1707 88
1731 88
1827 88
1976 88
1978 88
1987 88
2032 88
2060 88
2146 88
2236 88
2434 88
2540 88
2615 88
2640 88
2666 88
2695 88
2771 88
2790 88
2936 88
2988 88
3055 88
3103 88
3210 88
3273 88
3397 88
3412 88
3445 88
3461 88
3557 88
3571 88
3588 88
3620 88
3697 88
3745 88
3793 88
3854 88
3985 88
3997 88
4285 88
4287 88
4565 88
4606 88
4932 88
5024 88
5067 88
5283 88
5486 88
5587 88
5715 88
5796 88
5871 88
5932 88
6006 88
6110 88
6196 88
6218 88
6237 88
6259 88
6338 88
6570 88
6634 88
6707 88
6893 88
6949 88
6978 88
6986 88
7025 88
7312 88
7341 88
7405 88
7479 88
7504 88
7534 88
7563 88
7643 88
7682 88
8019 88
8128 88
8130 88
8307 88
8319 88
8394 88
8416 88
8443 88
8494 88
8526 88
8535 88
8666 88
8709 88
8921 88
8948 88
8996 88
9007 88
9057 88
9178 88
9316 88
9369 88
9402 88
9521 88
9558 88
9589 88
9717 88
9751 88
9762 88
9811 88
9820 88
9829 88
9842 88
9869 88
9896 88
1019 87
1027 87
1031 87
1250 87
1284 87
1424 87
1549 87
1641 87
1697 87
1950 87
2040 87
2069 87
2149 87
2202 87
2403 87
2545 87
2696 87
2796 87
2851 87
2892 87
2939 87
3105 87
3255 87
3279 87
3312 87
3378 87
3506 87
3538 87
3561 87
3689 87
3743 87
3794 87
3828 87
4032 87
4071 87
4088 87
4206 87
4212 87
4266 87
4282 87
4336 87
4337 87
4543 87
4551 87
4562 87
4583 87
4613 87
4697 87
4701 87
5229 87
5271 87
5332 87
5378 87
5429 87
5475 87
5531 87
5630 87
5931 87
6144 87
6234 87
6279 87
6443 87
6471 87
6578 87
6617 87
6768 87
6867 87
7005 87
7152 87
7162 87
7171 87
7251 87
7259 87
7538 87
7651 87
7687 87
7717 87
7738 87
7905 87
8010 87
8024 87
8029 87
8041 87
8062 87
8096 87
8114 87
8177 87
8369 87
8377 87
8388 87
8536 87
8644 87
8770 87
8775 87
8861 87
8994 87
9013 87
9095 87
9138 87
9148 87
9216 87
9244 87
9379 87
9382 87
9384 87
9627 87
9809 87
9821 87
9860 87
9882 87
9961 87
1077 86
1108 86
1459 86
1495 86
1532 86
1626 86
1638 86
1648 86
1684 86
1930 86
2000 86
2209 86
2239 86
2291 86
2298 86
2383 86
2387 86
2414 86
2454 86
2532 86
2597 86
2654 86
2756 86
2758 86
2982 86
3042 86
3291 86
3549 86
3770 86
3813 86
3823 86
3898 86
3909 86
3916 86
3939 86
3944 86
4158 86
4193 86
4252 86
4424 86
4437 86
4568 86
4740 86
4763 86
4792 86
5069 86
5110 86
5169 86
5223 86
5243 86
5412 86
5480 86
5595 86
5624 86
5633 86
5744 86
5756 86
5889 86
5970 86
6001 86
6028 86
6097 86
6136 86
6245 86
6285 86
6305 86
6310 86
6493 86
6679 86
6692 86
6710 86
6722 86
6783 86
6844 86
7172 86
7236 86
7280 86
7288 86
7298 86
7361 86
7528 86
7564 86
7592 86
7648 86
7735 86
7755 86
7805 86
7836 86
7840 86
7871 86
7906 86
7927 86
8027 86
8107 86
8111 86
8210 86
8216 86
8226 86
8327 86
8358 86
8543 86
8671 86
8674 86
8688 86
8813 86
9241 86
9359 86
9428 86
9442 86
9459 86
9467 86
9593 86
9659 86
9680 86
9725 86
9969 86
1239 85
1262 85
1414 85
1449 85
1501 85
1536 85
1570 85
1613 85
1768 85
1921 85
1928 85
1943 85
2332 85
2382 85
2495 85
2800 85
2808 85
2837 85
2983 85
3009 85
3028 85
3052 85
3094 85
3222 85
3302 85
3375 85
3560 85
3610 85
3677 85
3768 85
3824 85
3849 85
4002 85
4005 85
4132 85
4155 85
4321 85
4419 85
4504 85
4526 85
4639 85
4800 85
4814 85
4818 85
4858 85
4882 85
4904 85
5011 85
5136 85
5140 85
5180 85
5201 85
5204 85
5237 85
5285 85
5363 85
5525 85
5555 85
5610 85
5611 85
5617 85
5661 85
5677 85
5700 85
5992 85
6088 85
6114 85
6308 85
6621 85
6744 85
6821 85
6873 85
6910 85
6979 85
7020 85
7047 85
7164 85
7168 85
7509 85
7518 85
7519 85
7693 85
7791 85
7832 85
7881 85
7998 85
8052 85
8161 85
8183 85
8310 85
8331 85
8438 85
8604 85
8669 85
8758 85
8762 85
8866 85
8905 85
9030 85
9043 85
9073 85
9527 85
9584 85
9585 85
9686 85
9699 85
9719 85
9744 85
9817 85
9927 85
1087 84
1176 84
1443 84
1539 84
1587 84
1771 84
1876 84
1960 84
1988 84
2144 84
2148 84
2177 84
2228 84
2417 84
2461 84
2551 84
2571 84
2712 84
2714 84
2838 84
2847 84
2857 84
2871 84
2934 84
3051 84
3090 84
3164 84
3262 84
3268 84
3350 84
3501 84
3521 84
3628 84
3643 84
3673 84
3734 84
3761 84
3763 84
3786 84
3941 84
3986 84
3988 84
4030 84
4233 84
4269 84
4420 84
4618 84
4626 84
4645 84
4757 84
4826 84
4853 84
4901 84
4942 84
5016 84
5065 84
5070 84
5129 84
5144 84
5238 84
5311 84
5423 84
5458 84
5504 84
5509 84
5622 84
5660 84
5668 84
5671 84
5696 84
5823 84
5890 84
5907 84
5987 84
6079 84
6093 84
6130 84
6192 84
6346 84
6376 84
6421 84
6469 84
6531 84
6543 84
6572 84
6735 84
6802 84
7022 84
7265 84
7283 84
7338 84
7438 84
7443 84
7451 84
7506 84
7666 84
7744 84
7821 84
7828 84
8051 84
8280 84
8318 84
8422 84
8594 84
8631 84
8749 84
8788 84
8804 84
8833 84
8873 84
8969 84
9035 84
9084 84
9107 84
9151 84
9323 84
9347 84
9434 84
9469 84
9508 84
9597 84
9677 84
9734 84
9889 84
9946 84
1065 83
1123 83
1151 83
1229 83
1332 83
1592 83
1628 83
1660 83
1885 83
1915 83
1982 83
1997 83
2185 83
2419 83
2470 83
2587 83
2598 83
2652 83
2672 83
2733 83
2743 83
2789 83
2795 83
2994 83
3020 83
3024 83
3264 83
3269 83
3367 83
3478 83
3765 83
3800 83
3969 83
4035 83
4106 83
4147 83
4186 83
4198 83
4240 83
4532 83
4541 83
4548 83
4561 83
4671 83
4810 83
4945 83
4958 83
5036 83
5063 83
5073 83
5286 83
5408 83
5460 83
5472 83
5556 83
5629 83
5717 83
5721 83
5810 83
6139 83
6212 83
6235 83
6457 83
6533 83
6546 83
6558 83
6616 83
6666 83
6699 83
6765 83
6767 83
6803 83
6810 83
6904 83
6913 83
6920 83
7129 83
7215 83
7242 83
7400 83
7424 83
7591 83
7646 83
7712 83
7750 83
7978 83
8039 83
8116 83
8135 83
8137 83
8142 83
8185 83
8239 83
8323 83
8428 83
8570 83
8627 83
8786 83
8906 83
8941 83
9026 83
9034 83
9042 83
9115 83
9147 83
9197 83
9275 83
9454 83
9641 83
9922 83
9952 83
9955 83
1153 82
1203 82
1209 82
1347 82
1453 82
1719 82
1763 82
1775 82
1971 82
2022 82
2153 82
2201 82
2402 82
2472 82
2526 82
2585 82
2592 82
2700 82
2725 82
2803 82
2879 82
2885 82
2917 82
3073 82
3096 82
3175 82
3290 82
3327 82
3425 82
3472 82
3475 82
3629 82
3713 82
3736 82
3784 82
3964 82
4202 82
4230 82
4329 82
4389 82
4478 82
4631 82
4807 82
4822 82
4886 82
4984 82
5062 82
5100 82
5104 82
5239 82
5294 82
5312 82
5329 82
5338 82
5431 82
5436 82
5794 82
5846 82
5942 82
5944 82
6164 82
6484 82
6501 82
6773 82
6965 82
6971 82
7048 82
7217 82
7249 82
7399 82
7458 82
7517 82
7566 82
7594 82
7613 82
7694 82
7841 82
7851 82
7862 82
8009 82
8108 82
8315 82
8321 82
8325 82
8366 82
8464 82
8502 82
8707 82
8708 82
8740 82
8827 82
8848 82
8975 82
8986 82
8988 82
9083 82
9093 82
9098 82
9164 82
9206 82
9226 82
9391 82
9464 82
9536 82
9705 82
9813 82
1113 81
1333 81
1346 81
1376 81
1428 81
1447 81
1726 81
1751 81
1754 81
1766 81
1795 81
1801 81
1853 81
1956 81
1983 81
1985 81
2119 81
2183 81
2211 81
2286 81
2365 81
2376 81
2456 81
2463 81
2807 81
2818 81
3093 81
3123 81
3128 81
3136 81
3153 81
3168 81
3169 81
3194 81
3272 81
3370 81
3466 81
3500 81
3512 81
3644 81
3861 81
4126 81
4217 81
4273 81
4507 81
4635 81
4733 81
4783 81
4805 81
4871 81
4874 81
4900 81
4921 81
5025 81
5097 81
5163 81
5168 81
5190 81
5240 81
5282 81
5284 81
5315 81
5324 81
5326 81
5492 81
5790 81
5817 81
5839 81
6029 81
6107 81
6307 81
6463 81
6508 81
6598 81
6678 81
6689 81
6728 81
6757 81
6836 81
7038 81
7135 81
7166 81
7279 81
7284 81
7307 81
7358 81
7524 81
7583 81
7692 81
7726 81
7748 81
7797 81
7863 81
7882 81
7948 81
8001 81
8066 81
8174 81
8247 81
8461 81
8496 81
8510 81
8560 81
8691 81
8815 81
8855 81
9068 81
9092 81
9160 81
9165 81
9167 81
9184 81
9233 81
9299 81
9443 81
9537 81
9544 81
9592 81
9642 81
9761 81
9978 81
1175 80
1277 80
1287 80
1361 80
1454 80
1558 80
1652 80
1662 80
1764 80
1901 80
1940 80
1951 80
1973 80
1999 80
2131 80
2229 80
2231 80
2412 80
2442 80
2518 80
2519 80
2831 80
2834 80
2996 80
3023 80
3082 80
3584 80
3596 80
3650 80
3652 80
3686 80
3809 80
3975 80
4026 80
4109 80
4140 80
4196 80
4272 80
4338 80
4409 80
4560 80
4593 80
4660 80
4817 80
4979 80
5001 80
5086 80
5150 80
5313 80
5346 80
5479 80
5608 80
5656 80
5673 80
5896 80
6072 80
6254 80
6262 80
6326 80
6382 80
6436 80
6526 80
6694 80
6766 80
6778 80
6849 80
6909 80
6924 80
6968 80
6969 80
7222 80
7318 80
7367 80
7490 80
7549 80
7562 80
7568 80
7587 80
7760 80
7798 80
7947 80
7993 80
8016 80
8020 80
8417 80
8433 80
8493 80
8544 80
8615 80
8722 80
8754 80
8849 80
8919 80
8945 80
8963 80
9055 80
9104 80
9204 80
9205 80
9465 80
9496 80
9647 80
9749 80
9848 80
9854 80
1261 79
1342 79
1482 79
1498 79
1516 79
1582 79
1668 79
1690 79
1715 79
1720 79
1769 79
1830 79
2020 79
2066 79
2170 79
2186 79
2221 79
2380 79
2431 79
2493 79
2619 79
2674 79
2694 79
2708 79
2828 79
2864 79
2921 79
3010 79
3161 79
3167 79
3202 79
3405 79
3448 79
3469 79
3661 79
3756 79
3760 79
3817 79
3820 79
4274 79
4326 79
4345 79
4461 79
4533 79
4556 79
4569 79
4615 79
4632 79
4677 79
4718 79
4918 79
4928 79
4970 79
5126 79
5156 79
5181 79
5383 79
5420 79
5421 79
5433 79
5545 79
5676 79
5725 79
5842 79
5898 79
5978 79
6038 79
6092 79
6128 79
6166 79
6169 79
6206 79
6302 79
6340 79
6355 79
6417 79
6473 79
6486 79
6511 79
6563 79
6566 79
6643 79
6654 79
6685 79
6708 79
6726 79
7055 79
7099 79
7150 79
7301 79
7331 79
7342 79
7373 79
7499 79
7599 79
7635 79
7900 79
8037 79
8149 79
8245 79
8305 79
8399 79
8454 79
8540 79
8567 79
8838 79
8892 79
8974 79
8977 79
8991 79
9070 79
9185 79
9271 79
9424 79
9631 79
9667 79
9783 79
9823 79
9970 79
9982 79
1266 78
1313 78
1327 78
1480 78
1529 78
1601 78
1716 78
1736 78
1762 78
1777 78
1791 78
1805 78
2045 78
2111 78
2215 78
2297 78
2318 78
2350 78
2422 78
2459 78
2481 78
2663 78
2707 78
2940 78
2947 78
2948 78
3013 78
3026 78
3107 78
3108 78
3211 78
3308 78
3310 78
3341 78
3348 78
3355 78
3536 78
3576 78
3607 78
3618 78
3657 78
3737 78
3774 78
3808 78
3855 78
3915 78
4120 78
4137 78
4298 78
4393 78
4490 78
4496 78
4592 78
4644 78
4685 78
4705 78
4840 78
4859 78
5045 78
5119 78
5212 78
5416 78
5454 78
5457 78
5494 78
5514 78
5542 78
5570 78
5674 78
5675 78
5771 78
5905 78
5948 78
6003 78
6016 78
6108 78
6120 78
6157 78
6202 78
6293 78
6330 78
6334 78
6426 78
6528 78
6529 78
6818 78
7079 78
7149 78
7271 78
7324 78
7378 78
7671 78
7772 78
7773 78
7904 78
7940 78
7983 78
8023 78
8090 78
8095 78
8104 78
8194 78
8274 78
8370 78
8483 78
8508 78
8532 78
8655 78
8853 78
8965 78
9041 78
9045 78
9053 78
9370 78
9400 78
9403 78
9420 78
9491 78
9570 78
9701 78
9737 78
9807 78
9909 78
9910 78
1000 77
1014 77
1129 77
1156 77
1206 77
1244 77
1312 77
1644 77
1747 77
1870 77
1882 77
2014 77
2154 77
2187 77
2224 77
2275 77
2335 77
2360 77
2429 77
2466 77
2632 77
2671 77
2713 77
2950 77
3053 77
3114 77
3266 77
3318 77
3393 77
3433 77
3496 77
3517 77
3646 77
3846 77
3902 77
4075 77
4112 77
4284 77
4573 77
4812 77
4863 77
5131 77
5135 77
5138 77
5247 77
5347 77
5465 77
5565 77
5566 77
6012 77
6044 77
6289 77
6433 77
6561 77
6580 77
6652 77
6980 77
7000 77
7001 77
7087 77
7089 77
7185 77
7229 77
7282 77
7313 77
7383 77
7437 77
7461 77
7513 77
7652 77
8030 77
8064 77
8101 77
8138 77
8147 77
8165 77
8285 77
8332 77
8467 77
8521 77
8598 77
8768 77
8782 77
9000 77
9052 77
9089 77
9396 77
9489 77
9602 77
9653 77
9799 77
9832 77
9852 77
1039 76
1040 76
1364 76
1390 76
1407 76
1471 76
1757 76
1783 76
1793 76
1883 76
1890 76
1895 76
1909 76
2053 76
2115 76
2327 76
2354 76
2648 76
2772 76
2887 76
2895 76
2938 76
3084 76
3205 76
3390 76
3400 76
3431 76
3436 76
3439 76
3443 76
3724 76
3936 76
4074 76
4077 76
4223 76
4243 76
4445 76
4545 76
4686 76
4868 76
4986 76
5072 76
5197 76
5245 76
5359 76
5389 76
5540 76
5657 76
5663 76
5706 76
5767 76
5881 76
5989 76
6015 76
6045 76
6055 76
6069 76
6131 76
6208 76
6227 76
6304 76
6384 76
6397 76
6483 76
6497 76
6606 76
6662 76
6723 76
6725 76
6813 76
6951 76
7046 76
7110 76
7202 76
7237 76
7260 76
7333 76
7512 76
7733 76
7885 76
8078 76
8134 76
8211 76
8348 76
8445 76
8498 76
8672 76
8729 76
8976 76
9011 76
9015 76
9134 76
9236 76
9278 76
9317 76
9336 76
9372 76
9394 76
9398 76
9505 76
9512 76
9529 76
9532 76
9806 76
1080 75
1358 75
1385 75
1413 75
1814 75
1881 75
1898 75
1904 75
2028 75
2055 75
2362 75
2432 75
2500 75
2594 75
2609 75
2861 75
3213 75
3256 75
3284 75
3320 75
3639 75
3775 75
3845 75
3954 75
4333 75
4390 75
4394 75
4414 75
4438 75
4462 75
4513 75
4633 75
4724 75
4730 75
4795 75
4895 75
4994 75
5058 75
5164 75
5225 75
5341 75
5489 75
5527 75
5533 75
5537 75
5564 75
5742 75
5747 75
5770 75
5830 75
5885 75
6082 75
6087 75
6112 75
6260 75
6297 75
6317 75
6328 75
6480 75
6537 75
6542 75
6741 75
6869 75
6872 75
6897 75
7016 75
7023 75
7035 75
7465 75
7586 75
7929 75
7974 75
8013 75
8043 75
8139 75
8173 75
8309 75
8490 75
8522 75
8556 75
9076 75
9158 75
9191 75
9252 75
9468 75
9470 75
9550 75
9594 75
9629 75
9654 75
9657 75
9941 75
9986 75
1058 74
1082 74
1518 74
1546 74
1567 74
1846 74
1994 74
2142 74
2223 74
2250 74
2475 74
2539 74
2566 74
2570 74
2687 74
3081 74
3360 74
3419 74
3435 74
3627 74
3632 74
3707 74
3958 74
4081 74
4113 74
4129 74
4159 74
4177 74
4385 74
4386 74
4481 74
4489 74
4594 74
4598 74
4772 74
4799 74
4902 74
4911 74
4920 74
5122 74
5143 74
5161 74
5244 74
5291 74
5396 74
5403 74
5446 74
5544 74
5644 74
5797 74
5953 74
6090 74
6149 74
6200 74
6239 74
6377 74
6475 74
6640 74
6696 74
6712 74
6760 74
6901 74
6975 74
6993 74
7063 74
7082 74
7127 74
7184 74
7208 74
7481 74
7660 74
7884 74
7925 74
8028 74
8100 74
8308 74
8326 74
8383 74
8393 74
8469 74
8577 74
8619 74
8647 74
8683 74
8686 74
8752 74
8821 74
8890 74
9143 74
9174 74
9180 74
9245 74
9318 74
9385 74
9388 74
9409 74
9410 74
9451 74
9478 74
9480 74
9732 74
9741 74
9867 74
1001 73
1011 73
1137 73
1146 73
1187 73
1265 73
1402 73
1436 73
1565 73
1568 73
1743 73
1908 73
1979 73
2077 73
2079 73
2174 73
2428 73
2498 73
2553 73
2602 73
2702 73
2882 73
2893 73
2909 73
3001 73
3104 73
3125 73
3129 73
3157 73
3187 73
3345 73
3346 73
3368 73
3457 73
3498 73
3587 73
3654 73
3753 73
3877 73
3886 73
3893 73
3920 73
3996 73
4064 73
4224 73
4286 73
4290 73
4324 73
4436 73
4458 73
4468 73
4482 73
4488 73
4678 73
4752 73
4787 73
4867 73
4963 73
5221 73
5292 73
5303 73
5317 73
5356 73
5397 73
5529 73
5560 73
5576 73
5781 73
5827 73
5897 73
6014 73
6160 73
6191 73
6390 73
6411 73
6425 73
6589 73
6638 73
6711 73
6719 73
6792 73
6895 73
6906 73
6932 73
7054 73
7092 73
7093 73
7392 73
7423 73
7427 73
7500 73
7516 73
7569 73
7608 73
7627 73
7688 73
7829 73
7844 73
7921 73
8125 73
8140 73
8261 73
8330 73
8405 73
8406 73
8472 73
8599 73
8635 73
8651 73
8659 73
8661 73
8685 73
8760 73
8839 73
9436 73
9463 73
9816 73
9904 73
9913 73
1025 72
1131 72
1275 72
1391 72
1522 72
1640 72
1722 72
1835 72
1917 72
1922 72
1961 72
2082 72
2197 72
2259 72
2287 72
2300 72
2309 72
2345 72
2662 72
2749 72
2773 72
2774 72
2843 72
3049 72
3117 72
3259 72
3440 72
3479 72
3483 72
3533 72
3569 72
3790 72
3833 72
3867 72
3894 72
3948 72
4037 72
4050 72
4219 72
4234 72
4242 72
4260 72
4316 72
4325 72
4503 72
4566 72
4581 72
4665 72
4673 72
4702 72
4788 72
4872 72
4936 72
5029 72
5179 72
5200 72
5304 72
5307 72
5360 72
5392 72
5400 72
5461 72
5526 72
5597 72
5646 72
5768 72
5990 72
5996 72
6117 72
6219 72
6224 72
6225 72
6299 72
6418 72
6427 72
6576 72
6645 72
6774 72
6841 72
6889 72
7015 72
7057 72
7059 72
7103 72
7147 72
7278 72
7289 72
7357 72
7428 72
7470 72
7471 72
7611 72
7640 72
7721 72
7781 72
7817 72
7870 72
7877 72
7943 72
7961 72
8075 72
8240 72
8243 72
8276 72
8436 72
8468 72
8751 72
8856 72
8862 72
8973 72
9004 72
9091 72
9289 72
9310 72
9314 72
9349 72
9351 72
9495 72
9516 72
9620 72
9764 72
9864 72
9919 72
9977 72
1034 71
1051 71
1226 71
1278 71
1377 71
1389 71
1451 71
1452 71
1502 71
1512 71
1682 71
1683 71
1802 71
1826 71
1887 71
2011 71
2205 71
2336 71
2482 71
2720 71
2785 71
2792 71
2845 71
2945 71
2958 71
3062 71
3134 71
3313 71
3321 71
3406 71
3446 71
3463 71
3474 71
3577 71
3601 71
3635 71
3682 71
3766 71
3973 71
4045 71
4087 71
4161 71
4203 71
4249 71
4408 71
4415 71
4498 71
4570 71
4599 71
5008 71
5028 71
5054 71
5082 71
5118 71
5172 71
5174 71
5553 71
5609 71
5652 71
5686 71
5776 71
5971 71
6019 71
6034 71
6039 71
6105 71
6127 71
6214 71
6236 71
6619 71
6693 71
6720 71
6952 71
6992 71
7140 71
7148 71
7219 71
7401 71
7477 71
7589 71
7656 71
7697 71
7875 71
7954 71
7966 71
7980 71
8076 71
8168 71
8270 71
8278 71
8381 71
8488 71
8538 71
8603 71
8745 71
8794 71
8851 71
9008 71
9321 71
9581 71
9601 71
9606 71
9663 71
9736 71
9873 71
9950 71
9974 71
1030 70
1174 70
1409 70
1469 70
1594 70
1615 70
1686 70
1893 70
1934 70
1966 70
1972 70
2044 70
2109 70
2172 70
2188 70
2264 70
2384 70
2415 70
2424 70
2731 70
2971 70
3184 70
3228 70
3237 70
3270 70
3408 70
3503 70
3523 70
3527 70
3631 70
3684 70
3759 70
3798 70
3844 70
3917 70
3965 70
4019 70
4125 70
4151 70
4278 70
4355 70
4402 70
4427 70
4457 70
4567 70
4634 70
4641 70
4681 70
4756 70
4804 70
4843 70
5101 70
5125 70
5198 70
5248 70
5266 70
5507 70
5578 70
5806 70
5904 70
5914 70
6119 70
6172 70
6267 70
6292 70
6424 70
6472 70
6500 70
6535 70
6582 70
6603 70
6733 70
6858 70
6880 70
7139 70
7176 70
7374 70
7498 70
7602 70
7632 70
7636 70
7664 70
7678 70
7699 70
7706 70
7709 70
7941 70
7953 70
8002 70
8313 70
8478 70
8507 70
8649 70
8693 70
8803 70
8805 70
9110 70
9219 70
9223 70
9267 70
9284 70
9313 70
9326 70
9355 70
9413 70
9447 70
9554 70
9648 70
9655 70
9661 70
9691 70
9693 70
9769 70
9947 70
1138 69
2524 69
2646 69
3681 69
4188 69
4506 69
5268 69
5596 69
5759 69
6146 69
6185 69
6548 69
8338 69
8418 69
8766 69
8914 69
9432 69
1050 68
1689 68
2751 68
2844 68
3638 68
3943 68
4535 68
4576 68
6955 68
8086 68
8746 68
8828 68
9353 68
1007 67
1466 67
1758 67
2451 67
3494 67
4070 67
5111 67
5173 67
8497 67
8658 67
9538 67
9689 67
1255 66
2241 66
2416 66
2544 66
2653 66
2697 66
2699 66
2890 66
3510 66
4057 66
4854 66
6180 66
6629 66
6749 66
7013 66
7228 66
7296 66
7819 66
8460 66
8664 66
8843 66
8936 66
9009 66
9644 66
9727 66
1207 65
1563 65
2097 65
2124 65
2471 65
2533 65
3453 65
3698 65
4047 65
4124 65
4357 65
4727 65
5026 65
5831 65
6808 65
7433 65
9001 65
9137 65
9743 65
1952 64
1990 64
2196 64
2669 64
3201 64
4407 64
4825 64
5015 64
5302 64
5364 64
5548 64
5683 64
5918 64
6080 64
6380 64
6868 64
7205 64
7669 64
8269 64
8446 64
9327 64
2216 63
2525 63
3340 63
3881 63
4520 63
5149 63
5580 63
5877 63
6597 63
7223 63
8863 63
8943 63
9530 63
9877 63
1360 62
1542 62
2406 62
2578 62
2641 62
3491 62
3520 62
3859 62
3955 62
6530 62
6556 62
6898 62
7416 62
7926 62
8798 62
9060 62
9498 62
9622 62
9824 62
1653 61
1681 61
2001 61
2870 61
3456 61
3541 61
4179 61
4197 61
4484 61
5626 61
5787 61
6037 61
6756 61
7728 61
8387 61
8761 61
9189 61
9286 61
9574 61
9681 61
1907 60
1910 60
2021 60
2326 60
3362 60
3998 60
6987 60
7309 60
8201 60
8227 60
9246 60
1491 59
2002 59
2091 59
2277 59
2279 59
2877 59
2990 59
3524 59
3806 59
4218 59
5132 59
5983 59
6855 59
6859 59
7371 59
7550 59
8279 59
8814 59
8837 59
1371 58
1379 58
3238 58
4069 58
4447 58
4531 58
4553 58
5272 58
5618 58
6388 58
7049 58
7889 58
8233 58
8238 58
8312 58
8702 58
8832 58
2184 57
2243 57
2341 57
3911 57
4265 57
5310 57
6280 57
6827 57
6848 57
7077 57
7131 57
7766 57
7789 57
7855 57
8491 57
8891 57
1004 56
3919 56
4046 56
4972 56
5017 56
5154 56
7525 56
7610 56
7996 56
8291 56
8503 56
8867 56
9183 56
9319 56
1228 55
1477 55
1936 55
2054 55
2150 55
2764 55
3396 55
3605 55
3869 55
4123 55
4926 55
6536 55
6776 55
7011 55
7173 55
7441 55
7555 55
8197 55
9100 55
9212 55
9307 55
9487 55
9670 55
1268 54
1687 54
2089 54
2367 54
2446 54
2447 54
2617 54
3102 54
3575 54
4720 54
4903 54
5089 54
5784 54
5853 54
6232 54
6300 54
7070 54
7071 54
8021 54
8236 54
1574 53
1701 53
2276 53
2340 53
2392 53
2604 53
2799 53
3564 53
4127 53
4525 53
4559 53
4779 53
5299 53
6142 53
6972 53
7095 53
7207 53
7293 53
7403 53
7625 53
7984 53
8225 53
8997 53
9146 53
9501 53
9672 53
9746 53
1396 52
1920 52
2127 52
2338 52
5046 52
5260 52
5554 52
5746 52
7325 52
7776 52
7815 52
8301 52
8680 52
2484 51
2869 51
3231 51
3352 51
4016 51
4620 51
5265 51
5773 51
6265 51
6479 51
7121 51
7474 51
1158 50
1348 50
2728 50
2775 50
3029 50
3212 50
3235 50
3906 50
4073 50
4453 50
4609 50
4666 50
4856 50
4870 50
4944 50
6213 50
7102 50
7515 50
9181 50
9791 50
1211 49
1804 49
1964 49
2435 49
2657 49
3195 49
3559 49
3664 49
4378 49
4502 49
5762 49
6281 49
6788 49
7175 49
7511 49
7914 49
8199 49
8241 49
8244 49
8463 49
8934 49
9377 49
1038 48
1288 48
1792 48
2334 48
4693 48
4802 48
7783 48
7876 48
8257 48
8329 48
8902 48
1245 47
1438 47
1809 47
2368 47
2430 47
4588 47
5821 47
5930 47
6959 47
7090 47
7902 47
8265 47
9996 47
1307 46
2741 46
2779 46
2816 46
4052 46
4370 46
4692 46
5837 46
5919 46
7596 46
7618 46
7779 46
8195 46
8342 46
9914 46
1400 45
1528 45
2308 45
2511 45
3338 45
4622 45
5306 45
5414 45
5789 45
6999 45
7628 45
8449 45
9291 45
1161 44
1432 44
2137 44
2313 44
2676 44
2987 44
3319 44
4135 44
5270 44
5410 44
6116 44
6840 44
7806 44
8801 44
9573 44
1351 43
3353 43
3937 43
4004 43
4343 43
4722 43
5039 43
5219 43
5812 43
6600 43
7631 43
8733 43
8907 43
9264 43
