82 192
3359 100
3870 100
5086 100
5601 100
6321 100
8226 100
1421 99
4233 99
7085 99
9504 99
1570 98
3550 98
3653 98
5923 98
6400 98
7285 98
1145 97
1205 97
1940 97
4709 97
6274 97
7093 97
8483 97
9031 97
9848 97
5514 96
6832 96
7149 96
7931 96
9509 96
3249 95
6886 95
3331 94
3594 94
7869 94
1924 93
5641 93
6546 93
8404 93
1983 92
2834 92
4831 92
5312 92
5812 92
6197 92
1061 91
4382 91
5624 91
6030 91
6795 91
2719 90
8794 90
1080 89
1546 89
1992 89
2395 89
2765 89
2828 89
3069 89
3632 89
3691 89
4146 89
4206 89
4698 89
5093 89
5316 89
5804 89
5857 89
6313 89
6674 89
6720 89
7720 89
7841 89
7904 89
9528 89
9610 89
9665 89
1364 88
4796 88
5297 88
5355 88
5408 88
6224 88
7581 88
7834 88
8468 88
8855 88
8939 88
9423 88
9463 88
9709 88
9771 88
1683 87
1908 87
2270 87
2396 87
3168 87
3824 87
3883 87
4443 87
4610 87
4737 87
6724 87
7204 87
7701 87
8094 87
8234 87
8623 87
9176 87
9203 87
9499 87
9525 87
9977 87
9984 87
2105 86
3044 86
3791 86
5057 86
5261 86
5895 86
6139 86
6373 86
6530 86
8138 86
9018 86
9058 86
9142 86
1354 85
2954 85
3809 85
3850 85
3905 85
4935 85
4947 85
5223 85
5352 85
5616 85
6293 85
6380 85
6426 85
6427 85
6974 85
7220 85
8312 85
9625 85
9887 85
1325 84
1334 84
1389 84
2617 84
3665 84
3873 84
4126 84
6058 84
6275 84
6708 84
7694 84
8078 84
8836 84
9269 84
9273 84
1188 83
1286 83
1355 83
2014 83
2139 83
2641 83
3624 83
3821 83
4327 83
4530 83
6453 83
7269 83
8952 83
9320 83
9609 83
1249 82
1469 82
1599 82
2030 82
2067 82
2816 82
2883 82
4605 82
4857 82
5034 82
5505 82
6406 82
7926 82
8485 82
8738 82
9212 82
