85 1637
1314 100
1431 100
1575 100
1591 100
1630 100
1687 100
1868 100
2039 100
2222 100
2252 100
2414 100
2480 100
2824 100
2869 100
2976 100
3051 100
3219 100
3243 100
3300 100
3544 100
3785 100
3891 100
4008 100
4242 100
4339 100
4518 100
4565 100
5019 100
5250 100
5272 100
5425 100
5610 100
5892 100
5924 100
5942 100
6008 100
6073 100
6169 100
6179 100
6287 100
6415 100
6578 100
6640 100
6642 100
6786 100
7068 100
7224 100
7291 100
7301 100
7317 100
7485 100
7842 100
7932 100
8121 100
8343 100
8365 100
8405 100
8595 100
8815 100
8885 100
8920 100
8948 100
9469 100
9739 100
9815 100
9893 100
9915 100
9917 100
9933 100
1018 99
1188 99
1555 99
1568 99
1987 99
2012 99
2016 99
2234 99
2244 99
2313 99
2654 99
2666 99
2673 99
2721 99
2902 99
3028 99
3079 99
3264 99
3297 99
3316 99
3428 99
3550 99
3576 99
4015 99
4200 99
4221 99
4357 99
4510 99
4736 99
4885 99
4898 99
4997 99
5055 99
5057 99
5274 99
5351 99
5419 99
5851 99
5939 99
6091 99
6144 99
6401 99
6533 99
6754 99
6783 99
6816 99
6943 99
6955 99
7115 99
7510 99
7514 99
7873 99
8116 99
8238 99
8353 99
8375 99
8588 99
8613 99
8731 99
8786 99
8806 99
8913 99
9409 99
9641 99
9887 99
9901 99
9907 99
1146 98
1784 98
1797 98
1873 98
2077 98
2146 98
2169 98
2464 98
2596 98
2597 98
2657 98
2743 98
3032 98
3352 98
3411 98
3503 98
3507 98
3572 98
3784 98
4052 98
4137 98
4172 98
4199 98
4364 98
4553 98
4562 98
4827 98
4896 98
4921 98
5109 98
5285 98
5321 98
5755 98
5855 98
5978 98
6016 98
6084 98
6192 98
6342 98
6414 98
6504 98
6770 98
6893 98
7014 98
7189 98
7554 98
7556 98
7795 98
7925 98
8541 98
8661 98
8763 98
9173 98
9181 98
9267 98
9347 98
9392 98
9564 98
9597 98
9759 98
9868 98
1115 97
1141 97
1170 97
1272 97
1287 97
1536 97
1596 97
1862 97
1897 97
1954 97
2172 97
2383 97
2430 97
2513 97
2774 97
2822 97
3067 97
3098 97
3126 97
3331 97
3405 97
3529 97
3701 97
3805 97
3867 97
3922 97
4747 97
4770 97
4809 97
4927 97
5280 97
5381 97
5514 97
5743 97
5882 97
5915 97
6097 97
6234 97
6245 97
6422 97
6522 97
6599 97
6683 97
6911 97
7168 97
7226 97
7494 97
7614 97
7745 97
7774 97
7836 97
7860 97
8057 97
8151 97
8210 97
8220 97
8298 97
8382 97
8387 97
8616 97
8730 97
9007 97
9085 97
9260 97
9309 97
9345 97
9511 97
9558 97
9779 97
9890 97
1182 96
1217 96
1463 96
1479 96
1562 96
1665 96
1684 96
1926 96
2083 96
2114 96
2162 96
2470 96
2483 96
2645 96
2861 96
2893 96
2901 96
2959 96
3090 96
3159 96
3725 96
3946 96
4060 96
4219 96
4282 96
4402 96
4425 96
4468 96
4471 96
4523 96
4604 96
4617 96
4622 96
4924 96
5110 96
5667 96
5770 96
5803 96
5817 96
5928 96
6127 96
6140 96
6166 96
6346 96
6416 96
6464 96
6471 96
6492 96
6511 96
6626 96
6693 96
6887 96
7188 96
7203 96
7248 96
7496 96
7511 96
7543 96
7627 96
7706 96
7728 96
7768 96
7816 96
7904 96
7972 96
8316 96
8742 96
8798 96
9422 96
9497 96
9822 96
1334 95
1417 95
1471 95
1516 95
1775 95
2004 95
2318 95
2543 95
2561 95
2632 95
2661 95
2709 95
2722 95
2820 95
2842 95
2884 95
3016 95
3076 95
3116 95
3454 95
3709 95
3752 95
3872 95
4004 95
4167 95
4250 95
4321 95
4427 95
4502 95
4538 95
4805 95
4916 95
4937 95
4948 95
5018 95
5508 95
5512 95
5949 95
5964 95
6001 95
6087 95
6141 95
6225 95
6330 95
6371 95
6400 95
6523 95
6685 95
6782 95
6827 95
6932 95
6979 95
7069 95
7160 95
7231 95
7271 95
7397 95
7626 95
7704 95
7868 95
7893 95
8345 95
8750 95
8837 95
8856 95
8931 95
8961 95
9094 95
9139 95
9366 95
9425 95
9566 95
9574 95
9651 95
9952 95
1005 94
1080 94
1083 94
1189 94
1745 94
1755 94
2043 94
2175 94
2206 94
2243 94
2326 94
2334 94
2529 94
2554 94
2558 94
2575 94
2679 94
2831 94
2950 94
3089 94
3160 94
3378 94
3401 94
3648 94
3652 94
3761 94
3844 94
4115 94
4207 94
4214 94
4223 94
4280 94
4492 94
4626 94
4700 94
5147 94
5256 94
5278 94
5539 94
5590 94
5767 94
5782 94
5854 94
5901 94
6018 94
6118 94
6223 94
6614 94
6661 94
6829 94
6856 94
6877 94
7064 94
7356 94
7416 94
7417 94
7608 94
7622 94
7723 94
7805 94
8110 94
8198 94
8243 94
8334 94
8369 94
8598 94
8649 94
8678 94
8725 94
8797 94
8826 94
8923 94
8949 94
9014 94
9217 94
9576 94
9799 94
9842 94
9892 94
9898 94
9911 94
9947 94
1043 93
1222 93
1227 93
1250 93
1319 93
1340 93
1534 93
1875 93
1895 93
1920 93
1956 93
1965 93
2218 93
2287 93
2351 93
2504 93
2981 93
3005 93
3017 93
3070 93
3191 93
3498 93
3735 93
4037 93
4042 93
4077 93
4162 93
4430 93
4549 93
4579 93
4632 93
4704 93
4738 93
4749 93
4801 93
4876 93
4895 93
5059 93
5118 93
5284 93
5422 93
5449 93
5655 93
5908 93
5979 93
6071 93
6129 93
6182 93
6183 93
6280 93
6292 93
6317 93
6335 93
6398 93
6411 93
6575 93
6617 93
6866 93
6975 93
7143 93
7364 93
7560 93
7584 93
7719 93
7915 93
8092 93
8142 93
8508 93
9045 93
9149 93
9449 93
9618 93
9664 93
9757 93
9778 93
1013 92
1138 92
1267 92
1378 92
1523 92
1689 92
1734 92
1901 92
1905 92
2062 92
2646 92
2748 92
2793 92
2890 92
2897 92
2986 92
3059 92
3181 92
3259 92
3487 92
3692 92
3775 92
3971 92
4119 92
4307 92
4376 92
4434 92
4495 92
4522 92
4646 92
4779 92
4781 92
4796 92
4958 92
5038 92
5085 92
5154 92
5395 92
5451 92
5681 92
5751 92
5967 92
6199 92
6420 92
6426 92
6713 92
6842 92
6861 92
6931 92
6964 92
6986 92
7136 92
7548 92
7613 92
7794 92
7819 92
8189 92
8235 92
8252 92
8258 92
8265 92
8754 92
8919 92
9111 92
9450 92
9506 92
9509 92
9514 92
9932 92
1379 91
1422 91
1525 91
1752 91
1763 91
1821 91
1857 91
2241 91
2262 91
2296 91
2347 91
2476 91
2555 91
2672 91
2888 91
2948 91
3100 91
3238 91
3364 91
3753 91
3838 91
3851 91
3887 91
3925 91
4065 91
4301 91
4491 91
4765 91
4880 91
5084 91
5107 91
5190 91
5329 91
5330 91
5410 91
5888 91
5996 91
6044 91
6138 91
6163 91
6249 91
6397 91
6423 91
6563 91
6704 91
6814 91
6824 91
6889 91
7105 91
7182 91
7328 91
7675 91
7703 91
7780 91
8028 91
8075 91
8205 91
8360 91
8389 91
8426 91
8528 91
8705 91
8746 91
8769 91
8801 91
8873 91
9004 91
9051 91
9098 91
9147 91
9245 91
9394 91
9404 91
9645 91
9703 91
9732 91
1034 90
1208 90
1296 90
1778 90
2007 90
2348 90
2512 90
2638 90
2678 90
2873 90
3013 90
3540 90
3586 90
3624 90
3674 90
3721 90
3773 90
4096 90
4212 90
4251 90
4252 90
4436 90
4591 90
4652 90
4721 90
5073 90
5227 90
5711 90
5990 90
6005 90
6019 90
6061 90
6241 90
6542 90
6596 90
6784 90
6913 90
7075 90
7216 90
7376 90
7383 90
7455 90
7463 90
7464 90
7667 90
7749 90
7895 90
8031 90
8068 90
8188 90
8449 90
8585 90
8707 90
8717 90
8735 90
8802 90
8838 90
9050 90
9202 90
9315 90
9405 90
9857 90
1009 89
1030 89
1173 89
1216 89
1249 89
1276 89
1285 89
1292 89
1412 89
1439 89
1443 89
1692 89
1712 89
1834 89
1942 89
2057 89
2073 89
2090 89
2215 89
2384 89
2425 89
2426 89
2453 89
2465 89
2493 89
2586 89
2656 89
2720 89
2739 89
2834 89
3041 89
3049 89
3086 89
3312 89
3329 89
3334 89
3340 89
3496 89
3602 89
3644 89
3677 89
3718 89
3757 89
3818 89
3908 89
3914 89
3936 89
3973 89
3981 89
4051 89
4102 89
4114 89
4160 89
4274 89
4315 89
4469 89
4707 89
4731 89
4775 89
4833 89
4844 89
4888 89
4994 89
5032 89
5076 89
5083 89
5087 89
5102 89
5105 89
5133 89
5137 89
5164 89
5202 89
5298 89
5418 89
5545 89
5574 89
5650 89
5653 89
5766 89
5772 89
5883 89
5926 89
5951 89
6011 89
6041 89
6052 89
6095 89
6122 89
6214 89
6252 89
6307 89
6314 89
6384 89
6393 89
6396 89
6633 89
6643 89
6659 89
6698 89
6701 89
6724 89
6729 89
6793 89
6840 89
6869 89
6948 89
6997 89
7018 89
7030 89
7060 89
7212 89
7243 89
7270 89
7273 89
7296 89
7336 89
7351 89
7358 89
7403 89
7467 89
7482 89
7498 89
7515 89
7517 89
7663 89
7679 89
7800 89
7813 89
7848 89
8013 89
8030 89
8056 89
8069 89
8096 89
8118 89
8199 89
8219 89
8233 89
8318 89
8323 89
8362 89
8546 89
8567 89
8593 89
8668 89
8897 89
8927 89
8989 89
8996 89
9023 89
9028 89
9287 89
9319 89
9352 89
9414 89
9444 89
9489 89
9505 89
9527 89
9534 89
9571 89
9630 89
9665 89
9751 89
9864 89
9865 89
1010 88
1100 88
1218 88
1389 88
1414 88
1455 88
1468 88
1492 88
1614 88
1675 88
1697 88
1729 88
1739 88
1790 88
1822 88
1837 88
1852 88
1856 88
1932 88
1998 88
2020 88
2044 88
2131 88
2159 88
2164 88
2304 88
2323 88
2328 88
2343 88
2353 88
2399 88
2511 88
2544 88
2550 88
2574 88
2593 88
2601 88
2755 88
2885 88
2933 88
2978 88
2980 88
2997 88
3026 88
3066 88
3164 88
3189 88
3249 88
3337 88
3370 88
3459 88
3534 88
3541 88
3588 88
3594 88
3633 88
3704 88
3708 88
3739 88
3799 88
3924 88
3926 88
3966 88
4018 88
4032 88
4166 88
4240 88
4323 88
4325 88
4377 88
4381 88
4539 88
4574 88
4587 88
4656 88
4659 88
4734 88
4735 88
4863 88
4901 88
4914 88
4972 88
5003 88
5043 88
5200 88
5269 88
5327 88
5338 88
5430 88
5467 88
5528 88
5592 88
5612 88
5864 88
6185 88
6228 88
6321 88
6358 88
6424 88
6430 88
6431 88
6593 88
6746 88
6815 88
6820 88
6841 88
6853 88
6946 88
6967 88
6988 88
7019 88
7038 88
7079 88
7138 88
7257 88
7277 88
7295 88
7344 88
7347 88
7385 88
7387 88
7388 88
7553 88
7654 88
7764 88
7801 88
7890 88
7911 88
7929 88
8022 88
8063 88
8085 88
8129 88
8216 88
8234 88
8399 88
8427 88
8513 88
8587 88
8614 88
8807 88
8857 88
8866 88
8886 88
9069 88
9172 88
9209 88
9353 88
9357 88
9369 88
9452 88
9553 88
9563 88
9699 88
9745 88
9773 88
9793 88
9845 88
9946 88
9996 88
1002 87
1025 87
1094 87
1105 87
1176 87
1180 87
1183 87
1194 87
1240 87
1266 87
1360 87
1460 87
1474 87
1476 87
1482 87
1506 87
1539 87
1621 87
1647 87
1760 87
1820 87
1844 87
1979 87
1981 87
2018 87
2041 87
2066 87
2085 87
2109 87
2231 87
2257 87
2269 87
2299 87
2305 87
2438 87
2482 87
2548 87
2564 87
2700 87
2703 87
2735 87
2764 87
2853 87
2905 87
2956 87
2972 87
3042 87
3150 87
3158 87
3171 87
3177 87
3304 87
3343 87
3458 87
3484 87
3536 87
3579 87
3615 87
3723 87
3742 87
3743 87
3764 87
3821 87
3863 87
3871 87
3927 87
3964 87
3999 87
4011 87
4013 87
4188 87
4234 87
4405 87
4433 87
4463 87
4546 87
4564 87
4643 87
4786 87
4790 87
4855 87
4856 87
4860 87
4893 87
4905 87
4941 87
4983 87
4984 87
4992 87
5037 87
5161 87
5198 87
5262 87
5357 87
5379 87
5444 87
5474 87
5476 87
5526 87
5613 87
5798 87
5829 87
5890 87
5891 87
5938 87
5968 87
6340 87
6374 87
6375 87
6432 87
6474 87
6508 87
6545 87
7118 87
7129 87
7180 87
7197 87
7222 87
7228 87
7241 87
7254 87
7285 87
7305 87
7354 87
7452 87
7529 87
7566 87
7746 87
7758 87
7879 87
7941 87
7958 87
7983 87
8007 87
8093 87
8107 87
8197 87
8201 87
8250 87
8439 87
8457 87
8574 87
8643 87
8664 87
8859 87
8870 87
8964 87
8975 87
8995 87
9018 87
9022 87
9059 87
9108 87
9180 87
9196 87
9199 87
9203 87
9207 87
9262 87
9283 87
9336 87
9349 87
9400 87
9426 87
9458 87
9474 87
9477 87
9479 87
9502 87
9524 87
9526 87
9657 87
9660 87
9691 87
9746 87
9797 87
9813 87
9823 87
9983 87
1114 86
1256 86
1286 86
1288 86
1302 86
1328 86
1359 86
1373 86
1469 86
1488 86
1507 86
1515 86
1531 86
1549 86
1625 86
1686 86
1714 86
1779 86
2019 86
2081 86
2153 86
2331 86
2424 86
2456 86
2522 86
2578 86
2605 86
2663 86
2680 86
2715 86
2807 86
2819 86
3110 86
3111 86
3188 86
3244 86
3251 86
3318 86
3599 86
3628 86
3688 86
3760 86
3771 86
3804 86
3814 86
3970 86
4048 86
4053 86
4062 86
4101 86
4117 86
4151 86
4253 86
4337 86
4396 86
4440 86
4467 86
4566 86
4613 86
4624 86
4697 86
4742 86
4752 86
4843 86
4890 86
4960 86
4991 86
5056 86
5151 86
5279 86
5389 86
5396 86
5404 86
5432 86
5453 86
5471 86
5472 86
5537 86
5614 86
5621 86
5696 86
5722 86
5750 86
5865 86
5893 86
5894 86
5911 86
5958 86
5993 86
6036 86
6105 86
6126 86
6164 86
6173 86
6206 86
6220 86
6238 86
6455 86
6475 86
6512 86
6514 86
6605 86
6727 86
6749 86
6765 86
6796 86
6807 86
6859 86
6978 86
6991 86
7008 86
7035 86
7096 86
7306 86
7532 86
7551 86
7604 86
7620 86
7628 86
7765 86
7769 86
7776 86
7782 86
7832 86
7908 86
7917 86
7930 86
7968 86
7971 86
8109 86
8120 86
8122 86
8124 86
8249 86
8262 86
8289 86
8349 86
8403 86
8415 86
8428 86
8466 86
8475 86
8560 86
8594 86
8604 86
8632 86
8688 86
8741 86
8748 86
8817 86
8991 86
9000 86
9013 86
9097 86
9185 86
9206 86
9210 86
9275 86
9354 86
9437 86
9460 86
9467 86
9529 86
9603 86
9609 86
9621 86
9689 86
9733 86
9758 86
9810 86
9818 86
9919 86
9977 86
9984 86
9992 86
1147 85
1264 85
1354 85
1425 85
1481 85
1495 85
1524 85
1593 85
1606 85
1609 85
1610 85
1620 85
1670 85
1688 85
1913 85
2003 85
2006 85
2011 85
2063 85
2242 85
2387 85
2405 85
2416 85
2469 85
2475 85
2566 85
2581 85
2618 85
2705 85
2742 85
2772 85
2785 85
2858 85
3138 85
3216 85
3245 85
3294 85
3489 85
3492 85
3497 85
3514 85
3565 85
3581 85
3639 85
3660 85
3722 85
3825 85
3877 85
3878 85
3919 85
3923 85
3987 85
4044 85
4047 85
4159 85
4163 85
4168 85
4210 85
4288 85
4457 85
4458 85
4544 85
4578 85
4630 85
4662 85
4680 85
4681 85
4741 85
4793 85
4803 85
4862 85
5089 85
5099 85
5111 85
5143 85
5225 85
5236 85
5276 85
5281 85
5290 85
5336 85
5371 85
5446 85
5463 85
5469 85
5491 85
5500 85
5524 85
5644 85
5672 85
5718 85
5777 85
5879 85
5905 85
5929 85
5984 85
6040 85
6062 85
6165 85
6227 85
6247 85
6283 85
6290 85
6296 85
6297 85
6325 85
6351 85
6372 85
6392 85
6445 85
6481 85
6607 85
6622 85
6628 85
6653 85
6730 85
6769 85
6773 85
6775 85
6790 85
6809 85
6847 85
6908 85
6993 85
6995 85
7004 85
7054 85
7080 85
7151 85
7191 85
7360 85
7389 85
7441 85
7474 85
7523 85
7547 85
7559 85
7576 85
7579 85
7619 85
7645 85
7691 85
7777 85
7825 85
7865 85
7869 85
8037 85
8175 85
8182 85
8338 85
8340 85
8469 85
8501 85
8519 85
8540 85
8620 85
8709 85
8743 85
8792 85
8822 85
8963 85
9005 85
9116 85
9137 85
9174 85
9226 85
9272 85
9296 85
9300 85
9314 85
9362 85
9377 85
9473 85
9522 85
9702 85
9731 85
9762 85
9809 85
9948 85
