329
2 16 3 16
4 16 5 16
5 16 5 17
3 16 4 16
4 24 4 25
4 25 4 26
4 26 4 27
3 24 4 24
3 23 3 24
3 24 3 25
3 25 3 26
2 23 2 24
2 24 2 25
2 25 2 26
2 26 2 27
1 29 2 29
2 29 3 29
3 29 3 28
1 32 1 33
1 33 1 34
1 34 1 35
1 35 1 36
1 40 2 40
2 40 2 39
2 39 2 38
2 38 2 37
1 41 1 42
1 45 1 46
2 48 2 47
1 48 2 48
1 49 1 50
1 92 2 92
2 8 2 7
2 30 3 30
3 30 3 31
2 58 2 57
2 84 3 84
2 97 2 96
4 82 5 82
5 82 5 81
3 82 4 82
3 87 3 88
3 88 3 89
3 89 3 90
3 90 3 91
3 96 4 96
4 16 4 17
4 18 4 19
4 17 4 18
4 15 4 16
4 44 3 44
3 44 2 44
6 65 6 64
6 64 6 63
6 63 6 62
7 66 8 66
5 35 4 35
4 35 4 34
4 34 4 33
6 35 5 35
5 35 4 35
4 35 3 35
3 35 2 35
6 34 5 34
5 34 4 34
4 34 3 34
5 43 4 43
4 43 3 43
3 43 3 42
3 42 3 41
3 41 3 40
5 56 5 57
5 57 5 58
5 78 6 78
6 78 7 78
7 78 8 78
5 95 4 95
3 95 2 95
2 95 2 94
2 94 2 93
4 95 3 95
6 95 5 95
5 95 4 95
3 95 2 95
2 95 1 95
4 95 3 95
6 84 5 84
5 84 4 84
4 84 4 85
7 7 6 7
6 7 6 6
6 6 6 5
7 10 7 11
7 11 7 12
7 12 7 13
7 88 6 88
6 88 5 88
5 88 5 89
7 94 6 94
6 94 5 94
5 94 4 94
4 94 3 94
3 94 2 94
2 94 1 94
8 38 7 38
7 38 6 38
6 38 5 38
5 38 4 38
4 38 3 38
10 1 9 1
9 1 9 2
9 2 9 3
11 7 12 7
15 7 15 8
14 7 15 7
13 7 14 7
12 7 13 7
12 98 13 98
13 98 14 98
15 98 15 99
14 98 15 98
11 98 12 98
12 98 13 98
12 2 13 2
13 2 13 3
13 3 13 4
13 68 12 68
12 68 11 68
14 100 15 100
15 100 16 100
16 94 17 94
17 94 17 95
17 95 17 96
20 95 19 95
19 95 19 96
20 98 20 97
22 4 23 4
22 7 21 7
21 7 20 7
20 7 19 7
22 94 21 94
21 94 21 95
21 95 21 96
27 4 27 3
27 3 27 2
27 2 27 1
27 99 27 98
27 98 27 97
27 97 27 96
27 96 27 95
28 99 29 99
29 99 30 99
30 99 31 99
31 99 31 98
31 98 31 97
30 5 30 4
30 4 30 3
30 3 30 2
30 2 30 1
34 3 34 2
34 2 34 1
34 100 35 100
35 100 36 100
36 100 37 100
37 100 38 100
38 100 39 100
39 100 40 100
40 100 40 99
35 6 35 5
35 5 35 4
35 4 35 3
35 3 35 2
35 2 35 1
37 93 37 94
37 94 37 95
37 96 37 97
37 95 37 96
36 95 36 96
36 96 36 97
36 97 36 98
38 92 38 93
38 93 38 94
38 94 38 95
38 95 38 96
38 96 38 97
38 97 38 98
39 94 39 95
39 95 39 96
39 96 39 97
39 97 39 98
41 94 42 94
42 94 42 95
42 96 42 97
42 95 42 96
44 2 45 2
42 4 41 4
42 100 41 100
45 90 46 90
46 90 47 90
47 90 47 91
46 2 47 2
47 2 47 3
47 96 46 96
46 96 45 96
45 96 44 96
44 96 44 95
47 98 46 98
46 98 45 98
45 98 44 98
44 98 43 98
43 98 42 98
42 98 41 98
47 99 46 99
46 99 45 99
45 99 44 99
44 99 43 99
43 99 42 99
48 2 49 2
49 2 49 3
51 4 51 3
51 3 51 2
55 1 55 2
55 2 55 3
53 94 53 95
53 95 53 96
55 99 56 99
56 99 57 99
58 99 59 99
59 99 60 99
57 99 58 99
54 99 55 99
55 5 56 5
56 5 57 5
57 97 58 97
58 97 59 97
59 97 60 97
62 5 63 5
63 5 63 4
63 98 62 98
62 98 61 98
61 98 60 98
66 93 67 93
67 97 68 97
68 97 69 97
70 95 70 96
69 95 70 95
72 1 72 2
72 2 72 3
71 4 71 5
71 6 71 7
71 5 71 6
71 11 71 10
71 10 71 9
71 100 71 99
71 99 71 98
77 100 78 100
78 1 78 2
78 2 78 3
81 100 82 100
82 100 82 99
80 100 79 100
84 2 83 2
88 6 89 6
89 6 89 5
88 97 89 97
90 97 90 98
89 97 90 97
91 8 92 8
92 8 92 7
92 7 92 6
91 100 92 100
92 100 93 100
92 74 93 74
93 74 94 74
94 74 95 74
92 96 92 97
92 97 92 98
92 98 92 99
94 64 94 65
95 71 95 72
96 29 97 29
97 29 98 29
94 48 93 48
94 79 95 79
96 79 96 78
95 79 96 79
95 90 96 90
96 90 97 90
97 90 98 90
98 90 99 90
95 7 94 7
95 51 94 51
96 18 97 18
97 18 98 18
98 88 98 87
97 41 96 41
98 41 97 41
99 41 98 41
97 53 96 53
96 53 95 53
97 75 96 75
97 98 96 98
95 98 95 99
96 98 95 98
97 100 96 100
96 100 95 100
95 100 94 100
99 16 99 15
99 33 99 34
98 38 99 38
99 38 99 37
100 25 100 26
99 77 99 78
99 78 99 79
99 79 99 80
99 80 99 81
99 81 99 82
100 77 100 78
100 78 100 79
100 79 100 80
100 80 100 81
100 81 100 82
100 82 100 83
100 88 99 88
99 88 99 87
99 87 99 86
100 94 99 94
99 94 98 94
98 94 98 93
