700
1 79 2 79
2 79 3 79
3 79 4 79
4 79 5 79
2 78 3 78
3 78 4 78
4 20 5 20
5 20 6 20
6 84 6 83
6 83 6 82
6 82 6 81
6 81 6 80
7 23 7 22
7 22 7 21
7 83 7 82
7 82 7 81
9 15 9 16
9 16 9 17
9 71 9 72
9 72 9 73
10 70 10 71
10 71 10 72
10 72 10 73
10 73 10 74
11 45 12 45
12 45 13 45
13 45 14 45
12 20 11 20
11 20 10 20
12 46 13 46
14 76 13 76
13 76 12 76
15 52 15 51
15 51 15 50
15 50 15 49
15 75 14 75
14 75 13 75
13 75 12 75
12 75 11 75
16 51 16 50
17 42 17 43
18 41 18 42
18 42 18 43
18 43 18 44
21 47 20 47
22 48 21 48
21 48 20 48
20 48 19 48
26 69 27 69
27 69 28 69
28 69 29 69
27 37 28 37
28 37 29 37
29 37 30 37
30 37 31 37
31 37 32 37
27 70 28 70
28 36 29 36
29 36 30 36
30 36 31 36
29 35 30 35
30 76 30 75
30 75 30 74
30 74 30 73
31 75 31 74
32 66 32 67
33 26 33 27
33 27 33 28
33 28 33 29
33 29 33 30
33 30 33 31
33 65 33 66
33 66 33 67
33 67 33 68
34 27 34 28
34 28 34 29
34 29 34 30
35 28 35 29
36 41 36 40
36 71 35 71
37 42 37 41
37 41 37 40
37 40 37 39
37 72 36 72
36 72 35 72
35 72 34 72
38 43 38 42
38 42 38 41
38 41 38 40
38 40 38 39
38 39 38 38
42 34 41 34
43 33 42 33
42 33 41 33
41 33 40 33
44 32 43 32
43 32 42 32
42 32 41 32
41 32 40 32
40 32 39 32
48 79 49 79
49 79 50 79
50 79 51 79
51 79 52 79
49 78 50 78
50 78 51 78
51 20 52 20
52 20 53 20
53 84 53 83
53 83 53 82
53 82 53 81
53 81 53 80
54 23 54 22
54 22 54 21
54 83 54 82
54 82 54 81
56 15 56 16
56 16 56 17
56 71 56 72
56 72 56 73
57 70 57 71
57 71 57 72
57 72 57 73
57 73 57 74
58 45 59 45
59 45 60 45
60 45 61 45
59 20 58 20
58 20 57 20
59 46 60 46
61 76 60 76
60 76 59 76
62 52 62 51
62 51 62 50
62 50 62 49
62 75 61 75
61 75 60 75
60 75 59 75
59 75 58 75
63 51 63 50
64 42 64 43
65 41 65 42
65 42 65 43
65 43 65 44
68 47 67 47
69 48 68 48
68 48 67 48
67 48 66 48
73 69 74 69
74 69 75 69
75 69 76 69
74 37 75 37
75 37 76 37
76 37 77 37
77 37 78 37
78 37 79 37
74 70 75 70
75 36 76 36
76 36 77 36
77 36 78 36
76 35 77 35
77 76 77 75
77 75 77 74
77 74 77 73
78 75 78 74
79 66 79 67
80 26 80 27
80 27 80 28
80 28 80 29
80 29 80 30
80 30 80 31
80 65 80 66
80 66 80 67
80 67 80 68
81 27 81 28
81 28 81 29
81 29 81 30
82 28 82 29
83 41 83 40
83 71 82 71
84 42 84 41
84 41 84 40
84 40 84 39
84 72 83 72
83 72 82 72
82 72 81 72
85 43 85 42
85 42 85 41
85 41 85 40
85 40 85 39
85 39 85 38
89 34 88 34
90 33 89 33
89 33 88 33
88 33 87 33
91 32 90 32
90 32 89 32
89 32 88 32
88 32 87 32
87 32 86 32
95 79 96 79
96 79 97 79
97 79 98 79
98 79 99 79
96 78 97 78
97 78 98 78
98 20 99 20
99 20 100 20
100 84 100 83
100 83 100 82
100 82 100 81
100 81 100 80
101 23 101 22
101 22 101 21
101 83 101 82
101 82 101 81
103 15 103 16
103 16 103 17
103 71 103 72
103 72 103 73
104 70 104 71
104 71 104 72
104 72 104 73
104 73 104 74
105 45 106 45
106 45 107 45
107 45 108 45
106 20 105 20
105 20 104 20
106 46 107 46
108 76 107 76
107 76 106 76
109 52 109 51
109 51 109 50
109 50 109 49
109 75 108 75
108 75 107 75
107 75 106 75
106 75 105 75
110 51 110 50
111 42 111 43
112 41 112 42
112 42 112 43
112 43 112 44
115 47 114 47
116 48 115 48
115 48 114 48
114 48 113 48
120 69 121 69
121 69 122 69
122 69 123 69
121 37 122 37
122 37 123 37
123 37 124 37
124 37 125 37
125 37 126 37
121 70 122 70
122 36 123 36
123 36 124 36
124 36 125 36
123 35 124 35
124 76 124 75
124 75 124 74
124 74 124 73
125 75 125 74
126 66 126 67
127 26 127 27
127 27 127 28
127 28 127 29
127 29 127 30
127 30 127 31
127 65 127 66
127 66 127 67
127 67 127 68
128 27 128 28
128 28 128 29
128 29 128 30
129 28 129 29
130 41 130 40
130 71 129 71
131 42 131 41
131 41 131 40
131 40 131 39
131 72 130 72
130 72 129 72
129 72 128 72
132 43 132 42
132 42 132 41
132 41 132 40
132 40 132 39
132 39 132 38
136 34 135 34
137 33 136 33
136 33 135 33
135 33 134 33
138 32 137 32
137 32 136 32
136 32 135 32
135 32 134 32
134 32 133 32
142 79 143 79
143 79 144 79
144 79 145 79
145 79 146 79
143 78 144 78
144 78 145 78
145 20 146 20
146 20 147 20
147 84 147 83
147 83 147 82
147 82 147 81
147 81 147 80
148 23 148 22
148 22 148 21
148 83 148 82
148 82 148 81
150 15 150 16
150 16 150 17
150 71 150 72
150 72 150 73
151 70 151 71
151 71 151 72
151 72 151 73
151 73 151 74
152 45 153 45
153 45 154 45
154 45 155 45
153 20 152 20
152 20 151 20
153 46 154 46
155 76 154 76
154 76 153 76
156 52 156 51
156 51 156 50
156 50 156 49
156 75 155 75
155 75 154 75
154 75 153 75
153 75 152 75
157 51 157 50
158 42 158 43
159 41 159 42
159 42 159 43
159 43 159 44
162 47 161 47
163 48 162 48
162 48 161 48
161 48 160 48
167 69 168 69
168 69 169 69
169 69 170 69
168 37 169 37
169 37 170 37
170 37 171 37
171 37 172 37
172 37 173 37
168 70 169 70
169 36 170 36
170 36 171 36
171 36 172 36
170 35 171 35
171 76 171 75
171 75 171 74
171 74 171 73
172 75 172 74
173 66 173 67
174 26 174 27
174 27 174 28
174 28 174 29
174 29 174 30
174 30 174 31
174 65 174 66
174 66 174 67
174 67 174 68
175 27 175 28
175 28 175 29
175 29 175 30
176 28 176 29
177 41 177 40
177 71 176 71
178 42 178 41
178 41 178 40
178 40 178 39
178 72 177 72
177 72 176 72
176 72 175 72
179 43 179 42
179 42 179 41
179 41 179 40
179 40 179 39
179 39 179 38
183 34 182 34
184 33 183 33
183 33 182 33
182 33 181 33
185 32 184 32
184 32 183 32
183 32 182 32
182 32 181 32
181 32 180 32
189 79 190 79
190 79 191 79
191 79 192 79
192 79 193 79
190 78 191 78
191 78 192 78
192 20 193 20
193 20 194 20
194 84 194 83
194 83 194 82
194 82 194 81
194 81 194 80
195 23 195 22
195 22 195 21
195 83 195 82
195 82 195 81
197 15 197 16
197 16 197 17
197 71 197 72
197 72 197 73
198 70 198 71
198 71 198 72
198 72 198 73
198 73 198 74
199 45 200 45
200 45 201 45
201 45 202 45
200 20 199 20
199 20 198 20
200 46 201 46
202 76 201 76
201 76 200 76
203 52 203 51
203 51 203 50
203 50 203 49
203 75 202 75
202 75 201 75
201 75 200 75
200 75 199 75
204 51 204 50
205 42 205 43
206 41 206 42
206 42 206 43
206 43 206 44
209 47 208 47
210 48 209 48
209 48 208 48
208 48 207 48
214 69 215 69
215 69 216 69
216 69 217 69
215 37 216 37
216 37 217 37
217 37 218 37
218 37 219 37
219 37 220 37
215 70 216 70
216 36 217 36
217 36 218 36
218 36 219 36
217 35 218 35
218 76 218 75
218 75 218 74
218 74 218 73
219 75 219 74
220 66 220 67
221 26 221 27
221 27 221 28
221 28 221 29
221 29 221 30
221 30 221 31
221 65 221 66
221 66 221 67
221 67 221 68
222 27 222 28
222 28 222 29
222 29 222 30
223 28 223 29
224 41 224 40
224 71 223 71
225 42 225 41
225 41 225 40
225 40 225 39
225 72 224 72
224 72 223 72
223 72 222 72
226 43 226 42
226 42 226 41
226 41 226 40
226 40 226 39
226 39 226 38
230 34 229 34
231 33 230 33
230 33 229 33
229 33 228 33
232 32 231 32
231 32 230 32
230 32 229 32
229 32 228 32
228 32 227 32
236 79 237 79
237 79 238 79
238 79 239 79
239 79 240 79
237 78 238 78
238 78 239 78
239 20 240 20
240 20 241 20
241 84 241 83
241 83 241 82
241 82 241 81
241 81 241 80
242 23 242 22
242 22 242 21
242 83 242 82
242 82 242 81
244 15 244 16
244 16 244 17
244 71 244 72
244 72 244 73
245 70 245 71
245 71 245 72
245 72 245 73
245 73 245 74
246 45 247 45
247 45 248 45
248 45 249 45
247 20 246 20
246 20 245 20
247 46 248 46
249 76 248 76
248 76 247 76
250 52 250 51
250 51 250 50
250 50 250 49
250 75 249 75
249 75 248 75
248 75 247 75
247 75 246 75
251 51 251 50
252 42 252 43
253 41 253 42
253 42 253 43
253 43 253 44
256 47 255 47
257 48 256 48
256 48 255 48
255 48 254 48
261 69 262 69
262 69 263 69
263 69 264 69
262 37 263 37
263 37 264 37
264 37 265 37
265 37 266 37
266 37 267 37
262 70 263 70
263 36 264 36
264 36 265 36
265 36 266 36
264 35 265 35
265 76 265 75
265 75 265 74
265 74 265 73
266 75 266 74
267 66 267 67
268 26 268 27
268 27 268 28
268 28 268 29
268 29 268 30
268 30 268 31
268 65 268 66
268 66 268 67
268 67 268 68
269 27 269 28
269 28 269 29
269 29 269 30
270 28 270 29
271 41 271 40
271 71 270 71
272 42 272 41
272 41 272 40
272 40 272 39
272 72 271 72
271 72 270 72
270 72 269 72
273 43 273 42
273 42 273 41
273 41 273 40
273 40 273 39
273 39 273 38
277 34 276 34
278 33 277 33
277 33 276 33
276 33 275 33
279 32 278 32
278 32 277 32
277 32 276 32
276 32 275 32
275 32 274 32
283 79 284 79
284 79 285 79
285 79 286 79
286 79 287 79
284 78 285 78
285 78 286 78
286 20 287 20
287 20 288 20
288 84 288 83
288 83 288 82
288 82 288 81
288 81 288 80
289 23 289 22
289 22 289 21
289 83 289 82
289 82 289 81
291 15 291 16
291 16 291 17
291 71 291 72
291 72 291 73
292 70 292 71
292 71 292 72
292 72 292 73
292 73 292 74
293 45 294 45
294 45 295 45
295 45 296 45
294 20 293 20
293 20 292 20
294 46 295 46
296 76 295 76
295 76 294 76
297 52 297 51
297 51 297 50
297 50 297 49
297 75 296 75
296 75 295 75
295 75 294 75
294 75 293 75
298 51 298 50
299 42 299 43
300 41 300 42
300 42 300 43
300 43 300 44
303 47 302 47
304 48 303 48
303 48 302 48
302 48 301 48
308 69 309 69
309 69 310 69
310 69 311 69
309 37 310 37
310 37 311 37
311 37 312 37
312 37 313 37
313 37 314 37
309 70 310 70
310 36 311 36
311 36 312 36
312 36 313 36
311 35 312 35
312 76 312 75
312 75 312 74
312 74 312 73
313 75 313 74
314 66 314 67
315 26 315 27
315 27 315 28
315 28 315 29
315 29 315 30
315 30 315 31
315 65 315 66
315 66 315 67
315 67 315 68
316 27 316 28
316 28 316 29
316 29 316 30
317 28 317 29
318 41 318 40
318 71 317 71
319 42 319 41
319 41 319 40
319 40 319 39
319 72 318 72
318 72 317 72
317 72 316 72
320 43 320 42
320 42 320 41
320 41 320 40
320 40 320 39
320 39 320 38
324 34 323 34
325 33 324 33
324 33 323 33
323 33 322 33
326 32 325 32
325 32 324 32
324 32 323 32
323 32 322 32
322 32 321 32
