143
1 18 2 18
2 18 2 17
1 28 1 29
1 29 1 30
1 30 1 31
1 31 1 32
2 28 2 29
2 29 2 30
2 30 2 31
1 51 1 52
1 52 1 53
1 53 1 54
3 11 2 11
2 11 1 11
1 11 1 12
1 12 1 13
3 56 3 57
3 15 2 15
2 15 1 15
3 79 3 78
3 88 3 87
4 31 3 31
3 31 3 32
4 33 3 33
3 33 2 33
4 42 4 43
4 85 4 86
5 9 4 9
4 9 4 8
6 9 5 9
5 9 4 9
4 9 3 9
5 14 4 14
4 14 3 14
3 14 2 14
6 32 7 32
5 88 4 88
7 28 7 27
6 72 6 73
6 85 7 85
10 30 9 30
9 30 8 30
11 97 12 97
12 97 12 96
12 96 12 95
12 87 12 86
12 89 12 90
13 97 13 96
16 3 17 3
17 3 18 3
18 100 18 99
18 99 18 98
21 1 22 1
22 1 22 2
21 2 21 3
23 4 23 3
25 100 25 99
25 99 25 98
25 98 25 97
26 100 27 100
27 100 28 100
28 100 28 99
30 100 31 100
31 100 31 99
31 99 31 98
32 100 33 100
33 100 34 100
34 100 34 99
38 94 39 94
39 94 39 95
39 95 39 96
39 96 39 97
41 1 40 1
40 1 39 1
43 100 44 100
44 100 44 99
44 99 44 98
46 5 46 4
46 4 46 3
49 100 48 100
48 100 47 100
52 96 52 97
52 97 52 98
54 2 54 3
55 3 55 4
58 2 58 3
61 5 61 4
61 4 61 3
61 3 61 2
62 5 62 4
62 4 62 3
62 3 62 2
60 94 61 94
61 94 61 95
60 97 59 97
59 97 59 96
65 1 66 1
66 1 66 2
66 2 66 3
65 98 66 98
65 99 65 98
65 98 65 97
69 100 70 100
68 100 69 100
70 1 70 2
70 2 70 3
74 100 74 99
74 99 74 98
76 96 76 97
76 97 76 98
86 11 87 11
84 99 84 98
84 100 85 100
86 100 87 100
85 100 86 100
86 97 85 97
85 97 85 98
85 98 85 99
89 93 90 93
90 93 90 92
88 97 88 98
88 98 88 99
91 16 90 16
94 56 95 56
95 56 96 56
96 56 97 56
93 50 94 50
94 50 95 50
94 52 95 52
95 52 96 52
96 52 97 52
97 68 96 68
96 73 95 73
97 85 97 84
97 45 96 45
97 59 96 59
96 59 96 58
98 80 97 80
98 81 97 81
97 81 97 82
99 81 98 81
99 36 98 36
100 54 99 54
