1668
1 9 2 9
2 9 3 9
3 9 4 9
4 9 4 8
4 8 4 7
1 26 1 25
1 25 1 24
1 24 1 23
1 23 1 22
1 22 1 21
1 21 1 20
1 20 1 19
1 98 2 98
2 98 3 98
3 98 3 97
2 3 3 3
3 3 4 3
4 3 4 4
4 4 4 5
3 1 4 1
4 1 5 1
5 1 6 1
6 1 7 1
7 1 7 2
4 13 5 13
5 13 5 12
3 13 4 13
3 28 2 28
2 28 2 27
2 26 2 25
2 25 2 24
2 24 2 23
2 23 2 22
2 22 2 21
2 21 2 20
2 27 2 26
3 87 2 87
2 87 1 87
1 87 1 88
1 88 1 89
1 89 1 90
1 90 1 91
1 91 1 92
4 43 3 43
3 43 3 42
3 42 3 41
4 44 3 44
3 44 2 44
2 44 2 45
4 63 3 63
3 63 2 63
2 64 2 65
2 63 2 64
4 69 3 69
2 69 2 70
2 71 2 72
2 70 2 71
3 69 2 69
4 89 3 89
3 89 3 90
3 90 3 91
5 2 6 2
6 2 6 3
5 3 5 4
5 10 5 9
5 9 5 8
5 8 5 7
5 7 5 6
5 29 4 29
4 29 3 29
3 29 3 28
3 28 3 27
3 27 3 26
3 26 3 25
5 49 4 49
4 49 3 49
5 51 4 51
4 51 3 51
3 51 2 51
2 51 2 50
6 51 5 51
5 51 4 51
4 51 3 51
3 51 2 51
2 51 1 51
5 59 4 59
4 59 4 58
5 78 4 78
4 78 3 78
6 21 6 20
6 20 6 19
6 19 6 18
6 18 6 17
6 40 5 40
5 40 4 40
6 42 5 42
5 42 4 42
4 42 3 42
3 42 2 42
6 54 5 54
5 54 4 54
4 54 3 54
3 54 2 54
6 62 5 62
5 62 4 62
4 62 3 62
3 62 2 62
2 62 2 61
2 61 2 60
6 74 5 74
5 74 4 74
6 91 5 91
5 91 4 91
4 91 4 92
4 92 4 93
4 93 4 94
4 94 4 95
4 95 4 96
6 93 5 93
5 93 4 93
4 93 3 93
3 93 2 93
2 93 2 94
7 18 6 18
5 18 5 17
5 17 5 16
5 16 5 15
5 15 5 14
6 18 5 18
7 44 6 44
6 44 5 44
5 44 4 44
4 44 3 44
3 44 2 44
2 44 1 44
7 55 6 55
6 55 5 55
5 55 4 55
3 55 3 56
3 56 3 57
4 55 3 55
7 61 6 61
6 61 5 61
5 61 4 61
4 61 3 61
3 61 2 61
8 5 8 4
8 4 8 3
8 28 7 28
7 28 6 28
6 28 6 27
6 27 6 26
6 26 6 25
6 25 6 24
6 24 6 23
6 23 6 22
6 22 6 21
6 21 6 20
6 20 6 19
6 19 6 18
6 17 6 16
6 16 6 15
6 18 6 17
8 29 7 29
7 29 6 29
6 29 5 29
5 29 4 29
4 29 3 29
3 29 2 29
8 34 7 34
7 34 6 34
6 34 5 34
5 34 4 34
4 34 3 34
3 34 2 34
2 34 2 33
2 33 2 32
8 39 7 39
7 39 6 39
6 39 5 39
5 39 4 39
9 39 8 39
8 39 7 39
7 39 6 39
6 39 5 39
4 39 3 39
3 39 3 38
5 39 4 39
8 52 7 52
7 52 6 52
6 52 5 52
5 52 4 52
4 52 3 52
3 52 2 52
8 76 7 76
7 76 6 76
6 76 5 76
5 76 4 76
4 76 4 77
9 21 8 21
8 21 7 21
7 21 6 21
6 21 5 21
5 21 4 21
4 21 3 21
3 21 2 21
2 20 2 19
2 19 2 18
2 21 2 20
9 35 8 35
8 35 7 35
7 35 6 35
6 35 5 35
5 35 4 35
3 35 2 35
2 35 2 34
4 35 3 35
9 46 8 46
8 46 7 46
7 46 6 46
6 46 5 46
5 46 4 46
4 46 3 46
2 46 1 46
1 46 1 47
3 46 2 46
9 49 8 49
8 49 7 49
7 49 6 49
6 49 5 49
5 49 4 49
3 49 2 49
2 49 2 48
4 49 3 49
9 59 8 59
8 59 7 59
7 59 6 59
6 59 5 59
5 59 4 59
4 59 3 59
9 67 8 67
8 67 7 67
7 67 6 67
6 67 5 67
5 67 4 67
4 67 3 67
3 67 2 67
9 82 8 82
8 82 7 82
7 82 6 82
9 91 8 91
8 91 7 91
7 91 6 91
6 91 5 91
5 91 4 91
2 91 2 92
2 92 2 93
3 91 2 91
4 91 3 91
9 92 8 92
8 92 8 93
8 93 8 94
8 94 8 95
8 95 8 96
9 93 9 94
9 94 9 95
9 95 9 96
9 96 9 97
10 9 9 9
9 9 8 9
8 9 7 9
7 9 6 9
6 9 5 9
5 9 5 8
10 10 9 10
9 10 8 10
8 10 7 10
7 10 7 9
10 26 9 26
9 26 8 26
8 26 7 26
7 26 6 26
6 26 5 26
5 26 4 26
4 26 4 25
4 25 4 24
4 24 4 23
10 30 9 30
9 30 8 30
8 30 7 30
7 30 6 30
6 30 5 30
5 30 4 30
3 30 3 31
4 30 3 30
10 36 9 36
9 36 8 36
8 36 7 36
7 36 6 36
6 36 5 36
5 36 4 36
4 36 3 36
10 69 9 69
9 69 8 69
8 69 7 69
7 69 6 69
6 69 5 69
5 69 4 69
4 69 3 69
3 69 3 68
11 73 10 73
10 73 9 73
9 73 8 73
8 73 7 73
7 73 6 73
6 73 5 73
5 73 4 73
4 73 3 73
11 75 10 75
10 75 9 75
9 75 8 75
8 75 7 75
7 75 6 75
6 75 5 75
5 75 5 76
12 75 11 75
11 75 10 75
10 75 9 75
9 75 8 75
8 75 7 75
7 75 6 75
6 75 5 75
11 80 10 80
10 80 9 80
9 80 8 80
8 80 7 80
7 80 6 80
6 80 5 80
5 80 4 80
4 80 4 81
12 2 11 2
11 2 11 3
11 3 11 4
12 7 11 7
11 7 10 7
10 7 9 7
9 7 9 6
9 6 9 5
9 5 9 4
12 11 11 11
11 11 10 11
10 11 9 11
9 11 8 11
8 11 7 11
7 11 6 11
13 11 14 11
14 11 14 10
14 10 14 9
14 9 14 8
14 8 14 7
14 7 14 6
14 6 14 5
14 5 14 4
12 22 11 22
11 22 10 22
10 22 9 22
9 22 8 22
8 22 7 22
7 22 6 22
6 22 5 22
5 22 4 22
3 22 3 21
4 22 3 22
12 92 11 92
11 92 10 92
10 92 9 92
9 92 8 92
8 92 7 92
7 92 7 93
7 93 7 94
7 94 7 95
7 95 7 96
7 96 7 97
12 94 11 94
11 94 10 94
10 94 10 95
10 95 10 96
12 100 11 100
11 100 10 100
10 100 9 100
9 100 8 100
8 100 7 100
7 100 6 100
6 100 5 100
5 100 4 100
4 100 4 99
4 99 4 98
13 1 14 1
14 1 15 1
15 1 15 2
15 2 15 3
15 24 14 24
14 24 13 24
13 24 12 24
12 24 11 24
11 24 10 24
10 24 9 24
9 24 8 24
8 24 7 24
7 24 6 24
6 24 5 24
5 24 4 24
15 79 14 79
14 79 13 79
13 79 12 79
12 79 11 79
11 79 10 79
10 79 9 79
9 79 8 79
8 79 7 79
7 79 6 79
6 79 5 79
5 79 5 80
15 90 14 90
14 90 13 90
13 90 12 90
12 90 11 90
11 90 11 91
11 91 11 92
11 92 11 93
11 93 11 94
11 94 11 95
11 95 11 96
11 96 11 97
17 13 17 12
17 12 17 11
17 11 17 10
17 10 17 9
17 9 17 8
17 8 17 7
17 7 17 6
17 6 17 5
17 5 17 4
17 4 17 3
17 3 17 2
17 81 16 81
16 81 15 81
15 81 14 81
14 81 13 81
13 81 12 81
12 81 11 81
11 81 10 81
10 81 9 81
9 81 8 81
8 81 7 81
7 81 6 81
6 81 5 81
5 81 5 82
17 84 16 84
16 84 15 84
15 84 14 84
14 84 13 84
13 84 12 84
12 84 11 84
11 84 10 84
10 84 9 84
9 84 8 84
7 84 7 85
7 85 7 86
7 86 7 87
8 84 7 84
17 88 16 88
16 88 16 89
16 89 16 90
16 90 16 91
16 91 16 92
16 92 16 93
16 93 16 94
16 94 16 95
16 95 16 96
16 96 16 97
16 97 16 98
16 98 16 99
17 93 16 93
16 93 15 93
15 93 15 94
15 94 15 95
15 95 15 96
15 96 15 97
15 97 15 98
18 21 17 21
17 21 16 21
16 21 16 20
16 20 16 19
16 19 16 18
16 18 16 17
16 17 16 16
16 16 16 15
16 15 16 14
16 14 16 13
16 13 16 12
16 12 16 11
16 11 16 10
16 10 16 9
16 9 16 8
16 8 16 7
16 7 16 6
16 6 16 5
16 4 16 3
16 3 16 2
16 5 16 4
18 89 17 89
17 89 16 89
16 89 15 89
15 89 14 89
14 89 13 89
13 89 12 89
12 89 11 89
11 89 10 89
10 89 9 89
9 89 8 89
8 89 7 89
7 89 6 89
5 89 4 89
4 89 3 89
3 89 3 90
3 91 3 92
3 92 3 93
3 93 3 94
3 94 3 95
3 90 3 91
6 89 5 89
18 100 17 100
19 12 18 12
18 12 18 11
18 11 18 10
18 10 18 9
18 9 18 8
18 8 18 7
18 7 18 6
18 6 18 5
18 5 18 4
18 4 18 3
19 18 19 17
19 17 19 16
19 16 19 15
19 15 19 14
19 14 19 13
19 13 19 12
19 12 19 11
19 11 19 10
19 10 19 9
19 9 19 8
19 8 19 7
19 7 19 6
19 6 19 5
19 5 19 4
19 4 19 3
19 19 18 19
18 19 17 19
17 19 16 19
16 19 15 19
15 19 14 19
14 19 13 19
13 19 12 19
12 19 11 19
11 19 10 19
10 19 9 19
9 19 8 19
8 19 7 19
7 19 6 19
6 19 5 19
5 19 4 19
4 19 3 19
19 84 18 84
18 84 17 84
17 84 16 84
16 84 15 84
15 84 14 84
14 84 13 84
13 84 12 84
12 84 11 84
11 84 10 84
10 84 9 84
9 84 8 84
8 85 8 86
8 84 8 85
20 10 21 10
21 10 21 9
21 9 21 8
21 8 21 7
21 7 21 6
21 6 21 5
21 4 21 3
21 5 21 4
20 21 20 20
20 20 20 19
20 19 20 18
20 18 20 17
20 17 20 16
20 16 20 15
20 15 20 14
20 14 20 13
20 13 20 12
20 12 20 11
20 11 20 10
20 10 20 9
20 9 20 8
20 8 20 7
20 7 20 6
20 6 20 5
20 5 20 4
20 4 20 3
20 3 20 2
20 88 19 88
19 88 18 88
18 88 17 88
17 88 16 88
16 88 15 88
15 88 14 88
14 88 13 88
13 88 12 88
12 88 11 88
11 88 10 88
10 88 9 88
9 88 8 88
8 88 7 88
7 88 6 88
21 92 20 92
20 92 20 93
20 93 20 94
20 94 20 95
20 95 20 96
20 96 20 97
22 16 22 15
22 15 22 14
22 14 22 13
22 13 22 12
22 12 22 11
22 11 22 10
22 10 22 9
22 9 22 8
22 8 22 7
22 7 22 6
22 6 22 5
22 5 22 4
22 88 21 88
21 88 21 89
21 89 21 90
21 90 21 91
21 91 21 92
21 92 21 93
21 93 21 94
21 94 21 95
21 95 21 96
22 89 22 90
22 90 22 91
22 91 22 92
22 92 22 93
22 93 22 94
22 94 22 95
22 95 22 96
24 4 24 3
24 3 24 2
24 99 23 99
23 99 22 99
22 99 21 99
21 99 20 99
20 99 19 99
19 99 18 99
25 6 26 6
26 6 26 5
26 5 26 4
26 4 26 3
26 3 26 2
26 92 26 93
26 93 26 94
26 94 26 95
26 95 26 96
26 96 26 97
26 97 26 98
26 98 26 99
27 92 26 92
26 92 25 92
25 92 24 92
24 92 24 93
24 93 24 94
24 94 24 95
24 95 24 96
24 96 24 97
27 95 26 95
26 95 25 95
25 95 25 96
25 96 25 97
25 97 25 98
28 16 27 16
27 16 27 15
27 15 27 14
27 14 27 13
27 13 27 12
27 12 27 11
27 11 27 10
27 10 27 9
27 9 27 8
27 8 27 7
27 7 27 6
27 6 27 5
27 5 27 4
27 4 27 3
27 3 27 2
28 97 29 97
29 97 29 98
30 10 30 9
30 9 30 8
30 8 30 7
30 7 30 6
30 6 30 5
30 5 30 4
30 4 30 3
30 17 29 17
29 17 29 16
29 16 29 15
29 15 29 14
29 14 29 13
29 13 29 12
29 12 29 11
29 11 29 10
29 10 29 9
29 9 29 8
29 8 29 7
29 7 29 6
29 6 29 5
29 5 29 4
29 4 29 3
29 3 29 2
30 92 31 92
31 92 31 93
31 93 31 94
31 94 31 95
31 95 31 96
31 100 32 100
32 100 33 100
33 100 33 99
33 99 33 98
32 11 31 11
31 11 31 10
31 10 31 9
31 9 31 8
31 8 31 7
31 7 31 6
31 6 31 5
31 5 31 4
32 95 32 96
32 96 32 97
33 8 33 7
33 7 33 6
33 6 33 5
33 5 33 4
33 4 33 3
33 3 33 2
33 2 33 1
34 11 34 10
34 10 34 9
34 9 34 8
34 8 34 7
34 7 34 6
34 6 34 5
34 5 34 4
34 4 34 3
34 3 34 2
34 95 34 96
34 96 34 97
36 91 36 92
36 92 36 93
36 93 36 94
36 94 36 95
36 96 36 97
36 97 36 98
36 95 36 96
36 96 35 96
35 96 35 97
37 4 37 3
37 3 37 2
37 92 37 93
37 93 37 94
37 94 37 95
37 95 37 96
37 96 37 97
37 97 37 98
37 98 37 99
39 9 38 9
38 9 37 9
37 9 36 9
36 9 36 8
36 8 36 7
36 7 36 6
36 6 36 5
36 5 36 4
36 4 36 3
40 8 39 8
39 8 39 7
39 7 39 6
39 6 39 5
39 5 39 4
40 95 41 95
41 95 42 95
42 95 43 95
43 95 44 95
44 95 44 96
44 96 44 97
40 99 39 99
41 10 40 10
40 10 39 10
39 10 38 10
38 10 38 9
38 9 38 8
38 8 38 7
38 7 38 6
38 6 38 5
38 5 38 4
38 4 38 3
41 96 42 96
42 96 43 96
43 96 43 97
43 97 43 98
42 5 41 5
41 5 40 5
40 5 40 4
40 4 40 3
42 9 43 9
43 9 43 8
43 8 43 7
43 7 43 6
43 6 43 5
43 5 43 4
42 90 42 91
42 91 42 92
42 92 42 93
42 93 42 94
42 94 42 95
42 95 42 96
42 96 42 97
42 97 42 98
44 10 44 9
44 9 44 8
44 8 44 7
44 6 44 5
44 7 44 6
45 3 46 3
46 3 47 3
46 8 46 7
46 7 46 6
46 6 46 5
46 5 46 4
46 87 46 88
46 88 46 89
46 89 46 90
46 90 46 91
46 91 46 92
46 92 46 93
46 93 46 94
46 94 46 95
46 95 46 96
48 93 49 93
49 93 49 94
49 94 49 95
49 95 49 96
49 96 49 97
49 97 49 98
48 95 48 96
48 96 48 97
49 1 48 1
48 1 48 2
50 6 49 6
49 6 49 5
49 5 49 4
49 4 49 3
52 6 53 6
53 6 54 6
54 6 55 6
55 6 56 6
52 89 51 89
51 89 51 90
51 90 51 91
51 91 51 92
51 92 51 93
51 93 51 94
51 94 51 95
51 95 51 96
51 96 51 97
51 97 51 98
53 5 54 5
54 5 55 5
53 93 52 93
52 93 52 94
52 94 52 95
52 95 52 96
52 96 52 97
52 97 52 98
52 98 52 99
54 90 55 90
55 90 55 91
55 91 55 92
55 92 55 93
55 93 55 94
55 94 55 95
55 95 55 96
55 96 55 97
55 97 55 98
54 94 54 95
54 95 54 96
54 96 54 97
54 97 54 98
54 98 54 99
56 91 56 92
56 92 56 93
56 93 56 94
56 94 56 95
56 95 56 96
56 96 56 97
57 87 58 87
58 87 59 87
59 87 59 88
59 88 59 89
59 89 59 90
59 90 59 91
59 91 59 92
59 92 59 93
59 93 59 94
59 94 59 95
59 95 59 96
59 96 59 97
59 97 59 98
59 98 59 99
58 7 58 6
58 6 58 5
58 5 58 4
59 7 59 6
59 6 59 5
59 5 59 4
59 4 59 3
58 88 58 89
58 89 58 90
58 90 58 91
58 91 58 92
58 92 58 93
58 93 58 94
58 94 58 95
58 95 58 96
58 96 58 97
58 97 58 98
61 84 62 84
62 84 63 84
63 84 64 84
64 84 64 85
64 85 64 86
64 86 64 87
64 87 64 88
64 88 64 89
64 89 64 90
64 90 64 91
64 91 64 92
64 92 64 93
64 93 64 94
64 94 64 95
64 95 64 96
64 96 64 97
60 89 60 90
60 90 60 91
60 91 60 92
60 92 60 93
60 93 60 94
60 94 60 95
60 95 60 96
60 96 60 97
60 97 60 98
60 98 60 99
61 90 61 91
61 91 61 92
61 92 61 93
61 93 61 94
61 94 61 95
61 95 61 96
61 96 61 97
61 97 61 98
61 98 61 99
61 99 61 100
62 8 61 8
61 8 60 8
60 8 60 7
60 7 60 6
60 6 60 5
60 5 60 4
60 4 60 3
60 3 60 2
62 86 62 87
62 87 62 88
62 88 62 89
62 89 62 90
62 90 62 91
62 91 62 92
62 92 62 93
62 93 62 94
62 94 62 95
62 95 62 96
62 96 62 97
62 97 62 98
62 98 62 99
63 6 62 6
62 6 62 5
62 5 62 4
62 4 62 3
62 3 62 2
63 93 63 94
63 94 63 95
63 95 63 96
63 96 63 97
63 97 63 98
65 1 65 2
65 91 65 92
65 92 65 93
65 93 65 94
65 94 65 95
65 95 65 96
66 9 66 8
66 8 66 7
66 7 66 6
66 6 66 5
66 4 66 3
66 5 66 4
66 87 66 88
66 88 66 89
66 89 66 90
66 90 66 91
66 91 66 92
66 92 66 93
66 93 66 94
66 94 66 95
66 95 66 96
67 80 67 81
67 81 67 82
67 82 67 83
67 83 67 84
67 84 67 85
67 85 67 86
67 86 67 87
67 87 67 88
67 88 67 89
67 89 67 90
67 90 67 91
67 91 67 92
67 92 67 93
67 93 67 94
67 94 67 95
67 95 67 96
67 96 67 97
68 8 68 7
68 7 68 6
68 6 68 5
68 5 68 4
68 4 68 3
68 3 68 2
69 11 69 10
69 10 69 9
69 9 69 8
69 8 69 7
69 7 69 6
69 6 69 5
69 5 69 4
69 4 69 3
69 3 69 2
69 2 69 1
69 100 69 99
70 10 70 9
70 9 70 8
70 8 70 7
70 7 70 6
70 6 70 5
70 5 70 4
70 4 70 3
72 13 72 12
72 12 72 11
72 11 72 10
72 10 72 9
72 9 72 8
72 8 72 7
72 7 72 6
72 6 72 5
72 5 72 4
72 88 71 88
71 88 71 89
71 89 71 90
71 90 71 91
71 91 71 92
71 92 71 93
71 93 71 94
71 94 71 95
71 95 71 96
71 96 71 97
73 2 72 2
72 2 71 2
71 2 70 2
73 9 74 9
74 9 75 9
75 9 75 8
75 8 75 7
75 7 75 6
75 6 75 5
73 84 73 85
73 85 73 86
73 86 73 87
73 87 73 88
73 88 73 89
73 89 73 90
73 90 73 91
73 91 73 92
73 92 73 93
73 93 73 94
73 94 73 95
73 95 73 96
74 6 74 5
74 5 74 4
74 87 74 88
74 88 74 89
74 89 74 90
74 90 74 91
74 92 74 93
74 93 74 94
74 94 74 95
74 91 74 92
74 92 73 92
73 92 72 92
72 92 71 92
71 92 70 92
70 92 70 93
70 93 70 94
70 94 70 95
70 95 70 96
70 96 70 97
70 97 70 98
75 88 75 89
75 89 75 90
75 90 75 91
75 91 75 92
75 92 75 93
75 93 75 94
75 94 75 95
75 95 75 96
77 88 77 89
77 89 77 90
77 90 77 91
77 91 77 92
77 93 77 94
77 94 77 95
77 95 77 96
77 96 77 97
77 97 77 98
77 92 77 93
77 93 76 93
76 93 76 94
76 94 76 95
76 95 76 96
76 96 76 97
78 93 79 93
79 93 80 93
80 93 80 94
80 94 80 95
80 95 80 96
80 96 80 97
80 97 80 98
78 94 78 95
78 95 78 96
78 96 78 97
78 97 78 98
78 98 78 99
78 12 77 12
77 12 77 11
77 11 77 10
77 10 77 9
77 9 77 8
77 8 77 7
77 7 77 6
77 6 77 5
79 6 79 5
79 5 79 4
79 4 79 3
79 91 79 92
79 92 79 93
79 93 79 94
79 94 79 95
79 95 79 96
79 96 79 97
79 97 79 98
80 11 79 11
79 11 78 11
78 11 77 11
77 11 76 11
76 11 76 10
76 10 76 9
76 9 76 8
76 8 76 7
76 7 76 6
81 9 80 9
80 9 80 8
80 8 80 7
80 7 80 6
80 6 80 5
80 5 80 4
86 3 87 3
87 3 87 4
85 3 86 3
83 5 82 5
82 5 82 4
83 6 82 6
82 6 81 6
81 6 81 5
84 6 85 6
86 6 87 6
87 6 88 6
88 6 89 6
89 6 90 6
91 6 92 6
92 6 93 6
94 6 95 6
95 6 96 6
96 6 97 6
97 6 98 6
98 6 98 5
93 6 94 6
90 6 91 6
85 6 86 6
83 89 83 90
83 90 83 91
83 91 83 92
83 92 83 93
83 93 83 94
83 94 83 95
83 95 83 96
83 96 83 97
84 86 85 86
85 86 86 86
86 86 87 86
87 86 88 86
88 86 89 86
89 86 90 86
90 86 91 86
91 86 92 86
92 86 93 86
93 86 94 86
95 86 96 86
96 86 97 86
97 86 98 86
98 86 99 86
99 86 100 86
100 86 100 87
100 87 100 88
94 86 95 86
84 87 85 87
85 87 86 87
86 87 87 87
87 87 88 87
88 87 89 87
89 87 90 87
90 87 91 87
91 87 92 87
93 87 94 87
94 87 95 87
95 87 96 87
96 87 97 87
97 87 97 88
97 88 97 89
97 89 97 90
97 90 97 91
97 91 97 92
97 92 97 93
92 87 93 87
85 95 86 95
86 95 87 95
87 95 88 95
88 95 89 95
90 95 91 95
91 95 92 95
92 95 93 95
93 95 94 95
94 95 95 95
95 95 96 95
96 95 97 95
97 95 98 95
98 95 98 96
89 95 90 95
86 5 87 5
87 5 88 5
88 5 89 5
89 5 90 5
90 5 91 5
91 5 92 5
93 5 94 5
94 5 95 5
92 5 93 5
86 6 87 6
87 6 88 6
88 6 89 6
89 6 90 6
91 6 92 6
92 6 93 6
94 6 95 6
95 6 96 6
96 6 97 6
97 6 98 6
98 6 99 6
93 6 94 6
90 6 91 6
87 88 88 88
88 88 89 88
89 88 90 88
91 88 92 88
92 88 93 88
93 88 94 88
94 88 95 88
95 89 95 90
95 90 95 91
95 91 95 92
95 92 95 93
95 93 95 94
95 94 95 95
95 95 95 96
95 88 95 89
90 88 91 88
87 91 88 91
88 91 89 91
89 91 90 91
90 91 91 91
91 91 92 91
92 91 92 92
92 92 92 93
92 93 92 94
92 94 92 95
88 1 89 1
89 1 90 1
90 1 91 1
91 1 91 2
91 2 91 3
88 3 89 3
89 3 89 4
89 82 90 82
90 82 91 82
92 82 93 82
93 82 94 82
94 82 95 82
95 82 96 82
96 82 97 82
97 82 97 81
91 82 92 82
89 83 90 83
90 83 91 83
91 83 92 83
92 83 93 83
93 83 94 83
94 83 95 83
95 83 96 83
96 83 97 83
97 83 98 83
88 89 89 89
89 89 89 90
89 90 89 91
89 91 89 92
89 92 89 93
89 93 89 94
89 94 89 95
89 95 89 96
89 96 89 97
89 97 89 98
88 94 88 95
88 95 88 96
88 96 88 97
88 97 88 98
88 98 88 99
89 9 90 9
90 9 91 9
91 9 92 9
92 9 93 9
93 9 94 9
94 9 95 9
95 9 96 9
96 9 97 9
97 9 98 9
98 9 99 9
99 9 100 9
100 9 100 8
100 8 100 7
90 56 91 56
91 56 92 56
92 56 93 56
93 56 94 56
95 56 96 56
96 56 97 56
98 56 98 57
97 56 98 56
94 56 95 56
90 17 91 17
91 17 92 17
92 17 93 17
93 17 94 17
94 17 95 17
95 17 96 17
96 17 97 17
97 17 98 17
98 17 99 17
91 18 92 18
92 18 93 18
93 18 94 18
94 18 95 18
95 18 96 18
97 18 98 18
98 18 99 18
99 18 100 18
96 18 97 18
91 73 92 73
92 73 93 73
93 73 94 73
94 73 95 73
95 73 96 73
97 73 98 73
98 73 99 73
100 73 100 74
99 73 100 73
96 73 97 73
91 72 92 72
92 72 93 72
93 72 94 72
94 72 95 72
95 72 96 72
96 72 97 72
97 72 98 72
98 72 99 72
90 95 90 96
90 96 90 97
91 6 92 6
92 6 93 6
94 6 95 6
95 6 96 6
96 6 96 5
96 5 96 4
93 6 94 6
91 88 91 89
91 89 91 90
91 90 91 91
91 91 91 92
91 92 91 93
91 93 91 94
91 94 91 95
91 95 91 96
92 19 93 19
93 19 94 19
94 19 95 19
95 19 96 19
96 19 97 19
97 19 98 19
98 19 99 19
92 22 93 22
93 22 94 22
94 22 95 22
95 22 96 22
96 22 97 22
97 23 97 24
97 24 97 25
97 22 97 23
92 38 93 38
93 38 94 38
94 38 95 38
95 38 96 38
96 38 97 38
97 38 98 38
98 38 99 38
99 38 100 38
93 47 94 47
94 47 95 47
95 47 96 47
96 47 97 47
92 69 93 69
93 69 94 69
94 69 95 69
95 69 96 69
96 69 97 69
97 69 97 70
92 76 93 76
93 76 94 76
94 76 95 76
95 76 96 76
96 76 97 76
97 76 98 76
98 76 99 76
99 76 99 77
92 79 93 79
93 79 94 79
94 79 95 79
95 79 96 79
96 79 97 79
97 79 97 80
92 82 93 82
93 82 94 82
94 82 95 82
95 82 96 82
96 82 97 82
97 82 97 83
97 83 97 84
97 84 97 85
93 8 94 8
94 8 95 8
95 8 96 8
96 8 97 8
97 8 98 8
98 8 99 8
94 13 95 13
95 13 96 13
96 13 97 13
97 13 98 13
98 13 98 12
98 12 98 11
98 10 98 9
98 11 98 10
93 13 94 13
94 13 95 13
95 13 96 13
96 13 97 13
97 13 98 13
99 13 99 12
98 13 99 13
93 15 94 15
94 15 95 15
95 15 96 15
96 15 97 15
93 63 94 63
94 63 95 63
95 63 96 63
96 63 97 63
97 63 98 63
93 87 94 87
94 87 95 87
95 87 96 87
96 87 97 87
97 87 97 88
97 88 97 89
97 89 97 90
97 90 97 91
97 91 97 92
93 92 93 93
93 93 93 94
93 94 93 95
93 95 93 96
94 26 95 26
95 26 96 26
96 26 97 26
97 26 97 27
97 27 97 28
94 27 95 27
95 27 96 27
96 27 97 27
94 39 95 39
96 39 97 39
97 39 98 39
98 39 99 39
95 39 96 39
94 40 95 40
95 40 96 40
96 40 97 40
97 40 98 40
94 43 95 43
95 43 96 43
96 43 97 43
97 43 98 43
94 51 94 52
94 52 94 53
94 54 94 55
94 53 94 54
94 65 95 65
95 65 96 65
96 65 97 65
97 65 97 66
97 66 97 67
94 77 95 77
95 77 96 77
96 77 97 77
97 77 98 77
98 77 98 78
95 33 96 33
96 33 97 33
97 33 98 33
98 33 98 32
95 34 96 34
96 34 97 34
97 34 98 34
98 34 99 34
99 34 100 34
95 42 96 42
96 42 97 42
95 44 96 44
96 44 97 44
97 44 98 44
99 44 99 45
98 44 99 44
95 64 96 64
96 64 97 64
97 64 97 63
97 63 97 62
97 62 97 61
95 86 96 86
96 86 97 86
97 86 98 86
95 89 96 89
96 89 97 89
97 89 97 90
96 14 97 14
97 14 98 14
96 35 97 35
98 35 99 35
97 35 98 35
96 39 97 39
97 39 98 39
99 39 99 38
99 38 99 37
99 37 99 36
98 39 99 39
96 45 97 45
97 45 98 45
98 45 98 46
97 12 98 12
98 12 98 11
97 18 98 18
98 18 98 17
98 17 98 16
99 22 99 21
99 23 99 22
97 73 98 73
98 73 98 72
98 72 98 71
97 75 98 75
98 75 99 75
98 26 98 27
98 27 98 28
98 28 98 29
99 26 98 26
98 49 98 48
99 49 98 49
100 49 99 49
98 51 97 51
97 51 97 52
99 51 98 51
100 51 99 51
98 62 98 61
98 61 98 60
99 62 98 62
99 84 99 85
99 85 99 86
99 86 99 87
99 2 98 2
98 2 98 3
98 3 98 4
100 31 99 31
99 31 99 32
99 32 99 33
100 68 99 68
98 68 98 69
99 68 98 68
100 92 99 92
99 92 98 92
98 92 98 93
98 93 98 94
